[2022-07-12 18:08:29,465] {processor.py:153} INFO - Started process (PID=112) to work on /home/airflow/.local/lib/python3.7/site-packages/airflow/example_dags/example_sla_dag.py
[2022-07-12 18:08:29,467] {processor.py:641} INFO - Processing file /home/airflow/.local/lib/python3.7/site-packages/airflow/example_dags/example_sla_dag.py for tasks to queue
[2022-07-12 18:08:29,477] {logging_mixin.py:115} INFO - [2022-07-12 18:08:29,477] {dagbag.py:507} INFO - Filling up the DagBag from /home/airflow/.local/lib/python3.7/site-packages/airflow/example_dags/example_sla_dag.py
[2022-07-12 18:08:29,517] {processor.py:651} INFO - DAG(s) dict_keys(['example_sla_dag']) retrieved from /home/airflow/.local/lib/python3.7/site-packages/airflow/example_dags/example_sla_dag.py
[2022-07-12 18:08:30,173] {logging_mixin.py:115} INFO - [2022-07-12 18:08:30,173] {manager.py:508} INFO - Created Permission View: can read on DAG:example_sla_dag
[2022-07-12 18:08:30,197] {logging_mixin.py:115} INFO - [2022-07-12 18:08:30,196] {manager.py:508} INFO - Created Permission View: can delete on DAG:example_sla_dag
[2022-07-12 18:08:30,208] {logging_mixin.py:115} INFO - [2022-07-12 18:08:30,208] {manager.py:508} INFO - Created Permission View: can edit on DAG:example_sla_dag
[2022-07-12 18:08:30,215] {logging_mixin.py:115} INFO - [2022-07-12 18:08:30,214] {dag.py:2371} INFO - Sync 1 DAGs
[2022-07-12 18:08:30,230] {logging_mixin.py:115} INFO - [2022-07-12 18:08:30,230] {dag.py:2390} INFO - Creating ORM DAG for example_sla_dag
[2022-07-12 18:08:30,294] {logging_mixin.py:115} INFO - [2022-07-12 18:08:30,294] {dag.py:2919} INFO - Setting next_dagrun for example_sla_dag to 2022-07-12T18:06:00+00:00, run_after=2022-07-12T18:08:00+00:00
[2022-07-12 18:08:30,328] {processor.py:161} INFO - Processing /home/airflow/.local/lib/python3.7/site-packages/airflow/example_dags/example_sla_dag.py took 0.873 seconds
[2022-07-12 18:09:02,406] {processor.py:153} INFO - Started process (PID=172) to work on /home/airflow/.local/lib/python3.7/site-packages/airflow/example_dags/example_sla_dag.py
[2022-07-12 18:09:02,409] {processor.py:641} INFO - Processing file /home/airflow/.local/lib/python3.7/site-packages/airflow/example_dags/example_sla_dag.py for tasks to queue
[2022-07-12 18:09:02,413] {logging_mixin.py:115} INFO - [2022-07-12 18:09:02,413] {dagbag.py:507} INFO - Filling up the DagBag from /home/airflow/.local/lib/python3.7/site-packages/airflow/example_dags/example_sla_dag.py
[2022-07-12 18:09:02,456] {processor.py:651} INFO - DAG(s) dict_keys(['example_sla_dag']) retrieved from /home/airflow/.local/lib/python3.7/site-packages/airflow/example_dags/example_sla_dag.py
[2022-07-12 18:09:02,495] {logging_mixin.py:115} INFO - [2022-07-12 18:09:02,494] {dag.py:2371} INFO - Sync 1 DAGs
[2022-07-12 18:09:03,091] {logging_mixin.py:115} INFO - [2022-07-12 18:09:03,091] {dag.py:2919} INFO - Setting next_dagrun for example_sla_dag to 2022-07-12T18:06:00+00:00, run_after=2022-07-12T18:08:00+00:00
[2022-07-12 18:09:03,113] {processor.py:161} INFO - Processing /home/airflow/.local/lib/python3.7/site-packages/airflow/example_dags/example_sla_dag.py took 0.713 seconds
[2022-07-12 18:09:33,719] {processor.py:153} INFO - Started process (PID=224) to work on /home/airflow/.local/lib/python3.7/site-packages/airflow/example_dags/example_sla_dag.py
[2022-07-12 18:09:33,723] {processor.py:641} INFO - Processing file /home/airflow/.local/lib/python3.7/site-packages/airflow/example_dags/example_sla_dag.py for tasks to queue
[2022-07-12 18:09:33,726] {logging_mixin.py:115} INFO - [2022-07-12 18:09:33,726] {dagbag.py:507} INFO - Filling up the DagBag from /home/airflow/.local/lib/python3.7/site-packages/airflow/example_dags/example_sla_dag.py
[2022-07-12 18:09:33,758] {processor.py:651} INFO - DAG(s) dict_keys(['example_sla_dag']) retrieved from /home/airflow/.local/lib/python3.7/site-packages/airflow/example_dags/example_sla_dag.py
[2022-07-12 18:09:33,803] {logging_mixin.py:115} INFO - [2022-07-12 18:09:33,803] {dag.py:2371} INFO - Sync 1 DAGs
[2022-07-12 18:09:34,216] {logging_mixin.py:115} INFO - [2022-07-12 18:09:34,216] {dag.py:2919} INFO - Setting next_dagrun for example_sla_dag to 2022-07-12T18:06:00+00:00, run_after=2022-07-12T18:08:00+00:00
[2022-07-12 18:09:34,238] {processor.py:161} INFO - Processing /home/airflow/.local/lib/python3.7/site-packages/airflow/example_dags/example_sla_dag.py took 0.526 seconds
[2022-07-12 18:10:15,834] {processor.py:153} INFO - Started process (PID=288) to work on /home/airflow/.local/lib/python3.7/site-packages/airflow/example_dags/example_sla_dag.py
[2022-07-12 18:10:15,837] {processor.py:641} INFO - Processing file /home/airflow/.local/lib/python3.7/site-packages/airflow/example_dags/example_sla_dag.py for tasks to queue
[2022-07-12 18:10:15,841] {logging_mixin.py:115} INFO - [2022-07-12 18:10:15,840] {dagbag.py:507} INFO - Filling up the DagBag from /home/airflow/.local/lib/python3.7/site-packages/airflow/example_dags/example_sla_dag.py
[2022-07-12 18:10:15,876] {processor.py:651} INFO - DAG(s) dict_keys(['example_sla_dag']) retrieved from /home/airflow/.local/lib/python3.7/site-packages/airflow/example_dags/example_sla_dag.py
[2022-07-12 18:10:15,948] {logging_mixin.py:115} INFO - [2022-07-12 18:10:15,948] {dag.py:2371} INFO - Sync 1 DAGs
[2022-07-12 18:10:16,291] {logging_mixin.py:115} INFO - [2022-07-12 18:10:16,291] {dag.py:2919} INFO - Setting next_dagrun for example_sla_dag to 2022-07-12T18:08:00+00:00, run_after=2022-07-12T18:10:00+00:00
[2022-07-12 18:10:16,308] {processor.py:161} INFO - Processing /home/airflow/.local/lib/python3.7/site-packages/airflow/example_dags/example_sla_dag.py took 0.477 seconds
[2022-07-12 18:10:49,399] {processor.py:153} INFO - Started process (PID=349) to work on /home/airflow/.local/lib/python3.7/site-packages/airflow/example_dags/example_sla_dag.py
[2022-07-12 18:10:49,405] {processor.py:641} INFO - Processing file /home/airflow/.local/lib/python3.7/site-packages/airflow/example_dags/example_sla_dag.py for tasks to queue
[2022-07-12 18:10:49,408] {logging_mixin.py:115} INFO - [2022-07-12 18:10:49,407] {dagbag.py:507} INFO - Filling up the DagBag from /home/airflow/.local/lib/python3.7/site-packages/airflow/example_dags/example_sla_dag.py
[2022-07-12 18:10:49,465] {processor.py:651} INFO - DAG(s) dict_keys(['example_sla_dag']) retrieved from /home/airflow/.local/lib/python3.7/site-packages/airflow/example_dags/example_sla_dag.py
[2022-07-12 18:10:49,610] {logging_mixin.py:115} INFO - [2022-07-12 18:10:49,609] {dag.py:2371} INFO - Sync 1 DAGs
[2022-07-12 18:10:49,962] {logging_mixin.py:115} INFO - [2022-07-12 18:10:49,962] {dag.py:2919} INFO - Setting next_dagrun for example_sla_dag to 2022-07-12T18:08:00+00:00, run_after=2022-07-12T18:10:00+00:00
[2022-07-12 18:10:49,984] {processor.py:161} INFO - Processing /home/airflow/.local/lib/python3.7/site-packages/airflow/example_dags/example_sla_dag.py took 0.593 seconds
[2022-07-12 18:11:20,475] {processor.py:153} INFO - Started process (PID=410) to work on /home/airflow/.local/lib/python3.7/site-packages/airflow/example_dags/example_sla_dag.py
[2022-07-12 18:11:20,478] {processor.py:641} INFO - Processing file /home/airflow/.local/lib/python3.7/site-packages/airflow/example_dags/example_sla_dag.py for tasks to queue
[2022-07-12 18:11:20,481] {logging_mixin.py:115} INFO - [2022-07-12 18:11:20,481] {dagbag.py:507} INFO - Filling up the DagBag from /home/airflow/.local/lib/python3.7/site-packages/airflow/example_dags/example_sla_dag.py
[2022-07-12 18:11:20,516] {processor.py:651} INFO - DAG(s) dict_keys(['example_sla_dag']) retrieved from /home/airflow/.local/lib/python3.7/site-packages/airflow/example_dags/example_sla_dag.py
[2022-07-12 18:11:20,548] {logging_mixin.py:115} INFO - [2022-07-12 18:11:20,548] {dag.py:2371} INFO - Sync 1 DAGs
[2022-07-12 18:11:21,004] {logging_mixin.py:115} INFO - [2022-07-12 18:11:21,003] {dag.py:2919} INFO - Setting next_dagrun for example_sla_dag to 2022-07-12T18:08:00+00:00, run_after=2022-07-12T18:10:00+00:00
[2022-07-12 18:11:21,016] {processor.py:161} INFO - Processing /home/airflow/.local/lib/python3.7/site-packages/airflow/example_dags/example_sla_dag.py took 0.545 seconds
[2022-07-12 18:11:51,538] {processor.py:153} INFO - Started process (PID=469) to work on /home/airflow/.local/lib/python3.7/site-packages/airflow/example_dags/example_sla_dag.py
[2022-07-12 18:11:51,540] {processor.py:641} INFO - Processing file /home/airflow/.local/lib/python3.7/site-packages/airflow/example_dags/example_sla_dag.py for tasks to queue
[2022-07-12 18:11:51,541] {logging_mixin.py:115} INFO - [2022-07-12 18:11:51,541] {dagbag.py:507} INFO - Filling up the DagBag from /home/airflow/.local/lib/python3.7/site-packages/airflow/example_dags/example_sla_dag.py
[2022-07-12 18:11:51,561] {processor.py:651} INFO - DAG(s) dict_keys(['example_sla_dag']) retrieved from /home/airflow/.local/lib/python3.7/site-packages/airflow/example_dags/example_sla_dag.py
[2022-07-12 18:11:51,586] {logging_mixin.py:115} INFO - [2022-07-12 18:11:51,586] {dag.py:2371} INFO - Sync 1 DAGs
[2022-07-12 18:11:51,787] {logging_mixin.py:115} INFO - [2022-07-12 18:11:51,787] {dag.py:2919} INFO - Setting next_dagrun for example_sla_dag to 2022-07-12T18:08:00+00:00, run_after=2022-07-12T18:10:00+00:00
[2022-07-12 18:11:51,814] {processor.py:161} INFO - Processing /home/airflow/.local/lib/python3.7/site-packages/airflow/example_dags/example_sla_dag.py took 0.280 seconds
[2022-07-12 18:12:22,488] {processor.py:153} INFO - Started process (PID=525) to work on /home/airflow/.local/lib/python3.7/site-packages/airflow/example_dags/example_sla_dag.py
[2022-07-12 18:12:22,490] {processor.py:641} INFO - Processing file /home/airflow/.local/lib/python3.7/site-packages/airflow/example_dags/example_sla_dag.py for tasks to queue
[2022-07-12 18:12:22,491] {logging_mixin.py:115} INFO - [2022-07-12 18:12:22,491] {dagbag.py:507} INFO - Filling up the DagBag from /home/airflow/.local/lib/python3.7/site-packages/airflow/example_dags/example_sla_dag.py
[2022-07-12 18:12:22,506] {processor.py:651} INFO - DAG(s) dict_keys(['example_sla_dag']) retrieved from /home/airflow/.local/lib/python3.7/site-packages/airflow/example_dags/example_sla_dag.py
[2022-07-12 18:12:22,531] {logging_mixin.py:115} INFO - [2022-07-12 18:12:22,531] {dag.py:2371} INFO - Sync 1 DAGs
[2022-07-12 18:12:22,636] {logging_mixin.py:115} INFO - [2022-07-12 18:12:22,635] {dag.py:2919} INFO - Setting next_dagrun for example_sla_dag to 2022-07-12T18:10:00+00:00, run_after=2022-07-12T18:12:00+00:00
[2022-07-12 18:12:22,644] {processor.py:161} INFO - Processing /home/airflow/.local/lib/python3.7/site-packages/airflow/example_dags/example_sla_dag.py took 0.162 seconds
[2022-07-12 18:12:55,139] {processor.py:153} INFO - Started process (PID=585) to work on /home/airflow/.local/lib/python3.7/site-packages/airflow/example_dags/example_sla_dag.py
[2022-07-12 18:12:55,146] {processor.py:641} INFO - Processing file /home/airflow/.local/lib/python3.7/site-packages/airflow/example_dags/example_sla_dag.py for tasks to queue
[2022-07-12 18:12:55,150] {logging_mixin.py:115} INFO - [2022-07-12 18:12:55,150] {dagbag.py:507} INFO - Filling up the DagBag from /home/airflow/.local/lib/python3.7/site-packages/airflow/example_dags/example_sla_dag.py
[2022-07-12 18:12:55,237] {processor.py:651} INFO - DAG(s) dict_keys(['example_sla_dag']) retrieved from /home/airflow/.local/lib/python3.7/site-packages/airflow/example_dags/example_sla_dag.py
[2022-07-12 18:12:55,329] {logging_mixin.py:115} INFO - [2022-07-12 18:12:55,329] {dag.py:2371} INFO - Sync 1 DAGs
[2022-07-12 18:12:55,793] {logging_mixin.py:115} INFO - [2022-07-12 18:12:55,793] {dag.py:2919} INFO - Setting next_dagrun for example_sla_dag to 2022-07-12T18:10:00+00:00, run_after=2022-07-12T18:12:00+00:00
[2022-07-12 18:12:55,838] {processor.py:161} INFO - Processing /home/airflow/.local/lib/python3.7/site-packages/airflow/example_dags/example_sla_dag.py took 0.711 seconds
[2022-07-12 18:13:26,241] {processor.py:153} INFO - Started process (PID=637) to work on /home/airflow/.local/lib/python3.7/site-packages/airflow/example_dags/example_sla_dag.py
[2022-07-12 18:13:26,247] {processor.py:641} INFO - Processing file /home/airflow/.local/lib/python3.7/site-packages/airflow/example_dags/example_sla_dag.py for tasks to queue
[2022-07-12 18:13:26,251] {logging_mixin.py:115} INFO - [2022-07-12 18:13:26,251] {dagbag.py:507} INFO - Filling up the DagBag from /home/airflow/.local/lib/python3.7/site-packages/airflow/example_dags/example_sla_dag.py
[2022-07-12 18:13:26,277] {processor.py:651} INFO - DAG(s) dict_keys(['example_sla_dag']) retrieved from /home/airflow/.local/lib/python3.7/site-packages/airflow/example_dags/example_sla_dag.py
[2022-07-12 18:13:26,331] {logging_mixin.py:115} INFO - [2022-07-12 18:13:26,331] {dag.py:2371} INFO - Sync 1 DAGs
[2022-07-12 18:13:26,550] {logging_mixin.py:115} INFO - [2022-07-12 18:13:26,549] {dag.py:2919} INFO - Setting next_dagrun for example_sla_dag to 2022-07-12T18:10:00+00:00, run_after=2022-07-12T18:12:00+00:00
[2022-07-12 18:13:26,569] {processor.py:161} INFO - Processing /home/airflow/.local/lib/python3.7/site-packages/airflow/example_dags/example_sla_dag.py took 0.333 seconds
[2022-07-12 18:13:57,044] {processor.py:153} INFO - Started process (PID=698) to work on /home/airflow/.local/lib/python3.7/site-packages/airflow/example_dags/example_sla_dag.py
[2022-07-12 18:13:57,046] {processor.py:641} INFO - Processing file /home/airflow/.local/lib/python3.7/site-packages/airflow/example_dags/example_sla_dag.py for tasks to queue
[2022-07-12 18:13:57,048] {logging_mixin.py:115} INFO - [2022-07-12 18:13:57,047] {dagbag.py:507} INFO - Filling up the DagBag from /home/airflow/.local/lib/python3.7/site-packages/airflow/example_dags/example_sla_dag.py
[2022-07-12 18:13:57,078] {processor.py:651} INFO - DAG(s) dict_keys(['example_sla_dag']) retrieved from /home/airflow/.local/lib/python3.7/site-packages/airflow/example_dags/example_sla_dag.py
[2022-07-12 18:13:57,125] {logging_mixin.py:115} INFO - [2022-07-12 18:13:57,125] {dag.py:2371} INFO - Sync 1 DAGs
[2022-07-12 18:13:57,528] {logging_mixin.py:115} INFO - [2022-07-12 18:13:57,528] {dag.py:2919} INFO - Setting next_dagrun for example_sla_dag to 2022-07-12T18:10:00+00:00, run_after=2022-07-12T18:12:00+00:00
[2022-07-12 18:13:57,545] {processor.py:161} INFO - Processing /home/airflow/.local/lib/python3.7/site-packages/airflow/example_dags/example_sla_dag.py took 0.505 seconds
[2022-07-12 18:14:48,901] {processor.py:153} INFO - Started process (PID=759) to work on /home/airflow/.local/lib/python3.7/site-packages/airflow/example_dags/example_sla_dag.py
[2022-07-12 18:14:48,906] {processor.py:641} INFO - Processing file /home/airflow/.local/lib/python3.7/site-packages/airflow/example_dags/example_sla_dag.py for tasks to queue
[2022-07-12 18:14:48,918] {logging_mixin.py:115} INFO - [2022-07-12 18:14:48,918] {dagbag.py:507} INFO - Filling up the DagBag from /home/airflow/.local/lib/python3.7/site-packages/airflow/example_dags/example_sla_dag.py
[2022-07-12 18:14:49,107] {processor.py:651} INFO - DAG(s) dict_keys(['example_sla_dag']) retrieved from /home/airflow/.local/lib/python3.7/site-packages/airflow/example_dags/example_sla_dag.py
[2022-07-12 18:14:49,266] {logging_mixin.py:115} INFO - [2022-07-12 18:14:49,265] {dag.py:2371} INFO - Sync 1 DAGs
[2022-07-12 18:15:01,220] {logging_mixin.py:115} INFO - [2022-07-12 18:15:01,220] {dag.py:2919} INFO - Setting next_dagrun for example_sla_dag to 2022-07-12T18:12:00+00:00, run_after=2022-07-12T18:14:00+00:00
[2022-07-12 18:15:01,477] {processor.py:161} INFO - Processing /home/airflow/.local/lib/python3.7/site-packages/airflow/example_dags/example_sla_dag.py took 12.600 seconds
[2022-07-12 18:15:33,006] {processor.py:153} INFO - Started process (PID=810) to work on /home/airflow/.local/lib/python3.7/site-packages/airflow/example_dags/example_sla_dag.py
[2022-07-12 18:15:33,010] {processor.py:641} INFO - Processing file /home/airflow/.local/lib/python3.7/site-packages/airflow/example_dags/example_sla_dag.py for tasks to queue
[2022-07-12 18:15:33,014] {logging_mixin.py:115} INFO - [2022-07-12 18:15:33,014] {dagbag.py:507} INFO - Filling up the DagBag from /home/airflow/.local/lib/python3.7/site-packages/airflow/example_dags/example_sla_dag.py
[2022-07-12 18:15:33,051] {processor.py:651} INFO - DAG(s) dict_keys(['example_sla_dag']) retrieved from /home/airflow/.local/lib/python3.7/site-packages/airflow/example_dags/example_sla_dag.py
[2022-07-12 18:15:33,112] {logging_mixin.py:115} INFO - [2022-07-12 18:15:33,112] {dag.py:2371} INFO - Sync 1 DAGs
[2022-07-12 18:15:33,740] {logging_mixin.py:115} INFO - [2022-07-12 18:15:33,740] {dag.py:2919} INFO - Setting next_dagrun for example_sla_dag to 2022-07-12T18:12:00+00:00, run_after=2022-07-12T18:14:00+00:00
[2022-07-12 18:15:33,773] {processor.py:161} INFO - Processing /home/airflow/.local/lib/python3.7/site-packages/airflow/example_dags/example_sla_dag.py took 0.777 seconds
[2022-07-12 18:16:11,961] {processor.py:153} INFO - Started process (PID=862) to work on /home/airflow/.local/lib/python3.7/site-packages/airflow/example_dags/example_sla_dag.py
[2022-07-12 18:16:11,968] {processor.py:641} INFO - Processing file /home/airflow/.local/lib/python3.7/site-packages/airflow/example_dags/example_sla_dag.py for tasks to queue
[2022-07-12 18:16:11,974] {logging_mixin.py:115} INFO - [2022-07-12 18:16:11,973] {dagbag.py:507} INFO - Filling up the DagBag from /home/airflow/.local/lib/python3.7/site-packages/airflow/example_dags/example_sla_dag.py
[2022-07-12 18:16:12,027] {processor.py:651} INFO - DAG(s) dict_keys(['example_sla_dag']) retrieved from /home/airflow/.local/lib/python3.7/site-packages/airflow/example_dags/example_sla_dag.py
[2022-07-12 18:16:12,138] {logging_mixin.py:115} INFO - [2022-07-12 18:16:12,137] {dag.py:2371} INFO - Sync 1 DAGs
[2022-07-12 18:16:12,941] {logging_mixin.py:115} INFO - [2022-07-12 18:16:12,940] {dag.py:2919} INFO - Setting next_dagrun for example_sla_dag to 2022-07-12T18:14:00+00:00, run_after=2022-07-12T18:16:00+00:00
[2022-07-12 18:16:13,048] {processor.py:161} INFO - Processing /home/airflow/.local/lib/python3.7/site-packages/airflow/example_dags/example_sla_dag.py took 1.095 seconds
[2022-07-12 18:16:58,999] {processor.py:153} INFO - Started process (PID=919) to work on /home/airflow/.local/lib/python3.7/site-packages/airflow/example_dags/example_sla_dag.py
[2022-07-12 18:16:59,011] {processor.py:641} INFO - Processing file /home/airflow/.local/lib/python3.7/site-packages/airflow/example_dags/example_sla_dag.py for tasks to queue
[2022-07-12 18:16:59,018] {logging_mixin.py:115} INFO - [2022-07-12 18:16:59,018] {dagbag.py:507} INFO - Filling up the DagBag from /home/airflow/.local/lib/python3.7/site-packages/airflow/example_dags/example_sla_dag.py
[2022-07-12 18:16:59,074] {processor.py:651} INFO - DAG(s) dict_keys(['example_sla_dag']) retrieved from /home/airflow/.local/lib/python3.7/site-packages/airflow/example_dags/example_sla_dag.py
[2022-07-12 18:16:59,705] {logging_mixin.py:115} INFO - [2022-07-12 18:16:59,705] {dag.py:2371} INFO - Sync 1 DAGs
[2022-07-12 18:16:59,756] {logging_mixin.py:115} INFO - [2022-07-12 18:16:59,756] {dag.py:2919} INFO - Setting next_dagrun for example_sla_dag to 2022-07-12T18:14:00+00:00, run_after=2022-07-12T18:16:00+00:00
[2022-07-12 18:16:59,808] {processor.py:161} INFO - Processing /home/airflow/.local/lib/python3.7/site-packages/airflow/example_dags/example_sla_dag.py took 0.820 seconds
[2022-07-12 18:17:31,108] {processor.py:153} INFO - Started process (PID=971) to work on /home/airflow/.local/lib/python3.7/site-packages/airflow/example_dags/example_sla_dag.py
[2022-07-12 18:17:31,111] {processor.py:641} INFO - Processing file /home/airflow/.local/lib/python3.7/site-packages/airflow/example_dags/example_sla_dag.py for tasks to queue
[2022-07-12 18:17:31,113] {logging_mixin.py:115} INFO - [2022-07-12 18:17:31,113] {dagbag.py:507} INFO - Filling up the DagBag from /home/airflow/.local/lib/python3.7/site-packages/airflow/example_dags/example_sla_dag.py
[2022-07-12 18:17:31,155] {processor.py:651} INFO - DAG(s) dict_keys(['example_sla_dag']) retrieved from /home/airflow/.local/lib/python3.7/site-packages/airflow/example_dags/example_sla_dag.py
[2022-07-12 18:17:31,664] {logging_mixin.py:115} INFO - [2022-07-12 18:17:31,664] {dag.py:2371} INFO - Sync 1 DAGs
[2022-07-12 18:17:31,702] {logging_mixin.py:115} INFO - [2022-07-12 18:17:31,702] {dag.py:2919} INFO - Setting next_dagrun for example_sla_dag to 2022-07-12T18:14:00+00:00, run_after=2022-07-12T18:16:00+00:00
[2022-07-12 18:17:31,730] {processor.py:161} INFO - Processing /home/airflow/.local/lib/python3.7/site-packages/airflow/example_dags/example_sla_dag.py took 0.629 seconds
[2022-07-12 18:18:02,133] {processor.py:153} INFO - Started process (PID=1023) to work on /home/airflow/.local/lib/python3.7/site-packages/airflow/example_dags/example_sla_dag.py
[2022-07-12 18:18:02,137] {processor.py:641} INFO - Processing file /home/airflow/.local/lib/python3.7/site-packages/airflow/example_dags/example_sla_dag.py for tasks to queue
[2022-07-12 18:18:02,139] {logging_mixin.py:115} INFO - [2022-07-12 18:18:02,139] {dagbag.py:507} INFO - Filling up the DagBag from /home/airflow/.local/lib/python3.7/site-packages/airflow/example_dags/example_sla_dag.py
[2022-07-12 18:18:02,178] {processor.py:651} INFO - DAG(s) dict_keys(['example_sla_dag']) retrieved from /home/airflow/.local/lib/python3.7/site-packages/airflow/example_dags/example_sla_dag.py
[2022-07-12 18:18:02,575] {logging_mixin.py:115} INFO - [2022-07-12 18:18:02,575] {dag.py:2371} INFO - Sync 1 DAGs
[2022-07-12 18:18:02,612] {logging_mixin.py:115} INFO - [2022-07-12 18:18:02,612] {dag.py:2919} INFO - Setting next_dagrun for example_sla_dag to 2022-07-12T18:16:00+00:00, run_after=2022-07-12T18:18:00+00:00
[2022-07-12 18:18:02,632] {processor.py:161} INFO - Processing /home/airflow/.local/lib/python3.7/site-packages/airflow/example_dags/example_sla_dag.py took 0.504 seconds
[2022-07-12 18:18:33,509] {processor.py:153} INFO - Started process (PID=1075) to work on /home/airflow/.local/lib/python3.7/site-packages/airflow/example_dags/example_sla_dag.py
[2022-07-12 18:18:33,513] {processor.py:641} INFO - Processing file /home/airflow/.local/lib/python3.7/site-packages/airflow/example_dags/example_sla_dag.py for tasks to queue
[2022-07-12 18:18:33,520] {logging_mixin.py:115} INFO - [2022-07-12 18:18:33,517] {dagbag.py:507} INFO - Filling up the DagBag from /home/airflow/.local/lib/python3.7/site-packages/airflow/example_dags/example_sla_dag.py
[2022-07-12 18:18:33,628] {processor.py:651} INFO - DAG(s) dict_keys(['example_sla_dag']) retrieved from /home/airflow/.local/lib/python3.7/site-packages/airflow/example_dags/example_sla_dag.py
[2022-07-12 18:18:34,381] {logging_mixin.py:115} INFO - [2022-07-12 18:18:34,381] {dag.py:2371} INFO - Sync 1 DAGs
[2022-07-12 18:18:34,480] {logging_mixin.py:115} INFO - [2022-07-12 18:18:34,480] {dag.py:2919} INFO - Setting next_dagrun for example_sla_dag to 2022-07-12T18:16:00+00:00, run_after=2022-07-12T18:18:00+00:00
[2022-07-12 18:18:34,573] {processor.py:161} INFO - Processing /home/airflow/.local/lib/python3.7/site-packages/airflow/example_dags/example_sla_dag.py took 1.074 seconds
[2022-07-12 18:19:05,261] {processor.py:153} INFO - Started process (PID=1136) to work on /home/airflow/.local/lib/python3.7/site-packages/airflow/example_dags/example_sla_dag.py
[2022-07-12 18:19:05,263] {processor.py:641} INFO - Processing file /home/airflow/.local/lib/python3.7/site-packages/airflow/example_dags/example_sla_dag.py for tasks to queue
[2022-07-12 18:19:05,265] {logging_mixin.py:115} INFO - [2022-07-12 18:19:05,265] {dagbag.py:507} INFO - Filling up the DagBag from /home/airflow/.local/lib/python3.7/site-packages/airflow/example_dags/example_sla_dag.py
[2022-07-12 18:19:05,298] {processor.py:651} INFO - DAG(s) dict_keys(['example_sla_dag']) retrieved from /home/airflow/.local/lib/python3.7/site-packages/airflow/example_dags/example_sla_dag.py
[2022-07-12 18:19:05,635] {logging_mixin.py:115} INFO - [2022-07-12 18:19:05,635] {dag.py:2371} INFO - Sync 1 DAGs
[2022-07-12 18:19:05,657] {logging_mixin.py:115} INFO - [2022-07-12 18:19:05,657] {dag.py:2919} INFO - Setting next_dagrun for example_sla_dag to 2022-07-12T18:16:00+00:00, run_after=2022-07-12T18:18:00+00:00
[2022-07-12 18:19:05,672] {processor.py:161} INFO - Processing /home/airflow/.local/lib/python3.7/site-packages/airflow/example_dags/example_sla_dag.py took 0.417 seconds
[2022-07-12 18:19:36,520] {processor.py:153} INFO - Started process (PID=1189) to work on /home/airflow/.local/lib/python3.7/site-packages/airflow/example_dags/example_sla_dag.py
[2022-07-12 18:19:36,522] {processor.py:641} INFO - Processing file /home/airflow/.local/lib/python3.7/site-packages/airflow/example_dags/example_sla_dag.py for tasks to queue
[2022-07-12 18:19:36,523] {logging_mixin.py:115} INFO - [2022-07-12 18:19:36,523] {dagbag.py:507} INFO - Filling up the DagBag from /home/airflow/.local/lib/python3.7/site-packages/airflow/example_dags/example_sla_dag.py
[2022-07-12 18:19:36,537] {processor.py:651} INFO - DAG(s) dict_keys(['example_sla_dag']) retrieved from /home/airflow/.local/lib/python3.7/site-packages/airflow/example_dags/example_sla_dag.py
[2022-07-12 18:19:36,667] {logging_mixin.py:115} INFO - [2022-07-12 18:19:36,667] {dag.py:2371} INFO - Sync 1 DAGs
[2022-07-12 18:19:36,684] {logging_mixin.py:115} INFO - [2022-07-12 18:19:36,684] {dag.py:2919} INFO - Setting next_dagrun for example_sla_dag to 2022-07-12T18:16:00+00:00, run_after=2022-07-12T18:18:00+00:00
[2022-07-12 18:19:36,694] {processor.py:161} INFO - Processing /home/airflow/.local/lib/python3.7/site-packages/airflow/example_dags/example_sla_dag.py took 0.177 seconds
[2022-07-12 18:20:09,075] {processor.py:153} INFO - Started process (PID=1249) to work on /home/airflow/.local/lib/python3.7/site-packages/airflow/example_dags/example_sla_dag.py
[2022-07-12 18:20:09,079] {processor.py:641} INFO - Processing file /home/airflow/.local/lib/python3.7/site-packages/airflow/example_dags/example_sla_dag.py for tasks to queue
[2022-07-12 18:20:09,086] {logging_mixin.py:115} INFO - [2022-07-12 18:20:09,086] {dagbag.py:507} INFO - Filling up the DagBag from /home/airflow/.local/lib/python3.7/site-packages/airflow/example_dags/example_sla_dag.py
[2022-07-12 18:20:09,153] {processor.py:651} INFO - DAG(s) dict_keys(['example_sla_dag']) retrieved from /home/airflow/.local/lib/python3.7/site-packages/airflow/example_dags/example_sla_dag.py
[2022-07-12 18:20:09,611] {logging_mixin.py:115} INFO - [2022-07-12 18:20:09,610] {dag.py:2371} INFO - Sync 1 DAGs
[2022-07-12 18:20:09,656] {logging_mixin.py:115} INFO - [2022-07-12 18:20:09,656] {dag.py:2919} INFO - Setting next_dagrun for example_sla_dag to 2022-07-12T18:18:00+00:00, run_after=2022-07-12T18:20:00+00:00
[2022-07-12 18:20:09,678] {processor.py:161} INFO - Processing /home/airflow/.local/lib/python3.7/site-packages/airflow/example_dags/example_sla_dag.py took 0.609 seconds
[2022-07-12 18:20:40,301] {processor.py:153} INFO - Started process (PID=1302) to work on /home/airflow/.local/lib/python3.7/site-packages/airflow/example_dags/example_sla_dag.py
[2022-07-12 18:20:40,304] {processor.py:641} INFO - Processing file /home/airflow/.local/lib/python3.7/site-packages/airflow/example_dags/example_sla_dag.py for tasks to queue
[2022-07-12 18:20:40,306] {logging_mixin.py:115} INFO - [2022-07-12 18:20:40,306] {dagbag.py:507} INFO - Filling up the DagBag from /home/airflow/.local/lib/python3.7/site-packages/airflow/example_dags/example_sla_dag.py
[2022-07-12 18:20:40,395] {processor.py:651} INFO - DAG(s) dict_keys(['example_sla_dag']) retrieved from /home/airflow/.local/lib/python3.7/site-packages/airflow/example_dags/example_sla_dag.py
[2022-07-12 18:20:40,714] {logging_mixin.py:115} INFO - [2022-07-12 18:20:40,714] {dag.py:2371} INFO - Sync 1 DAGs
[2022-07-12 18:20:40,738] {logging_mixin.py:115} INFO - [2022-07-12 18:20:40,738] {dag.py:2919} INFO - Setting next_dagrun for example_sla_dag to 2022-07-12T18:18:00+00:00, run_after=2022-07-12T18:20:00+00:00
[2022-07-12 18:20:40,746] {processor.py:161} INFO - Processing /home/airflow/.local/lib/python3.7/site-packages/airflow/example_dags/example_sla_dag.py took 0.456 seconds
[2022-07-12 18:21:12,108] {processor.py:153} INFO - Started process (PID=1363) to work on /home/airflow/.local/lib/python3.7/site-packages/airflow/example_dags/example_sla_dag.py
[2022-07-12 18:21:12,114] {processor.py:641} INFO - Processing file /home/airflow/.local/lib/python3.7/site-packages/airflow/example_dags/example_sla_dag.py for tasks to queue
[2022-07-12 18:21:12,121] {logging_mixin.py:115} INFO - [2022-07-12 18:21:12,121] {dagbag.py:507} INFO - Filling up the DagBag from /home/airflow/.local/lib/python3.7/site-packages/airflow/example_dags/example_sla_dag.py
[2022-07-12 18:21:12,172] {processor.py:651} INFO - DAG(s) dict_keys(['example_sla_dag']) retrieved from /home/airflow/.local/lib/python3.7/site-packages/airflow/example_dags/example_sla_dag.py
[2022-07-12 18:21:12,713] {logging_mixin.py:115} INFO - [2022-07-12 18:21:12,712] {dag.py:2371} INFO - Sync 1 DAGs
[2022-07-12 18:21:12,748] {logging_mixin.py:115} INFO - [2022-07-12 18:21:12,748] {dag.py:2919} INFO - Setting next_dagrun for example_sla_dag to 2022-07-12T18:18:00+00:00, run_after=2022-07-12T18:20:00+00:00
[2022-07-12 18:21:12,771] {processor.py:161} INFO - Processing /home/airflow/.local/lib/python3.7/site-packages/airflow/example_dags/example_sla_dag.py took 0.679 seconds
[2022-07-12 18:25:31,459] {processor.py:153} INFO - Started process (PID=79) to work on /home/airflow/.local/lib/python3.7/site-packages/airflow/example_dags/example_sla_dag.py
[2022-07-12 18:25:31,463] {processor.py:641} INFO - Processing file /home/airflow/.local/lib/python3.7/site-packages/airflow/example_dags/example_sla_dag.py for tasks to queue
[2022-07-12 18:25:31,465] {logging_mixin.py:115} INFO - [2022-07-12 18:25:31,465] {dagbag.py:507} INFO - Filling up the DagBag from /home/airflow/.local/lib/python3.7/site-packages/airflow/example_dags/example_sla_dag.py
[2022-07-12 18:25:31,501] {processor.py:651} INFO - DAG(s) dict_keys(['example_sla_dag']) retrieved from /home/airflow/.local/lib/python3.7/site-packages/airflow/example_dags/example_sla_dag.py
[2022-07-12 18:25:32,019] {logging_mixin.py:115} INFO - [2022-07-12 18:25:32,019] {manager.py:508} INFO - Created Permission View: can read on DAG:example_sla_dag
[2022-07-12 18:25:32,031] {logging_mixin.py:115} INFO - [2022-07-12 18:25:32,030] {manager.py:508} INFO - Created Permission View: can edit on DAG:example_sla_dag
[2022-07-12 18:25:32,040] {logging_mixin.py:115} INFO - [2022-07-12 18:25:32,040] {manager.py:508} INFO - Created Permission View: can delete on DAG:example_sla_dag
[2022-07-12 18:25:32,042] {logging_mixin.py:115} INFO - [2022-07-12 18:25:32,041] {dag.py:2371} INFO - Sync 1 DAGs
[2022-07-12 18:25:32,061] {logging_mixin.py:115} INFO - [2022-07-12 18:25:32,061] {dag.py:2390} INFO - Creating ORM DAG for example_sla_dag
[2022-07-12 18:25:32,076] {logging_mixin.py:115} INFO - [2022-07-12 18:25:32,076] {dag.py:2919} INFO - Setting next_dagrun for example_sla_dag to 2022-07-12T18:22:00+00:00, run_after=2022-07-12T18:24:00+00:00
[2022-07-12 18:25:32,095] {processor.py:161} INFO - Processing /home/airflow/.local/lib/python3.7/site-packages/airflow/example_dags/example_sla_dag.py took 0.643 seconds
[2022-07-12 18:26:02,210] {processor.py:153} INFO - Started process (PID=132) to work on /home/airflow/.local/lib/python3.7/site-packages/airflow/example_dags/example_sla_dag.py
[2022-07-12 18:26:02,212] {processor.py:641} INFO - Processing file /home/airflow/.local/lib/python3.7/site-packages/airflow/example_dags/example_sla_dag.py for tasks to queue
[2022-07-12 18:26:02,213] {logging_mixin.py:115} INFO - [2022-07-12 18:26:02,213] {dagbag.py:507} INFO - Filling up the DagBag from /home/airflow/.local/lib/python3.7/site-packages/airflow/example_dags/example_sla_dag.py
[2022-07-12 18:26:02,228] {processor.py:651} INFO - DAG(s) dict_keys(['example_sla_dag']) retrieved from /home/airflow/.local/lib/python3.7/site-packages/airflow/example_dags/example_sla_dag.py
[2022-07-12 18:26:02,258] {logging_mixin.py:115} INFO - [2022-07-12 18:26:02,258] {dag.py:2371} INFO - Sync 1 DAGs
[2022-07-12 18:26:02,575] {logging_mixin.py:115} INFO - [2022-07-12 18:26:02,575] {dag.py:2919} INFO - Setting next_dagrun for example_sla_dag to 2022-07-12T18:24:00+00:00, run_after=2022-07-12T18:26:00+00:00
[2022-07-12 18:26:02,624] {processor.py:161} INFO - Processing /home/airflow/.local/lib/python3.7/site-packages/airflow/example_dags/example_sla_dag.py took 0.417 seconds
[2022-07-12 18:26:33,275] {processor.py:153} INFO - Started process (PID=193) to work on /home/airflow/.local/lib/python3.7/site-packages/airflow/example_dags/example_sla_dag.py
[2022-07-12 18:26:33,277] {processor.py:641} INFO - Processing file /home/airflow/.local/lib/python3.7/site-packages/airflow/example_dags/example_sla_dag.py for tasks to queue
[2022-07-12 18:26:33,279] {logging_mixin.py:115} INFO - [2022-07-12 18:26:33,279] {dagbag.py:507} INFO - Filling up the DagBag from /home/airflow/.local/lib/python3.7/site-packages/airflow/example_dags/example_sla_dag.py
[2022-07-12 18:26:33,302] {processor.py:651} INFO - DAG(s) dict_keys(['example_sla_dag']) retrieved from /home/airflow/.local/lib/python3.7/site-packages/airflow/example_dags/example_sla_dag.py
[2022-07-12 18:26:33,338] {logging_mixin.py:115} INFO - [2022-07-12 18:26:33,338] {dag.py:2371} INFO - Sync 1 DAGs
[2022-07-12 18:26:33,583] {logging_mixin.py:115} INFO - [2022-07-12 18:26:33,583] {dag.py:2919} INFO - Setting next_dagrun for example_sla_dag to 2022-07-12T18:24:00+00:00, run_after=2022-07-12T18:26:00+00:00
[2022-07-12 18:26:33,605] {processor.py:161} INFO - Processing /home/airflow/.local/lib/python3.7/site-packages/airflow/example_dags/example_sla_dag.py took 0.337 seconds
[2022-07-12 18:29:23,006] {processor.py:153} INFO - Started process (PID=69) to work on /home/airflow/.local/lib/python3.7/site-packages/airflow/example_dags/example_sla_dag.py
[2022-07-12 18:29:23,009] {processor.py:641} INFO - Processing file /home/airflow/.local/lib/python3.7/site-packages/airflow/example_dags/example_sla_dag.py for tasks to queue
[2022-07-12 18:29:23,022] {logging_mixin.py:115} INFO - [2022-07-12 18:29:23,022] {dagbag.py:507} INFO - Filling up the DagBag from /home/airflow/.local/lib/python3.7/site-packages/airflow/example_dags/example_sla_dag.py
[2022-07-12 18:29:23,364] {processor.py:651} INFO - DAG(s) dict_keys(['example_sla_dag']) retrieved from /home/airflow/.local/lib/python3.7/site-packages/airflow/example_dags/example_sla_dag.py
[2022-07-12 18:29:23,482] {logging_mixin.py:115} INFO - [2022-07-12 18:29:23,482] {dag.py:2371} INFO - Sync 1 DAGs
[2022-07-12 18:29:29,633] {logging_mixin.py:115} INFO - [2022-07-12 18:29:29,632] {dag.py:2919} INFO - Setting next_dagrun for example_sla_dag to 2022-07-12T18:26:00+00:00, run_after=2022-07-12T18:28:00+00:00
[2022-07-12 18:29:29,681] {processor.py:161} INFO - Processing /home/airflow/.local/lib/python3.7/site-packages/airflow/example_dags/example_sla_dag.py took 6.693 seconds
[2022-07-12 18:30:00,792] {processor.py:153} INFO - Started process (PID=123) to work on /home/airflow/.local/lib/python3.7/site-packages/airflow/example_dags/example_sla_dag.py
[2022-07-12 18:30:00,794] {processor.py:641} INFO - Processing file /home/airflow/.local/lib/python3.7/site-packages/airflow/example_dags/example_sla_dag.py for tasks to queue
[2022-07-12 18:30:00,796] {logging_mixin.py:115} INFO - [2022-07-12 18:30:00,796] {dagbag.py:507} INFO - Filling up the DagBag from /home/airflow/.local/lib/python3.7/site-packages/airflow/example_dags/example_sla_dag.py
[2022-07-12 18:30:00,822] {processor.py:651} INFO - DAG(s) dict_keys(['example_sla_dag']) retrieved from /home/airflow/.local/lib/python3.7/site-packages/airflow/example_dags/example_sla_dag.py
[2022-07-12 18:30:00,857] {logging_mixin.py:115} INFO - [2022-07-12 18:30:00,857] {dag.py:2371} INFO - Sync 1 DAGs
[2022-07-12 18:30:01,099] {logging_mixin.py:115} INFO - [2022-07-12 18:30:01,099] {dag.py:2919} INFO - Setting next_dagrun for example_sla_dag to 2022-07-12T18:28:00+00:00, run_after=2022-07-12T18:30:00+00:00
[2022-07-12 18:30:01,109] {processor.py:161} INFO - Processing /home/airflow/.local/lib/python3.7/site-packages/airflow/example_dags/example_sla_dag.py took 0.323 seconds
[2022-07-12 18:30:31,683] {processor.py:153} INFO - Started process (PID=184) to work on /home/airflow/.local/lib/python3.7/site-packages/airflow/example_dags/example_sla_dag.py
[2022-07-12 18:30:31,686] {processor.py:641} INFO - Processing file /home/airflow/.local/lib/python3.7/site-packages/airflow/example_dags/example_sla_dag.py for tasks to queue
[2022-07-12 18:30:31,688] {logging_mixin.py:115} INFO - [2022-07-12 18:30:31,688] {dagbag.py:507} INFO - Filling up the DagBag from /home/airflow/.local/lib/python3.7/site-packages/airflow/example_dags/example_sla_dag.py
[2022-07-12 18:30:31,722] {processor.py:651} INFO - DAG(s) dict_keys(['example_sla_dag']) retrieved from /home/airflow/.local/lib/python3.7/site-packages/airflow/example_dags/example_sla_dag.py
[2022-07-12 18:30:31,755] {logging_mixin.py:115} INFO - [2022-07-12 18:30:31,755] {dag.py:2371} INFO - Sync 1 DAGs
[2022-07-12 18:30:32,039] {logging_mixin.py:115} INFO - [2022-07-12 18:30:32,039] {dag.py:2919} INFO - Setting next_dagrun for example_sla_dag to 2022-07-12T18:28:00+00:00, run_after=2022-07-12T18:30:00+00:00
[2022-07-12 18:30:32,051] {processor.py:161} INFO - Processing /home/airflow/.local/lib/python3.7/site-packages/airflow/example_dags/example_sla_dag.py took 0.371 seconds
[2022-07-12 18:31:02,322] {processor.py:153} INFO - Started process (PID=247) to work on /home/airflow/.local/lib/python3.7/site-packages/airflow/example_dags/example_sla_dag.py
[2022-07-12 18:31:02,323] {processor.py:641} INFO - Processing file /home/airflow/.local/lib/python3.7/site-packages/airflow/example_dags/example_sla_dag.py for tasks to queue
[2022-07-12 18:31:02,329] {logging_mixin.py:115} INFO - [2022-07-12 18:31:02,329] {dagbag.py:507} INFO - Filling up the DagBag from /home/airflow/.local/lib/python3.7/site-packages/airflow/example_dags/example_sla_dag.py
[2022-07-12 18:31:02,353] {processor.py:651} INFO - DAG(s) dict_keys(['example_sla_dag']) retrieved from /home/airflow/.local/lib/python3.7/site-packages/airflow/example_dags/example_sla_dag.py
[2022-07-12 18:31:02,384] {logging_mixin.py:115} INFO - [2022-07-12 18:31:02,384] {dag.py:2371} INFO - Sync 1 DAGs
[2022-07-12 18:31:02,651] {logging_mixin.py:115} INFO - [2022-07-12 18:31:02,651] {dag.py:2919} INFO - Setting next_dagrun for example_sla_dag to 2022-07-12T18:28:00+00:00, run_after=2022-07-12T18:30:00+00:00
[2022-07-12 18:31:02,662] {processor.py:161} INFO - Processing /home/airflow/.local/lib/python3.7/site-packages/airflow/example_dags/example_sla_dag.py took 0.344 seconds
