[2022-07-12 18:06:37,113] {processor.py:153} INFO - Started process (PID=48) to work on /home/airflow/.local/lib/python3.7/site-packages/airflow/example_dags/example_dag_decorator.py
[2022-07-12 18:06:37,124] {processor.py:641} INFO - Processing file /home/airflow/.local/lib/python3.7/site-packages/airflow/example_dags/example_dag_decorator.py for tasks to queue
[2022-07-12 18:06:37,147] {logging_mixin.py:115} INFO - [2022-07-12 18:06:37,147] {dagbag.py:507} INFO - Filling up the DagBag from /home/airflow/.local/lib/python3.7/site-packages/airflow/example_dags/example_dag_decorator.py
[2022-07-12 18:06:39,485] {processor.py:651} INFO - DAG(s) dict_keys(['example_dag_decorator']) retrieved from /home/airflow/.local/lib/python3.7/site-packages/airflow/example_dags/example_dag_decorator.py
[2022-07-12 18:07:22,138] {logging_mixin.py:115} INFO - [2022-07-12 18:07:22,135] {manager.py:508} INFO - Created Permission View: can read on DAG:example_dag_decorator
[2022-07-12 18:07:22,251] {logging_mixin.py:115} INFO - [2022-07-12 18:07:22,251] {manager.py:508} INFO - Created Permission View: can delete on DAG:example_dag_decorator
[2022-07-12 18:07:22,305] {logging_mixin.py:115} INFO - [2022-07-12 18:07:22,304] {manager.py:508} INFO - Created Permission View: can edit on DAG:example_dag_decorator
[2022-07-12 18:07:22,314] {logging_mixin.py:115} INFO - [2022-07-12 18:07:22,313] {dag.py:2371} INFO - Sync 1 DAGs
[2022-07-12 18:07:22,450] {logging_mixin.py:115} INFO - [2022-07-12 18:07:22,450] {dag.py:2390} INFO - Creating ORM DAG for example_dag_decorator
[2022-07-12 18:07:22,634] {logging_mixin.py:115} INFO - [2022-07-12 18:07:22,634] {dag.py:2919} INFO - Setting next_dagrun for example_dag_decorator to None, run_after=None
[2022-07-12 18:07:22,786] {processor.py:161} INFO - Processing /home/airflow/.local/lib/python3.7/site-packages/airflow/example_dags/example_dag_decorator.py took 45.722 seconds
[2022-07-12 18:08:34,799] {processor.py:153} INFO - Started process (PID=127) to work on /home/airflow/.local/lib/python3.7/site-packages/airflow/example_dags/example_dag_decorator.py
[2022-07-12 18:08:34,802] {processor.py:641} INFO - Processing file /home/airflow/.local/lib/python3.7/site-packages/airflow/example_dags/example_dag_decorator.py for tasks to queue
[2022-07-12 18:08:34,807] {logging_mixin.py:115} INFO - [2022-07-12 18:08:34,807] {dagbag.py:507} INFO - Filling up the DagBag from /home/airflow/.local/lib/python3.7/site-packages/airflow/example_dags/example_dag_decorator.py
[2022-07-12 18:08:34,864] {processor.py:651} INFO - DAG(s) dict_keys(['example_dag_decorator']) retrieved from /home/airflow/.local/lib/python3.7/site-packages/airflow/example_dags/example_dag_decorator.py
[2022-07-12 18:08:35,442] {logging_mixin.py:115} INFO - [2022-07-12 18:08:35,441] {dag.py:2371} INFO - Sync 1 DAGs
[2022-07-12 18:08:35,486] {logging_mixin.py:115} INFO - [2022-07-12 18:08:35,486] {dag.py:2919} INFO - Setting next_dagrun for example_dag_decorator to None, run_after=None
[2022-07-12 18:08:35,559] {processor.py:161} INFO - Processing /home/airflow/.local/lib/python3.7/site-packages/airflow/example_dags/example_dag_decorator.py took 0.764 seconds
[2022-07-12 18:09:06,133] {processor.py:153} INFO - Started process (PID=187) to work on /home/airflow/.local/lib/python3.7/site-packages/airflow/example_dags/example_dag_decorator.py
[2022-07-12 18:09:06,135] {processor.py:641} INFO - Processing file /home/airflow/.local/lib/python3.7/site-packages/airflow/example_dags/example_dag_decorator.py for tasks to queue
[2022-07-12 18:09:06,137] {logging_mixin.py:115} INFO - [2022-07-12 18:09:06,137] {dagbag.py:507} INFO - Filling up the DagBag from /home/airflow/.local/lib/python3.7/site-packages/airflow/example_dags/example_dag_decorator.py
[2022-07-12 18:09:06,170] {processor.py:651} INFO - DAG(s) dict_keys(['example_dag_decorator']) retrieved from /home/airflow/.local/lib/python3.7/site-packages/airflow/example_dags/example_dag_decorator.py
[2022-07-12 18:09:06,384] {logging_mixin.py:115} INFO - [2022-07-12 18:09:06,384] {dag.py:2371} INFO - Sync 1 DAGs
[2022-07-12 18:09:06,404] {logging_mixin.py:115} INFO - [2022-07-12 18:09:06,404] {dag.py:2919} INFO - Setting next_dagrun for example_dag_decorator to None, run_after=None
[2022-07-12 18:09:06,414] {processor.py:161} INFO - Processing /home/airflow/.local/lib/python3.7/site-packages/airflow/example_dags/example_dag_decorator.py took 0.285 seconds
[2022-07-12 18:09:38,108] {processor.py:153} INFO - Started process (PID=248) to work on /home/airflow/.local/lib/python3.7/site-packages/airflow/example_dags/example_dag_decorator.py
[2022-07-12 18:09:38,119] {processor.py:641} INFO - Processing file /home/airflow/.local/lib/python3.7/site-packages/airflow/example_dags/example_dag_decorator.py for tasks to queue
[2022-07-12 18:09:38,125] {logging_mixin.py:115} INFO - [2022-07-12 18:09:38,124] {dagbag.py:507} INFO - Filling up the DagBag from /home/airflow/.local/lib/python3.7/site-packages/airflow/example_dags/example_dag_decorator.py
[2022-07-12 18:09:38,195] {processor.py:651} INFO - DAG(s) dict_keys(['example_dag_decorator']) retrieved from /home/airflow/.local/lib/python3.7/site-packages/airflow/example_dags/example_dag_decorator.py
[2022-07-12 18:09:38,724] {logging_mixin.py:115} INFO - [2022-07-12 18:09:38,724] {dag.py:2371} INFO - Sync 1 DAGs
[2022-07-12 18:09:38,803] {logging_mixin.py:115} INFO - [2022-07-12 18:09:38,803] {dag.py:2919} INFO - Setting next_dagrun for example_dag_decorator to None, run_after=None
[2022-07-12 18:09:38,840] {processor.py:161} INFO - Processing /home/airflow/.local/lib/python3.7/site-packages/airflow/example_dags/example_dag_decorator.py took 0.737 seconds
[2022-07-12 18:10:13,598] {processor.py:153} INFO - Started process (PID=281) to work on /home/airflow/.local/lib/python3.7/site-packages/airflow/example_dags/example_dag_decorator.py
[2022-07-12 18:10:13,601] {processor.py:641} INFO - Processing file /home/airflow/.local/lib/python3.7/site-packages/airflow/example_dags/example_dag_decorator.py for tasks to queue
[2022-07-12 18:10:13,607] {logging_mixin.py:115} INFO - [2022-07-12 18:10:13,606] {dagbag.py:507} INFO - Filling up the DagBag from /home/airflow/.local/lib/python3.7/site-packages/airflow/example_dags/example_dag_decorator.py
[2022-07-12 18:10:13,653] {processor.py:651} INFO - DAG(s) dict_keys(['example_dag_decorator']) retrieved from /home/airflow/.local/lib/python3.7/site-packages/airflow/example_dags/example_dag_decorator.py
[2022-07-12 18:10:13,959] {logging_mixin.py:115} INFO - [2022-07-12 18:10:13,958] {dag.py:2371} INFO - Sync 1 DAGs
[2022-07-12 18:10:13,977] {logging_mixin.py:115} INFO - [2022-07-12 18:10:13,977] {dag.py:2919} INFO - Setting next_dagrun for example_dag_decorator to None, run_after=None
[2022-07-12 18:10:13,991] {processor.py:161} INFO - Processing /home/airflow/.local/lib/python3.7/site-packages/airflow/example_dags/example_dag_decorator.py took 0.399 seconds
[2022-07-12 18:10:44,623] {processor.py:153} INFO - Started process (PID=342) to work on /home/airflow/.local/lib/python3.7/site-packages/airflow/example_dags/example_dag_decorator.py
[2022-07-12 18:10:44,626] {processor.py:641} INFO - Processing file /home/airflow/.local/lib/python3.7/site-packages/airflow/example_dags/example_dag_decorator.py for tasks to queue
[2022-07-12 18:10:44,631] {logging_mixin.py:115} INFO - [2022-07-12 18:10:44,631] {dagbag.py:507} INFO - Filling up the DagBag from /home/airflow/.local/lib/python3.7/site-packages/airflow/example_dags/example_dag_decorator.py
[2022-07-12 18:10:44,713] {processor.py:651} INFO - DAG(s) dict_keys(['example_dag_decorator']) retrieved from /home/airflow/.local/lib/python3.7/site-packages/airflow/example_dags/example_dag_decorator.py
[2022-07-12 18:10:45,213] {logging_mixin.py:115} INFO - [2022-07-12 18:10:45,213] {dag.py:2371} INFO - Sync 1 DAGs
[2022-07-12 18:10:45,257] {logging_mixin.py:115} INFO - [2022-07-12 18:10:45,257] {dag.py:2919} INFO - Setting next_dagrun for example_dag_decorator to None, run_after=None
[2022-07-12 18:10:45,309] {processor.py:161} INFO - Processing /home/airflow/.local/lib/python3.7/site-packages/airflow/example_dags/example_dag_decorator.py took 0.701 seconds
[2022-07-12 18:11:17,201] {processor.py:153} INFO - Started process (PID=403) to work on /home/airflow/.local/lib/python3.7/site-packages/airflow/example_dags/example_dag_decorator.py
[2022-07-12 18:11:17,205] {processor.py:641} INFO - Processing file /home/airflow/.local/lib/python3.7/site-packages/airflow/example_dags/example_dag_decorator.py for tasks to queue
[2022-07-12 18:11:17,207] {logging_mixin.py:115} INFO - [2022-07-12 18:11:17,207] {dagbag.py:507} INFO - Filling up the DagBag from /home/airflow/.local/lib/python3.7/site-packages/airflow/example_dags/example_dag_decorator.py
[2022-07-12 18:11:17,296] {processor.py:651} INFO - DAG(s) dict_keys(['example_dag_decorator']) retrieved from /home/airflow/.local/lib/python3.7/site-packages/airflow/example_dags/example_dag_decorator.py
[2022-07-12 18:11:18,048] {logging_mixin.py:115} INFO - [2022-07-12 18:11:18,048] {dag.py:2371} INFO - Sync 1 DAGs
[2022-07-12 18:11:18,086] {logging_mixin.py:115} INFO - [2022-07-12 18:11:18,086] {dag.py:2919} INFO - Setting next_dagrun for example_dag_decorator to None, run_after=None
[2022-07-12 18:11:18,126] {processor.py:161} INFO - Processing /home/airflow/.local/lib/python3.7/site-packages/airflow/example_dags/example_dag_decorator.py took 0.946 seconds
[2022-07-12 18:11:48,807] {processor.py:153} INFO - Started process (PID=455) to work on /home/airflow/.local/lib/python3.7/site-packages/airflow/example_dags/example_dag_decorator.py
[2022-07-12 18:11:48,811] {processor.py:641} INFO - Processing file /home/airflow/.local/lib/python3.7/site-packages/airflow/example_dags/example_dag_decorator.py for tasks to queue
[2022-07-12 18:11:48,816] {logging_mixin.py:115} INFO - [2022-07-12 18:11:48,816] {dagbag.py:507} INFO - Filling up the DagBag from /home/airflow/.local/lib/python3.7/site-packages/airflow/example_dags/example_dag_decorator.py
[2022-07-12 18:11:48,882] {processor.py:651} INFO - DAG(s) dict_keys(['example_dag_decorator']) retrieved from /home/airflow/.local/lib/python3.7/site-packages/airflow/example_dags/example_dag_decorator.py
[2022-07-12 18:11:49,404] {logging_mixin.py:115} INFO - [2022-07-12 18:11:49,404] {dag.py:2371} INFO - Sync 1 DAGs
[2022-07-12 18:11:49,425] {logging_mixin.py:115} INFO - [2022-07-12 18:11:49,425] {dag.py:2919} INFO - Setting next_dagrun for example_dag_decorator to None, run_after=None
[2022-07-12 18:11:49,443] {processor.py:161} INFO - Processing /home/airflow/.local/lib/python3.7/site-packages/airflow/example_dags/example_dag_decorator.py took 0.649 seconds
[2022-07-12 18:12:19,845] {processor.py:153} INFO - Started process (PID=518) to work on /home/airflow/.local/lib/python3.7/site-packages/airflow/example_dags/example_dag_decorator.py
[2022-07-12 18:12:19,847] {processor.py:641} INFO - Processing file /home/airflow/.local/lib/python3.7/site-packages/airflow/example_dags/example_dag_decorator.py for tasks to queue
[2022-07-12 18:12:19,849] {logging_mixin.py:115} INFO - [2022-07-12 18:12:19,849] {dagbag.py:507} INFO - Filling up the DagBag from /home/airflow/.local/lib/python3.7/site-packages/airflow/example_dags/example_dag_decorator.py
[2022-07-12 18:12:19,877] {processor.py:651} INFO - DAG(s) dict_keys(['example_dag_decorator']) retrieved from /home/airflow/.local/lib/python3.7/site-packages/airflow/example_dags/example_dag_decorator.py
[2022-07-12 18:12:20,068] {logging_mixin.py:115} INFO - [2022-07-12 18:12:20,068] {dag.py:2371} INFO - Sync 1 DAGs
[2022-07-12 18:12:20,085] {logging_mixin.py:115} INFO - [2022-07-12 18:12:20,085] {dag.py:2919} INFO - Setting next_dagrun for example_dag_decorator to None, run_after=None
[2022-07-12 18:12:20,103] {processor.py:161} INFO - Processing /home/airflow/.local/lib/python3.7/site-packages/airflow/example_dags/example_dag_decorator.py took 0.263 seconds
[2022-07-12 18:12:50,396] {processor.py:153} INFO - Started process (PID=567) to work on /home/airflow/.local/lib/python3.7/site-packages/airflow/example_dags/example_dag_decorator.py
[2022-07-12 18:12:50,419] {processor.py:641} INFO - Processing file /home/airflow/.local/lib/python3.7/site-packages/airflow/example_dags/example_dag_decorator.py for tasks to queue
[2022-07-12 18:12:50,429] {logging_mixin.py:115} INFO - [2022-07-12 18:12:50,428] {dagbag.py:507} INFO - Filling up the DagBag from /home/airflow/.local/lib/python3.7/site-packages/airflow/example_dags/example_dag_decorator.py
[2022-07-12 18:12:50,725] {processor.py:651} INFO - DAG(s) dict_keys(['example_dag_decorator']) retrieved from /home/airflow/.local/lib/python3.7/site-packages/airflow/example_dags/example_dag_decorator.py
[2022-07-12 18:12:51,697] {logging_mixin.py:115} INFO - [2022-07-12 18:12:51,695] {dag.py:2371} INFO - Sync 1 DAGs
[2022-07-12 18:12:51,744] {logging_mixin.py:115} INFO - [2022-07-12 18:12:51,744] {dag.py:2919} INFO - Setting next_dagrun for example_dag_decorator to None, run_after=None
[2022-07-12 18:12:51,765] {processor.py:161} INFO - Processing /home/airflow/.local/lib/python3.7/site-packages/airflow/example_dags/example_dag_decorator.py took 1.435 seconds
[2022-07-12 18:13:22,446] {processor.py:153} INFO - Started process (PID=628) to work on /home/airflow/.local/lib/python3.7/site-packages/airflow/example_dags/example_dag_decorator.py
[2022-07-12 18:13:22,451] {processor.py:641} INFO - Processing file /home/airflow/.local/lib/python3.7/site-packages/airflow/example_dags/example_dag_decorator.py for tasks to queue
[2022-07-12 18:13:22,458] {logging_mixin.py:115} INFO - [2022-07-12 18:13:22,458] {dagbag.py:507} INFO - Filling up the DagBag from /home/airflow/.local/lib/python3.7/site-packages/airflow/example_dags/example_dag_decorator.py
[2022-07-12 18:13:22,550] {processor.py:651} INFO - DAG(s) dict_keys(['example_dag_decorator']) retrieved from /home/airflow/.local/lib/python3.7/site-packages/airflow/example_dags/example_dag_decorator.py
[2022-07-12 18:13:22,997] {logging_mixin.py:115} INFO - [2022-07-12 18:13:22,997] {dag.py:2371} INFO - Sync 1 DAGs
[2022-07-12 18:13:23,017] {logging_mixin.py:115} INFO - [2022-07-12 18:13:23,017] {dag.py:2919} INFO - Setting next_dagrun for example_dag_decorator to None, run_after=None
[2022-07-12 18:13:23,038] {processor.py:161} INFO - Processing /home/airflow/.local/lib/python3.7/site-packages/airflow/example_dags/example_dag_decorator.py took 0.606 seconds
[2022-07-12 18:13:53,386] {processor.py:153} INFO - Started process (PID=680) to work on /home/airflow/.local/lib/python3.7/site-packages/airflow/example_dags/example_dag_decorator.py
[2022-07-12 18:13:53,391] {processor.py:641} INFO - Processing file /home/airflow/.local/lib/python3.7/site-packages/airflow/example_dags/example_dag_decorator.py for tasks to queue
[2022-07-12 18:13:53,393] {logging_mixin.py:115} INFO - [2022-07-12 18:13:53,393] {dagbag.py:507} INFO - Filling up the DagBag from /home/airflow/.local/lib/python3.7/site-packages/airflow/example_dags/example_dag_decorator.py
[2022-07-12 18:13:53,476] {processor.py:651} INFO - DAG(s) dict_keys(['example_dag_decorator']) retrieved from /home/airflow/.local/lib/python3.7/site-packages/airflow/example_dags/example_dag_decorator.py
[2022-07-12 18:13:53,979] {logging_mixin.py:115} INFO - [2022-07-12 18:13:53,978] {dag.py:2371} INFO - Sync 1 DAGs
[2022-07-12 18:13:54,004] {logging_mixin.py:115} INFO - [2022-07-12 18:13:54,004] {dag.py:2919} INFO - Setting next_dagrun for example_dag_decorator to None, run_after=None
[2022-07-12 18:13:54,030] {processor.py:161} INFO - Processing /home/airflow/.local/lib/python3.7/site-packages/airflow/example_dags/example_dag_decorator.py took 0.652 seconds
[2022-07-12 18:14:25,551] {processor.py:153} INFO - Started process (PID=740) to work on /home/airflow/.local/lib/python3.7/site-packages/airflow/example_dags/example_dag_decorator.py
[2022-07-12 18:14:25,556] {processor.py:641} INFO - Processing file /home/airflow/.local/lib/python3.7/site-packages/airflow/example_dags/example_dag_decorator.py for tasks to queue
[2022-07-12 18:14:25,564] {logging_mixin.py:115} INFO - [2022-07-12 18:14:25,564] {dagbag.py:507} INFO - Filling up the DagBag from /home/airflow/.local/lib/python3.7/site-packages/airflow/example_dags/example_dag_decorator.py
[2022-07-12 18:14:25,752] {processor.py:651} INFO - DAG(s) dict_keys(['example_dag_decorator']) retrieved from /home/airflow/.local/lib/python3.7/site-packages/airflow/example_dags/example_dag_decorator.py
[2022-07-12 18:14:33,334] {logging_mixin.py:115} INFO - [2022-07-12 18:14:33,334] {dag.py:2371} INFO - Sync 1 DAGs
[2022-07-12 18:14:33,427] {logging_mixin.py:115} INFO - [2022-07-12 18:14:33,422] {dag.py:2919} INFO - Setting next_dagrun for example_dag_decorator to None, run_after=None
[2022-07-12 18:14:33,529] {processor.py:161} INFO - Processing /home/airflow/.local/lib/python3.7/site-packages/airflow/example_dags/example_dag_decorator.py took 8.008 seconds
[2022-07-12 18:15:10,253] {processor.py:153} INFO - Started process (PID=779) to work on /home/airflow/.local/lib/python3.7/site-packages/airflow/example_dags/example_dag_decorator.py
[2022-07-12 18:15:10,255] {processor.py:641} INFO - Processing file /home/airflow/.local/lib/python3.7/site-packages/airflow/example_dags/example_dag_decorator.py for tasks to queue
[2022-07-12 18:15:10,258] {logging_mixin.py:115} INFO - [2022-07-12 18:15:10,258] {dagbag.py:507} INFO - Filling up the DagBag from /home/airflow/.local/lib/python3.7/site-packages/airflow/example_dags/example_dag_decorator.py
[2022-07-12 18:15:10,304] {processor.py:651} INFO - DAG(s) dict_keys(['example_dag_decorator']) retrieved from /home/airflow/.local/lib/python3.7/site-packages/airflow/example_dags/example_dag_decorator.py
[2022-07-12 18:15:11,001] {logging_mixin.py:115} INFO - [2022-07-12 18:15:11,000] {dag.py:2371} INFO - Sync 1 DAGs
[2022-07-12 18:15:11,048] {logging_mixin.py:115} INFO - [2022-07-12 18:15:11,048] {dag.py:2919} INFO - Setting next_dagrun for example_dag_decorator to None, run_after=None
[2022-07-12 18:15:11,086] {processor.py:161} INFO - Processing /home/airflow/.local/lib/python3.7/site-packages/airflow/example_dags/example_dag_decorator.py took 0.842 seconds
[2022-07-12 18:15:42,665] {processor.py:153} INFO - Started process (PID=830) to work on /home/airflow/.local/lib/python3.7/site-packages/airflow/example_dags/example_dag_decorator.py
[2022-07-12 18:15:42,669] {processor.py:641} INFO - Processing file /home/airflow/.local/lib/python3.7/site-packages/airflow/example_dags/example_dag_decorator.py for tasks to queue
[2022-07-12 18:15:42,672] {logging_mixin.py:115} INFO - [2022-07-12 18:15:42,672] {dagbag.py:507} INFO - Filling up the DagBag from /home/airflow/.local/lib/python3.7/site-packages/airflow/example_dags/example_dag_decorator.py
[2022-07-12 18:15:42,885] {processor.py:651} INFO - DAG(s) dict_keys(['example_dag_decorator']) retrieved from /home/airflow/.local/lib/python3.7/site-packages/airflow/example_dags/example_dag_decorator.py
[2022-07-12 18:15:44,154] {logging_mixin.py:115} INFO - [2022-07-12 18:15:44,152] {dag.py:2371} INFO - Sync 1 DAGs
[2022-07-12 18:15:44,249] {logging_mixin.py:115} INFO - [2022-07-12 18:15:44,248] {dag.py:2919} INFO - Setting next_dagrun for example_dag_decorator to None, run_after=None
[2022-07-12 18:15:44,323] {processor.py:161} INFO - Processing /home/airflow/.local/lib/python3.7/site-packages/airflow/example_dags/example_dag_decorator.py took 1.664 seconds
[2022-07-12 18:16:26,408] {processor.py:153} INFO - Started process (PID=877) to work on /home/airflow/.local/lib/python3.7/site-packages/airflow/example_dags/example_dag_decorator.py
[2022-07-12 18:16:26,432] {processor.py:641} INFO - Processing file /home/airflow/.local/lib/python3.7/site-packages/airflow/example_dags/example_dag_decorator.py for tasks to queue
[2022-07-12 18:16:26,448] {logging_mixin.py:115} INFO - [2022-07-12 18:16:26,441] {dagbag.py:507} INFO - Filling up the DagBag from /home/airflow/.local/lib/python3.7/site-packages/airflow/example_dags/example_dag_decorator.py
[2022-07-12 18:16:26,686] {processor.py:651} INFO - DAG(s) dict_keys(['example_dag_decorator']) retrieved from /home/airflow/.local/lib/python3.7/site-packages/airflow/example_dags/example_dag_decorator.py
[2022-07-12 18:16:37,098] {logging_mixin.py:115} INFO - [2022-07-12 18:16:37,095] {dag.py:2371} INFO - Sync 1 DAGs
[2022-07-12 18:16:37,332] {logging_mixin.py:115} INFO - [2022-07-12 18:16:37,332] {dag.py:2919} INFO - Setting next_dagrun for example_dag_decorator to None, run_after=None
[2022-07-12 18:16:37,481] {processor.py:161} INFO - Processing /home/airflow/.local/lib/python3.7/site-packages/airflow/example_dags/example_dag_decorator.py took 11.074 seconds
[2022-07-12 18:17:08,333] {processor.py:153} INFO - Started process (PID=928) to work on /home/airflow/.local/lib/python3.7/site-packages/airflow/example_dags/example_dag_decorator.py
[2022-07-12 18:17:08,338] {processor.py:641} INFO - Processing file /home/airflow/.local/lib/python3.7/site-packages/airflow/example_dags/example_dag_decorator.py for tasks to queue
[2022-07-12 18:17:08,343] {logging_mixin.py:115} INFO - [2022-07-12 18:17:08,342] {dagbag.py:507} INFO - Filling up the DagBag from /home/airflow/.local/lib/python3.7/site-packages/airflow/example_dags/example_dag_decorator.py
[2022-07-12 18:17:08,457] {processor.py:651} INFO - DAG(s) dict_keys(['example_dag_decorator']) retrieved from /home/airflow/.local/lib/python3.7/site-packages/airflow/example_dags/example_dag_decorator.py
[2022-07-12 18:17:09,293] {logging_mixin.py:115} INFO - [2022-07-12 18:17:09,292] {dag.py:2371} INFO - Sync 1 DAGs
[2022-07-12 18:17:09,336] {logging_mixin.py:115} INFO - [2022-07-12 18:17:09,336] {dag.py:2919} INFO - Setting next_dagrun for example_dag_decorator to None, run_after=None
[2022-07-12 18:17:09,386] {processor.py:161} INFO - Processing /home/airflow/.local/lib/python3.7/site-packages/airflow/example_dags/example_dag_decorator.py took 1.064 seconds
[2022-07-12 18:17:39,755] {processor.py:153} INFO - Started process (PID=980) to work on /home/airflow/.local/lib/python3.7/site-packages/airflow/example_dags/example_dag_decorator.py
[2022-07-12 18:17:39,761] {processor.py:641} INFO - Processing file /home/airflow/.local/lib/python3.7/site-packages/airflow/example_dags/example_dag_decorator.py for tasks to queue
[2022-07-12 18:17:39,765] {logging_mixin.py:115} INFO - [2022-07-12 18:17:39,764] {dagbag.py:507} INFO - Filling up the DagBag from /home/airflow/.local/lib/python3.7/site-packages/airflow/example_dags/example_dag_decorator.py
[2022-07-12 18:17:39,864] {processor.py:651} INFO - DAG(s) dict_keys(['example_dag_decorator']) retrieved from /home/airflow/.local/lib/python3.7/site-packages/airflow/example_dags/example_dag_decorator.py
[2022-07-12 18:17:40,512] {logging_mixin.py:115} INFO - [2022-07-12 18:17:40,511] {dag.py:2371} INFO - Sync 1 DAGs
[2022-07-12 18:17:40,580] {logging_mixin.py:115} INFO - [2022-07-12 18:17:40,579] {dag.py:2919} INFO - Setting next_dagrun for example_dag_decorator to None, run_after=None
[2022-07-12 18:17:40,624] {processor.py:161} INFO - Processing /home/airflow/.local/lib/python3.7/site-packages/airflow/example_dags/example_dag_decorator.py took 0.894 seconds
[2022-07-12 18:18:10,906] {processor.py:153} INFO - Started process (PID=1041) to work on /home/airflow/.local/lib/python3.7/site-packages/airflow/example_dags/example_dag_decorator.py
[2022-07-12 18:18:10,910] {processor.py:641} INFO - Processing file /home/airflow/.local/lib/python3.7/site-packages/airflow/example_dags/example_dag_decorator.py for tasks to queue
[2022-07-12 18:18:10,912] {logging_mixin.py:115} INFO - [2022-07-12 18:18:10,912] {dagbag.py:507} INFO - Filling up the DagBag from /home/airflow/.local/lib/python3.7/site-packages/airflow/example_dags/example_dag_decorator.py
[2022-07-12 18:18:11,019] {processor.py:651} INFO - DAG(s) dict_keys(['example_dag_decorator']) retrieved from /home/airflow/.local/lib/python3.7/site-packages/airflow/example_dags/example_dag_decorator.py
[2022-07-12 18:18:11,615] {logging_mixin.py:115} INFO - [2022-07-12 18:18:11,615] {dag.py:2371} INFO - Sync 1 DAGs
[2022-07-12 18:18:11,640] {logging_mixin.py:115} INFO - [2022-07-12 18:18:11,640] {dag.py:2919} INFO - Setting next_dagrun for example_dag_decorator to None, run_after=None
[2022-07-12 18:18:11,652] {processor.py:161} INFO - Processing /home/airflow/.local/lib/python3.7/site-packages/airflow/example_dags/example_dag_decorator.py took 0.767 seconds
[2022-07-12 18:18:42,014] {processor.py:153} INFO - Started process (PID=1093) to work on /home/airflow/.local/lib/python3.7/site-packages/airflow/example_dags/example_dag_decorator.py
[2022-07-12 18:18:42,019] {processor.py:641} INFO - Processing file /home/airflow/.local/lib/python3.7/site-packages/airflow/example_dags/example_dag_decorator.py for tasks to queue
[2022-07-12 18:18:42,022] {logging_mixin.py:115} INFO - [2022-07-12 18:18:42,022] {dagbag.py:507} INFO - Filling up the DagBag from /home/airflow/.local/lib/python3.7/site-packages/airflow/example_dags/example_dag_decorator.py
[2022-07-12 18:18:42,195] {processor.py:651} INFO - DAG(s) dict_keys(['example_dag_decorator']) retrieved from /home/airflow/.local/lib/python3.7/site-packages/airflow/example_dags/example_dag_decorator.py
[2022-07-12 18:18:42,742] {logging_mixin.py:115} INFO - [2022-07-12 18:18:42,741] {dag.py:2371} INFO - Sync 1 DAGs
[2022-07-12 18:18:42,764] {logging_mixin.py:115} INFO - [2022-07-12 18:18:42,764] {dag.py:2919} INFO - Setting next_dagrun for example_dag_decorator to None, run_after=None
[2022-07-12 18:18:42,785] {processor.py:161} INFO - Processing /home/airflow/.local/lib/python3.7/site-packages/airflow/example_dags/example_dag_decorator.py took 0.813 seconds
[2022-07-12 18:19:13,239] {processor.py:153} INFO - Started process (PID=1145) to work on /home/airflow/.local/lib/python3.7/site-packages/airflow/example_dags/example_dag_decorator.py
[2022-07-12 18:19:13,248] {processor.py:641} INFO - Processing file /home/airflow/.local/lib/python3.7/site-packages/airflow/example_dags/example_dag_decorator.py for tasks to queue
[2022-07-12 18:19:13,255] {logging_mixin.py:115} INFO - [2022-07-12 18:19:13,255] {dagbag.py:507} INFO - Filling up the DagBag from /home/airflow/.local/lib/python3.7/site-packages/airflow/example_dags/example_dag_decorator.py
[2022-07-12 18:19:13,423] {processor.py:651} INFO - DAG(s) dict_keys(['example_dag_decorator']) retrieved from /home/airflow/.local/lib/python3.7/site-packages/airflow/example_dags/example_dag_decorator.py
[2022-07-12 18:19:14,364] {logging_mixin.py:115} INFO - [2022-07-12 18:19:14,364] {dag.py:2371} INFO - Sync 1 DAGs
[2022-07-12 18:19:14,418] {logging_mixin.py:115} INFO - [2022-07-12 18:19:14,418] {dag.py:2919} INFO - Setting next_dagrun for example_dag_decorator to None, run_after=None
[2022-07-12 18:19:14,444] {processor.py:161} INFO - Processing /home/airflow/.local/lib/python3.7/site-packages/airflow/example_dags/example_dag_decorator.py took 1.236 seconds
[2022-07-12 18:19:44,627] {processor.py:153} INFO - Started process (PID=1207) to work on /home/airflow/.local/lib/python3.7/site-packages/airflow/example_dags/example_dag_decorator.py
[2022-07-12 18:19:44,637] {processor.py:641} INFO - Processing file /home/airflow/.local/lib/python3.7/site-packages/airflow/example_dags/example_dag_decorator.py for tasks to queue
[2022-07-12 18:19:44,644] {logging_mixin.py:115} INFO - [2022-07-12 18:19:44,644] {dagbag.py:507} INFO - Filling up the DagBag from /home/airflow/.local/lib/python3.7/site-packages/airflow/example_dags/example_dag_decorator.py
[2022-07-12 18:19:44,773] {processor.py:651} INFO - DAG(s) dict_keys(['example_dag_decorator']) retrieved from /home/airflow/.local/lib/python3.7/site-packages/airflow/example_dags/example_dag_decorator.py
[2022-07-12 18:19:45,230] {logging_mixin.py:115} INFO - [2022-07-12 18:19:45,230] {dag.py:2371} INFO - Sync 1 DAGs
[2022-07-12 18:19:45,290] {logging_mixin.py:115} INFO - [2022-07-12 18:19:45,290] {dag.py:2919} INFO - Setting next_dagrun for example_dag_decorator to None, run_after=None
[2022-07-12 18:19:45,308] {processor.py:161} INFO - Processing /home/airflow/.local/lib/python3.7/site-packages/airflow/example_dags/example_dag_decorator.py took 0.691 seconds
[2022-07-12 18:20:15,436] {processor.py:153} INFO - Started process (PID=1258) to work on /home/airflow/.local/lib/python3.7/site-packages/airflow/example_dags/example_dag_decorator.py
[2022-07-12 18:20:15,438] {processor.py:641} INFO - Processing file /home/airflow/.local/lib/python3.7/site-packages/airflow/example_dags/example_dag_decorator.py for tasks to queue
[2022-07-12 18:20:15,444] {logging_mixin.py:115} INFO - [2022-07-12 18:20:15,444] {dagbag.py:507} INFO - Filling up the DagBag from /home/airflow/.local/lib/python3.7/site-packages/airflow/example_dags/example_dag_decorator.py
[2022-07-12 18:20:15,553] {processor.py:651} INFO - DAG(s) dict_keys(['example_dag_decorator']) retrieved from /home/airflow/.local/lib/python3.7/site-packages/airflow/example_dags/example_dag_decorator.py
[2022-07-12 18:20:16,118] {logging_mixin.py:115} INFO - [2022-07-12 18:20:16,118] {dag.py:2371} INFO - Sync 1 DAGs
[2022-07-12 18:20:16,144] {logging_mixin.py:115} INFO - [2022-07-12 18:20:16,144] {dag.py:2919} INFO - Setting next_dagrun for example_dag_decorator to None, run_after=None
[2022-07-12 18:20:16,166] {processor.py:161} INFO - Processing /home/airflow/.local/lib/python3.7/site-packages/airflow/example_dags/example_dag_decorator.py took 0.742 seconds
[2022-07-12 18:20:46,252] {processor.py:153} INFO - Started process (PID=1320) to work on /home/airflow/.local/lib/python3.7/site-packages/airflow/example_dags/example_dag_decorator.py
[2022-07-12 18:20:46,255] {processor.py:641} INFO - Processing file /home/airflow/.local/lib/python3.7/site-packages/airflow/example_dags/example_dag_decorator.py for tasks to queue
[2022-07-12 18:20:46,257] {logging_mixin.py:115} INFO - [2022-07-12 18:20:46,256] {dagbag.py:507} INFO - Filling up the DagBag from /home/airflow/.local/lib/python3.7/site-packages/airflow/example_dags/example_dag_decorator.py
[2022-07-12 18:20:46,326] {processor.py:651} INFO - DAG(s) dict_keys(['example_dag_decorator']) retrieved from /home/airflow/.local/lib/python3.7/site-packages/airflow/example_dags/example_dag_decorator.py
[2022-07-12 18:20:47,096] {logging_mixin.py:115} INFO - [2022-07-12 18:20:47,096] {dag.py:2371} INFO - Sync 1 DAGs
[2022-07-12 18:20:47,129] {logging_mixin.py:115} INFO - [2022-07-12 18:20:47,129] {dag.py:2919} INFO - Setting next_dagrun for example_dag_decorator to None, run_after=None
[2022-07-12 18:20:47,161] {processor.py:161} INFO - Processing /home/airflow/.local/lib/python3.7/site-packages/airflow/example_dags/example_dag_decorator.py took 0.914 seconds
[2022-07-12 18:21:17,449] {processor.py:153} INFO - Started process (PID=1372) to work on /home/airflow/.local/lib/python3.7/site-packages/airflow/example_dags/example_dag_decorator.py
[2022-07-12 18:21:17,452] {processor.py:641} INFO - Processing file /home/airflow/.local/lib/python3.7/site-packages/airflow/example_dags/example_dag_decorator.py for tasks to queue
[2022-07-12 18:21:17,454] {logging_mixin.py:115} INFO - [2022-07-12 18:21:17,454] {dagbag.py:507} INFO - Filling up the DagBag from /home/airflow/.local/lib/python3.7/site-packages/airflow/example_dags/example_dag_decorator.py
[2022-07-12 18:21:17,512] {processor.py:651} INFO - DAG(s) dict_keys(['example_dag_decorator']) retrieved from /home/airflow/.local/lib/python3.7/site-packages/airflow/example_dags/example_dag_decorator.py
[2022-07-12 18:21:18,174] {logging_mixin.py:115} INFO - [2022-07-12 18:21:18,174] {dag.py:2371} INFO - Sync 1 DAGs
[2022-07-12 18:21:18,214] {logging_mixin.py:115} INFO - [2022-07-12 18:21:18,213] {dag.py:2919} INFO - Setting next_dagrun for example_dag_decorator to None, run_after=None
[2022-07-12 18:21:18,237] {processor.py:161} INFO - Processing /home/airflow/.local/lib/python3.7/site-packages/airflow/example_dags/example_dag_decorator.py took 0.793 seconds
[2022-07-12 18:24:56,352] {processor.py:153} INFO - Started process (PID=42) to work on /home/airflow/.local/lib/python3.7/site-packages/airflow/example_dags/example_dag_decorator.py
[2022-07-12 18:24:56,392] {processor.py:641} INFO - Processing file /home/airflow/.local/lib/python3.7/site-packages/airflow/example_dags/example_dag_decorator.py for tasks to queue
[2022-07-12 18:24:56,463] {logging_mixin.py:115} INFO - [2022-07-12 18:24:56,462] {dagbag.py:507} INFO - Filling up the DagBag from /home/airflow/.local/lib/python3.7/site-packages/airflow/example_dags/example_dag_decorator.py
[2022-07-12 18:24:56,830] {processor.py:651} INFO - DAG(s) dict_keys(['example_dag_decorator']) retrieved from /home/airflow/.local/lib/python3.7/site-packages/airflow/example_dags/example_dag_decorator.py
[2022-07-12 18:24:59,875] {logging_mixin.py:115} INFO - [2022-07-12 18:24:59,875] {manager.py:508} INFO - Created Permission View: can read on DAG:example_dag_decorator
[2022-07-12 18:24:59,901] {logging_mixin.py:115} INFO - [2022-07-12 18:24:59,901] {manager.py:508} INFO - Created Permission View: can edit on DAG:example_dag_decorator
[2022-07-12 18:24:59,923] {logging_mixin.py:115} INFO - [2022-07-12 18:24:59,923] {manager.py:508} INFO - Created Permission View: can delete on DAG:example_dag_decorator
[2022-07-12 18:24:59,925] {logging_mixin.py:115} INFO - [2022-07-12 18:24:59,925] {dag.py:2371} INFO - Sync 1 DAGs
[2022-07-12 18:24:59,987] {logging_mixin.py:115} INFO - [2022-07-12 18:24:59,987] {dag.py:2390} INFO - Creating ORM DAG for example_dag_decorator
[2022-07-12 18:25:00,064] {logging_mixin.py:115} INFO - [2022-07-12 18:25:00,064] {dag.py:2919} INFO - Setting next_dagrun for example_dag_decorator to None, run_after=None
[2022-07-12 18:25:00,127] {processor.py:161} INFO - Processing /home/airflow/.local/lib/python3.7/site-packages/airflow/example_dags/example_dag_decorator.py took 3.794 seconds
[2022-07-12 18:25:36,813] {processor.py:153} INFO - Started process (PID=94) to work on /home/airflow/.local/lib/python3.7/site-packages/airflow/example_dags/example_dag_decorator.py
[2022-07-12 18:25:36,819] {processor.py:641} INFO - Processing file /home/airflow/.local/lib/python3.7/site-packages/airflow/example_dags/example_dag_decorator.py for tasks to queue
[2022-07-12 18:25:36,822] {logging_mixin.py:115} INFO - [2022-07-12 18:25:36,821] {dagbag.py:507} INFO - Filling up the DagBag from /home/airflow/.local/lib/python3.7/site-packages/airflow/example_dags/example_dag_decorator.py
[2022-07-12 18:25:36,872] {processor.py:651} INFO - DAG(s) dict_keys(['example_dag_decorator']) retrieved from /home/airflow/.local/lib/python3.7/site-packages/airflow/example_dags/example_dag_decorator.py
[2022-07-12 18:25:37,306] {logging_mixin.py:115} INFO - [2022-07-12 18:25:37,306] {dag.py:2371} INFO - Sync 1 DAGs
[2022-07-12 18:25:37,332] {logging_mixin.py:115} INFO - [2022-07-12 18:25:37,332] {dag.py:2919} INFO - Setting next_dagrun for example_dag_decorator to None, run_after=None
[2022-07-12 18:25:37,347] {processor.py:161} INFO - Processing /home/airflow/.local/lib/python3.7/site-packages/airflow/example_dags/example_dag_decorator.py took 0.542 seconds
[2022-07-12 18:26:08,362] {processor.py:153} INFO - Started process (PID=156) to work on /home/airflow/.local/lib/python3.7/site-packages/airflow/example_dags/example_dag_decorator.py
[2022-07-12 18:26:08,365] {processor.py:641} INFO - Processing file /home/airflow/.local/lib/python3.7/site-packages/airflow/example_dags/example_dag_decorator.py for tasks to queue
[2022-07-12 18:26:08,367] {logging_mixin.py:115} INFO - [2022-07-12 18:26:08,367] {dagbag.py:507} INFO - Filling up the DagBag from /home/airflow/.local/lib/python3.7/site-packages/airflow/example_dags/example_dag_decorator.py
[2022-07-12 18:26:08,451] {processor.py:651} INFO - DAG(s) dict_keys(['example_dag_decorator']) retrieved from /home/airflow/.local/lib/python3.7/site-packages/airflow/example_dags/example_dag_decorator.py
[2022-07-12 18:26:08,814] {logging_mixin.py:115} INFO - [2022-07-12 18:26:08,814] {dag.py:2371} INFO - Sync 1 DAGs
[2022-07-12 18:26:08,839] {logging_mixin.py:115} INFO - [2022-07-12 18:26:08,839] {dag.py:2919} INFO - Setting next_dagrun for example_dag_decorator to None, run_after=None
[2022-07-12 18:26:08,858] {processor.py:161} INFO - Processing /home/airflow/.local/lib/python3.7/site-packages/airflow/example_dags/example_dag_decorator.py took 0.513 seconds
[2022-07-12 18:26:38,963] {processor.py:153} INFO - Started process (PID=208) to work on /home/airflow/.local/lib/python3.7/site-packages/airflow/example_dags/example_dag_decorator.py
[2022-07-12 18:26:38,967] {processor.py:641} INFO - Processing file /home/airflow/.local/lib/python3.7/site-packages/airflow/example_dags/example_dag_decorator.py for tasks to queue
[2022-07-12 18:26:38,968] {logging_mixin.py:115} INFO - [2022-07-12 18:26:38,968] {dagbag.py:507} INFO - Filling up the DagBag from /home/airflow/.local/lib/python3.7/site-packages/airflow/example_dags/example_dag_decorator.py
[2022-07-12 18:26:39,015] {processor.py:651} INFO - DAG(s) dict_keys(['example_dag_decorator']) retrieved from /home/airflow/.local/lib/python3.7/site-packages/airflow/example_dags/example_dag_decorator.py
[2022-07-12 18:26:39,380] {logging_mixin.py:115} INFO - [2022-07-12 18:26:39,380] {dag.py:2371} INFO - Sync 1 DAGs
[2022-07-12 18:26:39,404] {logging_mixin.py:115} INFO - [2022-07-12 18:26:39,404] {dag.py:2919} INFO - Setting next_dagrun for example_dag_decorator to None, run_after=None
[2022-07-12 18:26:39,424] {processor.py:161} INFO - Processing /home/airflow/.local/lib/python3.7/site-packages/airflow/example_dags/example_dag_decorator.py took 0.465 seconds
[2022-07-12 18:29:11,464] {processor.py:153} INFO - Started process (PID=43) to work on /home/airflow/.local/lib/python3.7/site-packages/airflow/example_dags/example_dag_decorator.py
[2022-07-12 18:29:11,477] {processor.py:641} INFO - Processing file /home/airflow/.local/lib/python3.7/site-packages/airflow/example_dags/example_dag_decorator.py for tasks to queue
[2022-07-12 18:29:11,483] {logging_mixin.py:115} INFO - [2022-07-12 18:29:11,482] {dagbag.py:507} INFO - Filling up the DagBag from /home/airflow/.local/lib/python3.7/site-packages/airflow/example_dags/example_dag_decorator.py
[2022-07-12 18:29:11,752] {processor.py:651} INFO - DAG(s) dict_keys(['example_dag_decorator']) retrieved from /home/airflow/.local/lib/python3.7/site-packages/airflow/example_dags/example_dag_decorator.py
[2022-07-12 18:29:13,243] {logging_mixin.py:115} INFO - [2022-07-12 18:29:13,243] {dag.py:2371} INFO - Sync 1 DAGs
[2022-07-12 18:29:13,268] {logging_mixin.py:115} INFO - [2022-07-12 18:29:13,268] {dag.py:2919} INFO - Setting next_dagrun for example_dag_decorator to None, run_after=None
[2022-07-12 18:29:13,290] {processor.py:161} INFO - Processing /home/airflow/.local/lib/python3.7/site-packages/airflow/example_dags/example_dag_decorator.py took 1.849 seconds
[2022-07-12 18:29:43,773] {processor.py:153} INFO - Started process (PID=95) to work on /home/airflow/.local/lib/python3.7/site-packages/airflow/example_dags/example_dag_decorator.py
[2022-07-12 18:29:43,776] {processor.py:641} INFO - Processing file /home/airflow/.local/lib/python3.7/site-packages/airflow/example_dags/example_dag_decorator.py for tasks to queue
[2022-07-12 18:29:43,779] {logging_mixin.py:115} INFO - [2022-07-12 18:29:43,779] {dagbag.py:507} INFO - Filling up the DagBag from /home/airflow/.local/lib/python3.7/site-packages/airflow/example_dags/example_dag_decorator.py
[2022-07-12 18:29:43,821] {processor.py:651} INFO - DAG(s) dict_keys(['example_dag_decorator']) retrieved from /home/airflow/.local/lib/python3.7/site-packages/airflow/example_dags/example_dag_decorator.py
[2022-07-12 18:29:44,519] {logging_mixin.py:115} INFO - [2022-07-12 18:29:44,518] {dag.py:2371} INFO - Sync 1 DAGs
[2022-07-12 18:29:44,554] {logging_mixin.py:115} INFO - [2022-07-12 18:29:44,554] {dag.py:2919} INFO - Setting next_dagrun for example_dag_decorator to None, run_after=None
[2022-07-12 18:29:44,584] {processor.py:161} INFO - Processing /home/airflow/.local/lib/python3.7/site-packages/airflow/example_dags/example_dag_decorator.py took 0.820 seconds
[2022-07-12 18:30:15,138] {processor.py:153} INFO - Started process (PID=147) to work on /home/airflow/.local/lib/python3.7/site-packages/airflow/example_dags/example_dag_decorator.py
[2022-07-12 18:30:15,146] {processor.py:641} INFO - Processing file /home/airflow/.local/lib/python3.7/site-packages/airflow/example_dags/example_dag_decorator.py for tasks to queue
[2022-07-12 18:30:15,150] {logging_mixin.py:115} INFO - [2022-07-12 18:30:15,150] {dagbag.py:507} INFO - Filling up the DagBag from /home/airflow/.local/lib/python3.7/site-packages/airflow/example_dags/example_dag_decorator.py
[2022-07-12 18:30:15,237] {processor.py:651} INFO - DAG(s) dict_keys(['example_dag_decorator']) retrieved from /home/airflow/.local/lib/python3.7/site-packages/airflow/example_dags/example_dag_decorator.py
[2022-07-12 18:30:15,558] {logging_mixin.py:115} INFO - [2022-07-12 18:30:15,558] {dag.py:2371} INFO - Sync 1 DAGs
[2022-07-12 18:30:15,583] {logging_mixin.py:115} INFO - [2022-07-12 18:30:15,583] {dag.py:2919} INFO - Setting next_dagrun for example_dag_decorator to None, run_after=None
[2022-07-12 18:30:15,604] {processor.py:161} INFO - Processing /home/airflow/.local/lib/python3.7/site-packages/airflow/example_dags/example_dag_decorator.py took 0.484 seconds
[2022-07-12 18:30:45,771] {processor.py:153} INFO - Started process (PID=209) to work on /home/airflow/.local/lib/python3.7/site-packages/airflow/example_dags/example_dag_decorator.py
[2022-07-12 18:30:45,773] {processor.py:641} INFO - Processing file /home/airflow/.local/lib/python3.7/site-packages/airflow/example_dags/example_dag_decorator.py for tasks to queue
[2022-07-12 18:30:45,775] {logging_mixin.py:115} INFO - [2022-07-12 18:30:45,775] {dagbag.py:507} INFO - Filling up the DagBag from /home/airflow/.local/lib/python3.7/site-packages/airflow/example_dags/example_dag_decorator.py
[2022-07-12 18:30:45,817] {processor.py:651} INFO - DAG(s) dict_keys(['example_dag_decorator']) retrieved from /home/airflow/.local/lib/python3.7/site-packages/airflow/example_dags/example_dag_decorator.py
[2022-07-12 18:30:46,125] {logging_mixin.py:115} INFO - [2022-07-12 18:30:46,125] {dag.py:2371} INFO - Sync 1 DAGs
[2022-07-12 18:30:46,140] {logging_mixin.py:115} INFO - [2022-07-12 18:30:46,140] {dag.py:2919} INFO - Setting next_dagrun for example_dag_decorator to None, run_after=None
[2022-07-12 18:30:46,153] {processor.py:161} INFO - Processing /home/airflow/.local/lib/python3.7/site-packages/airflow/example_dags/example_dag_decorator.py took 0.386 seconds
[2022-07-12 18:31:16,242] {processor.py:153} INFO - Started process (PID=272) to work on /home/airflow/.local/lib/python3.7/site-packages/airflow/example_dags/example_dag_decorator.py
[2022-07-12 18:31:16,245] {processor.py:641} INFO - Processing file /home/airflow/.local/lib/python3.7/site-packages/airflow/example_dags/example_dag_decorator.py for tasks to queue
[2022-07-12 18:31:16,249] {logging_mixin.py:115} INFO - [2022-07-12 18:31:16,249] {dagbag.py:507} INFO - Filling up the DagBag from /home/airflow/.local/lib/python3.7/site-packages/airflow/example_dags/example_dag_decorator.py
[2022-07-12 18:31:16,301] {processor.py:651} INFO - DAG(s) dict_keys(['example_dag_decorator']) retrieved from /home/airflow/.local/lib/python3.7/site-packages/airflow/example_dags/example_dag_decorator.py
[2022-07-12 18:31:16,633] {logging_mixin.py:115} INFO - [2022-07-12 18:31:16,632] {dag.py:2371} INFO - Sync 1 DAGs
[2022-07-12 18:31:16,651] {logging_mixin.py:115} INFO - [2022-07-12 18:31:16,651] {dag.py:2919} INFO - Setting next_dagrun for example_dag_decorator to None, run_after=None
[2022-07-12 18:31:16,663] {processor.py:161} INFO - Processing /home/airflow/.local/lib/python3.7/site-packages/airflow/example_dags/example_dag_decorator.py took 0.432 seconds
