[2022-07-12 18:08:32,949] {processor.py:153} INFO - Started process (PID=121) to work on /home/airflow/.local/lib/python3.7/site-packages/airflow/example_dags/example_xcom.py
[2022-07-12 18:08:32,951] {processor.py:641} INFO - Processing file /home/airflow/.local/lib/python3.7/site-packages/airflow/example_dags/example_xcom.py for tasks to queue
[2022-07-12 18:08:32,952] {logging_mixin.py:115} INFO - [2022-07-12 18:08:32,952] {dagbag.py:507} INFO - Filling up the DagBag from /home/airflow/.local/lib/python3.7/site-packages/airflow/example_dags/example_xcom.py
[2022-07-12 18:08:32,981] {processor.py:651} INFO - DAG(s) dict_keys(['example_xcom']) retrieved from /home/airflow/.local/lib/python3.7/site-packages/airflow/example_dags/example_xcom.py
[2022-07-12 18:08:33,336] {logging_mixin.py:115} INFO - [2022-07-12 18:08:33,336] {manager.py:508} INFO - Created Permission View: can read on DAG:example_xcom
[2022-07-12 18:08:33,346] {logging_mixin.py:115} INFO - [2022-07-12 18:08:33,346] {manager.py:508} INFO - Created Permission View: can delete on DAG:example_xcom
[2022-07-12 18:08:33,351] {logging_mixin.py:115} INFO - [2022-07-12 18:08:33,351] {manager.py:508} INFO - Created Permission View: can edit on DAG:example_xcom
[2022-07-12 18:08:33,354] {logging_mixin.py:115} INFO - [2022-07-12 18:08:33,354] {dag.py:2371} INFO - Sync 1 DAGs
[2022-07-12 18:08:33,366] {logging_mixin.py:115} INFO - [2022-07-12 18:08:33,366] {dag.py:2390} INFO - Creating ORM DAG for example_xcom
[2022-07-12 18:08:33,380] {logging_mixin.py:115} INFO - [2022-07-12 18:08:33,380] {dag.py:2919} INFO - Setting next_dagrun for example_xcom to 2021-01-01T00:00:00+00:00, run_after=2021-01-01T00:00:00+00:00
[2022-07-12 18:08:33,397] {processor.py:161} INFO - Processing /home/airflow/.local/lib/python3.7/site-packages/airflow/example_dags/example_xcom.py took 0.451 seconds
[2022-07-12 18:09:04,536] {processor.py:153} INFO - Started process (PID=181) to work on /home/airflow/.local/lib/python3.7/site-packages/airflow/example_dags/example_xcom.py
[2022-07-12 18:09:04,538] {processor.py:641} INFO - Processing file /home/airflow/.local/lib/python3.7/site-packages/airflow/example_dags/example_xcom.py for tasks to queue
[2022-07-12 18:09:04,539] {logging_mixin.py:115} INFO - [2022-07-12 18:09:04,539] {dagbag.py:507} INFO - Filling up the DagBag from /home/airflow/.local/lib/python3.7/site-packages/airflow/example_dags/example_xcom.py
[2022-07-12 18:09:04,555] {processor.py:651} INFO - DAG(s) dict_keys(['example_xcom']) retrieved from /home/airflow/.local/lib/python3.7/site-packages/airflow/example_dags/example_xcom.py
[2022-07-12 18:09:04,736] {logging_mixin.py:115} INFO - [2022-07-12 18:09:04,735] {dag.py:2371} INFO - Sync 1 DAGs
[2022-07-12 18:09:04,748] {logging_mixin.py:115} INFO - [2022-07-12 18:09:04,748] {dag.py:2919} INFO - Setting next_dagrun for example_xcom to 2021-01-01T00:00:00+00:00, run_after=2021-01-01T00:00:00+00:00
[2022-07-12 18:09:04,756] {processor.py:161} INFO - Processing /home/airflow/.local/lib/python3.7/site-packages/airflow/example_dags/example_xcom.py took 0.222 seconds
[2022-07-12 18:09:36,244] {processor.py:153} INFO - Started process (PID=242) to work on /home/airflow/.local/lib/python3.7/site-packages/airflow/example_dags/example_xcom.py
[2022-07-12 18:09:36,246] {processor.py:641} INFO - Processing file /home/airflow/.local/lib/python3.7/site-packages/airflow/example_dags/example_xcom.py for tasks to queue
[2022-07-12 18:09:36,247] {logging_mixin.py:115} INFO - [2022-07-12 18:09:36,247] {dagbag.py:507} INFO - Filling up the DagBag from /home/airflow/.local/lib/python3.7/site-packages/airflow/example_dags/example_xcom.py
[2022-07-12 18:09:36,260] {processor.py:651} INFO - DAG(s) dict_keys(['example_xcom']) retrieved from /home/airflow/.local/lib/python3.7/site-packages/airflow/example_dags/example_xcom.py
[2022-07-12 18:09:36,776] {logging_mixin.py:115} INFO - [2022-07-12 18:09:36,775] {dag.py:2371} INFO - Sync 1 DAGs
[2022-07-12 18:09:36,812] {logging_mixin.py:115} INFO - [2022-07-12 18:09:36,812] {dag.py:2919} INFO - Setting next_dagrun for example_xcom to 2021-01-01T00:00:00+00:00, run_after=2021-01-01T00:00:00+00:00
[2022-07-12 18:09:36,854] {processor.py:161} INFO - Processing /home/airflow/.local/lib/python3.7/site-packages/airflow/example_dags/example_xcom.py took 0.612 seconds
[2022-07-12 18:10:19,789] {processor.py:153} INFO - Started process (PID=306) to work on /home/airflow/.local/lib/python3.7/site-packages/airflow/example_dags/example_xcom.py
[2022-07-12 18:10:19,793] {processor.py:641} INFO - Processing file /home/airflow/.local/lib/python3.7/site-packages/airflow/example_dags/example_xcom.py for tasks to queue
[2022-07-12 18:10:19,796] {logging_mixin.py:115} INFO - [2022-07-12 18:10:19,795] {dagbag.py:507} INFO - Filling up the DagBag from /home/airflow/.local/lib/python3.7/site-packages/airflow/example_dags/example_xcom.py
[2022-07-12 18:10:19,830] {processor.py:651} INFO - DAG(s) dict_keys(['example_xcom']) retrieved from /home/airflow/.local/lib/python3.7/site-packages/airflow/example_dags/example_xcom.py
[2022-07-12 18:10:20,354] {logging_mixin.py:115} INFO - [2022-07-12 18:10:20,354] {dag.py:2371} INFO - Sync 1 DAGs
[2022-07-12 18:10:20,378] {logging_mixin.py:115} INFO - [2022-07-12 18:10:20,378] {dag.py:2919} INFO - Setting next_dagrun for example_xcom to 2021-01-01T00:00:00+00:00, run_after=2021-01-01T00:00:00+00:00
[2022-07-12 18:10:20,410] {processor.py:161} INFO - Processing /home/airflow/.local/lib/python3.7/site-packages/airflow/example_dags/example_xcom.py took 0.626 seconds
[2022-07-12 18:10:51,374] {processor.py:153} INFO - Started process (PID=358) to work on /home/airflow/.local/lib/python3.7/site-packages/airflow/example_dags/example_xcom.py
[2022-07-12 18:10:51,376] {processor.py:641} INFO - Processing file /home/airflow/.local/lib/python3.7/site-packages/airflow/example_dags/example_xcom.py for tasks to queue
[2022-07-12 18:10:51,377] {logging_mixin.py:115} INFO - [2022-07-12 18:10:51,377] {dagbag.py:507} INFO - Filling up the DagBag from /home/airflow/.local/lib/python3.7/site-packages/airflow/example_dags/example_xcom.py
[2022-07-12 18:10:51,392] {processor.py:651} INFO - DAG(s) dict_keys(['example_xcom']) retrieved from /home/airflow/.local/lib/python3.7/site-packages/airflow/example_dags/example_xcom.py
[2022-07-12 18:10:51,658] {logging_mixin.py:115} INFO - [2022-07-12 18:10:51,658] {dag.py:2371} INFO - Sync 1 DAGs
[2022-07-12 18:10:51,674] {logging_mixin.py:115} INFO - [2022-07-12 18:10:51,674] {dag.py:2919} INFO - Setting next_dagrun for example_xcom to 2021-01-01T00:00:00+00:00, run_after=2021-01-01T00:00:00+00:00
[2022-07-12 18:10:51,684] {processor.py:161} INFO - Processing /home/airflow/.local/lib/python3.7/site-packages/airflow/example_dags/example_xcom.py took 0.313 seconds
[2022-07-12 18:11:22,639] {processor.py:153} INFO - Started process (PID=419) to work on /home/airflow/.local/lib/python3.7/site-packages/airflow/example_dags/example_xcom.py
[2022-07-12 18:11:22,725] {processor.py:641} INFO - Processing file /home/airflow/.local/lib/python3.7/site-packages/airflow/example_dags/example_xcom.py for tasks to queue
[2022-07-12 18:11:22,740] {logging_mixin.py:115} INFO - [2022-07-12 18:11:22,740] {dagbag.py:507} INFO - Filling up the DagBag from /home/airflow/.local/lib/python3.7/site-packages/airflow/example_dags/example_xcom.py
[2022-07-12 18:11:22,818] {processor.py:651} INFO - DAG(s) dict_keys(['example_xcom']) retrieved from /home/airflow/.local/lib/python3.7/site-packages/airflow/example_dags/example_xcom.py
[2022-07-12 18:11:23,957] {logging_mixin.py:115} INFO - [2022-07-12 18:11:23,956] {dag.py:2371} INFO - Sync 1 DAGs
[2022-07-12 18:11:24,031] {logging_mixin.py:115} INFO - [2022-07-12 18:11:24,030] {dag.py:2919} INFO - Setting next_dagrun for example_xcom to 2021-01-01T00:00:00+00:00, run_after=2021-01-01T00:00:00+00:00
[2022-07-12 18:11:24,084] {processor.py:161} INFO - Processing /home/airflow/.local/lib/python3.7/site-packages/airflow/example_dags/example_xcom.py took 1.449 seconds
[2022-07-12 18:11:55,643] {processor.py:153} INFO - Started process (PID=481) to work on /home/airflow/.local/lib/python3.7/site-packages/airflow/example_dags/example_xcom.py
[2022-07-12 18:11:55,647] {processor.py:641} INFO - Processing file /home/airflow/.local/lib/python3.7/site-packages/airflow/example_dags/example_xcom.py for tasks to queue
[2022-07-12 18:11:55,649] {logging_mixin.py:115} INFO - [2022-07-12 18:11:55,649] {dagbag.py:507} INFO - Filling up the DagBag from /home/airflow/.local/lib/python3.7/site-packages/airflow/example_dags/example_xcom.py
[2022-07-12 18:11:55,665] {processor.py:651} INFO - DAG(s) dict_keys(['example_xcom']) retrieved from /home/airflow/.local/lib/python3.7/site-packages/airflow/example_dags/example_xcom.py
[2022-07-12 18:11:55,819] {logging_mixin.py:115} INFO - [2022-07-12 18:11:55,819] {dag.py:2371} INFO - Sync 1 DAGs
[2022-07-12 18:11:55,835] {logging_mixin.py:115} INFO - [2022-07-12 18:11:55,835] {dag.py:2919} INFO - Setting next_dagrun for example_xcom to 2021-01-01T00:00:00+00:00, run_after=2021-01-01T00:00:00+00:00
[2022-07-12 18:11:55,846] {processor.py:161} INFO - Processing /home/airflow/.local/lib/python3.7/site-packages/airflow/example_dags/example_xcom.py took 0.206 seconds
[2022-07-12 18:12:27,991] {processor.py:153} INFO - Started process (PID=541) to work on /home/airflow/.local/lib/python3.7/site-packages/airflow/example_dags/example_xcom.py
[2022-07-12 18:12:27,998] {processor.py:641} INFO - Processing file /home/airflow/.local/lib/python3.7/site-packages/airflow/example_dags/example_xcom.py for tasks to queue
[2022-07-12 18:12:28,000] {logging_mixin.py:115} INFO - [2022-07-12 18:12:28,000] {dagbag.py:507} INFO - Filling up the DagBag from /home/airflow/.local/lib/python3.7/site-packages/airflow/example_dags/example_xcom.py
[2022-07-12 18:12:28,063] {processor.py:651} INFO - DAG(s) dict_keys(['example_xcom']) retrieved from /home/airflow/.local/lib/python3.7/site-packages/airflow/example_dags/example_xcom.py
[2022-07-12 18:12:28,883] {logging_mixin.py:115} INFO - [2022-07-12 18:12:28,882] {dag.py:2371} INFO - Sync 1 DAGs
[2022-07-12 18:12:28,911] {logging_mixin.py:115} INFO - [2022-07-12 18:12:28,911] {dag.py:2919} INFO - Setting next_dagrun for example_xcom to 2021-01-01T00:00:00+00:00, run_after=2021-01-01T00:00:00+00:00
[2022-07-12 18:12:28,951] {processor.py:161} INFO - Processing /home/airflow/.local/lib/python3.7/site-packages/airflow/example_dags/example_xcom.py took 0.979 seconds
[2022-07-12 18:12:59,415] {processor.py:153} INFO - Started process (PID=596) to work on /home/airflow/.local/lib/python3.7/site-packages/airflow/example_dags/example_xcom.py
[2022-07-12 18:12:59,419] {processor.py:641} INFO - Processing file /home/airflow/.local/lib/python3.7/site-packages/airflow/example_dags/example_xcom.py for tasks to queue
[2022-07-12 18:12:59,426] {logging_mixin.py:115} INFO - [2022-07-12 18:12:59,426] {dagbag.py:507} INFO - Filling up the DagBag from /home/airflow/.local/lib/python3.7/site-packages/airflow/example_dags/example_xcom.py
[2022-07-12 18:12:59,523] {processor.py:651} INFO - DAG(s) dict_keys(['example_xcom']) retrieved from /home/airflow/.local/lib/python3.7/site-packages/airflow/example_dags/example_xcom.py
[2022-07-12 18:13:00,566] {logging_mixin.py:115} INFO - [2022-07-12 18:13:00,565] {dag.py:2371} INFO - Sync 1 DAGs
[2022-07-12 18:13:00,608] {logging_mixin.py:115} INFO - [2022-07-12 18:13:00,608] {dag.py:2919} INFO - Setting next_dagrun for example_xcom to 2021-01-01T00:00:00+00:00, run_after=2021-01-01T00:00:00+00:00
[2022-07-12 18:13:00,648] {processor.py:161} INFO - Processing /home/airflow/.local/lib/python3.7/site-packages/airflow/example_dags/example_xcom.py took 1.241 seconds
[2022-07-12 18:13:31,713] {processor.py:153} INFO - Started process (PID=648) to work on /home/airflow/.local/lib/python3.7/site-packages/airflow/example_dags/example_xcom.py
[2022-07-12 18:13:31,730] {processor.py:641} INFO - Processing file /home/airflow/.local/lib/python3.7/site-packages/airflow/example_dags/example_xcom.py for tasks to queue
[2022-07-12 18:13:31,735] {logging_mixin.py:115} INFO - [2022-07-12 18:13:31,735] {dagbag.py:507} INFO - Filling up the DagBag from /home/airflow/.local/lib/python3.7/site-packages/airflow/example_dags/example_xcom.py
[2022-07-12 18:13:31,792] {processor.py:651} INFO - DAG(s) dict_keys(['example_xcom']) retrieved from /home/airflow/.local/lib/python3.7/site-packages/airflow/example_dags/example_xcom.py
[2022-07-12 18:13:32,210] {logging_mixin.py:115} INFO - [2022-07-12 18:13:32,210] {dag.py:2371} INFO - Sync 1 DAGs
[2022-07-12 18:13:32,242] {logging_mixin.py:115} INFO - [2022-07-12 18:13:32,242] {dag.py:2919} INFO - Setting next_dagrun for example_xcom to 2021-01-01T00:00:00+00:00, run_after=2021-01-01T00:00:00+00:00
[2022-07-12 18:13:32,269] {processor.py:161} INFO - Processing /home/airflow/.local/lib/python3.7/site-packages/airflow/example_dags/example_xcom.py took 0.564 seconds
[2022-07-12 18:14:03,023] {processor.py:153} INFO - Started process (PID=709) to work on /home/airflow/.local/lib/python3.7/site-packages/airflow/example_dags/example_xcom.py
[2022-07-12 18:14:03,025] {processor.py:641} INFO - Processing file /home/airflow/.local/lib/python3.7/site-packages/airflow/example_dags/example_xcom.py for tasks to queue
[2022-07-12 18:14:03,028] {logging_mixin.py:115} INFO - [2022-07-12 18:14:03,028] {dagbag.py:507} INFO - Filling up the DagBag from /home/airflow/.local/lib/python3.7/site-packages/airflow/example_dags/example_xcom.py
[2022-07-12 18:14:03,059] {processor.py:651} INFO - DAG(s) dict_keys(['example_xcom']) retrieved from /home/airflow/.local/lib/python3.7/site-packages/airflow/example_dags/example_xcom.py
[2022-07-12 18:14:03,561] {logging_mixin.py:115} INFO - [2022-07-12 18:14:03,560] {dag.py:2371} INFO - Sync 1 DAGs
[2022-07-12 18:14:03,699] {logging_mixin.py:115} INFO - [2022-07-12 18:14:03,699] {dag.py:2919} INFO - Setting next_dagrun for example_xcom to 2021-01-01T00:00:00+00:00, run_after=2021-01-01T00:00:00+00:00
[2022-07-12 18:14:03,794] {processor.py:161} INFO - Processing /home/airflow/.local/lib/python3.7/site-packages/airflow/example_dags/example_xcom.py took 0.776 seconds
[2022-07-12 18:15:08,631] {processor.py:153} INFO - Started process (PID=777) to work on /home/airflow/.local/lib/python3.7/site-packages/airflow/example_dags/example_xcom.py
[2022-07-12 18:15:08,637] {processor.py:641} INFO - Processing file /home/airflow/.local/lib/python3.7/site-packages/airflow/example_dags/example_xcom.py for tasks to queue
[2022-07-12 18:15:08,641] {logging_mixin.py:115} INFO - [2022-07-12 18:15:08,641] {dagbag.py:507} INFO - Filling up the DagBag from /home/airflow/.local/lib/python3.7/site-packages/airflow/example_dags/example_xcom.py
[2022-07-12 18:15:08,704] {processor.py:651} INFO - DAG(s) dict_keys(['example_xcom']) retrieved from /home/airflow/.local/lib/python3.7/site-packages/airflow/example_dags/example_xcom.py
[2022-07-12 18:15:09,685] {logging_mixin.py:115} INFO - [2022-07-12 18:15:09,685] {dag.py:2371} INFO - Sync 1 DAGs
[2022-07-12 18:15:09,720] {logging_mixin.py:115} INFO - [2022-07-12 18:15:09,719] {dag.py:2919} INFO - Setting next_dagrun for example_xcom to 2021-01-01T00:00:00+00:00, run_after=2021-01-01T00:00:00+00:00
[2022-07-12 18:15:09,740] {processor.py:161} INFO - Processing /home/airflow/.local/lib/python3.7/site-packages/airflow/example_dags/example_xcom.py took 1.121 seconds
[2022-07-12 18:15:40,446] {processor.py:153} INFO - Started process (PID=828) to work on /home/airflow/.local/lib/python3.7/site-packages/airflow/example_dags/example_xcom.py
[2022-07-12 18:15:40,451] {processor.py:641} INFO - Processing file /home/airflow/.local/lib/python3.7/site-packages/airflow/example_dags/example_xcom.py for tasks to queue
[2022-07-12 18:15:40,460] {logging_mixin.py:115} INFO - [2022-07-12 18:15:40,460] {dagbag.py:507} INFO - Filling up the DagBag from /home/airflow/.local/lib/python3.7/site-packages/airflow/example_dags/example_xcom.py
[2022-07-12 18:15:40,533] {processor.py:651} INFO - DAG(s) dict_keys(['example_xcom']) retrieved from /home/airflow/.local/lib/python3.7/site-packages/airflow/example_dags/example_xcom.py
[2022-07-12 18:15:41,859] {logging_mixin.py:115} INFO - [2022-07-12 18:15:41,858] {dag.py:2371} INFO - Sync 1 DAGs
[2022-07-12 18:15:41,941] {logging_mixin.py:115} INFO - [2022-07-12 18:15:41,941] {dag.py:2919} INFO - Setting next_dagrun for example_xcom to 2021-01-01T00:00:00+00:00, run_after=2021-01-01T00:00:00+00:00
[2022-07-12 18:15:42,028] {processor.py:161} INFO - Processing /home/airflow/.local/lib/python3.7/site-packages/airflow/example_dags/example_xcom.py took 1.603 seconds
[2022-07-12 18:16:54,248] {processor.py:153} INFO - Started process (PID=896) to work on /home/airflow/.local/lib/python3.7/site-packages/airflow/example_dags/example_xcom.py
[2022-07-12 18:16:54,258] {processor.py:641} INFO - Processing file /home/airflow/.local/lib/python3.7/site-packages/airflow/example_dags/example_xcom.py for tasks to queue
[2022-07-12 18:16:54,264] {logging_mixin.py:115} INFO - [2022-07-12 18:16:54,264] {dagbag.py:507} INFO - Filling up the DagBag from /home/airflow/.local/lib/python3.7/site-packages/airflow/example_dags/example_xcom.py
[2022-07-12 18:16:54,313] {processor.py:651} INFO - DAG(s) dict_keys(['example_xcom']) retrieved from /home/airflow/.local/lib/python3.7/site-packages/airflow/example_dags/example_xcom.py
[2022-07-12 18:16:54,824] {logging_mixin.py:115} INFO - [2022-07-12 18:16:54,824] {dag.py:2371} INFO - Sync 1 DAGs
[2022-07-12 18:16:54,874] {logging_mixin.py:115} INFO - [2022-07-12 18:16:54,874] {dag.py:2919} INFO - Setting next_dagrun for example_xcom to 2021-01-01T00:00:00+00:00, run_after=2021-01-01T00:00:00+00:00
[2022-07-12 18:16:54,896] {processor.py:161} INFO - Processing /home/airflow/.local/lib/python3.7/site-packages/airflow/example_dags/example_xcom.py took 0.657 seconds
[2022-07-12 18:17:25,593] {processor.py:153} INFO - Started process (PID=948) to work on /home/airflow/.local/lib/python3.7/site-packages/airflow/example_dags/example_xcom.py
[2022-07-12 18:17:25,595] {processor.py:641} INFO - Processing file /home/airflow/.local/lib/python3.7/site-packages/airflow/example_dags/example_xcom.py for tasks to queue
[2022-07-12 18:17:25,597] {logging_mixin.py:115} INFO - [2022-07-12 18:17:25,597] {dagbag.py:507} INFO - Filling up the DagBag from /home/airflow/.local/lib/python3.7/site-packages/airflow/example_dags/example_xcom.py
[2022-07-12 18:17:25,633] {processor.py:651} INFO - DAG(s) dict_keys(['example_xcom']) retrieved from /home/airflow/.local/lib/python3.7/site-packages/airflow/example_dags/example_xcom.py
[2022-07-12 18:17:25,910] {logging_mixin.py:115} INFO - [2022-07-12 18:17:25,910] {dag.py:2371} INFO - Sync 1 DAGs
[2022-07-12 18:17:25,924] {logging_mixin.py:115} INFO - [2022-07-12 18:17:25,924] {dag.py:2919} INFO - Setting next_dagrun for example_xcom to 2021-01-01T00:00:00+00:00, run_after=2021-01-01T00:00:00+00:00
[2022-07-12 18:17:25,935] {processor.py:161} INFO - Processing /home/airflow/.local/lib/python3.7/site-packages/airflow/example_dags/example_xcom.py took 0.349 seconds
[2022-07-12 18:17:56,113] {processor.py:153} INFO - Started process (PID=1009) to work on /home/airflow/.local/lib/python3.7/site-packages/airflow/example_dags/example_xcom.py
[2022-07-12 18:17:56,115] {processor.py:641} INFO - Processing file /home/airflow/.local/lib/python3.7/site-packages/airflow/example_dags/example_xcom.py for tasks to queue
[2022-07-12 18:17:56,116] {logging_mixin.py:115} INFO - [2022-07-12 18:17:56,116] {dagbag.py:507} INFO - Filling up the DagBag from /home/airflow/.local/lib/python3.7/site-packages/airflow/example_dags/example_xcom.py
[2022-07-12 18:17:56,126] {processor.py:651} INFO - DAG(s) dict_keys(['example_xcom']) retrieved from /home/airflow/.local/lib/python3.7/site-packages/airflow/example_dags/example_xcom.py
[2022-07-12 18:17:56,287] {logging_mixin.py:115} INFO - [2022-07-12 18:17:56,286] {dag.py:2371} INFO - Sync 1 DAGs
[2022-07-12 18:17:56,304] {logging_mixin.py:115} INFO - [2022-07-12 18:17:56,304] {dag.py:2919} INFO - Setting next_dagrun for example_xcom to 2021-01-01T00:00:00+00:00, run_after=2021-01-01T00:00:00+00:00
[2022-07-12 18:17:56,314] {processor.py:161} INFO - Processing /home/airflow/.local/lib/python3.7/site-packages/airflow/example_dags/example_xcom.py took 0.203 seconds
[2022-07-12 18:18:27,600] {processor.py:153} INFO - Started process (PID=1062) to work on /home/airflow/.local/lib/python3.7/site-packages/airflow/example_dags/example_xcom.py
[2022-07-12 18:18:27,603] {processor.py:641} INFO - Processing file /home/airflow/.local/lib/python3.7/site-packages/airflow/example_dags/example_xcom.py for tasks to queue
[2022-07-12 18:18:27,605] {logging_mixin.py:115} INFO - [2022-07-12 18:18:27,605] {dagbag.py:507} INFO - Filling up the DagBag from /home/airflow/.local/lib/python3.7/site-packages/airflow/example_dags/example_xcom.py
[2022-07-12 18:18:27,644] {processor.py:651} INFO - DAG(s) dict_keys(['example_xcom']) retrieved from /home/airflow/.local/lib/python3.7/site-packages/airflow/example_dags/example_xcom.py
[2022-07-12 18:18:27,991] {logging_mixin.py:115} INFO - [2022-07-12 18:18:27,991] {dag.py:2371} INFO - Sync 1 DAGs
[2022-07-12 18:18:28,012] {logging_mixin.py:115} INFO - [2022-07-12 18:18:28,011] {dag.py:2919} INFO - Setting next_dagrun for example_xcom to 2021-01-01T00:00:00+00:00, run_after=2021-01-01T00:00:00+00:00
[2022-07-12 18:18:28,025] {processor.py:161} INFO - Processing /home/airflow/.local/lib/python3.7/site-packages/airflow/example_dags/example_xcom.py took 0.436 seconds
[2022-07-12 18:18:58,570] {processor.py:153} INFO - Started process (PID=1114) to work on /home/airflow/.local/lib/python3.7/site-packages/airflow/example_dags/example_xcom.py
[2022-07-12 18:18:58,572] {processor.py:641} INFO - Processing file /home/airflow/.local/lib/python3.7/site-packages/airflow/example_dags/example_xcom.py for tasks to queue
[2022-07-12 18:18:58,573] {logging_mixin.py:115} INFO - [2022-07-12 18:18:58,573] {dagbag.py:507} INFO - Filling up the DagBag from /home/airflow/.local/lib/python3.7/site-packages/airflow/example_dags/example_xcom.py
[2022-07-12 18:18:58,605] {processor.py:651} INFO - DAG(s) dict_keys(['example_xcom']) retrieved from /home/airflow/.local/lib/python3.7/site-packages/airflow/example_dags/example_xcom.py
[2022-07-12 18:18:58,873] {logging_mixin.py:115} INFO - [2022-07-12 18:18:58,873] {dag.py:2371} INFO - Sync 1 DAGs
[2022-07-12 18:18:58,892] {logging_mixin.py:115} INFO - [2022-07-12 18:18:58,891] {dag.py:2919} INFO - Setting next_dagrun for example_xcom to 2021-01-01T00:00:00+00:00, run_after=2021-01-01T00:00:00+00:00
[2022-07-12 18:18:58,905] {processor.py:161} INFO - Processing /home/airflow/.local/lib/python3.7/site-packages/airflow/example_dags/example_xcom.py took 0.345 seconds
[2022-07-12 18:19:29,272] {processor.py:153} INFO - Started process (PID=1176) to work on /home/airflow/.local/lib/python3.7/site-packages/airflow/example_dags/example_xcom.py
[2022-07-12 18:19:29,277] {processor.py:641} INFO - Processing file /home/airflow/.local/lib/python3.7/site-packages/airflow/example_dags/example_xcom.py for tasks to queue
[2022-07-12 18:19:29,282] {logging_mixin.py:115} INFO - [2022-07-12 18:19:29,282] {dagbag.py:507} INFO - Filling up the DagBag from /home/airflow/.local/lib/python3.7/site-packages/airflow/example_dags/example_xcom.py
[2022-07-12 18:19:29,356] {processor.py:651} INFO - DAG(s) dict_keys(['example_xcom']) retrieved from /home/airflow/.local/lib/python3.7/site-packages/airflow/example_dags/example_xcom.py
[2022-07-12 18:19:29,785] {logging_mixin.py:115} INFO - [2022-07-12 18:19:29,785] {dag.py:2371} INFO - Sync 1 DAGs
[2022-07-12 18:19:29,830] {logging_mixin.py:115} INFO - [2022-07-12 18:19:29,830] {dag.py:2919} INFO - Setting next_dagrun for example_xcom to 2021-01-01T00:00:00+00:00, run_after=2021-01-01T00:00:00+00:00
[2022-07-12 18:19:29,854] {processor.py:161} INFO - Processing /home/airflow/.local/lib/python3.7/site-packages/airflow/example_dags/example_xcom.py took 0.593 seconds
[2022-07-12 18:20:01,252] {processor.py:153} INFO - Started process (PID=1228) to work on /home/airflow/.local/lib/python3.7/site-packages/airflow/example_dags/example_xcom.py
[2022-07-12 18:20:01,257] {processor.py:641} INFO - Processing file /home/airflow/.local/lib/python3.7/site-packages/airflow/example_dags/example_xcom.py for tasks to queue
[2022-07-12 18:20:01,260] {logging_mixin.py:115} INFO - [2022-07-12 18:20:01,260] {dagbag.py:507} INFO - Filling up the DagBag from /home/airflow/.local/lib/python3.7/site-packages/airflow/example_dags/example_xcom.py
[2022-07-12 18:20:01,313] {processor.py:651} INFO - DAG(s) dict_keys(['example_xcom']) retrieved from /home/airflow/.local/lib/python3.7/site-packages/airflow/example_dags/example_xcom.py
[2022-07-12 18:20:01,819] {logging_mixin.py:115} INFO - [2022-07-12 18:20:01,816] {dag.py:2371} INFO - Sync 1 DAGs
[2022-07-12 18:20:01,863] {logging_mixin.py:115} INFO - [2022-07-12 18:20:01,862] {dag.py:2919} INFO - Setting next_dagrun for example_xcom to 2021-01-01T00:00:00+00:00, run_after=2021-01-01T00:00:00+00:00
[2022-07-12 18:20:01,892] {processor.py:161} INFO - Processing /home/airflow/.local/lib/python3.7/site-packages/airflow/example_dags/example_xcom.py took 0.652 seconds
[2022-07-12 18:20:32,404] {processor.py:153} INFO - Started process (PID=1289) to work on /home/airflow/.local/lib/python3.7/site-packages/airflow/example_dags/example_xcom.py
[2022-07-12 18:20:32,411] {processor.py:641} INFO - Processing file /home/airflow/.local/lib/python3.7/site-packages/airflow/example_dags/example_xcom.py for tasks to queue
[2022-07-12 18:20:32,414] {logging_mixin.py:115} INFO - [2022-07-12 18:20:32,414] {dagbag.py:507} INFO - Filling up the DagBag from /home/airflow/.local/lib/python3.7/site-packages/airflow/example_dags/example_xcom.py
[2022-07-12 18:20:32,512] {processor.py:651} INFO - DAG(s) dict_keys(['example_xcom']) retrieved from /home/airflow/.local/lib/python3.7/site-packages/airflow/example_dags/example_xcom.py
[2022-07-12 18:20:33,104] {logging_mixin.py:115} INFO - [2022-07-12 18:20:33,104] {dag.py:2371} INFO - Sync 1 DAGs
[2022-07-12 18:20:33,150] {logging_mixin.py:115} INFO - [2022-07-12 18:20:33,150] {dag.py:2919} INFO - Setting next_dagrun for example_xcom to 2021-01-01T00:00:00+00:00, run_after=2021-01-01T00:00:00+00:00
[2022-07-12 18:20:33,183] {processor.py:161} INFO - Processing /home/airflow/.local/lib/python3.7/site-packages/airflow/example_dags/example_xcom.py took 0.789 seconds
[2022-07-12 18:21:04,114] {processor.py:153} INFO - Started process (PID=1341) to work on /home/airflow/.local/lib/python3.7/site-packages/airflow/example_dags/example_xcom.py
[2022-07-12 18:21:04,117] {processor.py:641} INFO - Processing file /home/airflow/.local/lib/python3.7/site-packages/airflow/example_dags/example_xcom.py for tasks to queue
[2022-07-12 18:21:04,119] {logging_mixin.py:115} INFO - [2022-07-12 18:21:04,118] {dagbag.py:507} INFO - Filling up the DagBag from /home/airflow/.local/lib/python3.7/site-packages/airflow/example_dags/example_xcom.py
[2022-07-12 18:21:04,153] {processor.py:651} INFO - DAG(s) dict_keys(['example_xcom']) retrieved from /home/airflow/.local/lib/python3.7/site-packages/airflow/example_dags/example_xcom.py
[2022-07-12 18:21:04,586] {logging_mixin.py:115} INFO - [2022-07-12 18:21:04,586] {dag.py:2371} INFO - Sync 1 DAGs
[2022-07-12 18:21:04,607] {logging_mixin.py:115} INFO - [2022-07-12 18:21:04,607] {dag.py:2919} INFO - Setting next_dagrun for example_xcom to 2021-01-01T00:00:00+00:00, run_after=2021-01-01T00:00:00+00:00
[2022-07-12 18:21:04,620] {processor.py:161} INFO - Processing /home/airflow/.local/lib/python3.7/site-packages/airflow/example_dags/example_xcom.py took 0.518 seconds
[2022-07-12 18:25:35,041] {processor.py:153} INFO - Started process (PID=88) to work on /home/airflow/.local/lib/python3.7/site-packages/airflow/example_dags/example_xcom.py
[2022-07-12 18:25:35,044] {processor.py:641} INFO - Processing file /home/airflow/.local/lib/python3.7/site-packages/airflow/example_dags/example_xcom.py for tasks to queue
[2022-07-12 18:25:35,048] {logging_mixin.py:115} INFO - [2022-07-12 18:25:35,047] {dagbag.py:507} INFO - Filling up the DagBag from /home/airflow/.local/lib/python3.7/site-packages/airflow/example_dags/example_xcom.py
[2022-07-12 18:25:35,106] {processor.py:651} INFO - DAG(s) dict_keys(['example_xcom']) retrieved from /home/airflow/.local/lib/python3.7/site-packages/airflow/example_dags/example_xcom.py
[2022-07-12 18:25:35,449] {logging_mixin.py:115} INFO - [2022-07-12 18:25:35,448] {manager.py:508} INFO - Created Permission View: can read on DAG:example_xcom
[2022-07-12 18:25:35,459] {logging_mixin.py:115} INFO - [2022-07-12 18:25:35,459] {manager.py:508} INFO - Created Permission View: can edit on DAG:example_xcom
[2022-07-12 18:25:35,466] {logging_mixin.py:115} INFO - [2022-07-12 18:25:35,466] {manager.py:508} INFO - Created Permission View: can delete on DAG:example_xcom
[2022-07-12 18:25:35,467] {logging_mixin.py:115} INFO - [2022-07-12 18:25:35,467] {dag.py:2371} INFO - Sync 1 DAGs
[2022-07-12 18:25:35,478] {logging_mixin.py:115} INFO - [2022-07-12 18:25:35,478] {dag.py:2390} INFO - Creating ORM DAG for example_xcom
[2022-07-12 18:25:35,582] {logging_mixin.py:115} INFO - [2022-07-12 18:25:35,582] {dag.py:2919} INFO - Setting next_dagrun for example_xcom to 2021-01-01T00:00:00+00:00, run_after=2021-01-01T00:00:00+00:00
[2022-07-12 18:25:35,630] {processor.py:161} INFO - Processing /home/airflow/.local/lib/python3.7/site-packages/airflow/example_dags/example_xcom.py took 0.594 seconds
[2022-07-12 18:26:05,810] {processor.py:153} INFO - Started process (PID=141) to work on /home/airflow/.local/lib/python3.7/site-packages/airflow/example_dags/example_xcom.py
[2022-07-12 18:26:05,811] {processor.py:641} INFO - Processing file /home/airflow/.local/lib/python3.7/site-packages/airflow/example_dags/example_xcom.py for tasks to queue
[2022-07-12 18:26:05,813] {logging_mixin.py:115} INFO - [2022-07-12 18:26:05,813] {dagbag.py:507} INFO - Filling up the DagBag from /home/airflow/.local/lib/python3.7/site-packages/airflow/example_dags/example_xcom.py
[2022-07-12 18:26:05,825] {processor.py:651} INFO - DAG(s) dict_keys(['example_xcom']) retrieved from /home/airflow/.local/lib/python3.7/site-packages/airflow/example_dags/example_xcom.py
[2022-07-12 18:26:05,947] {logging_mixin.py:115} INFO - [2022-07-12 18:26:05,947] {dag.py:2371} INFO - Sync 1 DAGs
[2022-07-12 18:26:05,958] {logging_mixin.py:115} INFO - [2022-07-12 18:26:05,958] {dag.py:2919} INFO - Setting next_dagrun for example_xcom to 2021-01-01T00:00:00+00:00, run_after=2021-01-01T00:00:00+00:00
[2022-07-12 18:26:05,967] {processor.py:161} INFO - Processing /home/airflow/.local/lib/python3.7/site-packages/airflow/example_dags/example_xcom.py took 0.159 seconds
[2022-07-12 18:26:37,406] {processor.py:153} INFO - Started process (PID=202) to work on /home/airflow/.local/lib/python3.7/site-packages/airflow/example_dags/example_xcom.py
[2022-07-12 18:26:37,410] {processor.py:641} INFO - Processing file /home/airflow/.local/lib/python3.7/site-packages/airflow/example_dags/example_xcom.py for tasks to queue
[2022-07-12 18:26:37,417] {logging_mixin.py:115} INFO - [2022-07-12 18:26:37,416] {dagbag.py:507} INFO - Filling up the DagBag from /home/airflow/.local/lib/python3.7/site-packages/airflow/example_dags/example_xcom.py
[2022-07-12 18:26:37,466] {processor.py:651} INFO - DAG(s) dict_keys(['example_xcom']) retrieved from /home/airflow/.local/lib/python3.7/site-packages/airflow/example_dags/example_xcom.py
[2022-07-12 18:26:37,782] {logging_mixin.py:115} INFO - [2022-07-12 18:26:37,781] {dag.py:2371} INFO - Sync 1 DAGs
[2022-07-12 18:26:37,805] {logging_mixin.py:115} INFO - [2022-07-12 18:26:37,805] {dag.py:2919} INFO - Setting next_dagrun for example_xcom to 2021-01-01T00:00:00+00:00, run_after=2021-01-01T00:00:00+00:00
[2022-07-12 18:26:37,828] {processor.py:161} INFO - Processing /home/airflow/.local/lib/python3.7/site-packages/airflow/example_dags/example_xcom.py took 0.431 seconds
[2022-07-12 18:29:35,069] {processor.py:153} INFO - Started process (PID=80) to work on /home/airflow/.local/lib/python3.7/site-packages/airflow/example_dags/example_xcom.py
[2022-07-12 18:29:35,075] {processor.py:641} INFO - Processing file /home/airflow/.local/lib/python3.7/site-packages/airflow/example_dags/example_xcom.py for tasks to queue
[2022-07-12 18:29:35,076] {logging_mixin.py:115} INFO - [2022-07-12 18:29:35,076] {dagbag.py:507} INFO - Filling up the DagBag from /home/airflow/.local/lib/python3.7/site-packages/airflow/example_dags/example_xcom.py
[2022-07-12 18:29:35,112] {processor.py:651} INFO - DAG(s) dict_keys(['example_xcom']) retrieved from /home/airflow/.local/lib/python3.7/site-packages/airflow/example_dags/example_xcom.py
[2022-07-12 18:29:35,831] {logging_mixin.py:115} INFO - [2022-07-12 18:29:35,831] {dag.py:2371} INFO - Sync 1 DAGs
[2022-07-12 18:29:35,926] {logging_mixin.py:115} INFO - [2022-07-12 18:29:35,926] {dag.py:2919} INFO - Setting next_dagrun for example_xcom to 2021-01-01T00:00:00+00:00, run_after=2021-01-01T00:00:00+00:00
[2022-07-12 18:29:35,988] {processor.py:161} INFO - Processing /home/airflow/.local/lib/python3.7/site-packages/airflow/example_dags/example_xcom.py took 0.926 seconds
[2022-07-12 18:30:06,328] {processor.py:153} INFO - Started process (PID=141) to work on /home/airflow/.local/lib/python3.7/site-packages/airflow/example_dags/example_xcom.py
[2022-07-12 18:30:06,329] {processor.py:641} INFO - Processing file /home/airflow/.local/lib/python3.7/site-packages/airflow/example_dags/example_xcom.py for tasks to queue
[2022-07-12 18:30:06,330] {logging_mixin.py:115} INFO - [2022-07-12 18:30:06,330] {dagbag.py:507} INFO - Filling up the DagBag from /home/airflow/.local/lib/python3.7/site-packages/airflow/example_dags/example_xcom.py
[2022-07-12 18:30:06,350] {processor.py:651} INFO - DAG(s) dict_keys(['example_xcom']) retrieved from /home/airflow/.local/lib/python3.7/site-packages/airflow/example_dags/example_xcom.py
[2022-07-12 18:30:06,593] {logging_mixin.py:115} INFO - [2022-07-12 18:30:06,592] {dag.py:2371} INFO - Sync 1 DAGs
[2022-07-12 18:30:06,616] {logging_mixin.py:115} INFO - [2022-07-12 18:30:06,616] {dag.py:2919} INFO - Setting next_dagrun for example_xcom to 2021-01-01T00:00:00+00:00, run_after=2021-01-01T00:00:00+00:00
[2022-07-12 18:30:06,638] {processor.py:161} INFO - Processing /home/airflow/.local/lib/python3.7/site-packages/airflow/example_dags/example_xcom.py took 0.313 seconds
[2022-07-12 18:30:37,022] {processor.py:153} INFO - Started process (PID=193) to work on /home/airflow/.local/lib/python3.7/site-packages/airflow/example_dags/example_xcom.py
[2022-07-12 18:30:37,027] {processor.py:641} INFO - Processing file /home/airflow/.local/lib/python3.7/site-packages/airflow/example_dags/example_xcom.py for tasks to queue
[2022-07-12 18:30:37,030] {logging_mixin.py:115} INFO - [2022-07-12 18:30:37,030] {dagbag.py:507} INFO - Filling up the DagBag from /home/airflow/.local/lib/python3.7/site-packages/airflow/example_dags/example_xcom.py
[2022-07-12 18:30:37,045] {processor.py:651} INFO - DAG(s) dict_keys(['example_xcom']) retrieved from /home/airflow/.local/lib/python3.7/site-packages/airflow/example_dags/example_xcom.py
[2022-07-12 18:30:37,193] {logging_mixin.py:115} INFO - [2022-07-12 18:30:37,193] {dag.py:2371} INFO - Sync 1 DAGs
[2022-07-12 18:30:37,205] {logging_mixin.py:115} INFO - [2022-07-12 18:30:37,205] {dag.py:2919} INFO - Setting next_dagrun for example_xcom to 2021-01-01T00:00:00+00:00, run_after=2021-01-01T00:00:00+00:00
[2022-07-12 18:30:37,213] {processor.py:161} INFO - Processing /home/airflow/.local/lib/python3.7/site-packages/airflow/example_dags/example_xcom.py took 0.195 seconds
[2022-07-12 18:31:07,720] {processor.py:153} INFO - Started process (PID=256) to work on /home/airflow/.local/lib/python3.7/site-packages/airflow/example_dags/example_xcom.py
[2022-07-12 18:31:07,723] {processor.py:641} INFO - Processing file /home/airflow/.local/lib/python3.7/site-packages/airflow/example_dags/example_xcom.py for tasks to queue
[2022-07-12 18:31:07,724] {logging_mixin.py:115} INFO - [2022-07-12 18:31:07,724] {dagbag.py:507} INFO - Filling up the DagBag from /home/airflow/.local/lib/python3.7/site-packages/airflow/example_dags/example_xcom.py
[2022-07-12 18:31:07,739] {processor.py:651} INFO - DAG(s) dict_keys(['example_xcom']) retrieved from /home/airflow/.local/lib/python3.7/site-packages/airflow/example_dags/example_xcom.py
[2022-07-12 18:31:07,768] {logging_mixin.py:115} INFO - [2022-07-12 18:31:07,768] {dag.py:2371} INFO - Sync 1 DAGs
[2022-07-12 18:31:07,956] {logging_mixin.py:115} INFO - [2022-07-12 18:31:07,956] {dag.py:2919} INFO - Setting next_dagrun for example_xcom to 2021-01-01T00:00:00+00:00, run_after=2021-01-01T00:00:00+00:00
[2022-07-12 18:31:07,968] {processor.py:161} INFO - Processing /home/airflow/.local/lib/python3.7/site-packages/airflow/example_dags/example_xcom.py took 0.253 seconds
