[2022-07-12 18:08:30,471] {processor.py:153} INFO - Started process (PID=115) to work on /home/airflow/.local/lib/python3.7/site-packages/airflow/example_dags/example_branch_operator.py
[2022-07-12 18:08:30,473] {processor.py:641} INFO - Processing file /home/airflow/.local/lib/python3.7/site-packages/airflow/example_dags/example_branch_operator.py for tasks to queue
[2022-07-12 18:08:30,474] {logging_mixin.py:115} INFO - [2022-07-12 18:08:30,474] {dagbag.py:507} INFO - Filling up the DagBag from /home/airflow/.local/lib/python3.7/site-packages/airflow/example_dags/example_branch_operator.py
[2022-07-12 18:08:30,501] {processor.py:651} INFO - DAG(s) dict_keys(['example_branch_operator']) retrieved from /home/airflow/.local/lib/python3.7/site-packages/airflow/example_dags/example_branch_operator.py
[2022-07-12 18:08:30,943] {logging_mixin.py:115} INFO - [2022-07-12 18:08:30,943] {manager.py:508} INFO - Created Permission View: can read on DAG:example_branch_operator
[2022-07-12 18:08:30,962] {logging_mixin.py:115} INFO - [2022-07-12 18:08:30,962] {manager.py:508} INFO - Created Permission View: can delete on DAG:example_branch_operator
[2022-07-12 18:08:30,983] {logging_mixin.py:115} INFO - [2022-07-12 18:08:30,983] {manager.py:508} INFO - Created Permission View: can edit on DAG:example_branch_operator
[2022-07-12 18:08:30,985] {logging_mixin.py:115} INFO - [2022-07-12 18:08:30,985] {dag.py:2371} INFO - Sync 1 DAGs
[2022-07-12 18:08:30,996] {logging_mixin.py:115} INFO - [2022-07-12 18:08:30,995] {dag.py:2390} INFO - Creating ORM DAG for example_branch_operator
[2022-07-12 18:08:31,020] {logging_mixin.py:115} INFO - [2022-07-12 18:08:31,020] {dag.py:2919} INFO - Setting next_dagrun for example_branch_operator to 2022-07-11T00:00:00+00:00, run_after=2022-07-12T00:00:00+00:00
[2022-07-12 18:08:31,059] {processor.py:161} INFO - Processing /home/airflow/.local/lib/python3.7/site-packages/airflow/example_dags/example_branch_operator.py took 0.595 seconds
[2022-07-12 18:09:03,515] {processor.py:153} INFO - Started process (PID=175) to work on /home/airflow/.local/lib/python3.7/site-packages/airflow/example_dags/example_branch_operator.py
[2022-07-12 18:09:03,518] {processor.py:641} INFO - Processing file /home/airflow/.local/lib/python3.7/site-packages/airflow/example_dags/example_branch_operator.py for tasks to queue
[2022-07-12 18:09:03,519] {logging_mixin.py:115} INFO - [2022-07-12 18:09:03,519] {dagbag.py:507} INFO - Filling up the DagBag from /home/airflow/.local/lib/python3.7/site-packages/airflow/example_dags/example_branch_operator.py
[2022-07-12 18:09:03,540] {processor.py:651} INFO - DAG(s) dict_keys(['example_branch_operator']) retrieved from /home/airflow/.local/lib/python3.7/site-packages/airflow/example_dags/example_branch_operator.py
[2022-07-12 18:09:03,579] {logging_mixin.py:115} INFO - [2022-07-12 18:09:03,579] {dag.py:2371} INFO - Sync 1 DAGs
[2022-07-12 18:09:03,624] {logging_mixin.py:115} INFO - [2022-07-12 18:09:03,624] {dag.py:2919} INFO - Setting next_dagrun for example_branch_operator to 2022-07-11T00:00:00+00:00, run_after=2022-07-12T00:00:00+00:00
[2022-07-12 18:09:03,901] {processor.py:161} INFO - Processing /home/airflow/.local/lib/python3.7/site-packages/airflow/example_dags/example_branch_operator.py took 0.389 seconds
[2022-07-12 18:09:34,543] {processor.py:153} INFO - Started process (PID=227) to work on /home/airflow/.local/lib/python3.7/site-packages/airflow/example_dags/example_branch_operator.py
[2022-07-12 18:09:34,545] {processor.py:641} INFO - Processing file /home/airflow/.local/lib/python3.7/site-packages/airflow/example_dags/example_branch_operator.py for tasks to queue
[2022-07-12 18:09:34,546] {logging_mixin.py:115} INFO - [2022-07-12 18:09:34,546] {dagbag.py:507} INFO - Filling up the DagBag from /home/airflow/.local/lib/python3.7/site-packages/airflow/example_dags/example_branch_operator.py
[2022-07-12 18:09:34,555] {processor.py:651} INFO - DAG(s) dict_keys(['example_branch_operator']) retrieved from /home/airflow/.local/lib/python3.7/site-packages/airflow/example_dags/example_branch_operator.py
[2022-07-12 18:09:34,593] {logging_mixin.py:115} INFO - [2022-07-12 18:09:34,593] {dag.py:2371} INFO - Sync 1 DAGs
[2022-07-12 18:09:34,619] {logging_mixin.py:115} INFO - [2022-07-12 18:09:34,619] {dag.py:2919} INFO - Setting next_dagrun for example_branch_operator to 2022-07-11T00:00:00+00:00, run_after=2022-07-12T00:00:00+00:00
[2022-07-12 18:09:34,926] {processor.py:161} INFO - Processing /home/airflow/.local/lib/python3.7/site-packages/airflow/example_dags/example_branch_operator.py took 0.386 seconds
[2022-07-12 18:10:16,595] {processor.py:153} INFO - Started process (PID=300) to work on /home/airflow/.local/lib/python3.7/site-packages/airflow/example_dags/example_branch_operator.py
[2022-07-12 18:10:16,597] {processor.py:641} INFO - Processing file /home/airflow/.local/lib/python3.7/site-packages/airflow/example_dags/example_branch_operator.py for tasks to queue
[2022-07-12 18:10:16,598] {logging_mixin.py:115} INFO - [2022-07-12 18:10:16,598] {dagbag.py:507} INFO - Filling up the DagBag from /home/airflow/.local/lib/python3.7/site-packages/airflow/example_dags/example_branch_operator.py
[2022-07-12 18:10:16,615] {processor.py:651} INFO - DAG(s) dict_keys(['example_branch_operator']) retrieved from /home/airflow/.local/lib/python3.7/site-packages/airflow/example_dags/example_branch_operator.py
[2022-07-12 18:10:16,658] {logging_mixin.py:115} INFO - [2022-07-12 18:10:16,658] {dag.py:2371} INFO - Sync 1 DAGs
[2022-07-12 18:10:16,687] {logging_mixin.py:115} INFO - [2022-07-12 18:10:16,687] {dag.py:2919} INFO - Setting next_dagrun for example_branch_operator to 2022-07-11T00:00:00+00:00, run_after=2022-07-12T00:00:00+00:00
[2022-07-12 18:10:17,297] {processor.py:161} INFO - Processing /home/airflow/.local/lib/python3.7/site-packages/airflow/example_dags/example_branch_operator.py took 0.705 seconds
[2022-07-12 18:10:50,275] {processor.py:153} INFO - Started process (PID=352) to work on /home/airflow/.local/lib/python3.7/site-packages/airflow/example_dags/example_branch_operator.py
[2022-07-12 18:10:50,278] {processor.py:641} INFO - Processing file /home/airflow/.local/lib/python3.7/site-packages/airflow/example_dags/example_branch_operator.py for tasks to queue
[2022-07-12 18:10:50,280] {logging_mixin.py:115} INFO - [2022-07-12 18:10:50,280] {dagbag.py:507} INFO - Filling up the DagBag from /home/airflow/.local/lib/python3.7/site-packages/airflow/example_dags/example_branch_operator.py
[2022-07-12 18:10:50,291] {processor.py:651} INFO - DAG(s) dict_keys(['example_branch_operator']) retrieved from /home/airflow/.local/lib/python3.7/site-packages/airflow/example_dags/example_branch_operator.py
[2022-07-12 18:10:50,331] {logging_mixin.py:115} INFO - [2022-07-12 18:10:50,331] {dag.py:2371} INFO - Sync 1 DAGs
[2022-07-12 18:10:50,363] {logging_mixin.py:115} INFO - [2022-07-12 18:10:50,363] {dag.py:2919} INFO - Setting next_dagrun for example_branch_operator to 2022-07-11T00:00:00+00:00, run_after=2022-07-12T00:00:00+00:00
[2022-07-12 18:10:50,599] {processor.py:161} INFO - Processing /home/airflow/.local/lib/python3.7/site-packages/airflow/example_dags/example_branch_operator.py took 0.328 seconds
[2022-07-12 18:11:21,271] {processor.py:153} INFO - Started process (PID=413) to work on /home/airflow/.local/lib/python3.7/site-packages/airflow/example_dags/example_branch_operator.py
[2022-07-12 18:11:21,276] {processor.py:641} INFO - Processing file /home/airflow/.local/lib/python3.7/site-packages/airflow/example_dags/example_branch_operator.py for tasks to queue
[2022-07-12 18:11:21,278] {logging_mixin.py:115} INFO - [2022-07-12 18:11:21,278] {dagbag.py:507} INFO - Filling up the DagBag from /home/airflow/.local/lib/python3.7/site-packages/airflow/example_dags/example_branch_operator.py
[2022-07-12 18:11:21,298] {processor.py:651} INFO - DAG(s) dict_keys(['example_branch_operator']) retrieved from /home/airflow/.local/lib/python3.7/site-packages/airflow/example_dags/example_branch_operator.py
[2022-07-12 18:11:21,328] {logging_mixin.py:115} INFO - [2022-07-12 18:11:21,328] {dag.py:2371} INFO - Sync 1 DAGs
[2022-07-12 18:11:21,353] {logging_mixin.py:115} INFO - [2022-07-12 18:11:21,353] {dag.py:2919} INFO - Setting next_dagrun for example_branch_operator to 2022-07-11T00:00:00+00:00, run_after=2022-07-12T00:00:00+00:00
[2022-07-12 18:11:21,512] {processor.py:161} INFO - Processing /home/airflow/.local/lib/python3.7/site-packages/airflow/example_dags/example_branch_operator.py took 0.246 seconds
[2022-07-12 18:11:52,694] {processor.py:153} INFO - Started process (PID=474) to work on /home/airflow/.local/lib/python3.7/site-packages/airflow/example_dags/example_branch_operator.py
[2022-07-12 18:11:52,704] {processor.py:641} INFO - Processing file /home/airflow/.local/lib/python3.7/site-packages/airflow/example_dags/example_branch_operator.py for tasks to queue
[2022-07-12 18:11:52,712] {logging_mixin.py:115} INFO - [2022-07-12 18:11:52,711] {dagbag.py:507} INFO - Filling up the DagBag from /home/airflow/.local/lib/python3.7/site-packages/airflow/example_dags/example_branch_operator.py
[2022-07-12 18:11:52,765] {processor.py:651} INFO - DAG(s) dict_keys(['example_branch_operator']) retrieved from /home/airflow/.local/lib/python3.7/site-packages/airflow/example_dags/example_branch_operator.py
[2022-07-12 18:11:52,830] {logging_mixin.py:115} INFO - [2022-07-12 18:11:52,830] {dag.py:2371} INFO - Sync 1 DAGs
[2022-07-12 18:11:53,181] {logging_mixin.py:115} INFO - [2022-07-12 18:11:53,181] {dag.py:2919} INFO - Setting next_dagrun for example_branch_operator to 2022-07-11T00:00:00+00:00, run_after=2022-07-12T00:00:00+00:00
[2022-07-12 18:11:53,197] {processor.py:161} INFO - Processing /home/airflow/.local/lib/python3.7/site-packages/airflow/example_dags/example_branch_operator.py took 0.517 seconds
[2022-07-12 18:12:23,968] {processor.py:153} INFO - Started process (PID=528) to work on /home/airflow/.local/lib/python3.7/site-packages/airflow/example_dags/example_branch_operator.py
[2022-07-12 18:12:23,972] {processor.py:641} INFO - Processing file /home/airflow/.local/lib/python3.7/site-packages/airflow/example_dags/example_branch_operator.py for tasks to queue
[2022-07-12 18:12:23,973] {logging_mixin.py:115} INFO - [2022-07-12 18:12:23,973] {dagbag.py:507} INFO - Filling up the DagBag from /home/airflow/.local/lib/python3.7/site-packages/airflow/example_dags/example_branch_operator.py
[2022-07-12 18:12:24,002] {processor.py:651} INFO - DAG(s) dict_keys(['example_branch_operator']) retrieved from /home/airflow/.local/lib/python3.7/site-packages/airflow/example_dags/example_branch_operator.py
[2022-07-12 18:12:24,060] {logging_mixin.py:115} INFO - [2022-07-12 18:12:24,060] {dag.py:2371} INFO - Sync 1 DAGs
[2022-07-12 18:12:24,536] {logging_mixin.py:115} INFO - [2022-07-12 18:12:24,535] {dag.py:2919} INFO - Setting next_dagrun for example_branch_operator to 2022-07-11T00:00:00+00:00, run_after=2022-07-12T00:00:00+00:00
[2022-07-12 18:12:24,564] {processor.py:161} INFO - Processing /home/airflow/.local/lib/python3.7/site-packages/airflow/example_dags/example_branch_operator.py took 0.602 seconds
[2022-07-12 18:12:57,208] {processor.py:153} INFO - Started process (PID=588) to work on /home/airflow/.local/lib/python3.7/site-packages/airflow/example_dags/example_branch_operator.py
[2022-07-12 18:12:57,210] {processor.py:641} INFO - Processing file /home/airflow/.local/lib/python3.7/site-packages/airflow/example_dags/example_branch_operator.py for tasks to queue
[2022-07-12 18:12:57,212] {logging_mixin.py:115} INFO - [2022-07-12 18:12:57,212] {dagbag.py:507} INFO - Filling up the DagBag from /home/airflow/.local/lib/python3.7/site-packages/airflow/example_dags/example_branch_operator.py
[2022-07-12 18:12:57,237] {processor.py:651} INFO - DAG(s) dict_keys(['example_branch_operator']) retrieved from /home/airflow/.local/lib/python3.7/site-packages/airflow/example_dags/example_branch_operator.py
[2022-07-12 18:12:57,318] {logging_mixin.py:115} INFO - [2022-07-12 18:12:57,318] {dag.py:2371} INFO - Sync 1 DAGs
[2022-07-12 18:12:57,563] {logging_mixin.py:115} INFO - [2022-07-12 18:12:57,563] {dag.py:2919} INFO - Setting next_dagrun for example_branch_operator to 2022-07-11T00:00:00+00:00, run_after=2022-07-12T00:00:00+00:00
[2022-07-12 18:12:57,574] {processor.py:161} INFO - Processing /home/airflow/.local/lib/python3.7/site-packages/airflow/example_dags/example_branch_operator.py took 0.374 seconds
[2022-07-12 18:13:28,183] {processor.py:153} INFO - Started process (PID=640) to work on /home/airflow/.local/lib/python3.7/site-packages/airflow/example_dags/example_branch_operator.py
[2022-07-12 18:13:28,185] {processor.py:641} INFO - Processing file /home/airflow/.local/lib/python3.7/site-packages/airflow/example_dags/example_branch_operator.py for tasks to queue
[2022-07-12 18:13:28,187] {logging_mixin.py:115} INFO - [2022-07-12 18:13:28,187] {dagbag.py:507} INFO - Filling up the DagBag from /home/airflow/.local/lib/python3.7/site-packages/airflow/example_dags/example_branch_operator.py
[2022-07-12 18:13:28,209] {processor.py:651} INFO - DAG(s) dict_keys(['example_branch_operator']) retrieved from /home/airflow/.local/lib/python3.7/site-packages/airflow/example_dags/example_branch_operator.py
[2022-07-12 18:13:28,269] {logging_mixin.py:115} INFO - [2022-07-12 18:13:28,269] {dag.py:2371} INFO - Sync 1 DAGs
[2022-07-12 18:13:28,518] {logging_mixin.py:115} INFO - [2022-07-12 18:13:28,518] {dag.py:2919} INFO - Setting next_dagrun for example_branch_operator to 2022-07-11T00:00:00+00:00, run_after=2022-07-12T00:00:00+00:00
[2022-07-12 18:13:28,529] {processor.py:161} INFO - Processing /home/airflow/.local/lib/python3.7/site-packages/airflow/example_dags/example_branch_operator.py took 0.352 seconds
[2022-07-12 18:13:59,296] {processor.py:153} INFO - Started process (PID=701) to work on /home/airflow/.local/lib/python3.7/site-packages/airflow/example_dags/example_branch_operator.py
[2022-07-12 18:13:59,297] {processor.py:641} INFO - Processing file /home/airflow/.local/lib/python3.7/site-packages/airflow/example_dags/example_branch_operator.py for tasks to queue
[2022-07-12 18:13:59,298] {logging_mixin.py:115} INFO - [2022-07-12 18:13:59,298] {dagbag.py:507} INFO - Filling up the DagBag from /home/airflow/.local/lib/python3.7/site-packages/airflow/example_dags/example_branch_operator.py
[2022-07-12 18:13:59,318] {processor.py:651} INFO - DAG(s) dict_keys(['example_branch_operator']) retrieved from /home/airflow/.local/lib/python3.7/site-packages/airflow/example_dags/example_branch_operator.py
[2022-07-12 18:13:59,362] {logging_mixin.py:115} INFO - [2022-07-12 18:13:59,362] {dag.py:2371} INFO - Sync 1 DAGs
[2022-07-12 18:13:59,707] {logging_mixin.py:115} INFO - [2022-07-12 18:13:59,706] {dag.py:2919} INFO - Setting next_dagrun for example_branch_operator to 2022-07-11T00:00:00+00:00, run_after=2022-07-12T00:00:00+00:00
[2022-07-12 18:13:59,725] {processor.py:161} INFO - Processing /home/airflow/.local/lib/python3.7/site-packages/airflow/example_dags/example_branch_operator.py took 0.434 seconds
[2022-07-12 18:15:02,291] {processor.py:153} INFO - Started process (PID=769) to work on /home/airflow/.local/lib/python3.7/site-packages/airflow/example_dags/example_branch_operator.py
[2022-07-12 18:15:02,296] {processor.py:641} INFO - Processing file /home/airflow/.local/lib/python3.7/site-packages/airflow/example_dags/example_branch_operator.py for tasks to queue
[2022-07-12 18:15:02,301] {logging_mixin.py:115} INFO - [2022-07-12 18:15:02,301] {dagbag.py:507} INFO - Filling up the DagBag from /home/airflow/.local/lib/python3.7/site-packages/airflow/example_dags/example_branch_operator.py
[2022-07-12 18:15:02,370] {processor.py:651} INFO - DAG(s) dict_keys(['example_branch_operator']) retrieved from /home/airflow/.local/lib/python3.7/site-packages/airflow/example_dags/example_branch_operator.py
[2022-07-12 18:15:02,644] {logging_mixin.py:115} INFO - [2022-07-12 18:15:02,643] {dag.py:2371} INFO - Sync 1 DAGs
[2022-07-12 18:15:04,811] {logging_mixin.py:115} INFO - [2022-07-12 18:15:04,811] {dag.py:2919} INFO - Setting next_dagrun for example_branch_operator to 2022-07-11T00:00:00+00:00, run_after=2022-07-12T00:00:00+00:00
[2022-07-12 18:15:04,888] {processor.py:161} INFO - Processing /home/airflow/.local/lib/python3.7/site-packages/airflow/example_dags/example_branch_operator.py took 2.604 seconds
[2022-07-12 18:15:35,621] {processor.py:153} INFO - Started process (PID=813) to work on /home/airflow/.local/lib/python3.7/site-packages/airflow/example_dags/example_branch_operator.py
[2022-07-12 18:15:35,625] {processor.py:641} INFO - Processing file /home/airflow/.local/lib/python3.7/site-packages/airflow/example_dags/example_branch_operator.py for tasks to queue
[2022-07-12 18:15:35,627] {logging_mixin.py:115} INFO - [2022-07-12 18:15:35,627] {dagbag.py:507} INFO - Filling up the DagBag from /home/airflow/.local/lib/python3.7/site-packages/airflow/example_dags/example_branch_operator.py
[2022-07-12 18:15:35,670] {processor.py:651} INFO - DAG(s) dict_keys(['example_branch_operator']) retrieved from /home/airflow/.local/lib/python3.7/site-packages/airflow/example_dags/example_branch_operator.py
[2022-07-12 18:15:35,768] {logging_mixin.py:115} INFO - [2022-07-12 18:15:35,768] {dag.py:2371} INFO - Sync 1 DAGs
[2022-07-12 18:15:36,470] {logging_mixin.py:115} INFO - [2022-07-12 18:15:36,470] {dag.py:2919} INFO - Setting next_dagrun for example_branch_operator to 2022-07-11T00:00:00+00:00, run_after=2022-07-12T00:00:00+00:00
[2022-07-12 18:15:36,498] {processor.py:161} INFO - Processing /home/airflow/.local/lib/python3.7/site-packages/airflow/example_dags/example_branch_operator.py took 0.887 seconds
[2022-07-12 18:16:16,170] {processor.py:153} INFO - Started process (PID=872) to work on /home/airflow/.local/lib/python3.7/site-packages/airflow/example_dags/example_branch_operator.py
[2022-07-12 18:16:16,177] {processor.py:641} INFO - Processing file /home/airflow/.local/lib/python3.7/site-packages/airflow/example_dags/example_branch_operator.py for tasks to queue
[2022-07-12 18:16:16,187] {logging_mixin.py:115} INFO - [2022-07-12 18:16:16,187] {dagbag.py:507} INFO - Filling up the DagBag from /home/airflow/.local/lib/python3.7/site-packages/airflow/example_dags/example_branch_operator.py
[2022-07-12 18:16:16,341] {processor.py:651} INFO - DAG(s) dict_keys(['example_branch_operator']) retrieved from /home/airflow/.local/lib/python3.7/site-packages/airflow/example_dags/example_branch_operator.py
[2022-07-12 18:16:16,502] {logging_mixin.py:115} INFO - [2022-07-12 18:16:16,502] {dag.py:2371} INFO - Sync 1 DAGs
[2022-07-12 18:16:24,824] {logging_mixin.py:115} INFO - [2022-07-12 18:16:24,823] {dag.py:2919} INFO - Setting next_dagrun for example_branch_operator to 2022-07-11T00:00:00+00:00, run_after=2022-07-12T00:00:00+00:00
[2022-07-12 18:16:25,075] {processor.py:161} INFO - Processing /home/airflow/.local/lib/python3.7/site-packages/airflow/example_dags/example_branch_operator.py took 8.924 seconds
[2022-07-12 18:17:03,425] {processor.py:153} INFO - Started process (PID=926) to work on /home/airflow/.local/lib/python3.7/site-packages/airflow/example_dags/example_branch_operator.py
[2022-07-12 18:17:03,432] {processor.py:641} INFO - Processing file /home/airflow/.local/lib/python3.7/site-packages/airflow/example_dags/example_branch_operator.py for tasks to queue
[2022-07-12 18:17:03,437] {logging_mixin.py:115} INFO - [2022-07-12 18:17:03,437] {dagbag.py:507} INFO - Filling up the DagBag from /home/airflow/.local/lib/python3.7/site-packages/airflow/example_dags/example_branch_operator.py
[2022-07-12 18:17:03,474] {processor.py:651} INFO - DAG(s) dict_keys(['example_branch_operator']) retrieved from /home/airflow/.local/lib/python3.7/site-packages/airflow/example_dags/example_branch_operator.py
[2022-07-12 18:17:03,570] {logging_mixin.py:115} INFO - [2022-07-12 18:17:03,569] {dag.py:2371} INFO - Sync 1 DAGs
[2022-07-12 18:17:04,138] {logging_mixin.py:115} INFO - [2022-07-12 18:17:04,138] {dag.py:2919} INFO - Setting next_dagrun for example_branch_operator to 2022-07-11T00:00:00+00:00, run_after=2022-07-12T00:00:00+00:00
[2022-07-12 18:17:04,171] {processor.py:161} INFO - Processing /home/airflow/.local/lib/python3.7/site-packages/airflow/example_dags/example_branch_operator.py took 0.752 seconds
[2022-07-12 18:17:34,644] {processor.py:153} INFO - Started process (PID=978) to work on /home/airflow/.local/lib/python3.7/site-packages/airflow/example_dags/example_branch_operator.py
[2022-07-12 18:17:34,648] {processor.py:641} INFO - Processing file /home/airflow/.local/lib/python3.7/site-packages/airflow/example_dags/example_branch_operator.py for tasks to queue
[2022-07-12 18:17:34,649] {logging_mixin.py:115} INFO - [2022-07-12 18:17:34,649] {dagbag.py:507} INFO - Filling up the DagBag from /home/airflow/.local/lib/python3.7/site-packages/airflow/example_dags/example_branch_operator.py
[2022-07-12 18:17:34,671] {processor.py:651} INFO - DAG(s) dict_keys(['example_branch_operator']) retrieved from /home/airflow/.local/lib/python3.7/site-packages/airflow/example_dags/example_branch_operator.py
[2022-07-12 18:17:34,742] {logging_mixin.py:115} INFO - [2022-07-12 18:17:34,742] {dag.py:2371} INFO - Sync 1 DAGs
[2022-07-12 18:17:35,413] {logging_mixin.py:115} INFO - [2022-07-12 18:17:35,413] {dag.py:2919} INFO - Setting next_dagrun for example_branch_operator to 2022-07-11T00:00:00+00:00, run_after=2022-07-12T00:00:00+00:00
[2022-07-12 18:17:35,478] {processor.py:161} INFO - Processing /home/airflow/.local/lib/python3.7/site-packages/airflow/example_dags/example_branch_operator.py took 0.839 seconds
[2022-07-12 18:18:05,849] {processor.py:153} INFO - Started process (PID=1039) to work on /home/airflow/.local/lib/python3.7/site-packages/airflow/example_dags/example_branch_operator.py
[2022-07-12 18:18:05,855] {processor.py:641} INFO - Processing file /home/airflow/.local/lib/python3.7/site-packages/airflow/example_dags/example_branch_operator.py for tasks to queue
[2022-07-12 18:18:05,859] {logging_mixin.py:115} INFO - [2022-07-12 18:18:05,859] {dagbag.py:507} INFO - Filling up the DagBag from /home/airflow/.local/lib/python3.7/site-packages/airflow/example_dags/example_branch_operator.py
[2022-07-12 18:18:05,890] {processor.py:651} INFO - DAG(s) dict_keys(['example_branch_operator']) retrieved from /home/airflow/.local/lib/python3.7/site-packages/airflow/example_dags/example_branch_operator.py
[2022-07-12 18:18:05,991] {logging_mixin.py:115} INFO - [2022-07-12 18:18:05,991] {dag.py:2371} INFO - Sync 1 DAGs
[2022-07-12 18:18:06,708] {logging_mixin.py:115} INFO - [2022-07-12 18:18:06,708] {dag.py:2919} INFO - Setting next_dagrun for example_branch_operator to 2022-07-11T00:00:00+00:00, run_after=2022-07-12T00:00:00+00:00
[2022-07-12 18:18:06,725] {processor.py:161} INFO - Processing /home/airflow/.local/lib/python3.7/site-packages/airflow/example_dags/example_branch_operator.py took 0.903 seconds
[2022-07-12 18:18:36,963] {processor.py:153} INFO - Started process (PID=1091) to work on /home/airflow/.local/lib/python3.7/site-packages/airflow/example_dags/example_branch_operator.py
[2022-07-12 18:18:36,979] {processor.py:641} INFO - Processing file /home/airflow/.local/lib/python3.7/site-packages/airflow/example_dags/example_branch_operator.py for tasks to queue
[2022-07-12 18:18:36,992] {logging_mixin.py:115} INFO - [2022-07-12 18:18:36,992] {dagbag.py:507} INFO - Filling up the DagBag from /home/airflow/.local/lib/python3.7/site-packages/airflow/example_dags/example_branch_operator.py
[2022-07-12 18:18:37,112] {processor.py:651} INFO - DAG(s) dict_keys(['example_branch_operator']) retrieved from /home/airflow/.local/lib/python3.7/site-packages/airflow/example_dags/example_branch_operator.py
[2022-07-12 18:18:37,258] {logging_mixin.py:115} INFO - [2022-07-12 18:18:37,258] {dag.py:2371} INFO - Sync 1 DAGs
[2022-07-12 18:18:38,564] {logging_mixin.py:115} INFO - [2022-07-12 18:18:38,562] {dag.py:2919} INFO - Setting next_dagrun for example_branch_operator to 2022-07-11T00:00:00+00:00, run_after=2022-07-12T00:00:00+00:00
[2022-07-12 18:18:38,650] {processor.py:161} INFO - Processing /home/airflow/.local/lib/python3.7/site-packages/airflow/example_dags/example_branch_operator.py took 1.727 seconds
[2022-07-12 18:19:09,076] {processor.py:153} INFO - Started process (PID=1143) to work on /home/airflow/.local/lib/python3.7/site-packages/airflow/example_dags/example_branch_operator.py
[2022-07-12 18:19:09,086] {processor.py:641} INFO - Processing file /home/airflow/.local/lib/python3.7/site-packages/airflow/example_dags/example_branch_operator.py for tasks to queue
[2022-07-12 18:19:09,089] {logging_mixin.py:115} INFO - [2022-07-12 18:19:09,089] {dagbag.py:507} INFO - Filling up the DagBag from /home/airflow/.local/lib/python3.7/site-packages/airflow/example_dags/example_branch_operator.py
[2022-07-12 18:19:09,114] {processor.py:651} INFO - DAG(s) dict_keys(['example_branch_operator']) retrieved from /home/airflow/.local/lib/python3.7/site-packages/airflow/example_dags/example_branch_operator.py
[2022-07-12 18:19:09,197] {logging_mixin.py:115} INFO - [2022-07-12 18:19:09,197] {dag.py:2371} INFO - Sync 1 DAGs
[2022-07-12 18:19:09,823] {logging_mixin.py:115} INFO - [2022-07-12 18:19:09,822] {dag.py:2919} INFO - Setting next_dagrun for example_branch_operator to 2022-07-11T00:00:00+00:00, run_after=2022-07-12T00:00:00+00:00
[2022-07-12 18:19:09,875] {processor.py:161} INFO - Processing /home/airflow/.local/lib/python3.7/site-packages/airflow/example_dags/example_branch_operator.py took 0.812 seconds
[2022-07-12 18:19:40,262] {processor.py:153} INFO - Started process (PID=1205) to work on /home/airflow/.local/lib/python3.7/site-packages/airflow/example_dags/example_branch_operator.py
[2022-07-12 18:19:40,265] {processor.py:641} INFO - Processing file /home/airflow/.local/lib/python3.7/site-packages/airflow/example_dags/example_branch_operator.py for tasks to queue
[2022-07-12 18:19:40,271] {logging_mixin.py:115} INFO - [2022-07-12 18:19:40,271] {dagbag.py:507} INFO - Filling up the DagBag from /home/airflow/.local/lib/python3.7/site-packages/airflow/example_dags/example_branch_operator.py
[2022-07-12 18:19:40,313] {processor.py:651} INFO - DAG(s) dict_keys(['example_branch_operator']) retrieved from /home/airflow/.local/lib/python3.7/site-packages/airflow/example_dags/example_branch_operator.py
[2022-07-12 18:19:40,496] {logging_mixin.py:115} INFO - [2022-07-12 18:19:40,495] {dag.py:2371} INFO - Sync 1 DAGs
[2022-07-12 18:19:42,463] {logging_mixin.py:115} INFO - [2022-07-12 18:19:42,462] {dag.py:2919} INFO - Setting next_dagrun for example_branch_operator to 2022-07-11T00:00:00+00:00, run_after=2022-07-12T00:00:00+00:00
[2022-07-12 18:19:42,482] {processor.py:161} INFO - Processing /home/airflow/.local/lib/python3.7/site-packages/airflow/example_dags/example_branch_operator.py took 2.226 seconds
[2022-07-12 18:20:12,965] {processor.py:153} INFO - Started process (PID=1256) to work on /home/airflow/.local/lib/python3.7/site-packages/airflow/example_dags/example_branch_operator.py
[2022-07-12 18:20:12,968] {processor.py:641} INFO - Processing file /home/airflow/.local/lib/python3.7/site-packages/airflow/example_dags/example_branch_operator.py for tasks to queue
[2022-07-12 18:20:12,969] {logging_mixin.py:115} INFO - [2022-07-12 18:20:12,969] {dagbag.py:507} INFO - Filling up the DagBag from /home/airflow/.local/lib/python3.7/site-packages/airflow/example_dags/example_branch_operator.py
[2022-07-12 18:20:13,017] {processor.py:651} INFO - DAG(s) dict_keys(['example_branch_operator']) retrieved from /home/airflow/.local/lib/python3.7/site-packages/airflow/example_dags/example_branch_operator.py
[2022-07-12 18:20:13,132] {logging_mixin.py:115} INFO - [2022-07-12 18:20:13,132] {dag.py:2371} INFO - Sync 1 DAGs
[2022-07-12 18:20:13,697] {logging_mixin.py:115} INFO - [2022-07-12 18:20:13,697] {dag.py:2919} INFO - Setting next_dagrun for example_branch_operator to 2022-07-11T00:00:00+00:00, run_after=2022-07-12T00:00:00+00:00
[2022-07-12 18:20:13,717] {processor.py:161} INFO - Processing /home/airflow/.local/lib/python3.7/site-packages/airflow/example_dags/example_branch_operator.py took 0.776 seconds
[2022-07-12 18:20:44,115] {processor.py:153} INFO - Started process (PID=1318) to work on /home/airflow/.local/lib/python3.7/site-packages/airflow/example_dags/example_branch_operator.py
[2022-07-12 18:20:44,119] {processor.py:641} INFO - Processing file /home/airflow/.local/lib/python3.7/site-packages/airflow/example_dags/example_branch_operator.py for tasks to queue
[2022-07-12 18:20:44,122] {logging_mixin.py:115} INFO - [2022-07-12 18:20:44,122] {dagbag.py:507} INFO - Filling up the DagBag from /home/airflow/.local/lib/python3.7/site-packages/airflow/example_dags/example_branch_operator.py
[2022-07-12 18:20:44,152] {processor.py:651} INFO - DAG(s) dict_keys(['example_branch_operator']) retrieved from /home/airflow/.local/lib/python3.7/site-packages/airflow/example_dags/example_branch_operator.py
[2022-07-12 18:20:44,239] {logging_mixin.py:115} INFO - [2022-07-12 18:20:44,238] {dag.py:2371} INFO - Sync 1 DAGs
[2022-07-12 18:20:45,149] {logging_mixin.py:115} INFO - [2022-07-12 18:20:45,148] {dag.py:2919} INFO - Setting next_dagrun for example_branch_operator to 2022-07-11T00:00:00+00:00, run_after=2022-07-12T00:00:00+00:00
[2022-07-12 18:20:45,174] {processor.py:161} INFO - Processing /home/airflow/.local/lib/python3.7/site-packages/airflow/example_dags/example_branch_operator.py took 1.070 seconds
[2022-07-12 18:21:15,858] {processor.py:153} INFO - Started process (PID=1370) to work on /home/airflow/.local/lib/python3.7/site-packages/airflow/example_dags/example_branch_operator.py
[2022-07-12 18:21:15,861] {processor.py:641} INFO - Processing file /home/airflow/.local/lib/python3.7/site-packages/airflow/example_dags/example_branch_operator.py for tasks to queue
[2022-07-12 18:21:15,863] {logging_mixin.py:115} INFO - [2022-07-12 18:21:15,863] {dagbag.py:507} INFO - Filling up the DagBag from /home/airflow/.local/lib/python3.7/site-packages/airflow/example_dags/example_branch_operator.py
[2022-07-12 18:21:15,882] {processor.py:651} INFO - DAG(s) dict_keys(['example_branch_operator']) retrieved from /home/airflow/.local/lib/python3.7/site-packages/airflow/example_dags/example_branch_operator.py
[2022-07-12 18:21:15,941] {logging_mixin.py:115} INFO - [2022-07-12 18:21:15,941] {dag.py:2371} INFO - Sync 1 DAGs
[2022-07-12 18:21:16,333] {logging_mixin.py:115} INFO - [2022-07-12 18:21:16,333] {dag.py:2919} INFO - Setting next_dagrun for example_branch_operator to 2022-07-11T00:00:00+00:00, run_after=2022-07-12T00:00:00+00:00
[2022-07-12 18:21:16,356] {processor.py:161} INFO - Processing /home/airflow/.local/lib/python3.7/site-packages/airflow/example_dags/example_branch_operator.py took 0.503 seconds
[2022-07-12 18:25:32,556] {processor.py:153} INFO - Started process (PID=82) to work on /home/airflow/.local/lib/python3.7/site-packages/airflow/example_dags/example_branch_operator.py
[2022-07-12 18:25:32,560] {processor.py:641} INFO - Processing file /home/airflow/.local/lib/python3.7/site-packages/airflow/example_dags/example_branch_operator.py for tasks to queue
[2022-07-12 18:25:32,562] {logging_mixin.py:115} INFO - [2022-07-12 18:25:32,562] {dagbag.py:507} INFO - Filling up the DagBag from /home/airflow/.local/lib/python3.7/site-packages/airflow/example_dags/example_branch_operator.py
[2022-07-12 18:25:32,579] {processor.py:651} INFO - DAG(s) dict_keys(['example_branch_operator']) retrieved from /home/airflow/.local/lib/python3.7/site-packages/airflow/example_dags/example_branch_operator.py
[2022-07-12 18:25:33,270] {logging_mixin.py:115} INFO - [2022-07-12 18:25:33,270] {manager.py:508} INFO - Created Permission View: can read on DAG:example_branch_operator
[2022-07-12 18:25:33,298] {logging_mixin.py:115} INFO - [2022-07-12 18:25:33,298] {manager.py:508} INFO - Created Permission View: can edit on DAG:example_branch_operator
[2022-07-12 18:25:33,310] {logging_mixin.py:115} INFO - [2022-07-12 18:25:33,309] {manager.py:508} INFO - Created Permission View: can delete on DAG:example_branch_operator
[2022-07-12 18:25:33,313] {logging_mixin.py:115} INFO - [2022-07-12 18:25:33,313] {dag.py:2371} INFO - Sync 1 DAGs
[2022-07-12 18:25:33,325] {logging_mixin.py:115} INFO - [2022-07-12 18:25:33,325] {dag.py:2390} INFO - Creating ORM DAG for example_branch_operator
[2022-07-12 18:25:33,358] {logging_mixin.py:115} INFO - [2022-07-12 18:25:33,357] {dag.py:2919} INFO - Setting next_dagrun for example_branch_operator to 2022-07-11T00:00:00+00:00, run_after=2022-07-12T00:00:00+00:00
[2022-07-12 18:25:33,440] {processor.py:161} INFO - Processing /home/airflow/.local/lib/python3.7/site-packages/airflow/example_dags/example_branch_operator.py took 0.889 seconds
[2022-07-12 18:26:03,911] {processor.py:153} INFO - Started process (PID=135) to work on /home/airflow/.local/lib/python3.7/site-packages/airflow/example_dags/example_branch_operator.py
[2022-07-12 18:26:03,913] {processor.py:641} INFO - Processing file /home/airflow/.local/lib/python3.7/site-packages/airflow/example_dags/example_branch_operator.py for tasks to queue
[2022-07-12 18:26:03,915] {logging_mixin.py:115} INFO - [2022-07-12 18:26:03,915] {dagbag.py:507} INFO - Filling up the DagBag from /home/airflow/.local/lib/python3.7/site-packages/airflow/example_dags/example_branch_operator.py
[2022-07-12 18:26:03,930] {processor.py:651} INFO - DAG(s) dict_keys(['example_branch_operator']) retrieved from /home/airflow/.local/lib/python3.7/site-packages/airflow/example_dags/example_branch_operator.py
[2022-07-12 18:26:03,970] {logging_mixin.py:115} INFO - [2022-07-12 18:26:03,970] {dag.py:2371} INFO - Sync 1 DAGs
[2022-07-12 18:26:03,996] {logging_mixin.py:115} INFO - [2022-07-12 18:26:03,996] {dag.py:2919} INFO - Setting next_dagrun for example_branch_operator to 2022-07-11T00:00:00+00:00, run_after=2022-07-12T00:00:00+00:00
[2022-07-12 18:26:04,125] {processor.py:161} INFO - Processing /home/airflow/.local/lib/python3.7/site-packages/airflow/example_dags/example_branch_operator.py took 0.220 seconds
[2022-07-12 18:26:34,838] {processor.py:153} INFO - Started process (PID=196) to work on /home/airflow/.local/lib/python3.7/site-packages/airflow/example_dags/example_branch_operator.py
[2022-07-12 18:26:34,840] {processor.py:641} INFO - Processing file /home/airflow/.local/lib/python3.7/site-packages/airflow/example_dags/example_branch_operator.py for tasks to queue
[2022-07-12 18:26:34,843] {logging_mixin.py:115} INFO - [2022-07-12 18:26:34,843] {dagbag.py:507} INFO - Filling up the DagBag from /home/airflow/.local/lib/python3.7/site-packages/airflow/example_dags/example_branch_operator.py
[2022-07-12 18:26:34,868] {processor.py:651} INFO - DAG(s) dict_keys(['example_branch_operator']) retrieved from /home/airflow/.local/lib/python3.7/site-packages/airflow/example_dags/example_branch_operator.py
[2022-07-12 18:26:34,907] {logging_mixin.py:115} INFO - [2022-07-12 18:26:34,907] {dag.py:2371} INFO - Sync 1 DAGs
[2022-07-12 18:26:34,928] {logging_mixin.py:115} INFO - [2022-07-12 18:26:34,928] {dag.py:2919} INFO - Setting next_dagrun for example_branch_operator to 2022-07-11T00:00:00+00:00, run_after=2022-07-12T00:00:00+00:00
[2022-07-12 18:26:35,232] {processor.py:161} INFO - Processing /home/airflow/.local/lib/python3.7/site-packages/airflow/example_dags/example_branch_operator.py took 0.399 seconds
[2022-07-12 18:29:31,320] {processor.py:153} INFO - Started process (PID=74) to work on /home/airflow/.local/lib/python3.7/site-packages/airflow/example_dags/example_branch_operator.py
[2022-07-12 18:29:31,326] {processor.py:641} INFO - Processing file /home/airflow/.local/lib/python3.7/site-packages/airflow/example_dags/example_branch_operator.py for tasks to queue
[2022-07-12 18:29:31,335] {logging_mixin.py:115} INFO - [2022-07-12 18:29:31,335] {dagbag.py:507} INFO - Filling up the DagBag from /home/airflow/.local/lib/python3.7/site-packages/airflow/example_dags/example_branch_operator.py
[2022-07-12 18:29:31,467] {processor.py:651} INFO - DAG(s) dict_keys(['example_branch_operator']) retrieved from /home/airflow/.local/lib/python3.7/site-packages/airflow/example_dags/example_branch_operator.py
[2022-07-12 18:29:31,808] {logging_mixin.py:115} INFO - [2022-07-12 18:29:31,807] {dag.py:2371} INFO - Sync 1 DAGs
[2022-07-12 18:29:32,013] {logging_mixin.py:115} INFO - [2022-07-12 18:29:32,013] {dag.py:2919} INFO - Setting next_dagrun for example_branch_operator to 2022-07-11T00:00:00+00:00, run_after=2022-07-12T00:00:00+00:00
[2022-07-12 18:29:33,221] {processor.py:161} INFO - Processing /home/airflow/.local/lib/python3.7/site-packages/airflow/example_dags/example_branch_operator.py took 1.917 seconds
[2022-07-12 18:30:04,191] {processor.py:153} INFO - Started process (PID=135) to work on /home/airflow/.local/lib/python3.7/site-packages/airflow/example_dags/example_branch_operator.py
[2022-07-12 18:30:04,193] {processor.py:641} INFO - Processing file /home/airflow/.local/lib/python3.7/site-packages/airflow/example_dags/example_branch_operator.py for tasks to queue
[2022-07-12 18:30:04,194] {logging_mixin.py:115} INFO - [2022-07-12 18:30:04,194] {dagbag.py:507} INFO - Filling up the DagBag from /home/airflow/.local/lib/python3.7/site-packages/airflow/example_dags/example_branch_operator.py
[2022-07-12 18:30:04,214] {processor.py:651} INFO - DAG(s) dict_keys(['example_branch_operator']) retrieved from /home/airflow/.local/lib/python3.7/site-packages/airflow/example_dags/example_branch_operator.py
[2022-07-12 18:30:04,273] {logging_mixin.py:115} INFO - [2022-07-12 18:30:04,273] {dag.py:2371} INFO - Sync 1 DAGs
[2022-07-12 18:30:04,306] {logging_mixin.py:115} INFO - [2022-07-12 18:30:04,305] {dag.py:2919} INFO - Setting next_dagrun for example_branch_operator to 2022-07-11T00:00:00+00:00, run_after=2022-07-12T00:00:00+00:00
[2022-07-12 18:30:04,752] {processor.py:161} INFO - Processing /home/airflow/.local/lib/python3.7/site-packages/airflow/example_dags/example_branch_operator.py took 0.568 seconds
[2022-07-12 18:30:35,129] {processor.py:153} INFO - Started process (PID=187) to work on /home/airflow/.local/lib/python3.7/site-packages/airflow/example_dags/example_branch_operator.py
[2022-07-12 18:30:35,130] {processor.py:641} INFO - Processing file /home/airflow/.local/lib/python3.7/site-packages/airflow/example_dags/example_branch_operator.py for tasks to queue
[2022-07-12 18:30:35,131] {logging_mixin.py:115} INFO - [2022-07-12 18:30:35,131] {dagbag.py:507} INFO - Filling up the DagBag from /home/airflow/.local/lib/python3.7/site-packages/airflow/example_dags/example_branch_operator.py
[2022-07-12 18:30:35,142] {processor.py:651} INFO - DAG(s) dict_keys(['example_branch_operator']) retrieved from /home/airflow/.local/lib/python3.7/site-packages/airflow/example_dags/example_branch_operator.py
[2022-07-12 18:30:35,166] {logging_mixin.py:115} INFO - [2022-07-12 18:30:35,166] {dag.py:2371} INFO - Sync 1 DAGs
[2022-07-12 18:30:35,182] {logging_mixin.py:115} INFO - [2022-07-12 18:30:35,182] {dag.py:2919} INFO - Setting next_dagrun for example_branch_operator to 2022-07-11T00:00:00+00:00, run_after=2022-07-12T00:00:00+00:00
[2022-07-12 18:30:35,432] {processor.py:161} INFO - Processing /home/airflow/.local/lib/python3.7/site-packages/airflow/example_dags/example_branch_operator.py took 0.307 seconds
[2022-07-12 18:31:05,728] {processor.py:153} INFO - Started process (PID=250) to work on /home/airflow/.local/lib/python3.7/site-packages/airflow/example_dags/example_branch_operator.py
[2022-07-12 18:31:05,730] {processor.py:641} INFO - Processing file /home/airflow/.local/lib/python3.7/site-packages/airflow/example_dags/example_branch_operator.py for tasks to queue
[2022-07-12 18:31:05,731] {logging_mixin.py:115} INFO - [2022-07-12 18:31:05,731] {dagbag.py:507} INFO - Filling up the DagBag from /home/airflow/.local/lib/python3.7/site-packages/airflow/example_dags/example_branch_operator.py
[2022-07-12 18:31:05,740] {processor.py:651} INFO - DAG(s) dict_keys(['example_branch_operator']) retrieved from /home/airflow/.local/lib/python3.7/site-packages/airflow/example_dags/example_branch_operator.py
[2022-07-12 18:31:05,786] {logging_mixin.py:115} INFO - [2022-07-12 18:31:05,786] {dag.py:2371} INFO - Sync 1 DAGs
[2022-07-12 18:31:05,817] {logging_mixin.py:115} INFO - [2022-07-12 18:31:05,817] {dag.py:2919} INFO - Setting next_dagrun for example_branch_operator to 2022-07-11T00:00:00+00:00, run_after=2022-07-12T00:00:00+00:00
[2022-07-12 18:31:07,046] {processor.py:161} INFO - Processing /home/airflow/.local/lib/python3.7/site-packages/airflow/example_dags/example_branch_operator.py took 1.322 seconds
