[2022-07-12 18:08:33,472] {processor.py:153} INFO - Started process (PID=123) to work on /home/airflow/.local/lib/python3.7/site-packages/airflow/example_dags/example_branch_labels.py
[2022-07-12 18:08:33,474] {processor.py:641} INFO - Processing file /home/airflow/.local/lib/python3.7/site-packages/airflow/example_dags/example_branch_labels.py for tasks to queue
[2022-07-12 18:08:33,479] {logging_mixin.py:115} INFO - [2022-07-12 18:08:33,479] {dagbag.py:507} INFO - Filling up the DagBag from /home/airflow/.local/lib/python3.7/site-packages/airflow/example_dags/example_branch_labels.py
[2022-07-12 18:08:33,525] {processor.py:651} INFO - DAG(s) dict_keys(['example_branch_labels']) retrieved from /home/airflow/.local/lib/python3.7/site-packages/airflow/example_dags/example_branch_labels.py
[2022-07-12 18:08:34,342] {logging_mixin.py:115} INFO - [2022-07-12 18:08:34,342] {manager.py:508} INFO - Created Permission View: can read on DAG:example_branch_labels
[2022-07-12 18:08:34,378] {logging_mixin.py:115} INFO - [2022-07-12 18:08:34,378] {manager.py:508} INFO - Created Permission View: can delete on DAG:example_branch_labels
[2022-07-12 18:08:34,396] {logging_mixin.py:115} INFO - [2022-07-12 18:08:34,395] {manager.py:508} INFO - Created Permission View: can edit on DAG:example_branch_labels
[2022-07-12 18:08:34,400] {logging_mixin.py:115} INFO - [2022-07-12 18:08:34,400] {dag.py:2371} INFO - Sync 1 DAGs
[2022-07-12 18:08:34,431] {logging_mixin.py:115} INFO - [2022-07-12 18:08:34,431] {dag.py:2390} INFO - Creating ORM DAG for example_branch_labels
[2022-07-12 18:08:34,512] {logging_mixin.py:115} INFO - [2022-07-12 18:08:34,512] {dag.py:2919} INFO - Setting next_dagrun for example_branch_labels to 2022-07-11T00:00:00+00:00, run_after=2022-07-12T00:00:00+00:00
[2022-07-12 18:08:34,549] {processor.py:161} INFO - Processing /home/airflow/.local/lib/python3.7/site-packages/airflow/example_dags/example_branch_labels.py took 1.081 seconds
[2022-07-12 18:09:04,796] {processor.py:153} INFO - Started process (PID=183) to work on /home/airflow/.local/lib/python3.7/site-packages/airflow/example_dags/example_branch_labels.py
[2022-07-12 18:09:04,801] {processor.py:641} INFO - Processing file /home/airflow/.local/lib/python3.7/site-packages/airflow/example_dags/example_branch_labels.py for tasks to queue
[2022-07-12 18:09:04,802] {logging_mixin.py:115} INFO - [2022-07-12 18:09:04,802] {dagbag.py:507} INFO - Filling up the DagBag from /home/airflow/.local/lib/python3.7/site-packages/airflow/example_dags/example_branch_labels.py
[2022-07-12 18:09:04,812] {processor.py:651} INFO - DAG(s) dict_keys(['example_branch_labels']) retrieved from /home/airflow/.local/lib/python3.7/site-packages/airflow/example_dags/example_branch_labels.py
[2022-07-12 18:09:04,835] {logging_mixin.py:115} INFO - [2022-07-12 18:09:04,835] {dag.py:2371} INFO - Sync 1 DAGs
[2022-07-12 18:09:04,859] {logging_mixin.py:115} INFO - [2022-07-12 18:09:04,859] {dag.py:2919} INFO - Setting next_dagrun for example_branch_labels to 2022-07-11T00:00:00+00:00, run_after=2022-07-12T00:00:00+00:00
[2022-07-12 18:09:04,869] {processor.py:161} INFO - Processing /home/airflow/.local/lib/python3.7/site-packages/airflow/example_dags/example_branch_labels.py took 0.076 seconds
[2022-07-12 18:09:37,270] {processor.py:153} INFO - Started process (PID=244) to work on /home/airflow/.local/lib/python3.7/site-packages/airflow/example_dags/example_branch_labels.py
[2022-07-12 18:09:37,273] {processor.py:641} INFO - Processing file /home/airflow/.local/lib/python3.7/site-packages/airflow/example_dags/example_branch_labels.py for tasks to queue
[2022-07-12 18:09:37,276] {logging_mixin.py:115} INFO - [2022-07-12 18:09:37,276] {dagbag.py:507} INFO - Filling up the DagBag from /home/airflow/.local/lib/python3.7/site-packages/airflow/example_dags/example_branch_labels.py
[2022-07-12 18:09:37,294] {processor.py:651} INFO - DAG(s) dict_keys(['example_branch_labels']) retrieved from /home/airflow/.local/lib/python3.7/site-packages/airflow/example_dags/example_branch_labels.py
[2022-07-12 18:09:37,350] {logging_mixin.py:115} INFO - [2022-07-12 18:09:37,350] {dag.py:2371} INFO - Sync 1 DAGs
[2022-07-12 18:09:37,405] {logging_mixin.py:115} INFO - [2022-07-12 18:09:37,404] {dag.py:2919} INFO - Setting next_dagrun for example_branch_labels to 2022-07-11T00:00:00+00:00, run_after=2022-07-12T00:00:00+00:00
[2022-07-12 18:09:37,439] {processor.py:161} INFO - Processing /home/airflow/.local/lib/python3.7/site-packages/airflow/example_dags/example_branch_labels.py took 0.178 seconds
[2022-07-12 18:10:20,492] {processor.py:153} INFO - Started process (PID=308) to work on /home/airflow/.local/lib/python3.7/site-packages/airflow/example_dags/example_branch_labels.py
[2022-07-12 18:10:20,494] {processor.py:641} INFO - Processing file /home/airflow/.local/lib/python3.7/site-packages/airflow/example_dags/example_branch_labels.py for tasks to queue
[2022-07-12 18:10:20,496] {logging_mixin.py:115} INFO - [2022-07-12 18:10:20,496] {dagbag.py:507} INFO - Filling up the DagBag from /home/airflow/.local/lib/python3.7/site-packages/airflow/example_dags/example_branch_labels.py
[2022-07-12 18:10:20,505] {processor.py:651} INFO - DAG(s) dict_keys(['example_branch_labels']) retrieved from /home/airflow/.local/lib/python3.7/site-packages/airflow/example_dags/example_branch_labels.py
[2022-07-12 18:10:20,543] {logging_mixin.py:115} INFO - [2022-07-12 18:10:20,543] {dag.py:2371} INFO - Sync 1 DAGs
[2022-07-12 18:10:20,565] {logging_mixin.py:115} INFO - [2022-07-12 18:10:20,565] {dag.py:2919} INFO - Setting next_dagrun for example_branch_labels to 2022-07-11T00:00:00+00:00, run_after=2022-07-12T00:00:00+00:00
[2022-07-12 18:10:20,574] {processor.py:161} INFO - Processing /home/airflow/.local/lib/python3.7/site-packages/airflow/example_dags/example_branch_labels.py took 0.085 seconds
[2022-07-12 18:10:51,725] {processor.py:153} INFO - Started process (PID=360) to work on /home/airflow/.local/lib/python3.7/site-packages/airflow/example_dags/example_branch_labels.py
[2022-07-12 18:10:51,727] {processor.py:641} INFO - Processing file /home/airflow/.local/lib/python3.7/site-packages/airflow/example_dags/example_branch_labels.py for tasks to queue
[2022-07-12 18:10:51,729] {logging_mixin.py:115} INFO - [2022-07-12 18:10:51,729] {dagbag.py:507} INFO - Filling up the DagBag from /home/airflow/.local/lib/python3.7/site-packages/airflow/example_dags/example_branch_labels.py
[2022-07-12 18:10:51,739] {processor.py:651} INFO - DAG(s) dict_keys(['example_branch_labels']) retrieved from /home/airflow/.local/lib/python3.7/site-packages/airflow/example_dags/example_branch_labels.py
[2022-07-12 18:10:51,795] {logging_mixin.py:115} INFO - [2022-07-12 18:10:51,795] {dag.py:2371} INFO - Sync 1 DAGs
[2022-07-12 18:10:51,852] {logging_mixin.py:115} INFO - [2022-07-12 18:10:51,852] {dag.py:2919} INFO - Setting next_dagrun for example_branch_labels to 2022-07-11T00:00:00+00:00, run_after=2022-07-12T00:00:00+00:00
[2022-07-12 18:10:51,874] {processor.py:161} INFO - Processing /home/airflow/.local/lib/python3.7/site-packages/airflow/example_dags/example_branch_labels.py took 0.153 seconds
[2022-07-12 18:11:24,263] {processor.py:153} INFO - Started process (PID=420) to work on /home/airflow/.local/lib/python3.7/site-packages/airflow/example_dags/example_branch_labels.py
[2022-07-12 18:11:24,272] {processor.py:641} INFO - Processing file /home/airflow/.local/lib/python3.7/site-packages/airflow/example_dags/example_branch_labels.py for tasks to queue
[2022-07-12 18:11:24,276] {logging_mixin.py:115} INFO - [2022-07-12 18:11:24,276] {dagbag.py:507} INFO - Filling up the DagBag from /home/airflow/.local/lib/python3.7/site-packages/airflow/example_dags/example_branch_labels.py
[2022-07-12 18:11:24,309] {processor.py:651} INFO - DAG(s) dict_keys(['example_branch_labels']) retrieved from /home/airflow/.local/lib/python3.7/site-packages/airflow/example_dags/example_branch_labels.py
[2022-07-12 18:11:24,394] {logging_mixin.py:115} INFO - [2022-07-12 18:11:24,394] {dag.py:2371} INFO - Sync 1 DAGs
[2022-07-12 18:11:24,445] {logging_mixin.py:115} INFO - [2022-07-12 18:11:24,444] {dag.py:2919} INFO - Setting next_dagrun for example_branch_labels to 2022-07-11T00:00:00+00:00, run_after=2022-07-12T00:00:00+00:00
[2022-07-12 18:11:24,487] {processor.py:161} INFO - Processing /home/airflow/.local/lib/python3.7/site-packages/airflow/example_dags/example_branch_labels.py took 0.247 seconds
[2022-07-12 18:11:55,678] {processor.py:153} INFO - Started process (PID=482) to work on /home/airflow/.local/lib/python3.7/site-packages/airflow/example_dags/example_branch_labels.py
[2022-07-12 18:11:55,680] {processor.py:641} INFO - Processing file /home/airflow/.local/lib/python3.7/site-packages/airflow/example_dags/example_branch_labels.py for tasks to queue
[2022-07-12 18:11:55,682] {logging_mixin.py:115} INFO - [2022-07-12 18:11:55,682] {dagbag.py:507} INFO - Filling up the DagBag from /home/airflow/.local/lib/python3.7/site-packages/airflow/example_dags/example_branch_labels.py
[2022-07-12 18:11:55,687] {processor.py:651} INFO - DAG(s) dict_keys(['example_branch_labels']) retrieved from /home/airflow/.local/lib/python3.7/site-packages/airflow/example_dags/example_branch_labels.py
[2022-07-12 18:11:55,712] {logging_mixin.py:115} INFO - [2022-07-12 18:11:55,712] {dag.py:2371} INFO - Sync 1 DAGs
[2022-07-12 18:11:55,827] {logging_mixin.py:115} INFO - [2022-07-12 18:11:55,827] {dag.py:2919} INFO - Setting next_dagrun for example_branch_labels to 2022-07-11T00:00:00+00:00, run_after=2022-07-12T00:00:00+00:00
[2022-07-12 18:11:55,836] {processor.py:161} INFO - Processing /home/airflow/.local/lib/python3.7/site-packages/airflow/example_dags/example_branch_labels.py took 0.161 seconds
[2022-07-12 18:12:28,021] {processor.py:153} INFO - Started process (PID=542) to work on /home/airflow/.local/lib/python3.7/site-packages/airflow/example_dags/example_branch_labels.py
[2022-07-12 18:12:28,027] {processor.py:641} INFO - Processing file /home/airflow/.local/lib/python3.7/site-packages/airflow/example_dags/example_branch_labels.py for tasks to queue
[2022-07-12 18:12:28,031] {logging_mixin.py:115} INFO - [2022-07-12 18:12:28,031] {dagbag.py:507} INFO - Filling up the DagBag from /home/airflow/.local/lib/python3.7/site-packages/airflow/example_dags/example_branch_labels.py
[2022-07-12 18:12:28,063] {processor.py:651} INFO - DAG(s) dict_keys(['example_branch_labels']) retrieved from /home/airflow/.local/lib/python3.7/site-packages/airflow/example_dags/example_branch_labels.py
[2022-07-12 18:12:28,147] {logging_mixin.py:115} INFO - [2022-07-12 18:12:28,147] {dag.py:2371} INFO - Sync 1 DAGs
[2022-07-12 18:12:28,824] {logging_mixin.py:115} INFO - [2022-07-12 18:12:28,823] {dag.py:2919} INFO - Setting next_dagrun for example_branch_labels to 2022-07-11T00:00:00+00:00, run_after=2022-07-12T00:00:00+00:00
[2022-07-12 18:12:28,866] {processor.py:161} INFO - Processing /home/airflow/.local/lib/python3.7/site-packages/airflow/example_dags/example_branch_labels.py took 0.858 seconds
[2022-07-12 18:12:58,986] {processor.py:153} INFO - Started process (PID=595) to work on /home/airflow/.local/lib/python3.7/site-packages/airflow/example_dags/example_branch_labels.py
[2022-07-12 18:12:58,989] {processor.py:641} INFO - Processing file /home/airflow/.local/lib/python3.7/site-packages/airflow/example_dags/example_branch_labels.py for tasks to queue
[2022-07-12 18:12:58,991] {logging_mixin.py:115} INFO - [2022-07-12 18:12:58,991] {dagbag.py:507} INFO - Filling up the DagBag from /home/airflow/.local/lib/python3.7/site-packages/airflow/example_dags/example_branch_labels.py
[2022-07-12 18:12:59,003] {processor.py:651} INFO - DAG(s) dict_keys(['example_branch_labels']) retrieved from /home/airflow/.local/lib/python3.7/site-packages/airflow/example_dags/example_branch_labels.py
[2022-07-12 18:12:59,050] {logging_mixin.py:115} INFO - [2022-07-12 18:12:59,049] {dag.py:2371} INFO - Sync 1 DAGs
[2022-07-12 18:12:59,298] {logging_mixin.py:115} INFO - [2022-07-12 18:12:59,298] {dag.py:2919} INFO - Setting next_dagrun for example_branch_labels to 2022-07-11T00:00:00+00:00, run_after=2022-07-12T00:00:00+00:00
[2022-07-12 18:12:59,321] {processor.py:161} INFO - Processing /home/airflow/.local/lib/python3.7/site-packages/airflow/example_dags/example_branch_labels.py took 0.338 seconds
[2022-07-12 18:13:30,542] {processor.py:153} INFO - Started process (PID=647) to work on /home/airflow/.local/lib/python3.7/site-packages/airflow/example_dags/example_branch_labels.py
[2022-07-12 18:13:30,551] {processor.py:641} INFO - Processing file /home/airflow/.local/lib/python3.7/site-packages/airflow/example_dags/example_branch_labels.py for tasks to queue
[2022-07-12 18:13:30,555] {logging_mixin.py:115} INFO - [2022-07-12 18:13:30,555] {dagbag.py:507} INFO - Filling up the DagBag from /home/airflow/.local/lib/python3.7/site-packages/airflow/example_dags/example_branch_labels.py
[2022-07-12 18:13:30,566] {processor.py:651} INFO - DAG(s) dict_keys(['example_branch_labels']) retrieved from /home/airflow/.local/lib/python3.7/site-packages/airflow/example_dags/example_branch_labels.py
[2022-07-12 18:13:30,618] {logging_mixin.py:115} INFO - [2022-07-12 18:13:30,618] {dag.py:2371} INFO - Sync 1 DAGs
[2022-07-12 18:13:30,778] {logging_mixin.py:115} INFO - [2022-07-12 18:13:30,778] {dag.py:2919} INFO - Setting next_dagrun for example_branch_labels to 2022-07-11T00:00:00+00:00, run_after=2022-07-12T00:00:00+00:00
[2022-07-12 18:13:30,788] {processor.py:161} INFO - Processing /home/airflow/.local/lib/python3.7/site-packages/airflow/example_dags/example_branch_labels.py took 0.259 seconds
[2022-07-12 18:14:02,945] {processor.py:153} INFO - Started process (PID=708) to work on /home/airflow/.local/lib/python3.7/site-packages/airflow/example_dags/example_branch_labels.py
[2022-07-12 18:14:02,970] {processor.py:641} INFO - Processing file /home/airflow/.local/lib/python3.7/site-packages/airflow/example_dags/example_branch_labels.py for tasks to queue
[2022-07-12 18:14:02,973] {logging_mixin.py:115} INFO - [2022-07-12 18:14:02,972] {dagbag.py:507} INFO - Filling up the DagBag from /home/airflow/.local/lib/python3.7/site-packages/airflow/example_dags/example_branch_labels.py
[2022-07-12 18:14:03,010] {processor.py:651} INFO - DAG(s) dict_keys(['example_branch_labels']) retrieved from /home/airflow/.local/lib/python3.7/site-packages/airflow/example_dags/example_branch_labels.py
[2022-07-12 18:14:03,069] {logging_mixin.py:115} INFO - [2022-07-12 18:14:03,069] {dag.py:2371} INFO - Sync 1 DAGs
[2022-07-12 18:14:03,472] {logging_mixin.py:115} INFO - [2022-07-12 18:14:03,471] {dag.py:2919} INFO - Setting next_dagrun for example_branch_labels to 2022-07-11T00:00:00+00:00, run_after=2022-07-12T00:00:00+00:00
[2022-07-12 18:14:03,510] {processor.py:161} INFO - Processing /home/airflow/.local/lib/python3.7/site-packages/airflow/example_dags/example_branch_labels.py took 0.579 seconds
[2022-07-12 18:15:09,838] {processor.py:153} INFO - Started process (PID=778) to work on /home/airflow/.local/lib/python3.7/site-packages/airflow/example_dags/example_branch_labels.py
[2022-07-12 18:15:09,842] {processor.py:641} INFO - Processing file /home/airflow/.local/lib/python3.7/site-packages/airflow/example_dags/example_branch_labels.py for tasks to queue
[2022-07-12 18:15:09,844] {logging_mixin.py:115} INFO - [2022-07-12 18:15:09,844] {dagbag.py:507} INFO - Filling up the DagBag from /home/airflow/.local/lib/python3.7/site-packages/airflow/example_dags/example_branch_labels.py
[2022-07-12 18:15:09,859] {processor.py:651} INFO - DAG(s) dict_keys(['example_branch_labels']) retrieved from /home/airflow/.local/lib/python3.7/site-packages/airflow/example_dags/example_branch_labels.py
[2022-07-12 18:15:09,933] {logging_mixin.py:115} INFO - [2022-07-12 18:15:09,933] {dag.py:2371} INFO - Sync 1 DAGs
[2022-07-12 18:15:10,169] {logging_mixin.py:115} INFO - [2022-07-12 18:15:10,169] {dag.py:2919} INFO - Setting next_dagrun for example_branch_labels to 2022-07-11T00:00:00+00:00, run_after=2022-07-12T00:00:00+00:00
[2022-07-12 18:15:10,180] {processor.py:161} INFO - Processing /home/airflow/.local/lib/python3.7/site-packages/airflow/example_dags/example_branch_labels.py took 0.427 seconds
[2022-07-12 18:15:42,577] {processor.py:153} INFO - Started process (PID=829) to work on /home/airflow/.local/lib/python3.7/site-packages/airflow/example_dags/example_branch_labels.py
[2022-07-12 18:15:42,615] {processor.py:641} INFO - Processing file /home/airflow/.local/lib/python3.7/site-packages/airflow/example_dags/example_branch_labels.py for tasks to queue
[2022-07-12 18:15:42,627] {logging_mixin.py:115} INFO - [2022-07-12 18:15:42,626] {dagbag.py:507} INFO - Filling up the DagBag from /home/airflow/.local/lib/python3.7/site-packages/airflow/example_dags/example_branch_labels.py
[2022-07-12 18:15:42,669] {processor.py:651} INFO - DAG(s) dict_keys(['example_branch_labels']) retrieved from /home/airflow/.local/lib/python3.7/site-packages/airflow/example_dags/example_branch_labels.py
[2022-07-12 18:15:42,797] {logging_mixin.py:115} INFO - [2022-07-12 18:15:42,796] {dag.py:2371} INFO - Sync 1 DAGs
[2022-07-12 18:15:43,820] {logging_mixin.py:115} INFO - [2022-07-12 18:15:43,820] {dag.py:2919} INFO - Setting next_dagrun for example_branch_labels to 2022-07-11T00:00:00+00:00, run_after=2022-07-12T00:00:00+00:00
[2022-07-12 18:15:43,982] {processor.py:161} INFO - Processing /home/airflow/.local/lib/python3.7/site-packages/airflow/example_dags/example_branch_labels.py took 1.422 seconds
[2022-07-12 18:16:55,017] {processor.py:153} INFO - Started process (PID=897) to work on /home/airflow/.local/lib/python3.7/site-packages/airflow/example_dags/example_branch_labels.py
[2022-07-12 18:16:55,020] {processor.py:641} INFO - Processing file /home/airflow/.local/lib/python3.7/site-packages/airflow/example_dags/example_branch_labels.py for tasks to queue
[2022-07-12 18:16:55,027] {logging_mixin.py:115} INFO - [2022-07-12 18:16:55,027] {dagbag.py:507} INFO - Filling up the DagBag from /home/airflow/.local/lib/python3.7/site-packages/airflow/example_dags/example_branch_labels.py
[2022-07-12 18:16:55,049] {processor.py:651} INFO - DAG(s) dict_keys(['example_branch_labels']) retrieved from /home/airflow/.local/lib/python3.7/site-packages/airflow/example_dags/example_branch_labels.py
[2022-07-12 18:16:55,121] {logging_mixin.py:115} INFO - [2022-07-12 18:16:55,121] {dag.py:2371} INFO - Sync 1 DAGs
[2022-07-12 18:16:55,447] {logging_mixin.py:115} INFO - [2022-07-12 18:16:55,447] {dag.py:2919} INFO - Setting next_dagrun for example_branch_labels to 2022-07-11T00:00:00+00:00, run_after=2022-07-12T00:00:00+00:00
[2022-07-12 18:16:55,468] {processor.py:161} INFO - Processing /home/airflow/.local/lib/python3.7/site-packages/airflow/example_dags/example_branch_labels.py took 0.464 seconds
[2022-07-12 18:17:25,999] {processor.py:153} INFO - Started process (PID=950) to work on /home/airflow/.local/lib/python3.7/site-packages/airflow/example_dags/example_branch_labels.py
[2022-07-12 18:17:26,001] {processor.py:641} INFO - Processing file /home/airflow/.local/lib/python3.7/site-packages/airflow/example_dags/example_branch_labels.py for tasks to queue
[2022-07-12 18:17:26,003] {logging_mixin.py:115} INFO - [2022-07-12 18:17:26,003] {dagbag.py:507} INFO - Filling up the DagBag from /home/airflow/.local/lib/python3.7/site-packages/airflow/example_dags/example_branch_labels.py
[2022-07-12 18:17:26,011] {processor.py:651} INFO - DAG(s) dict_keys(['example_branch_labels']) retrieved from /home/airflow/.local/lib/python3.7/site-packages/airflow/example_dags/example_branch_labels.py
[2022-07-12 18:17:26,045] {logging_mixin.py:115} INFO - [2022-07-12 18:17:26,045] {dag.py:2371} INFO - Sync 1 DAGs
[2022-07-12 18:17:26,281] {logging_mixin.py:115} INFO - [2022-07-12 18:17:26,281] {dag.py:2919} INFO - Setting next_dagrun for example_branch_labels to 2022-07-11T00:00:00+00:00, run_after=2022-07-12T00:00:00+00:00
[2022-07-12 18:17:26,292] {processor.py:161} INFO - Processing /home/airflow/.local/lib/python3.7/site-packages/airflow/example_dags/example_branch_labels.py took 0.298 seconds
[2022-07-12 18:17:56,371] {processor.py:153} INFO - Started process (PID=1011) to work on /home/airflow/.local/lib/python3.7/site-packages/airflow/example_dags/example_branch_labels.py
[2022-07-12 18:17:56,373] {processor.py:641} INFO - Processing file /home/airflow/.local/lib/python3.7/site-packages/airflow/example_dags/example_branch_labels.py for tasks to queue
[2022-07-12 18:17:56,376] {logging_mixin.py:115} INFO - [2022-07-12 18:17:56,376] {dagbag.py:507} INFO - Filling up the DagBag from /home/airflow/.local/lib/python3.7/site-packages/airflow/example_dags/example_branch_labels.py
[2022-07-12 18:17:56,384] {processor.py:651} INFO - DAG(s) dict_keys(['example_branch_labels']) retrieved from /home/airflow/.local/lib/python3.7/site-packages/airflow/example_dags/example_branch_labels.py
[2022-07-12 18:17:56,420] {logging_mixin.py:115} INFO - [2022-07-12 18:17:56,420] {dag.py:2371} INFO - Sync 1 DAGs
[2022-07-12 18:17:56,545] {logging_mixin.py:115} INFO - [2022-07-12 18:17:56,545] {dag.py:2919} INFO - Setting next_dagrun for example_branch_labels to 2022-07-11T00:00:00+00:00, run_after=2022-07-12T00:00:00+00:00
[2022-07-12 18:17:56,555] {processor.py:161} INFO - Processing /home/airflow/.local/lib/python3.7/site-packages/airflow/example_dags/example_branch_labels.py took 0.188 seconds
[2022-07-12 18:18:27,633] {processor.py:153} INFO - Started process (PID=1063) to work on /home/airflow/.local/lib/python3.7/site-packages/airflow/example_dags/example_branch_labels.py
[2022-07-12 18:18:27,638] {processor.py:641} INFO - Processing file /home/airflow/.local/lib/python3.7/site-packages/airflow/example_dags/example_branch_labels.py for tasks to queue
[2022-07-12 18:18:27,640] {logging_mixin.py:115} INFO - [2022-07-12 18:18:27,640] {dagbag.py:507} INFO - Filling up the DagBag from /home/airflow/.local/lib/python3.7/site-packages/airflow/example_dags/example_branch_labels.py
[2022-07-12 18:18:27,649] {processor.py:651} INFO - DAG(s) dict_keys(['example_branch_labels']) retrieved from /home/airflow/.local/lib/python3.7/site-packages/airflow/example_dags/example_branch_labels.py
[2022-07-12 18:18:27,694] {logging_mixin.py:115} INFO - [2022-07-12 18:18:27,694] {dag.py:2371} INFO - Sync 1 DAGs
[2022-07-12 18:18:27,957] {logging_mixin.py:115} INFO - [2022-07-12 18:18:27,957] {dag.py:2919} INFO - Setting next_dagrun for example_branch_labels to 2022-07-11T00:00:00+00:00, run_after=2022-07-12T00:00:00+00:00
[2022-07-12 18:18:27,970] {processor.py:161} INFO - Processing /home/airflow/.local/lib/python3.7/site-packages/airflow/example_dags/example_branch_labels.py took 0.340 seconds
[2022-07-12 18:18:58,578] {processor.py:153} INFO - Started process (PID=1115) to work on /home/airflow/.local/lib/python3.7/site-packages/airflow/example_dags/example_branch_labels.py
[2022-07-12 18:18:58,581] {processor.py:641} INFO - Processing file /home/airflow/.local/lib/python3.7/site-packages/airflow/example_dags/example_branch_labels.py for tasks to queue
[2022-07-12 18:18:58,582] {logging_mixin.py:115} INFO - [2022-07-12 18:18:58,582] {dagbag.py:507} INFO - Filling up the DagBag from /home/airflow/.local/lib/python3.7/site-packages/airflow/example_dags/example_branch_labels.py
[2022-07-12 18:18:58,596] {processor.py:651} INFO - DAG(s) dict_keys(['example_branch_labels']) retrieved from /home/airflow/.local/lib/python3.7/site-packages/airflow/example_dags/example_branch_labels.py
[2022-07-12 18:18:58,661] {logging_mixin.py:115} INFO - [2022-07-12 18:18:58,661] {dag.py:2371} INFO - Sync 1 DAGs
[2022-07-12 18:18:58,880] {logging_mixin.py:115} INFO - [2022-07-12 18:18:58,880] {dag.py:2919} INFO - Setting next_dagrun for example_branch_labels to 2022-07-11T00:00:00+00:00, run_after=2022-07-12T00:00:00+00:00
[2022-07-12 18:18:58,890] {processor.py:161} INFO - Processing /home/airflow/.local/lib/python3.7/site-packages/airflow/example_dags/example_branch_labels.py took 0.315 seconds
[2022-07-12 18:19:29,598] {processor.py:153} INFO - Started process (PID=1177) to work on /home/airflow/.local/lib/python3.7/site-packages/airflow/example_dags/example_branch_labels.py
[2022-07-12 18:19:29,602] {processor.py:641} INFO - Processing file /home/airflow/.local/lib/python3.7/site-packages/airflow/example_dags/example_branch_labels.py for tasks to queue
[2022-07-12 18:19:29,605] {logging_mixin.py:115} INFO - [2022-07-12 18:19:29,605] {dagbag.py:507} INFO - Filling up the DagBag from /home/airflow/.local/lib/python3.7/site-packages/airflow/example_dags/example_branch_labels.py
[2022-07-12 18:19:29,626] {processor.py:651} INFO - DAG(s) dict_keys(['example_branch_labels']) retrieved from /home/airflow/.local/lib/python3.7/site-packages/airflow/example_dags/example_branch_labels.py
[2022-07-12 18:19:29,691] {logging_mixin.py:115} INFO - [2022-07-12 18:19:29,691] {dag.py:2371} INFO - Sync 1 DAGs
[2022-07-12 18:19:29,967] {logging_mixin.py:115} INFO - [2022-07-12 18:19:29,967] {dag.py:2919} INFO - Setting next_dagrun for example_branch_labels to 2022-07-11T00:00:00+00:00, run_after=2022-07-12T00:00:00+00:00
[2022-07-12 18:19:29,992] {processor.py:161} INFO - Processing /home/airflow/.local/lib/python3.7/site-packages/airflow/example_dags/example_branch_labels.py took 0.405 seconds
[2022-07-12 18:20:01,329] {processor.py:153} INFO - Started process (PID=1229) to work on /home/airflow/.local/lib/python3.7/site-packages/airflow/example_dags/example_branch_labels.py
[2022-07-12 18:20:01,336] {processor.py:641} INFO - Processing file /home/airflow/.local/lib/python3.7/site-packages/airflow/example_dags/example_branch_labels.py for tasks to queue
[2022-07-12 18:20:01,339] {logging_mixin.py:115} INFO - [2022-07-12 18:20:01,339] {dagbag.py:507} INFO - Filling up the DagBag from /home/airflow/.local/lib/python3.7/site-packages/airflow/example_dags/example_branch_labels.py
[2022-07-12 18:20:01,351] {processor.py:651} INFO - DAG(s) dict_keys(['example_branch_labels']) retrieved from /home/airflow/.local/lib/python3.7/site-packages/airflow/example_dags/example_branch_labels.py
[2022-07-12 18:20:01,399] {logging_mixin.py:115} INFO - [2022-07-12 18:20:01,398] {dag.py:2371} INFO - Sync 1 DAGs
[2022-07-12 18:20:01,834] {logging_mixin.py:115} INFO - [2022-07-12 18:20:01,833] {dag.py:2919} INFO - Setting next_dagrun for example_branch_labels to 2022-07-11T00:00:00+00:00, run_after=2022-07-12T00:00:00+00:00
[2022-07-12 18:20:01,871] {processor.py:161} INFO - Processing /home/airflow/.local/lib/python3.7/site-packages/airflow/example_dags/example_branch_labels.py took 0.546 seconds
[2022-07-12 18:20:32,554] {processor.py:153} INFO - Started process (PID=1290) to work on /home/airflow/.local/lib/python3.7/site-packages/airflow/example_dags/example_branch_labels.py
[2022-07-12 18:20:32,556] {processor.py:641} INFO - Processing file /home/airflow/.local/lib/python3.7/site-packages/airflow/example_dags/example_branch_labels.py for tasks to queue
[2022-07-12 18:20:32,559] {logging_mixin.py:115} INFO - [2022-07-12 18:20:32,559] {dagbag.py:507} INFO - Filling up the DagBag from /home/airflow/.local/lib/python3.7/site-packages/airflow/example_dags/example_branch_labels.py
[2022-07-12 18:20:32,576] {processor.py:651} INFO - DAG(s) dict_keys(['example_branch_labels']) retrieved from /home/airflow/.local/lib/python3.7/site-packages/airflow/example_dags/example_branch_labels.py
[2022-07-12 18:20:32,667] {logging_mixin.py:115} INFO - [2022-07-12 18:20:32,667] {dag.py:2371} INFO - Sync 1 DAGs
[2022-07-12 18:20:33,128] {logging_mixin.py:115} INFO - [2022-07-12 18:20:33,128] {dag.py:2919} INFO - Setting next_dagrun for example_branch_labels to 2022-07-11T00:00:00+00:00, run_after=2022-07-12T00:00:00+00:00
[2022-07-12 18:20:33,160] {processor.py:161} INFO - Processing /home/airflow/.local/lib/python3.7/site-packages/airflow/example_dags/example_branch_labels.py took 0.611 seconds
[2022-07-12 18:21:04,114] {processor.py:153} INFO - Started process (PID=1342) to work on /home/airflow/.local/lib/python3.7/site-packages/airflow/example_dags/example_branch_labels.py
[2022-07-12 18:21:04,117] {processor.py:641} INFO - Processing file /home/airflow/.local/lib/python3.7/site-packages/airflow/example_dags/example_branch_labels.py for tasks to queue
[2022-07-12 18:21:04,118] {logging_mixin.py:115} INFO - [2022-07-12 18:21:04,118] {dagbag.py:507} INFO - Filling up the DagBag from /home/airflow/.local/lib/python3.7/site-packages/airflow/example_dags/example_branch_labels.py
[2022-07-12 18:21:04,134] {processor.py:651} INFO - DAG(s) dict_keys(['example_branch_labels']) retrieved from /home/airflow/.local/lib/python3.7/site-packages/airflow/example_dags/example_branch_labels.py
[2022-07-12 18:21:04,203] {logging_mixin.py:115} INFO - [2022-07-12 18:21:04,202] {dag.py:2371} INFO - Sync 1 DAGs
[2022-07-12 18:21:04,560] {logging_mixin.py:115} INFO - [2022-07-12 18:21:04,560] {dag.py:2919} INFO - Setting next_dagrun for example_branch_labels to 2022-07-11T00:00:00+00:00, run_after=2022-07-12T00:00:00+00:00
[2022-07-12 18:21:04,576] {processor.py:161} INFO - Processing /home/airflow/.local/lib/python3.7/site-packages/airflow/example_dags/example_branch_labels.py took 0.474 seconds
[2022-07-12 18:25:35,798] {processor.py:153} INFO - Started process (PID=90) to work on /home/airflow/.local/lib/python3.7/site-packages/airflow/example_dags/example_branch_labels.py
[2022-07-12 18:25:35,809] {processor.py:641} INFO - Processing file /home/airflow/.local/lib/python3.7/site-packages/airflow/example_dags/example_branch_labels.py for tasks to queue
[2022-07-12 18:25:35,817] {logging_mixin.py:115} INFO - [2022-07-12 18:25:35,814] {dagbag.py:507} INFO - Filling up the DagBag from /home/airflow/.local/lib/python3.7/site-packages/airflow/example_dags/example_branch_labels.py
[2022-07-12 18:25:35,864] {processor.py:651} INFO - DAG(s) dict_keys(['example_branch_labels']) retrieved from /home/airflow/.local/lib/python3.7/site-packages/airflow/example_dags/example_branch_labels.py
[2022-07-12 18:25:36,411] {logging_mixin.py:115} INFO - [2022-07-12 18:25:36,410] {manager.py:508} INFO - Created Permission View: can read on DAG:example_branch_labels
[2022-07-12 18:25:36,440] {logging_mixin.py:115} INFO - [2022-07-12 18:25:36,440] {manager.py:508} INFO - Created Permission View: can edit on DAG:example_branch_labels
[2022-07-12 18:25:36,461] {logging_mixin.py:115} INFO - [2022-07-12 18:25:36,461] {manager.py:508} INFO - Created Permission View: can delete on DAG:example_branch_labels
[2022-07-12 18:25:36,465] {logging_mixin.py:115} INFO - [2022-07-12 18:25:36,465] {dag.py:2371} INFO - Sync 1 DAGs
[2022-07-12 18:25:36,479] {logging_mixin.py:115} INFO - [2022-07-12 18:25:36,479] {dag.py:2390} INFO - Creating ORM DAG for example_branch_labels
[2022-07-12 18:25:36,498] {logging_mixin.py:115} INFO - [2022-07-12 18:25:36,498] {dag.py:2919} INFO - Setting next_dagrun for example_branch_labels to 2022-07-11T00:00:00+00:00, run_after=2022-07-12T00:00:00+00:00
[2022-07-12 18:25:36,510] {processor.py:161} INFO - Processing /home/airflow/.local/lib/python3.7/site-packages/airflow/example_dags/example_branch_labels.py took 0.719 seconds
[2022-07-12 18:26:07,018] {processor.py:153} INFO - Started process (PID=152) to work on /home/airflow/.local/lib/python3.7/site-packages/airflow/example_dags/example_branch_labels.py
[2022-07-12 18:26:07,019] {processor.py:641} INFO - Processing file /home/airflow/.local/lib/python3.7/site-packages/airflow/example_dags/example_branch_labels.py for tasks to queue
[2022-07-12 18:26:07,020] {logging_mixin.py:115} INFO - [2022-07-12 18:26:07,020] {dagbag.py:507} INFO - Filling up the DagBag from /home/airflow/.local/lib/python3.7/site-packages/airflow/example_dags/example_branch_labels.py
[2022-07-12 18:26:07,028] {processor.py:651} INFO - DAG(s) dict_keys(['example_branch_labels']) retrieved from /home/airflow/.local/lib/python3.7/site-packages/airflow/example_dags/example_branch_labels.py
[2022-07-12 18:26:07,046] {logging_mixin.py:115} INFO - [2022-07-12 18:26:07,046] {dag.py:2371} INFO - Sync 1 DAGs
[2022-07-12 18:26:07,064] {logging_mixin.py:115} INFO - [2022-07-12 18:26:07,064] {dag.py:2919} INFO - Setting next_dagrun for example_branch_labels to 2022-07-11T00:00:00+00:00, run_after=2022-07-12T00:00:00+00:00
[2022-07-12 18:26:07,073] {processor.py:161} INFO - Processing /home/airflow/.local/lib/python3.7/site-packages/airflow/example_dags/example_branch_labels.py took 0.059 seconds
[2022-07-12 18:26:37,909] {processor.py:153} INFO - Started process (PID=204) to work on /home/airflow/.local/lib/python3.7/site-packages/airflow/example_dags/example_branch_labels.py
[2022-07-12 18:26:37,912] {processor.py:641} INFO - Processing file /home/airflow/.local/lib/python3.7/site-packages/airflow/example_dags/example_branch_labels.py for tasks to queue
[2022-07-12 18:26:37,915] {logging_mixin.py:115} INFO - [2022-07-12 18:26:37,915] {dagbag.py:507} INFO - Filling up the DagBag from /home/airflow/.local/lib/python3.7/site-packages/airflow/example_dags/example_branch_labels.py
[2022-07-12 18:26:37,923] {processor.py:651} INFO - DAG(s) dict_keys(['example_branch_labels']) retrieved from /home/airflow/.local/lib/python3.7/site-packages/airflow/example_dags/example_branch_labels.py
[2022-07-12 18:26:37,956] {logging_mixin.py:115} INFO - [2022-07-12 18:26:37,956] {dag.py:2371} INFO - Sync 1 DAGs
[2022-07-12 18:26:37,981] {logging_mixin.py:115} INFO - [2022-07-12 18:26:37,981] {dag.py:2919} INFO - Setting next_dagrun for example_branch_labels to 2022-07-11T00:00:00+00:00, run_after=2022-07-12T00:00:00+00:00
[2022-07-12 18:26:37,992] {processor.py:161} INFO - Processing /home/airflow/.local/lib/python3.7/site-packages/airflow/example_dags/example_branch_labels.py took 0.086 seconds
[2022-07-12 18:29:36,122] {processor.py:153} INFO - Started process (PID=82) to work on /home/airflow/.local/lib/python3.7/site-packages/airflow/example_dags/example_branch_labels.py
[2022-07-12 18:29:36,130] {processor.py:641} INFO - Processing file /home/airflow/.local/lib/python3.7/site-packages/airflow/example_dags/example_branch_labels.py for tasks to queue
[2022-07-12 18:29:36,134] {logging_mixin.py:115} INFO - [2022-07-12 18:29:36,134] {dagbag.py:507} INFO - Filling up the DagBag from /home/airflow/.local/lib/python3.7/site-packages/airflow/example_dags/example_branch_labels.py
[2022-07-12 18:29:36,158] {processor.py:651} INFO - DAG(s) dict_keys(['example_branch_labels']) retrieved from /home/airflow/.local/lib/python3.7/site-packages/airflow/example_dags/example_branch_labels.py
[2022-07-12 18:29:36,208] {logging_mixin.py:115} INFO - [2022-07-12 18:29:36,208] {dag.py:2371} INFO - Sync 1 DAGs
[2022-07-12 18:29:36,261] {logging_mixin.py:115} INFO - [2022-07-12 18:29:36,261] {dag.py:2919} INFO - Setting next_dagrun for example_branch_labels to 2022-07-11T00:00:00+00:00, run_after=2022-07-12T00:00:00+00:00
[2022-07-12 18:29:36,298] {processor.py:161} INFO - Processing /home/airflow/.local/lib/python3.7/site-packages/airflow/example_dags/example_branch_labels.py took 0.185 seconds
[2022-07-12 18:30:06,708] {processor.py:153} INFO - Started process (PID=143) to work on /home/airflow/.local/lib/python3.7/site-packages/airflow/example_dags/example_branch_labels.py
[2022-07-12 18:30:06,710] {processor.py:641} INFO - Processing file /home/airflow/.local/lib/python3.7/site-packages/airflow/example_dags/example_branch_labels.py for tasks to queue
[2022-07-12 18:30:06,711] {logging_mixin.py:115} INFO - [2022-07-12 18:30:06,711] {dagbag.py:507} INFO - Filling up the DagBag from /home/airflow/.local/lib/python3.7/site-packages/airflow/example_dags/example_branch_labels.py
[2022-07-12 18:30:06,720] {processor.py:651} INFO - DAG(s) dict_keys(['example_branch_labels']) retrieved from /home/airflow/.local/lib/python3.7/site-packages/airflow/example_dags/example_branch_labels.py
[2022-07-12 18:30:06,755] {logging_mixin.py:115} INFO - [2022-07-12 18:30:06,755] {dag.py:2371} INFO - Sync 1 DAGs
[2022-07-12 18:30:06,788] {logging_mixin.py:115} INFO - [2022-07-12 18:30:06,788] {dag.py:2919} INFO - Setting next_dagrun for example_branch_labels to 2022-07-11T00:00:00+00:00, run_after=2022-07-12T00:00:00+00:00
[2022-07-12 18:30:06,800] {processor.py:161} INFO - Processing /home/airflow/.local/lib/python3.7/site-packages/airflow/example_dags/example_branch_labels.py took 0.094 seconds
[2022-07-12 18:30:37,321] {processor.py:153} INFO - Started process (PID=195) to work on /home/airflow/.local/lib/python3.7/site-packages/airflow/example_dags/example_branch_labels.py
[2022-07-12 18:30:37,323] {processor.py:641} INFO - Processing file /home/airflow/.local/lib/python3.7/site-packages/airflow/example_dags/example_branch_labels.py for tasks to queue
[2022-07-12 18:30:37,324] {logging_mixin.py:115} INFO - [2022-07-12 18:30:37,324] {dagbag.py:507} INFO - Filling up the DagBag from /home/airflow/.local/lib/python3.7/site-packages/airflow/example_dags/example_branch_labels.py
[2022-07-12 18:30:37,331] {processor.py:651} INFO - DAG(s) dict_keys(['example_branch_labels']) retrieved from /home/airflow/.local/lib/python3.7/site-packages/airflow/example_dags/example_branch_labels.py
[2022-07-12 18:30:37,348] {logging_mixin.py:115} INFO - [2022-07-12 18:30:37,348] {dag.py:2371} INFO - Sync 1 DAGs
[2022-07-12 18:30:37,365] {logging_mixin.py:115} INFO - [2022-07-12 18:30:37,364] {dag.py:2919} INFO - Setting next_dagrun for example_branch_labels to 2022-07-11T00:00:00+00:00, run_after=2022-07-12T00:00:00+00:00
[2022-07-12 18:30:37,372] {processor.py:161} INFO - Processing /home/airflow/.local/lib/python3.7/site-packages/airflow/example_dags/example_branch_labels.py took 0.053 seconds
[2022-07-12 18:31:07,991] {processor.py:153} INFO - Started process (PID=258) to work on /home/airflow/.local/lib/python3.7/site-packages/airflow/example_dags/example_branch_labels.py
[2022-07-12 18:31:07,992] {processor.py:641} INFO - Processing file /home/airflow/.local/lib/python3.7/site-packages/airflow/example_dags/example_branch_labels.py for tasks to queue
[2022-07-12 18:31:07,993] {logging_mixin.py:115} INFO - [2022-07-12 18:31:07,993] {dagbag.py:507} INFO - Filling up the DagBag from /home/airflow/.local/lib/python3.7/site-packages/airflow/example_dags/example_branch_labels.py
[2022-07-12 18:31:08,000] {processor.py:651} INFO - DAG(s) dict_keys(['example_branch_labels']) retrieved from /home/airflow/.local/lib/python3.7/site-packages/airflow/example_dags/example_branch_labels.py
[2022-07-12 18:31:08,031] {logging_mixin.py:115} INFO - [2022-07-12 18:31:08,031] {dag.py:2371} INFO - Sync 1 DAGs
[2022-07-12 18:31:08,062] {logging_mixin.py:115} INFO - [2022-07-12 18:31:08,061] {dag.py:2919} INFO - Setting next_dagrun for example_branch_labels to 2022-07-11T00:00:00+00:00, run_after=2022-07-12T00:00:00+00:00
[2022-07-12 18:31:08,079] {processor.py:161} INFO - Processing /home/airflow/.local/lib/python3.7/site-packages/airflow/example_dags/example_branch_labels.py took 0.091 seconds
