[2022-07-12 18:08:31,890] {processor.py:153} INFO - Started process (PID=119) to work on /home/airflow/.local/lib/python3.7/site-packages/airflow/example_dags/example_time_delta_sensor_async.py
[2022-07-12 18:08:31,891] {processor.py:641} INFO - Processing file /home/airflow/.local/lib/python3.7/site-packages/airflow/example_dags/example_time_delta_sensor_async.py for tasks to queue
[2022-07-12 18:08:31,892] {logging_mixin.py:115} INFO - [2022-07-12 18:08:31,892] {dagbag.py:507} INFO - Filling up the DagBag from /home/airflow/.local/lib/python3.7/site-packages/airflow/example_dags/example_time_delta_sensor_async.py
[2022-07-12 18:08:31,904] {processor.py:651} INFO - DAG(s) dict_keys(['example_time_delta_sensor_async']) retrieved from /home/airflow/.local/lib/python3.7/site-packages/airflow/example_dags/example_time_delta_sensor_async.py
[2022-07-12 18:08:32,215] {logging_mixin.py:115} INFO - [2022-07-12 18:08:32,215] {manager.py:508} INFO - Created Permission View: can read on DAG:example_time_delta_sensor_async
[2022-07-12 18:08:32,230] {logging_mixin.py:115} INFO - [2022-07-12 18:08:32,230] {manager.py:508} INFO - Created Permission View: can delete on DAG:example_time_delta_sensor_async
[2022-07-12 18:08:32,237] {logging_mixin.py:115} INFO - [2022-07-12 18:08:32,237] {manager.py:508} INFO - Created Permission View: can edit on DAG:example_time_delta_sensor_async
[2022-07-12 18:08:32,239] {logging_mixin.py:115} INFO - [2022-07-12 18:08:32,239] {dag.py:2371} INFO - Sync 1 DAGs
[2022-07-12 18:08:32,247] {logging_mixin.py:115} INFO - [2022-07-12 18:08:32,247] {dag.py:2390} INFO - Creating ORM DAG for example_time_delta_sensor_async
[2022-07-12 18:08:32,256] {logging_mixin.py:115} INFO - [2022-07-12 18:08:32,256] {dag.py:2919} INFO - Setting next_dagrun for example_time_delta_sensor_async to None, run_after=None
[2022-07-12 18:08:32,269] {processor.py:161} INFO - Processing /home/airflow/.local/lib/python3.7/site-packages/airflow/example_dags/example_time_delta_sensor_async.py took 0.383 seconds
[2022-07-12 18:09:04,436] {processor.py:153} INFO - Started process (PID=179) to work on /home/airflow/.local/lib/python3.7/site-packages/airflow/example_dags/example_time_delta_sensor_async.py
[2022-07-12 18:09:04,439] {processor.py:641} INFO - Processing file /home/airflow/.local/lib/python3.7/site-packages/airflow/example_dags/example_time_delta_sensor_async.py for tasks to queue
[2022-07-12 18:09:04,442] {logging_mixin.py:115} INFO - [2022-07-12 18:09:04,442] {dagbag.py:507} INFO - Filling up the DagBag from /home/airflow/.local/lib/python3.7/site-packages/airflow/example_dags/example_time_delta_sensor_async.py
[2022-07-12 18:09:04,452] {processor.py:651} INFO - DAG(s) dict_keys(['example_time_delta_sensor_async']) retrieved from /home/airflow/.local/lib/python3.7/site-packages/airflow/example_dags/example_time_delta_sensor_async.py
[2022-07-12 18:09:04,490] {logging_mixin.py:115} INFO - [2022-07-12 18:09:04,490] {dag.py:2371} INFO - Sync 1 DAGs
[2022-07-12 18:09:04,506] {logging_mixin.py:115} INFO - [2022-07-12 18:09:04,506] {dag.py:2919} INFO - Setting next_dagrun for example_time_delta_sensor_async to None, run_after=None
[2022-07-12 18:09:04,515] {processor.py:161} INFO - Processing /home/airflow/.local/lib/python3.7/site-packages/airflow/example_dags/example_time_delta_sensor_async.py took 0.083 seconds
[2022-07-12 18:09:36,043] {processor.py:153} INFO - Started process (PID=240) to work on /home/airflow/.local/lib/python3.7/site-packages/airflow/example_dags/example_time_delta_sensor_async.py
[2022-07-12 18:09:36,048] {processor.py:641} INFO - Processing file /home/airflow/.local/lib/python3.7/site-packages/airflow/example_dags/example_time_delta_sensor_async.py for tasks to queue
[2022-07-12 18:09:36,051] {logging_mixin.py:115} INFO - [2022-07-12 18:09:36,051] {dagbag.py:507} INFO - Filling up the DagBag from /home/airflow/.local/lib/python3.7/site-packages/airflow/example_dags/example_time_delta_sensor_async.py
[2022-07-12 18:09:36,070] {processor.py:651} INFO - DAG(s) dict_keys(['example_time_delta_sensor_async']) retrieved from /home/airflow/.local/lib/python3.7/site-packages/airflow/example_dags/example_time_delta_sensor_async.py
[2022-07-12 18:09:36,165] {logging_mixin.py:115} INFO - [2022-07-12 18:09:36,165] {dag.py:2371} INFO - Sync 1 DAGs
[2022-07-12 18:09:36,196] {logging_mixin.py:115} INFO - [2022-07-12 18:09:36,196] {dag.py:2919} INFO - Setting next_dagrun for example_time_delta_sensor_async to None, run_after=None
[2022-07-12 18:09:36,210] {processor.py:161} INFO - Processing /home/airflow/.local/lib/python3.7/site-packages/airflow/example_dags/example_time_delta_sensor_async.py took 0.176 seconds
[2022-07-12 18:10:18,726] {processor.py:153} INFO - Started process (PID=304) to work on /home/airflow/.local/lib/python3.7/site-packages/airflow/example_dags/example_time_delta_sensor_async.py
[2022-07-12 18:10:18,729] {processor.py:641} INFO - Processing file /home/airflow/.local/lib/python3.7/site-packages/airflow/example_dags/example_time_delta_sensor_async.py for tasks to queue
[2022-07-12 18:10:18,803] {logging_mixin.py:115} INFO - [2022-07-12 18:10:18,802] {dagbag.py:507} INFO - Filling up the DagBag from /home/airflow/.local/lib/python3.7/site-packages/airflow/example_dags/example_time_delta_sensor_async.py
[2022-07-12 18:10:18,839] {processor.py:651} INFO - DAG(s) dict_keys(['example_time_delta_sensor_async']) retrieved from /home/airflow/.local/lib/python3.7/site-packages/airflow/example_dags/example_time_delta_sensor_async.py
[2022-07-12 18:10:18,953] {logging_mixin.py:115} INFO - [2022-07-12 18:10:18,952] {dag.py:2371} INFO - Sync 1 DAGs
[2022-07-12 18:10:19,010] {logging_mixin.py:115} INFO - [2022-07-12 18:10:19,010] {dag.py:2919} INFO - Setting next_dagrun for example_time_delta_sensor_async to None, run_after=None
[2022-07-12 18:10:19,039] {processor.py:161} INFO - Processing /home/airflow/.local/lib/python3.7/site-packages/airflow/example_dags/example_time_delta_sensor_async.py took 0.323 seconds
[2022-07-12 18:10:50,909] {processor.py:153} INFO - Started process (PID=355) to work on /home/airflow/.local/lib/python3.7/site-packages/airflow/example_dags/example_time_delta_sensor_async.py
[2022-07-12 18:10:50,911] {processor.py:641} INFO - Processing file /home/airflow/.local/lib/python3.7/site-packages/airflow/example_dags/example_time_delta_sensor_async.py for tasks to queue
[2022-07-12 18:10:50,913] {logging_mixin.py:115} INFO - [2022-07-12 18:10:50,913] {dagbag.py:507} INFO - Filling up the DagBag from /home/airflow/.local/lib/python3.7/site-packages/airflow/example_dags/example_time_delta_sensor_async.py
[2022-07-12 18:10:50,925] {processor.py:651} INFO - DAG(s) dict_keys(['example_time_delta_sensor_async']) retrieved from /home/airflow/.local/lib/python3.7/site-packages/airflow/example_dags/example_time_delta_sensor_async.py
[2022-07-12 18:10:50,990] {logging_mixin.py:115} INFO - [2022-07-12 18:10:50,990] {dag.py:2371} INFO - Sync 1 DAGs
[2022-07-12 18:10:51,012] {logging_mixin.py:115} INFO - [2022-07-12 18:10:51,012] {dag.py:2919} INFO - Setting next_dagrun for example_time_delta_sensor_async to None, run_after=None
[2022-07-12 18:10:51,026] {processor.py:161} INFO - Processing /home/airflow/.local/lib/python3.7/site-packages/airflow/example_dags/example_time_delta_sensor_async.py took 0.121 seconds
[2022-07-12 18:11:21,546] {processor.py:153} INFO - Started process (PID=415) to work on /home/airflow/.local/lib/python3.7/site-packages/airflow/example_dags/example_time_delta_sensor_async.py
[2022-07-12 18:11:21,550] {processor.py:641} INFO - Processing file /home/airflow/.local/lib/python3.7/site-packages/airflow/example_dags/example_time_delta_sensor_async.py for tasks to queue
[2022-07-12 18:11:21,552] {logging_mixin.py:115} INFO - [2022-07-12 18:11:21,552] {dagbag.py:507} INFO - Filling up the DagBag from /home/airflow/.local/lib/python3.7/site-packages/airflow/example_dags/example_time_delta_sensor_async.py
[2022-07-12 18:11:21,563] {processor.py:651} INFO - DAG(s) dict_keys(['example_time_delta_sensor_async']) retrieved from /home/airflow/.local/lib/python3.7/site-packages/airflow/example_dags/example_time_delta_sensor_async.py
[2022-07-12 18:11:21,844] {logging_mixin.py:115} INFO - [2022-07-12 18:11:21,844] {dag.py:2371} INFO - Sync 1 DAGs
[2022-07-12 18:11:21,882] {logging_mixin.py:115} INFO - [2022-07-12 18:11:21,882] {dag.py:2919} INFO - Setting next_dagrun for example_time_delta_sensor_async to None, run_after=None
[2022-07-12 18:11:21,902] {processor.py:161} INFO - Processing /home/airflow/.local/lib/python3.7/site-packages/airflow/example_dags/example_time_delta_sensor_async.py took 0.359 seconds
[2022-07-12 18:11:53,855] {processor.py:153} INFO - Started process (PID=478) to work on /home/airflow/.local/lib/python3.7/site-packages/airflow/example_dags/example_time_delta_sensor_async.py
[2022-07-12 18:11:53,858] {processor.py:641} INFO - Processing file /home/airflow/.local/lib/python3.7/site-packages/airflow/example_dags/example_time_delta_sensor_async.py for tasks to queue
[2022-07-12 18:11:53,860] {logging_mixin.py:115} INFO - [2022-07-12 18:11:53,860] {dagbag.py:507} INFO - Filling up the DagBag from /home/airflow/.local/lib/python3.7/site-packages/airflow/example_dags/example_time_delta_sensor_async.py
[2022-07-12 18:11:53,872] {processor.py:651} INFO - DAG(s) dict_keys(['example_time_delta_sensor_async']) retrieved from /home/airflow/.local/lib/python3.7/site-packages/airflow/example_dags/example_time_delta_sensor_async.py
[2022-07-12 18:11:53,936] {logging_mixin.py:115} INFO - [2022-07-12 18:11:53,936] {dag.py:2371} INFO - Sync 1 DAGs
[2022-07-12 18:11:54,091] {logging_mixin.py:115} INFO - [2022-07-12 18:11:54,091] {dag.py:2919} INFO - Setting next_dagrun for example_time_delta_sensor_async to None, run_after=None
[2022-07-12 18:11:54,099] {processor.py:161} INFO - Processing /home/airflow/.local/lib/python3.7/site-packages/airflow/example_dags/example_time_delta_sensor_async.py took 0.247 seconds
[2022-07-12 18:12:25,719] {processor.py:153} INFO - Started process (PID=532) to work on /home/airflow/.local/lib/python3.7/site-packages/airflow/example_dags/example_time_delta_sensor_async.py
[2022-07-12 18:12:25,733] {processor.py:641} INFO - Processing file /home/airflow/.local/lib/python3.7/site-packages/airflow/example_dags/example_time_delta_sensor_async.py for tasks to queue
[2022-07-12 18:12:25,738] {logging_mixin.py:115} INFO - [2022-07-12 18:12:25,738] {dagbag.py:507} INFO - Filling up the DagBag from /home/airflow/.local/lib/python3.7/site-packages/airflow/example_dags/example_time_delta_sensor_async.py
[2022-07-12 18:12:25,796] {processor.py:651} INFO - DAG(s) dict_keys(['example_time_delta_sensor_async']) retrieved from /home/airflow/.local/lib/python3.7/site-packages/airflow/example_dags/example_time_delta_sensor_async.py
[2022-07-12 18:12:25,959] {logging_mixin.py:115} INFO - [2022-07-12 18:12:25,958] {dag.py:2371} INFO - Sync 1 DAGs
[2022-07-12 18:12:26,938] {logging_mixin.py:115} INFO - [2022-07-12 18:12:26,937] {dag.py:2919} INFO - Setting next_dagrun for example_time_delta_sensor_async to None, run_after=None
[2022-07-12 18:12:26,985] {processor.py:161} INFO - Processing /home/airflow/.local/lib/python3.7/site-packages/airflow/example_dags/example_time_delta_sensor_async.py took 1.320 seconds
[2022-07-12 18:12:58,413] {processor.py:153} INFO - Started process (PID=593) to work on /home/airflow/.local/lib/python3.7/site-packages/airflow/example_dags/example_time_delta_sensor_async.py
[2022-07-12 18:12:58,418] {processor.py:641} INFO - Processing file /home/airflow/.local/lib/python3.7/site-packages/airflow/example_dags/example_time_delta_sensor_async.py for tasks to queue
[2022-07-12 18:12:58,423] {logging_mixin.py:115} INFO - [2022-07-12 18:12:58,423] {dagbag.py:507} INFO - Filling up the DagBag from /home/airflow/.local/lib/python3.7/site-packages/airflow/example_dags/example_time_delta_sensor_async.py
[2022-07-12 18:12:58,466] {processor.py:651} INFO - DAG(s) dict_keys(['example_time_delta_sensor_async']) retrieved from /home/airflow/.local/lib/python3.7/site-packages/airflow/example_dags/example_time_delta_sensor_async.py
[2022-07-12 18:12:58,568] {logging_mixin.py:115} INFO - [2022-07-12 18:12:58,568] {dag.py:2371} INFO - Sync 1 DAGs
[2022-07-12 18:12:58,864] {logging_mixin.py:115} INFO - [2022-07-12 18:12:58,864] {dag.py:2919} INFO - Setting next_dagrun for example_time_delta_sensor_async to None, run_after=None
[2022-07-12 18:12:58,874] {processor.py:161} INFO - Processing /home/airflow/.local/lib/python3.7/site-packages/airflow/example_dags/example_time_delta_sensor_async.py took 0.480 seconds
[2022-07-12 18:13:29,777] {processor.py:153} INFO - Started process (PID=645) to work on /home/airflow/.local/lib/python3.7/site-packages/airflow/example_dags/example_time_delta_sensor_async.py
[2022-07-12 18:13:29,786] {processor.py:641} INFO - Processing file /home/airflow/.local/lib/python3.7/site-packages/airflow/example_dags/example_time_delta_sensor_async.py for tasks to queue
[2022-07-12 18:13:29,794] {logging_mixin.py:115} INFO - [2022-07-12 18:13:29,793] {dagbag.py:507} INFO - Filling up the DagBag from /home/airflow/.local/lib/python3.7/site-packages/airflow/example_dags/example_time_delta_sensor_async.py
[2022-07-12 18:13:29,839] {processor.py:651} INFO - DAG(s) dict_keys(['example_time_delta_sensor_async']) retrieved from /home/airflow/.local/lib/python3.7/site-packages/airflow/example_dags/example_time_delta_sensor_async.py
[2022-07-12 18:13:29,948] {logging_mixin.py:115} INFO - [2022-07-12 18:13:29,948] {dag.py:2371} INFO - Sync 1 DAGs
[2022-07-12 18:13:30,391] {logging_mixin.py:115} INFO - [2022-07-12 18:13:30,390] {dag.py:2919} INFO - Setting next_dagrun for example_time_delta_sensor_async to None, run_after=None
[2022-07-12 18:13:30,423] {processor.py:161} INFO - Processing /home/airflow/.local/lib/python3.7/site-packages/airflow/example_dags/example_time_delta_sensor_async.py took 0.661 seconds
[2022-07-12 18:14:01,799] {processor.py:153} INFO - Started process (PID=706) to work on /home/airflow/.local/lib/python3.7/site-packages/airflow/example_dags/example_time_delta_sensor_async.py
[2022-07-12 18:14:01,805] {processor.py:641} INFO - Processing file /home/airflow/.local/lib/python3.7/site-packages/airflow/example_dags/example_time_delta_sensor_async.py for tasks to queue
[2022-07-12 18:14:01,810] {logging_mixin.py:115} INFO - [2022-07-12 18:14:01,809] {dagbag.py:507} INFO - Filling up the DagBag from /home/airflow/.local/lib/python3.7/site-packages/airflow/example_dags/example_time_delta_sensor_async.py
[2022-07-12 18:14:01,839] {processor.py:651} INFO - DAG(s) dict_keys(['example_time_delta_sensor_async']) retrieved from /home/airflow/.local/lib/python3.7/site-packages/airflow/example_dags/example_time_delta_sensor_async.py
[2022-07-12 18:14:01,998] {logging_mixin.py:115} INFO - [2022-07-12 18:14:01,998] {dag.py:2371} INFO - Sync 1 DAGs
[2022-07-12 18:14:02,771] {logging_mixin.py:115} INFO - [2022-07-12 18:14:02,771] {dag.py:2919} INFO - Setting next_dagrun for example_time_delta_sensor_async to None, run_after=None
[2022-07-12 18:14:02,803] {processor.py:161} INFO - Processing /home/airflow/.local/lib/python3.7/site-packages/airflow/example_dags/example_time_delta_sensor_async.py took 1.043 seconds
[2022-07-12 18:15:06,593] {processor.py:153} INFO - Started process (PID=775) to work on /home/airflow/.local/lib/python3.7/site-packages/airflow/example_dags/example_time_delta_sensor_async.py
[2022-07-12 18:15:06,603] {processor.py:641} INFO - Processing file /home/airflow/.local/lib/python3.7/site-packages/airflow/example_dags/example_time_delta_sensor_async.py for tasks to queue
[2022-07-12 18:15:06,606] {logging_mixin.py:115} INFO - [2022-07-12 18:15:06,606] {dagbag.py:507} INFO - Filling up the DagBag from /home/airflow/.local/lib/python3.7/site-packages/airflow/example_dags/example_time_delta_sensor_async.py
[2022-07-12 18:15:06,710] {processor.py:651} INFO - DAG(s) dict_keys(['example_time_delta_sensor_async']) retrieved from /home/airflow/.local/lib/python3.7/site-packages/airflow/example_dags/example_time_delta_sensor_async.py
[2022-07-12 18:15:07,231] {logging_mixin.py:115} INFO - [2022-07-12 18:15:07,230] {dag.py:2371} INFO - Sync 1 DAGs
[2022-07-12 18:15:07,858] {logging_mixin.py:115} INFO - [2022-07-12 18:15:07,857] {dag.py:2919} INFO - Setting next_dagrun for example_time_delta_sensor_async to None, run_after=None
[2022-07-12 18:15:07,939] {processor.py:161} INFO - Processing /home/airflow/.local/lib/python3.7/site-packages/airflow/example_dags/example_time_delta_sensor_async.py took 1.356 seconds
[2022-07-12 18:15:38,421] {processor.py:153} INFO - Started process (PID=817) to work on /home/airflow/.local/lib/python3.7/site-packages/airflow/example_dags/example_time_delta_sensor_async.py
[2022-07-12 18:15:38,428] {processor.py:641} INFO - Processing file /home/airflow/.local/lib/python3.7/site-packages/airflow/example_dags/example_time_delta_sensor_async.py for tasks to queue
[2022-07-12 18:15:38,435] {logging_mixin.py:115} INFO - [2022-07-12 18:15:38,435] {dagbag.py:507} INFO - Filling up the DagBag from /home/airflow/.local/lib/python3.7/site-packages/airflow/example_dags/example_time_delta_sensor_async.py
[2022-07-12 18:15:38,475] {processor.py:651} INFO - DAG(s) dict_keys(['example_time_delta_sensor_async']) retrieved from /home/airflow/.local/lib/python3.7/site-packages/airflow/example_dags/example_time_delta_sensor_async.py
[2022-07-12 18:15:38,635] {logging_mixin.py:115} INFO - [2022-07-12 18:15:38,635] {dag.py:2371} INFO - Sync 1 DAGs
[2022-07-12 18:15:39,193] {logging_mixin.py:115} INFO - [2022-07-12 18:15:39,193] {dag.py:2919} INFO - Setting next_dagrun for example_time_delta_sensor_async to None, run_after=None
[2022-07-12 18:15:39,261] {processor.py:161} INFO - Processing /home/airflow/.local/lib/python3.7/site-packages/airflow/example_dags/example_time_delta_sensor_async.py took 0.858 seconds
[2022-07-12 18:16:53,111] {processor.py:153} INFO - Started process (PID=894) to work on /home/airflow/.local/lib/python3.7/site-packages/airflow/example_dags/example_time_delta_sensor_async.py
[2022-07-12 18:16:53,117] {processor.py:641} INFO - Processing file /home/airflow/.local/lib/python3.7/site-packages/airflow/example_dags/example_time_delta_sensor_async.py for tasks to queue
[2022-07-12 18:16:53,121] {logging_mixin.py:115} INFO - [2022-07-12 18:16:53,121] {dagbag.py:507} INFO - Filling up the DagBag from /home/airflow/.local/lib/python3.7/site-packages/airflow/example_dags/example_time_delta_sensor_async.py
[2022-07-12 18:16:53,151] {processor.py:651} INFO - DAG(s) dict_keys(['example_time_delta_sensor_async']) retrieved from /home/airflow/.local/lib/python3.7/site-packages/airflow/example_dags/example_time_delta_sensor_async.py
[2022-07-12 18:16:53,608] {logging_mixin.py:115} INFO - [2022-07-12 18:16:53,608] {dag.py:2371} INFO - Sync 1 DAGs
[2022-07-12 18:16:54,064] {logging_mixin.py:115} INFO - [2022-07-12 18:16:54,064] {dag.py:2919} INFO - Setting next_dagrun for example_time_delta_sensor_async to None, run_after=None
[2022-07-12 18:16:54,108] {processor.py:161} INFO - Processing /home/airflow/.local/lib/python3.7/site-packages/airflow/example_dags/example_time_delta_sensor_async.py took 1.012 seconds
[2022-07-12 18:17:24,625] {processor.py:153} INFO - Started process (PID=946) to work on /home/airflow/.local/lib/python3.7/site-packages/airflow/example_dags/example_time_delta_sensor_async.py
[2022-07-12 18:17:24,629] {processor.py:641} INFO - Processing file /home/airflow/.local/lib/python3.7/site-packages/airflow/example_dags/example_time_delta_sensor_async.py for tasks to queue
[2022-07-12 18:17:24,632] {logging_mixin.py:115} INFO - [2022-07-12 18:17:24,632] {dagbag.py:507} INFO - Filling up the DagBag from /home/airflow/.local/lib/python3.7/site-packages/airflow/example_dags/example_time_delta_sensor_async.py
[2022-07-12 18:17:24,662] {processor.py:651} INFO - DAG(s) dict_keys(['example_time_delta_sensor_async']) retrieved from /home/airflow/.local/lib/python3.7/site-packages/airflow/example_dags/example_time_delta_sensor_async.py
[2022-07-12 18:17:24,770] {logging_mixin.py:115} INFO - [2022-07-12 18:17:24,770] {dag.py:2371} INFO - Sync 1 DAGs
[2022-07-12 18:17:25,103] {logging_mixin.py:115} INFO - [2022-07-12 18:17:25,103] {dag.py:2919} INFO - Setting next_dagrun for example_time_delta_sensor_async to None, run_after=None
[2022-07-12 18:17:25,122] {processor.py:161} INFO - Processing /home/airflow/.local/lib/python3.7/site-packages/airflow/example_dags/example_time_delta_sensor_async.py took 0.516 seconds
[2022-07-12 18:17:55,316] {processor.py:153} INFO - Started process (PID=1007) to work on /home/airflow/.local/lib/python3.7/site-packages/airflow/example_dags/example_time_delta_sensor_async.py
[2022-07-12 18:17:55,320] {processor.py:641} INFO - Processing file /home/airflow/.local/lib/python3.7/site-packages/airflow/example_dags/example_time_delta_sensor_async.py for tasks to queue
[2022-07-12 18:17:55,323] {logging_mixin.py:115} INFO - [2022-07-12 18:17:55,322] {dagbag.py:507} INFO - Filling up the DagBag from /home/airflow/.local/lib/python3.7/site-packages/airflow/example_dags/example_time_delta_sensor_async.py
[2022-07-12 18:17:55,349] {processor.py:651} INFO - DAG(s) dict_keys(['example_time_delta_sensor_async']) retrieved from /home/airflow/.local/lib/python3.7/site-packages/airflow/example_dags/example_time_delta_sensor_async.py
[2022-07-12 18:17:55,433] {logging_mixin.py:115} INFO - [2022-07-12 18:17:55,433] {dag.py:2371} INFO - Sync 1 DAGs
[2022-07-12 18:17:55,816] {logging_mixin.py:115} INFO - [2022-07-12 18:17:55,816] {dag.py:2919} INFO - Setting next_dagrun for example_time_delta_sensor_async to None, run_after=None
[2022-07-12 18:17:55,834] {processor.py:161} INFO - Processing /home/airflow/.local/lib/python3.7/site-packages/airflow/example_dags/example_time_delta_sensor_async.py took 0.530 seconds
[2022-07-12 18:18:25,924] {processor.py:153} INFO - Started process (PID=1059) to work on /home/airflow/.local/lib/python3.7/site-packages/airflow/example_dags/example_time_delta_sensor_async.py
[2022-07-12 18:18:25,926] {processor.py:641} INFO - Processing file /home/airflow/.local/lib/python3.7/site-packages/airflow/example_dags/example_time_delta_sensor_async.py for tasks to queue
[2022-07-12 18:18:25,928] {logging_mixin.py:115} INFO - [2022-07-12 18:18:25,928] {dagbag.py:507} INFO - Filling up the DagBag from /home/airflow/.local/lib/python3.7/site-packages/airflow/example_dags/example_time_delta_sensor_async.py
[2022-07-12 18:18:25,942] {processor.py:651} INFO - DAG(s) dict_keys(['example_time_delta_sensor_async']) retrieved from /home/airflow/.local/lib/python3.7/site-packages/airflow/example_dags/example_time_delta_sensor_async.py
[2022-07-12 18:18:26,013] {logging_mixin.py:115} INFO - [2022-07-12 18:18:26,013] {dag.py:2371} INFO - Sync 1 DAGs
[2022-07-12 18:18:26,550] {logging_mixin.py:115} INFO - [2022-07-12 18:18:26,550] {dag.py:2919} INFO - Setting next_dagrun for example_time_delta_sensor_async to None, run_after=None
[2022-07-12 18:18:26,590] {processor.py:161} INFO - Processing /home/airflow/.local/lib/python3.7/site-packages/airflow/example_dags/example_time_delta_sensor_async.py took 0.668 seconds
[2022-07-12 18:18:56,725] {processor.py:153} INFO - Started process (PID=1111) to work on /home/airflow/.local/lib/python3.7/site-packages/airflow/example_dags/example_time_delta_sensor_async.py
[2022-07-12 18:18:56,727] {processor.py:641} INFO - Processing file /home/airflow/.local/lib/python3.7/site-packages/airflow/example_dags/example_time_delta_sensor_async.py for tasks to queue
[2022-07-12 18:18:56,728] {logging_mixin.py:115} INFO - [2022-07-12 18:18:56,728] {dagbag.py:507} INFO - Filling up the DagBag from /home/airflow/.local/lib/python3.7/site-packages/airflow/example_dags/example_time_delta_sensor_async.py
[2022-07-12 18:18:56,748] {processor.py:651} INFO - DAG(s) dict_keys(['example_time_delta_sensor_async']) retrieved from /home/airflow/.local/lib/python3.7/site-packages/airflow/example_dags/example_time_delta_sensor_async.py
[2022-07-12 18:18:56,852] {logging_mixin.py:115} INFO - [2022-07-12 18:18:56,852] {dag.py:2371} INFO - Sync 1 DAGs
[2022-07-12 18:18:57,182] {logging_mixin.py:115} INFO - [2022-07-12 18:18:57,182] {dag.py:2919} INFO - Setting next_dagrun for example_time_delta_sensor_async to None, run_after=None
[2022-07-12 18:18:57,200] {processor.py:161} INFO - Processing /home/airflow/.local/lib/python3.7/site-packages/airflow/example_dags/example_time_delta_sensor_async.py took 0.479 seconds
[2022-07-12 18:19:27,935] {processor.py:153} INFO - Started process (PID=1173) to work on /home/airflow/.local/lib/python3.7/site-packages/airflow/example_dags/example_time_delta_sensor_async.py
[2022-07-12 18:19:27,938] {processor.py:641} INFO - Processing file /home/airflow/.local/lib/python3.7/site-packages/airflow/example_dags/example_time_delta_sensor_async.py for tasks to queue
[2022-07-12 18:19:27,940] {logging_mixin.py:115} INFO - [2022-07-12 18:19:27,940] {dagbag.py:507} INFO - Filling up the DagBag from /home/airflow/.local/lib/python3.7/site-packages/airflow/example_dags/example_time_delta_sensor_async.py
[2022-07-12 18:19:27,954] {processor.py:651} INFO - DAG(s) dict_keys(['example_time_delta_sensor_async']) retrieved from /home/airflow/.local/lib/python3.7/site-packages/airflow/example_dags/example_time_delta_sensor_async.py
[2022-07-12 18:19:28,220] {logging_mixin.py:115} INFO - [2022-07-12 18:19:28,220] {dag.py:2371} INFO - Sync 1 DAGs
[2022-07-12 18:19:28,510] {logging_mixin.py:115} INFO - [2022-07-12 18:19:28,510] {dag.py:2919} INFO - Setting next_dagrun for example_time_delta_sensor_async to None, run_after=None
[2022-07-12 18:19:28,534] {processor.py:161} INFO - Processing /home/airflow/.local/lib/python3.7/site-packages/airflow/example_dags/example_time_delta_sensor_async.py took 0.603 seconds
[2022-07-12 18:20:00,324] {processor.py:153} INFO - Started process (PID=1226) to work on /home/airflow/.local/lib/python3.7/site-packages/airflow/example_dags/example_time_delta_sensor_async.py
[2022-07-12 18:20:00,326] {processor.py:641} INFO - Processing file /home/airflow/.local/lib/python3.7/site-packages/airflow/example_dags/example_time_delta_sensor_async.py for tasks to queue
[2022-07-12 18:20:00,333] {logging_mixin.py:115} INFO - [2022-07-12 18:20:00,333] {dagbag.py:507} INFO - Filling up the DagBag from /home/airflow/.local/lib/python3.7/site-packages/airflow/example_dags/example_time_delta_sensor_async.py
[2022-07-12 18:20:00,414] {processor.py:651} INFO - DAG(s) dict_keys(['example_time_delta_sensor_async']) retrieved from /home/airflow/.local/lib/python3.7/site-packages/airflow/example_dags/example_time_delta_sensor_async.py
[2022-07-12 18:20:00,571] {logging_mixin.py:115} INFO - [2022-07-12 18:20:00,571] {dag.py:2371} INFO - Sync 1 DAGs
[2022-07-12 18:20:00,897] {logging_mixin.py:115} INFO - [2022-07-12 18:20:00,897] {dag.py:2919} INFO - Setting next_dagrun for example_time_delta_sensor_async to None, run_after=None
[2022-07-12 18:20:00,931] {processor.py:161} INFO - Processing /home/airflow/.local/lib/python3.7/site-packages/airflow/example_dags/example_time_delta_sensor_async.py took 0.612 seconds
[2022-07-12 18:20:31,485] {processor.py:153} INFO - Started process (PID=1287) to work on /home/airflow/.local/lib/python3.7/site-packages/airflow/example_dags/example_time_delta_sensor_async.py
[2022-07-12 18:20:31,488] {processor.py:641} INFO - Processing file /home/airflow/.local/lib/python3.7/site-packages/airflow/example_dags/example_time_delta_sensor_async.py for tasks to queue
[2022-07-12 18:20:31,491] {logging_mixin.py:115} INFO - [2022-07-12 18:20:31,490] {dagbag.py:507} INFO - Filling up the DagBag from /home/airflow/.local/lib/python3.7/site-packages/airflow/example_dags/example_time_delta_sensor_async.py
[2022-07-12 18:20:31,503] {processor.py:651} INFO - DAG(s) dict_keys(['example_time_delta_sensor_async']) retrieved from /home/airflow/.local/lib/python3.7/site-packages/airflow/example_dags/example_time_delta_sensor_async.py
[2022-07-12 18:20:31,606] {logging_mixin.py:115} INFO - [2022-07-12 18:20:31,606] {dag.py:2371} INFO - Sync 1 DAGs
[2022-07-12 18:20:32,226] {logging_mixin.py:115} INFO - [2022-07-12 18:20:32,226] {dag.py:2919} INFO - Setting next_dagrun for example_time_delta_sensor_async to None, run_after=None
[2022-07-12 18:20:32,251] {processor.py:161} INFO - Processing /home/airflow/.local/lib/python3.7/site-packages/airflow/example_dags/example_time_delta_sensor_async.py took 0.771 seconds
[2022-07-12 18:21:02,839] {processor.py:153} INFO - Started process (PID=1339) to work on /home/airflow/.local/lib/python3.7/site-packages/airflow/example_dags/example_time_delta_sensor_async.py
[2022-07-12 18:21:02,842] {processor.py:641} INFO - Processing file /home/airflow/.local/lib/python3.7/site-packages/airflow/example_dags/example_time_delta_sensor_async.py for tasks to queue
[2022-07-12 18:21:02,844] {logging_mixin.py:115} INFO - [2022-07-12 18:21:02,844] {dagbag.py:507} INFO - Filling up the DagBag from /home/airflow/.local/lib/python3.7/site-packages/airflow/example_dags/example_time_delta_sensor_async.py
[2022-07-12 18:21:02,860] {processor.py:651} INFO - DAG(s) dict_keys(['example_time_delta_sensor_async']) retrieved from /home/airflow/.local/lib/python3.7/site-packages/airflow/example_dags/example_time_delta_sensor_async.py
[2022-07-12 18:21:02,927] {logging_mixin.py:115} INFO - [2022-07-12 18:21:02,927] {dag.py:2371} INFO - Sync 1 DAGs
[2022-07-12 18:21:03,035] {logging_mixin.py:115} INFO - [2022-07-12 18:21:03,035] {dag.py:2919} INFO - Setting next_dagrun for example_time_delta_sensor_async to None, run_after=None
[2022-07-12 18:21:03,046] {processor.py:161} INFO - Processing /home/airflow/.local/lib/python3.7/site-packages/airflow/example_dags/example_time_delta_sensor_async.py took 0.211 seconds
[2022-07-12 18:25:34,286] {processor.py:153} INFO - Started process (PID=86) to work on /home/airflow/.local/lib/python3.7/site-packages/airflow/example_dags/example_time_delta_sensor_async.py
[2022-07-12 18:25:34,293] {processor.py:641} INFO - Processing file /home/airflow/.local/lib/python3.7/site-packages/airflow/example_dags/example_time_delta_sensor_async.py for tasks to queue
[2022-07-12 18:25:34,297] {logging_mixin.py:115} INFO - [2022-07-12 18:25:34,296] {dagbag.py:507} INFO - Filling up the DagBag from /home/airflow/.local/lib/python3.7/site-packages/airflow/example_dags/example_time_delta_sensor_async.py
[2022-07-12 18:25:34,316] {processor.py:651} INFO - DAG(s) dict_keys(['example_time_delta_sensor_async']) retrieved from /home/airflow/.local/lib/python3.7/site-packages/airflow/example_dags/example_time_delta_sensor_async.py
[2022-07-12 18:25:34,855] {logging_mixin.py:115} INFO - [2022-07-12 18:25:34,855] {manager.py:508} INFO - Created Permission View: can read on DAG:example_time_delta_sensor_async
[2022-07-12 18:25:34,870] {logging_mixin.py:115} INFO - [2022-07-12 18:25:34,870] {manager.py:508} INFO - Created Permission View: can edit on DAG:example_time_delta_sensor_async
[2022-07-12 18:25:34,880] {logging_mixin.py:115} INFO - [2022-07-12 18:25:34,880] {manager.py:508} INFO - Created Permission View: can delete on DAG:example_time_delta_sensor_async
[2022-07-12 18:25:34,881] {logging_mixin.py:115} INFO - [2022-07-12 18:25:34,881] {dag.py:2371} INFO - Sync 1 DAGs
[2022-07-12 18:25:34,895] {logging_mixin.py:115} INFO - [2022-07-12 18:25:34,895] {dag.py:2390} INFO - Creating ORM DAG for example_time_delta_sensor_async
[2022-07-12 18:25:34,910] {logging_mixin.py:115} INFO - [2022-07-12 18:25:34,910] {dag.py:2919} INFO - Setting next_dagrun for example_time_delta_sensor_async to None, run_after=None
[2022-07-12 18:25:34,929] {processor.py:161} INFO - Processing /home/airflow/.local/lib/python3.7/site-packages/airflow/example_dags/example_time_delta_sensor_async.py took 0.655 seconds
[2022-07-12 18:26:05,583] {processor.py:153} INFO - Started process (PID=139) to work on /home/airflow/.local/lib/python3.7/site-packages/airflow/example_dags/example_time_delta_sensor_async.py
[2022-07-12 18:26:05,585] {processor.py:641} INFO - Processing file /home/airflow/.local/lib/python3.7/site-packages/airflow/example_dags/example_time_delta_sensor_async.py for tasks to queue
[2022-07-12 18:26:05,587] {logging_mixin.py:115} INFO - [2022-07-12 18:26:05,587] {dagbag.py:507} INFO - Filling up the DagBag from /home/airflow/.local/lib/python3.7/site-packages/airflow/example_dags/example_time_delta_sensor_async.py
[2022-07-12 18:26:05,597] {processor.py:651} INFO - DAG(s) dict_keys(['example_time_delta_sensor_async']) retrieved from /home/airflow/.local/lib/python3.7/site-packages/airflow/example_dags/example_time_delta_sensor_async.py
[2022-07-12 18:26:05,641] {logging_mixin.py:115} INFO - [2022-07-12 18:26:05,641] {dag.py:2371} INFO - Sync 1 DAGs
[2022-07-12 18:26:05,663] {logging_mixin.py:115} INFO - [2022-07-12 18:26:05,663] {dag.py:2919} INFO - Setting next_dagrun for example_time_delta_sensor_async to None, run_after=None
[2022-07-12 18:26:05,672] {processor.py:161} INFO - Processing /home/airflow/.local/lib/python3.7/site-packages/airflow/example_dags/example_time_delta_sensor_async.py took 0.092 seconds
[2022-07-12 18:26:37,155] {processor.py:153} INFO - Started process (PID=200) to work on /home/airflow/.local/lib/python3.7/site-packages/airflow/example_dags/example_time_delta_sensor_async.py
[2022-07-12 18:26:37,158] {processor.py:641} INFO - Processing file /home/airflow/.local/lib/python3.7/site-packages/airflow/example_dags/example_time_delta_sensor_async.py for tasks to queue
[2022-07-12 18:26:37,160] {logging_mixin.py:115} INFO - [2022-07-12 18:26:37,160] {dagbag.py:507} INFO - Filling up the DagBag from /home/airflow/.local/lib/python3.7/site-packages/airflow/example_dags/example_time_delta_sensor_async.py
[2022-07-12 18:26:37,175] {processor.py:651} INFO - DAG(s) dict_keys(['example_time_delta_sensor_async']) retrieved from /home/airflow/.local/lib/python3.7/site-packages/airflow/example_dags/example_time_delta_sensor_async.py
[2022-07-12 18:26:37,292] {logging_mixin.py:115} INFO - [2022-07-12 18:26:37,292] {dag.py:2371} INFO - Sync 1 DAGs
[2022-07-12 18:26:37,329] {logging_mixin.py:115} INFO - [2022-07-12 18:26:37,329] {dag.py:2919} INFO - Setting next_dagrun for example_time_delta_sensor_async to None, run_after=None
[2022-07-12 18:26:37,344] {processor.py:161} INFO - Processing /home/airflow/.local/lib/python3.7/site-packages/airflow/example_dags/example_time_delta_sensor_async.py took 0.197 seconds
[2022-07-12 18:29:34,719] {processor.py:153} INFO - Started process (PID=78) to work on /home/airflow/.local/lib/python3.7/site-packages/airflow/example_dags/example_time_delta_sensor_async.py
[2022-07-12 18:29:34,721] {processor.py:641} INFO - Processing file /home/airflow/.local/lib/python3.7/site-packages/airflow/example_dags/example_time_delta_sensor_async.py for tasks to queue
[2022-07-12 18:29:34,727] {logging_mixin.py:115} INFO - [2022-07-12 18:29:34,726] {dagbag.py:507} INFO - Filling up the DagBag from /home/airflow/.local/lib/python3.7/site-packages/airflow/example_dags/example_time_delta_sensor_async.py
[2022-07-12 18:29:34,751] {processor.py:651} INFO - DAG(s) dict_keys(['example_time_delta_sensor_async']) retrieved from /home/airflow/.local/lib/python3.7/site-packages/airflow/example_dags/example_time_delta_sensor_async.py
[2022-07-12 18:29:34,868] {logging_mixin.py:115} INFO - [2022-07-12 18:29:34,868] {dag.py:2371} INFO - Sync 1 DAGs
[2022-07-12 18:29:34,932] {logging_mixin.py:115} INFO - [2022-07-12 18:29:34,932] {dag.py:2919} INFO - Setting next_dagrun for example_time_delta_sensor_async to None, run_after=None
[2022-07-12 18:29:34,985] {processor.py:161} INFO - Processing /home/airflow/.local/lib/python3.7/site-packages/airflow/example_dags/example_time_delta_sensor_async.py took 0.271 seconds
[2022-07-12 18:30:05,138] {processor.py:153} INFO - Started process (PID=139) to work on /home/airflow/.local/lib/python3.7/site-packages/airflow/example_dags/example_time_delta_sensor_async.py
[2022-07-12 18:30:05,140] {processor.py:641} INFO - Processing file /home/airflow/.local/lib/python3.7/site-packages/airflow/example_dags/example_time_delta_sensor_async.py for tasks to queue
[2022-07-12 18:30:05,143] {logging_mixin.py:115} INFO - [2022-07-12 18:30:05,142] {dagbag.py:507} INFO - Filling up the DagBag from /home/airflow/.local/lib/python3.7/site-packages/airflow/example_dags/example_time_delta_sensor_async.py
[2022-07-12 18:30:05,156] {processor.py:651} INFO - DAG(s) dict_keys(['example_time_delta_sensor_async']) retrieved from /home/airflow/.local/lib/python3.7/site-packages/airflow/example_dags/example_time_delta_sensor_async.py
[2022-07-12 18:30:05,243] {logging_mixin.py:115} INFO - [2022-07-12 18:30:05,243] {dag.py:2371} INFO - Sync 1 DAGs
[2022-07-12 18:30:05,264] {logging_mixin.py:115} INFO - [2022-07-12 18:30:05,264] {dag.py:2919} INFO - Setting next_dagrun for example_time_delta_sensor_async to None, run_after=None
[2022-07-12 18:30:05,277] {processor.py:161} INFO - Processing /home/airflow/.local/lib/python3.7/site-packages/airflow/example_dags/example_time_delta_sensor_async.py took 0.142 seconds
[2022-07-12 18:30:35,880] {processor.py:153} INFO - Started process (PID=191) to work on /home/airflow/.local/lib/python3.7/site-packages/airflow/example_dags/example_time_delta_sensor_async.py
[2022-07-12 18:30:35,881] {processor.py:641} INFO - Processing file /home/airflow/.local/lib/python3.7/site-packages/airflow/example_dags/example_time_delta_sensor_async.py for tasks to queue
[2022-07-12 18:30:35,882] {logging_mixin.py:115} INFO - [2022-07-12 18:30:35,882] {dagbag.py:507} INFO - Filling up the DagBag from /home/airflow/.local/lib/python3.7/site-packages/airflow/example_dags/example_time_delta_sensor_async.py
[2022-07-12 18:30:35,887] {processor.py:651} INFO - DAG(s) dict_keys(['example_time_delta_sensor_async']) retrieved from /home/airflow/.local/lib/python3.7/site-packages/airflow/example_dags/example_time_delta_sensor_async.py
[2022-07-12 18:30:35,929] {logging_mixin.py:115} INFO - [2022-07-12 18:30:35,929] {dag.py:2371} INFO - Sync 1 DAGs
[2022-07-12 18:30:35,949] {logging_mixin.py:115} INFO - [2022-07-12 18:30:35,949] {dag.py:2919} INFO - Setting next_dagrun for example_time_delta_sensor_async to None, run_after=None
[2022-07-12 18:30:35,967] {processor.py:161} INFO - Processing /home/airflow/.local/lib/python3.7/site-packages/airflow/example_dags/example_time_delta_sensor_async.py took 0.090 seconds
[2022-07-12 18:31:07,450] {processor.py:153} INFO - Started process (PID=254) to work on /home/airflow/.local/lib/python3.7/site-packages/airflow/example_dags/example_time_delta_sensor_async.py
[2022-07-12 18:31:07,452] {processor.py:641} INFO - Processing file /home/airflow/.local/lib/python3.7/site-packages/airflow/example_dags/example_time_delta_sensor_async.py for tasks to queue
[2022-07-12 18:31:07,453] {logging_mixin.py:115} INFO - [2022-07-12 18:31:07,452] {dagbag.py:507} INFO - Filling up the DagBag from /home/airflow/.local/lib/python3.7/site-packages/airflow/example_dags/example_time_delta_sensor_async.py
[2022-07-12 18:31:07,457] {processor.py:651} INFO - DAG(s) dict_keys(['example_time_delta_sensor_async']) retrieved from /home/airflow/.local/lib/python3.7/site-packages/airflow/example_dags/example_time_delta_sensor_async.py
[2022-07-12 18:31:07,494] {logging_mixin.py:115} INFO - [2022-07-12 18:31:07,494] {dag.py:2371} INFO - Sync 1 DAGs
[2022-07-12 18:31:07,521] {logging_mixin.py:115} INFO - [2022-07-12 18:31:07,521] {dag.py:2919} INFO - Setting next_dagrun for example_time_delta_sensor_async to None, run_after=None
[2022-07-12 18:31:07,534] {processor.py:161} INFO - Processing /home/airflow/.local/lib/python3.7/site-packages/airflow/example_dags/example_time_delta_sensor_async.py took 0.086 seconds
