[2022-07-12 18:08:28,642] {processor.py:153} INFO - Started process (PID=108) to work on /home/airflow/.local/lib/python3.7/site-packages/airflow/example_dags/example_python_operator.py
[2022-07-12 18:08:28,645] {processor.py:641} INFO - Processing file /home/airflow/.local/lib/python3.7/site-packages/airflow/example_dags/example_python_operator.py for tasks to queue
[2022-07-12 18:08:28,646] {logging_mixin.py:115} INFO - [2022-07-12 18:08:28,646] {dagbag.py:507} INFO - Filling up the DagBag from /home/airflow/.local/lib/python3.7/site-packages/airflow/example_dags/example_python_operator.py
[2022-07-12 18:08:28,668] {processor.py:651} INFO - DAG(s) dict_keys(['example_python_operator']) retrieved from /home/airflow/.local/lib/python3.7/site-packages/airflow/example_dags/example_python_operator.py
[2022-07-12 18:08:28,856] {logging_mixin.py:115} INFO - [2022-07-12 18:08:28,856] {manager.py:508} INFO - Created Permission View: can read on DAG:example_python_operator
[2022-07-12 18:08:28,863] {logging_mixin.py:115} INFO - [2022-07-12 18:08:28,863] {manager.py:508} INFO - Created Permission View: can delete on DAG:example_python_operator
[2022-07-12 18:08:28,868] {logging_mixin.py:115} INFO - [2022-07-12 18:08:28,868] {manager.py:508} INFO - Created Permission View: can edit on DAG:example_python_operator
[2022-07-12 18:08:28,868] {logging_mixin.py:115} INFO - [2022-07-12 18:08:28,868] {dag.py:2371} INFO - Sync 1 DAGs
[2022-07-12 18:08:28,874] {logging_mixin.py:115} INFO - [2022-07-12 18:08:28,874] {dag.py:2390} INFO - Creating ORM DAG for example_python_operator
[2022-07-12 18:08:28,881] {logging_mixin.py:115} INFO - [2022-07-12 18:08:28,881] {dag.py:2919} INFO - Setting next_dagrun for example_python_operator to None, run_after=None
[2022-07-12 18:08:28,902] {processor.py:161} INFO - Processing /home/airflow/.local/lib/python3.7/site-packages/airflow/example_dags/example_python_operator.py took 0.261 seconds
[2022-07-12 18:09:01,191] {processor.py:153} INFO - Started process (PID=168) to work on /home/airflow/.local/lib/python3.7/site-packages/airflow/example_dags/example_python_operator.py
[2022-07-12 18:09:01,198] {processor.py:641} INFO - Processing file /home/airflow/.local/lib/python3.7/site-packages/airflow/example_dags/example_python_operator.py for tasks to queue
[2022-07-12 18:09:01,203] {logging_mixin.py:115} INFO - [2022-07-12 18:09:01,203] {dagbag.py:507} INFO - Filling up the DagBag from /home/airflow/.local/lib/python3.7/site-packages/airflow/example_dags/example_python_operator.py
[2022-07-12 18:09:01,292] {processor.py:651} INFO - DAG(s) dict_keys(['example_python_operator']) retrieved from /home/airflow/.local/lib/python3.7/site-packages/airflow/example_dags/example_python_operator.py
[2022-07-12 18:09:01,372] {logging_mixin.py:115} INFO - [2022-07-12 18:09:01,371] {dag.py:2371} INFO - Sync 1 DAGs
[2022-07-12 18:09:01,776] {logging_mixin.py:115} INFO - [2022-07-12 18:09:01,776] {dag.py:2919} INFO - Setting next_dagrun for example_python_operator to None, run_after=None
[2022-07-12 18:09:01,827] {processor.py:161} INFO - Processing /home/airflow/.local/lib/python3.7/site-packages/airflow/example_dags/example_python_operator.py took 0.650 seconds
[2022-07-12 18:09:32,085] {processor.py:153} INFO - Started process (PID=220) to work on /home/airflow/.local/lib/python3.7/site-packages/airflow/example_dags/example_python_operator.py
[2022-07-12 18:09:32,087] {processor.py:641} INFO - Processing file /home/airflow/.local/lib/python3.7/site-packages/airflow/example_dags/example_python_operator.py for tasks to queue
[2022-07-12 18:09:32,087] {logging_mixin.py:115} INFO - [2022-07-12 18:09:32,087] {dagbag.py:507} INFO - Filling up the DagBag from /home/airflow/.local/lib/python3.7/site-packages/airflow/example_dags/example_python_operator.py
[2022-07-12 18:09:32,100] {processor.py:651} INFO - DAG(s) dict_keys(['example_python_operator']) retrieved from /home/airflow/.local/lib/python3.7/site-packages/airflow/example_dags/example_python_operator.py
[2022-07-12 18:09:32,119] {logging_mixin.py:115} INFO - [2022-07-12 18:09:32,119] {dag.py:2371} INFO - Sync 1 DAGs
[2022-07-12 18:09:32,217] {logging_mixin.py:115} INFO - [2022-07-12 18:09:32,216] {dag.py:2919} INFO - Setting next_dagrun for example_python_operator to None, run_after=None
[2022-07-12 18:09:32,230] {processor.py:161} INFO - Processing /home/airflow/.local/lib/python3.7/site-packages/airflow/example_dags/example_python_operator.py took 0.148 seconds
[2022-07-12 18:10:14,448] {processor.py:153} INFO - Started process (PID=284) to work on /home/airflow/.local/lib/python3.7/site-packages/airflow/example_dags/example_python_operator.py
[2022-07-12 18:10:14,451] {processor.py:641} INFO - Processing file /home/airflow/.local/lib/python3.7/site-packages/airflow/example_dags/example_python_operator.py for tasks to queue
[2022-07-12 18:10:14,456] {logging_mixin.py:115} INFO - [2022-07-12 18:10:14,456] {dagbag.py:507} INFO - Filling up the DagBag from /home/airflow/.local/lib/python3.7/site-packages/airflow/example_dags/example_python_operator.py
[2022-07-12 18:10:14,522] {processor.py:651} INFO - DAG(s) dict_keys(['example_python_operator']) retrieved from /home/airflow/.local/lib/python3.7/site-packages/airflow/example_dags/example_python_operator.py
[2022-07-12 18:10:14,799] {logging_mixin.py:115} INFO - [2022-07-12 18:10:14,799] {dag.py:2371} INFO - Sync 1 DAGs
[2022-07-12 18:10:15,513] {logging_mixin.py:115} INFO - [2022-07-12 18:10:15,512] {dag.py:2919} INFO - Setting next_dagrun for example_python_operator to None, run_after=None
[2022-07-12 18:10:15,536] {processor.py:161} INFO - Processing /home/airflow/.local/lib/python3.7/site-packages/airflow/example_dags/example_python_operator.py took 1.101 seconds
[2022-07-12 18:10:46,550] {processor.py:153} INFO - Started process (PID=345) to work on /home/airflow/.local/lib/python3.7/site-packages/airflow/example_dags/example_python_operator.py
[2022-07-12 18:10:46,553] {processor.py:641} INFO - Processing file /home/airflow/.local/lib/python3.7/site-packages/airflow/example_dags/example_python_operator.py for tasks to queue
[2022-07-12 18:10:46,565] {logging_mixin.py:115} INFO - [2022-07-12 18:10:46,565] {dagbag.py:507} INFO - Filling up the DagBag from /home/airflow/.local/lib/python3.7/site-packages/airflow/example_dags/example_python_operator.py
[2022-07-12 18:10:46,636] {processor.py:651} INFO - DAG(s) dict_keys(['example_python_operator']) retrieved from /home/airflow/.local/lib/python3.7/site-packages/airflow/example_dags/example_python_operator.py
[2022-07-12 18:10:46,734] {logging_mixin.py:115} INFO - [2022-07-12 18:10:46,734] {dag.py:2371} INFO - Sync 1 DAGs
[2022-07-12 18:10:48,843] {logging_mixin.py:115} INFO - [2022-07-12 18:10:48,841] {dag.py:2919} INFO - Setting next_dagrun for example_python_operator to None, run_after=None
[2022-07-12 18:10:48,881] {processor.py:161} INFO - Processing /home/airflow/.local/lib/python3.7/site-packages/airflow/example_dags/example_python_operator.py took 2.344 seconds
[2022-07-12 18:11:19,250] {processor.py:153} INFO - Started process (PID=406) to work on /home/airflow/.local/lib/python3.7/site-packages/airflow/example_dags/example_python_operator.py
[2022-07-12 18:11:19,253] {processor.py:641} INFO - Processing file /home/airflow/.local/lib/python3.7/site-packages/airflow/example_dags/example_python_operator.py for tasks to queue
[2022-07-12 18:11:19,254] {logging_mixin.py:115} INFO - [2022-07-12 18:11:19,254] {dagbag.py:507} INFO - Filling up the DagBag from /home/airflow/.local/lib/python3.7/site-packages/airflow/example_dags/example_python_operator.py
[2022-07-12 18:11:19,303] {processor.py:651} INFO - DAG(s) dict_keys(['example_python_operator']) retrieved from /home/airflow/.local/lib/python3.7/site-packages/airflow/example_dags/example_python_operator.py
[2022-07-12 18:11:19,375] {logging_mixin.py:115} INFO - [2022-07-12 18:11:19,375] {dag.py:2371} INFO - Sync 1 DAGs
[2022-07-12 18:11:19,959] {logging_mixin.py:115} INFO - [2022-07-12 18:11:19,958] {dag.py:2919} INFO - Setting next_dagrun for example_python_operator to None, run_after=None
[2022-07-12 18:11:20,012] {processor.py:161} INFO - Processing /home/airflow/.local/lib/python3.7/site-packages/airflow/example_dags/example_python_operator.py took 0.772 seconds
[2022-07-12 18:11:50,413] {processor.py:153} INFO - Started process (PID=458) to work on /home/airflow/.local/lib/python3.7/site-packages/airflow/example_dags/example_python_operator.py
[2022-07-12 18:11:50,418] {processor.py:641} INFO - Processing file /home/airflow/.local/lib/python3.7/site-packages/airflow/example_dags/example_python_operator.py for tasks to queue
[2022-07-12 18:11:50,420] {logging_mixin.py:115} INFO - [2022-07-12 18:11:50,420] {dagbag.py:507} INFO - Filling up the DagBag from /home/airflow/.local/lib/python3.7/site-packages/airflow/example_dags/example_python_operator.py
[2022-07-12 18:11:50,459] {processor.py:651} INFO - DAG(s) dict_keys(['example_python_operator']) retrieved from /home/airflow/.local/lib/python3.7/site-packages/airflow/example_dags/example_python_operator.py
[2022-07-12 18:11:50,509] {logging_mixin.py:115} INFO - [2022-07-12 18:11:50,509] {dag.py:2371} INFO - Sync 1 DAGs
[2022-07-12 18:11:51,023] {logging_mixin.py:115} INFO - [2022-07-12 18:11:51,023] {dag.py:2919} INFO - Setting next_dagrun for example_python_operator to None, run_after=None
[2022-07-12 18:11:51,043] {processor.py:161} INFO - Processing /home/airflow/.local/lib/python3.7/site-packages/airflow/example_dags/example_python_operator.py took 0.640 seconds
[2022-07-12 18:12:21,622] {processor.py:153} INFO - Started process (PID=521) to work on /home/airflow/.local/lib/python3.7/site-packages/airflow/example_dags/example_python_operator.py
[2022-07-12 18:12:21,624] {processor.py:641} INFO - Processing file /home/airflow/.local/lib/python3.7/site-packages/airflow/example_dags/example_python_operator.py for tasks to queue
[2022-07-12 18:12:21,625] {logging_mixin.py:115} INFO - [2022-07-12 18:12:21,625] {dagbag.py:507} INFO - Filling up the DagBag from /home/airflow/.local/lib/python3.7/site-packages/airflow/example_dags/example_python_operator.py
[2022-07-12 18:12:21,646] {processor.py:651} INFO - DAG(s) dict_keys(['example_python_operator']) retrieved from /home/airflow/.local/lib/python3.7/site-packages/airflow/example_dags/example_python_operator.py
[2022-07-12 18:12:21,684] {logging_mixin.py:115} INFO - [2022-07-12 18:12:21,684] {dag.py:2371} INFO - Sync 1 DAGs
[2022-07-12 18:12:21,954] {logging_mixin.py:115} INFO - [2022-07-12 18:12:21,954] {dag.py:2919} INFO - Setting next_dagrun for example_python_operator to None, run_after=None
[2022-07-12 18:12:21,972] {processor.py:161} INFO - Processing /home/airflow/.local/lib/python3.7/site-packages/airflow/example_dags/example_python_operator.py took 0.355 seconds
[2022-07-12 18:12:52,866] {processor.py:153} INFO - Started process (PID=572) to work on /home/airflow/.local/lib/python3.7/site-packages/airflow/example_dags/example_python_operator.py
[2022-07-12 18:12:52,872] {processor.py:641} INFO - Processing file /home/airflow/.local/lib/python3.7/site-packages/airflow/example_dags/example_python_operator.py for tasks to queue
[2022-07-12 18:12:52,874] {logging_mixin.py:115} INFO - [2022-07-12 18:12:52,874] {dagbag.py:507} INFO - Filling up the DagBag from /home/airflow/.local/lib/python3.7/site-packages/airflow/example_dags/example_python_operator.py
[2022-07-12 18:12:52,905] {processor.py:651} INFO - DAG(s) dict_keys(['example_python_operator']) retrieved from /home/airflow/.local/lib/python3.7/site-packages/airflow/example_dags/example_python_operator.py
[2022-07-12 18:12:52,948] {logging_mixin.py:115} INFO - [2022-07-12 18:12:52,948] {dag.py:2371} INFO - Sync 1 DAGs
[2022-07-12 18:12:53,732] {logging_mixin.py:115} INFO - [2022-07-12 18:12:53,732] {dag.py:2919} INFO - Setting next_dagrun for example_python_operator to None, run_after=None
[2022-07-12 18:12:53,772] {processor.py:161} INFO - Processing /home/airflow/.local/lib/python3.7/site-packages/airflow/example_dags/example_python_operator.py took 0.910 seconds
[2022-07-12 18:13:24,665] {processor.py:153} INFO - Started process (PID=633) to work on /home/airflow/.local/lib/python3.7/site-packages/airflow/example_dags/example_python_operator.py
[2022-07-12 18:13:24,670] {processor.py:641} INFO - Processing file /home/airflow/.local/lib/python3.7/site-packages/airflow/example_dags/example_python_operator.py for tasks to queue
[2022-07-12 18:13:24,674] {logging_mixin.py:115} INFO - [2022-07-12 18:13:24,674] {dagbag.py:507} INFO - Filling up the DagBag from /home/airflow/.local/lib/python3.7/site-packages/airflow/example_dags/example_python_operator.py
[2022-07-12 18:13:24,728] {processor.py:651} INFO - DAG(s) dict_keys(['example_python_operator']) retrieved from /home/airflow/.local/lib/python3.7/site-packages/airflow/example_dags/example_python_operator.py
[2022-07-12 18:13:24,816] {logging_mixin.py:115} INFO - [2022-07-12 18:13:24,816] {dag.py:2371} INFO - Sync 1 DAGs
[2022-07-12 18:13:25,527] {logging_mixin.py:115} INFO - [2022-07-12 18:13:25,527] {dag.py:2919} INFO - Setting next_dagrun for example_python_operator to None, run_after=None
[2022-07-12 18:13:25,547] {processor.py:161} INFO - Processing /home/airflow/.local/lib/python3.7/site-packages/airflow/example_dags/example_python_operator.py took 0.905 seconds
[2022-07-12 18:13:55,930] {processor.py:153} INFO - Started process (PID=685) to work on /home/airflow/.local/lib/python3.7/site-packages/airflow/example_dags/example_python_operator.py
[2022-07-12 18:13:55,934] {processor.py:641} INFO - Processing file /home/airflow/.local/lib/python3.7/site-packages/airflow/example_dags/example_python_operator.py for tasks to queue
[2022-07-12 18:13:55,935] {logging_mixin.py:115} INFO - [2022-07-12 18:13:55,935] {dagbag.py:507} INFO - Filling up the DagBag from /home/airflow/.local/lib/python3.7/site-packages/airflow/example_dags/example_python_operator.py
[2022-07-12 18:13:55,949] {processor.py:651} INFO - DAG(s) dict_keys(['example_python_operator']) retrieved from /home/airflow/.local/lib/python3.7/site-packages/airflow/example_dags/example_python_operator.py
[2022-07-12 18:13:55,982] {logging_mixin.py:115} INFO - [2022-07-12 18:13:55,982] {dag.py:2371} INFO - Sync 1 DAGs
[2022-07-12 18:13:56,287] {logging_mixin.py:115} INFO - [2022-07-12 18:13:56,286] {dag.py:2919} INFO - Setting next_dagrun for example_python_operator to None, run_after=None
[2022-07-12 18:13:56,317] {processor.py:161} INFO - Processing /home/airflow/.local/lib/python3.7/site-packages/airflow/example_dags/example_python_operator.py took 0.391 seconds
[2022-07-12 18:14:42,968] {processor.py:153} INFO - Started process (PID=753) to work on /home/airflow/.local/lib/python3.7/site-packages/airflow/example_dags/example_python_operator.py
[2022-07-12 18:14:42,978] {processor.py:641} INFO - Processing file /home/airflow/.local/lib/python3.7/site-packages/airflow/example_dags/example_python_operator.py for tasks to queue
[2022-07-12 18:14:42,988] {logging_mixin.py:115} INFO - [2022-07-12 18:14:42,988] {dagbag.py:507} INFO - Filling up the DagBag from /home/airflow/.local/lib/python3.7/site-packages/airflow/example_dags/example_python_operator.py
[2022-07-12 18:14:43,129] {processor.py:651} INFO - DAG(s) dict_keys(['example_python_operator']) retrieved from /home/airflow/.local/lib/python3.7/site-packages/airflow/example_dags/example_python_operator.py
[2022-07-12 18:14:43,382] {logging_mixin.py:115} INFO - [2022-07-12 18:14:43,381] {dag.py:2371} INFO - Sync 1 DAGs
[2022-07-12 18:14:46,504] {logging_mixin.py:115} INFO - [2022-07-12 18:14:46,504] {dag.py:2919} INFO - Setting next_dagrun for example_python_operator to None, run_after=None
[2022-07-12 18:14:46,545] {processor.py:161} INFO - Processing /home/airflow/.local/lib/python3.7/site-packages/airflow/example_dags/example_python_operator.py took 3.629 seconds
[2022-07-12 18:15:28,770] {processor.py:153} INFO - Started process (PID=806) to work on /home/airflow/.local/lib/python3.7/site-packages/airflow/example_dags/example_python_operator.py
[2022-07-12 18:15:28,776] {processor.py:641} INFO - Processing file /home/airflow/.local/lib/python3.7/site-packages/airflow/example_dags/example_python_operator.py for tasks to queue
[2022-07-12 18:15:28,784] {logging_mixin.py:115} INFO - [2022-07-12 18:15:28,783] {dagbag.py:507} INFO - Filling up the DagBag from /home/airflow/.local/lib/python3.7/site-packages/airflow/example_dags/example_python_operator.py
[2022-07-12 18:15:29,072] {processor.py:651} INFO - DAG(s) dict_keys(['example_python_operator']) retrieved from /home/airflow/.local/lib/python3.7/site-packages/airflow/example_dags/example_python_operator.py
[2022-07-12 18:15:29,719] {logging_mixin.py:115} INFO - [2022-07-12 18:15:29,719] {dag.py:2371} INFO - Sync 1 DAGs
[2022-07-12 18:15:30,852] {logging_mixin.py:115} INFO - [2022-07-12 18:15:30,851] {dag.py:2919} INFO - Setting next_dagrun for example_python_operator to None, run_after=None
[2022-07-12 18:15:30,890] {processor.py:161} INFO - Processing /home/airflow/.local/lib/python3.7/site-packages/airflow/example_dags/example_python_operator.py took 2.168 seconds
[2022-07-12 18:16:08,520] {processor.py:153} INFO - Started process (PID=858) to work on /home/airflow/.local/lib/python3.7/site-packages/airflow/example_dags/example_python_operator.py
[2022-07-12 18:16:08,526] {processor.py:641} INFO - Processing file /home/airflow/.local/lib/python3.7/site-packages/airflow/example_dags/example_python_operator.py for tasks to queue
[2022-07-12 18:16:08,534] {logging_mixin.py:115} INFO - [2022-07-12 18:16:08,534] {dagbag.py:507} INFO - Filling up the DagBag from /home/airflow/.local/lib/python3.7/site-packages/airflow/example_dags/example_python_operator.py
[2022-07-12 18:16:08,624] {processor.py:651} INFO - DAG(s) dict_keys(['example_python_operator']) retrieved from /home/airflow/.local/lib/python3.7/site-packages/airflow/example_dags/example_python_operator.py
[2022-07-12 18:16:08,716] {logging_mixin.py:115} INFO - [2022-07-12 18:16:08,716] {dag.py:2371} INFO - Sync 1 DAGs
[2022-07-12 18:16:09,911] {logging_mixin.py:115} INFO - [2022-07-12 18:16:09,909] {dag.py:2919} INFO - Setting next_dagrun for example_python_operator to None, run_after=None
[2022-07-12 18:16:10,070] {processor.py:161} INFO - Processing /home/airflow/.local/lib/python3.7/site-packages/airflow/example_dags/example_python_operator.py took 1.554 seconds
[2022-07-12 18:16:57,883] {processor.py:153} INFO - Started process (PID=915) to work on /home/airflow/.local/lib/python3.7/site-packages/airflow/example_dags/example_python_operator.py
[2022-07-12 18:16:57,885] {processor.py:641} INFO - Processing file /home/airflow/.local/lib/python3.7/site-packages/airflow/example_dags/example_python_operator.py for tasks to queue
[2022-07-12 18:16:57,887] {logging_mixin.py:115} INFO - [2022-07-12 18:16:57,887] {dagbag.py:507} INFO - Filling up the DagBag from /home/airflow/.local/lib/python3.7/site-packages/airflow/example_dags/example_python_operator.py
[2022-07-12 18:16:57,916] {processor.py:651} INFO - DAG(s) dict_keys(['example_python_operator']) retrieved from /home/airflow/.local/lib/python3.7/site-packages/airflow/example_dags/example_python_operator.py
[2022-07-12 18:16:58,290] {logging_mixin.py:115} INFO - [2022-07-12 18:16:58,289] {dag.py:2371} INFO - Sync 1 DAGs
[2022-07-12 18:16:58,323] {logging_mixin.py:115} INFO - [2022-07-12 18:16:58,323] {dag.py:2919} INFO - Setting next_dagrun for example_python_operator to None, run_after=None
[2022-07-12 18:16:58,340] {processor.py:161} INFO - Processing /home/airflow/.local/lib/python3.7/site-packages/airflow/example_dags/example_python_operator.py took 0.471 seconds
[2022-07-12 18:17:29,202] {processor.py:153} INFO - Started process (PID=967) to work on /home/airflow/.local/lib/python3.7/site-packages/airflow/example_dags/example_python_operator.py
[2022-07-12 18:17:29,205] {processor.py:641} INFO - Processing file /home/airflow/.local/lib/python3.7/site-packages/airflow/example_dags/example_python_operator.py for tasks to queue
[2022-07-12 18:17:29,211] {logging_mixin.py:115} INFO - [2022-07-12 18:17:29,211] {dagbag.py:507} INFO - Filling up the DagBag from /home/airflow/.local/lib/python3.7/site-packages/airflow/example_dags/example_python_operator.py
[2022-07-12 18:17:29,269] {processor.py:651} INFO - DAG(s) dict_keys(['example_python_operator']) retrieved from /home/airflow/.local/lib/python3.7/site-packages/airflow/example_dags/example_python_operator.py
[2022-07-12 18:17:29,812] {logging_mixin.py:115} INFO - [2022-07-12 18:17:29,811] {dag.py:2371} INFO - Sync 1 DAGs
[2022-07-12 18:17:29,940] {logging_mixin.py:115} INFO - [2022-07-12 18:17:29,940] {dag.py:2919} INFO - Setting next_dagrun for example_python_operator to None, run_after=None
[2022-07-12 18:17:29,984] {processor.py:161} INFO - Processing /home/airflow/.local/lib/python3.7/site-packages/airflow/example_dags/example_python_operator.py took 0.791 seconds
[2022-07-12 18:18:00,148] {processor.py:153} INFO - Started process (PID=1019) to work on /home/airflow/.local/lib/python3.7/site-packages/airflow/example_dags/example_python_operator.py
[2022-07-12 18:18:00,151] {processor.py:641} INFO - Processing file /home/airflow/.local/lib/python3.7/site-packages/airflow/example_dags/example_python_operator.py for tasks to queue
[2022-07-12 18:18:00,156] {logging_mixin.py:115} INFO - [2022-07-12 18:18:00,156] {dagbag.py:507} INFO - Filling up the DagBag from /home/airflow/.local/lib/python3.7/site-packages/airflow/example_dags/example_python_operator.py
[2022-07-12 18:18:00,198] {processor.py:651} INFO - DAG(s) dict_keys(['example_python_operator']) retrieved from /home/airflow/.local/lib/python3.7/site-packages/airflow/example_dags/example_python_operator.py
[2022-07-12 18:18:00,946] {logging_mixin.py:115} INFO - [2022-07-12 18:18:00,945] {dag.py:2371} INFO - Sync 1 DAGs
[2022-07-12 18:18:01,013] {logging_mixin.py:115} INFO - [2022-07-12 18:18:01,013] {dag.py:2919} INFO - Setting next_dagrun for example_python_operator to None, run_after=None
[2022-07-12 18:18:01,044] {processor.py:161} INFO - Processing /home/airflow/.local/lib/python3.7/site-packages/airflow/example_dags/example_python_operator.py took 0.899 seconds
[2022-07-12 18:18:32,088] {processor.py:153} INFO - Started process (PID=1071) to work on /home/airflow/.local/lib/python3.7/site-packages/airflow/example_dags/example_python_operator.py
[2022-07-12 18:18:32,096] {processor.py:641} INFO - Processing file /home/airflow/.local/lib/python3.7/site-packages/airflow/example_dags/example_python_operator.py for tasks to queue
[2022-07-12 18:18:32,097] {logging_mixin.py:115} INFO - [2022-07-12 18:18:32,097] {dagbag.py:507} INFO - Filling up the DagBag from /home/airflow/.local/lib/python3.7/site-packages/airflow/example_dags/example_python_operator.py
[2022-07-12 18:18:32,128] {processor.py:651} INFO - DAG(s) dict_keys(['example_python_operator']) retrieved from /home/airflow/.local/lib/python3.7/site-packages/airflow/example_dags/example_python_operator.py
[2022-07-12 18:18:32,647] {logging_mixin.py:115} INFO - [2022-07-12 18:18:32,647] {dag.py:2371} INFO - Sync 1 DAGs
[2022-07-12 18:18:32,678] {logging_mixin.py:115} INFO - [2022-07-12 18:18:32,678] {dag.py:2919} INFO - Setting next_dagrun for example_python_operator to None, run_after=None
[2022-07-12 18:18:32,700] {processor.py:161} INFO - Processing /home/airflow/.local/lib/python3.7/site-packages/airflow/example_dags/example_python_operator.py took 0.617 seconds
[2022-07-12 18:19:03,565] {processor.py:153} INFO - Started process (PID=1132) to work on /home/airflow/.local/lib/python3.7/site-packages/airflow/example_dags/example_python_operator.py
[2022-07-12 18:19:03,568] {processor.py:641} INFO - Processing file /home/airflow/.local/lib/python3.7/site-packages/airflow/example_dags/example_python_operator.py for tasks to queue
[2022-07-12 18:19:03,571] {logging_mixin.py:115} INFO - [2022-07-12 18:19:03,571] {dagbag.py:507} INFO - Filling up the DagBag from /home/airflow/.local/lib/python3.7/site-packages/airflow/example_dags/example_python_operator.py
[2022-07-12 18:19:03,604] {processor.py:651} INFO - DAG(s) dict_keys(['example_python_operator']) retrieved from /home/airflow/.local/lib/python3.7/site-packages/airflow/example_dags/example_python_operator.py
[2022-07-12 18:19:04,124] {logging_mixin.py:115} INFO - [2022-07-12 18:19:04,124] {dag.py:2371} INFO - Sync 1 DAGs
[2022-07-12 18:19:04,161] {logging_mixin.py:115} INFO - [2022-07-12 18:19:04,160] {dag.py:2919} INFO - Setting next_dagrun for example_python_operator to None, run_after=None
[2022-07-12 18:19:04,181] {processor.py:161} INFO - Processing /home/airflow/.local/lib/python3.7/site-packages/airflow/example_dags/example_python_operator.py took 0.624 seconds
[2022-07-12 18:19:34,383] {processor.py:153} INFO - Started process (PID=1185) to work on /home/airflow/.local/lib/python3.7/site-packages/airflow/example_dags/example_python_operator.py
[2022-07-12 18:19:34,386] {processor.py:641} INFO - Processing file /home/airflow/.local/lib/python3.7/site-packages/airflow/example_dags/example_python_operator.py for tasks to queue
[2022-07-12 18:19:34,389] {logging_mixin.py:115} INFO - [2022-07-12 18:19:34,389] {dagbag.py:507} INFO - Filling up the DagBag from /home/airflow/.local/lib/python3.7/site-packages/airflow/example_dags/example_python_operator.py
[2022-07-12 18:19:34,424] {processor.py:651} INFO - DAG(s) dict_keys(['example_python_operator']) retrieved from /home/airflow/.local/lib/python3.7/site-packages/airflow/example_dags/example_python_operator.py
[2022-07-12 18:19:34,822] {logging_mixin.py:115} INFO - [2022-07-12 18:19:34,822] {dag.py:2371} INFO - Sync 1 DAGs
[2022-07-12 18:19:34,847] {logging_mixin.py:115} INFO - [2022-07-12 18:19:34,847] {dag.py:2919} INFO - Setting next_dagrun for example_python_operator to None, run_after=None
[2022-07-12 18:19:34,871] {processor.py:161} INFO - Processing /home/airflow/.local/lib/python3.7/site-packages/airflow/example_dags/example_python_operator.py took 0.496 seconds
[2022-07-12 18:20:06,841] {processor.py:153} INFO - Started process (PID=1245) to work on /home/airflow/.local/lib/python3.7/site-packages/airflow/example_dags/example_python_operator.py
[2022-07-12 18:20:06,844] {processor.py:641} INFO - Processing file /home/airflow/.local/lib/python3.7/site-packages/airflow/example_dags/example_python_operator.py for tasks to queue
[2022-07-12 18:20:06,852] {logging_mixin.py:115} INFO - [2022-07-12 18:20:06,849] {dagbag.py:507} INFO - Filling up the DagBag from /home/airflow/.local/lib/python3.7/site-packages/airflow/example_dags/example_python_operator.py
[2022-07-12 18:20:06,920] {processor.py:651} INFO - DAG(s) dict_keys(['example_python_operator']) retrieved from /home/airflow/.local/lib/python3.7/site-packages/airflow/example_dags/example_python_operator.py
[2022-07-12 18:20:07,620] {logging_mixin.py:115} INFO - [2022-07-12 18:20:07,620] {dag.py:2371} INFO - Sync 1 DAGs
[2022-07-12 18:20:07,669] {logging_mixin.py:115} INFO - [2022-07-12 18:20:07,669] {dag.py:2919} INFO - Setting next_dagrun for example_python_operator to None, run_after=None
[2022-07-12 18:20:07,704] {processor.py:161} INFO - Processing /home/airflow/.local/lib/python3.7/site-packages/airflow/example_dags/example_python_operator.py took 0.877 seconds
[2022-07-12 18:20:38,184] {processor.py:153} INFO - Started process (PID=1298) to work on /home/airflow/.local/lib/python3.7/site-packages/airflow/example_dags/example_python_operator.py
[2022-07-12 18:20:38,186] {processor.py:641} INFO - Processing file /home/airflow/.local/lib/python3.7/site-packages/airflow/example_dags/example_python_operator.py for tasks to queue
[2022-07-12 18:20:38,189] {logging_mixin.py:115} INFO - [2022-07-12 18:20:38,189] {dagbag.py:507} INFO - Filling up the DagBag from /home/airflow/.local/lib/python3.7/site-packages/airflow/example_dags/example_python_operator.py
[2022-07-12 18:20:38,215] {processor.py:651} INFO - DAG(s) dict_keys(['example_python_operator']) retrieved from /home/airflow/.local/lib/python3.7/site-packages/airflow/example_dags/example_python_operator.py
[2022-07-12 18:20:38,261] {logging_mixin.py:115} INFO - [2022-07-12 18:20:38,260] {dag.py:2371} INFO - Sync 1 DAGs
[2022-07-12 18:20:38,707] {logging_mixin.py:115} INFO - [2022-07-12 18:20:38,707] {dag.py:2919} INFO - Setting next_dagrun for example_python_operator to None, run_after=None
[2022-07-12 18:20:38,721] {processor.py:161} INFO - Processing /home/airflow/.local/lib/python3.7/site-packages/airflow/example_dags/example_python_operator.py took 0.542 seconds
[2022-07-12 18:21:09,004] {processor.py:153} INFO - Started process (PID=1359) to work on /home/airflow/.local/lib/python3.7/site-packages/airflow/example_dags/example_python_operator.py
[2022-07-12 18:21:09,008] {processor.py:641} INFO - Processing file /home/airflow/.local/lib/python3.7/site-packages/airflow/example_dags/example_python_operator.py for tasks to queue
[2022-07-12 18:21:09,011] {logging_mixin.py:115} INFO - [2022-07-12 18:21:09,011] {dagbag.py:507} INFO - Filling up the DagBag from /home/airflow/.local/lib/python3.7/site-packages/airflow/example_dags/example_python_operator.py
[2022-07-12 18:21:09,058] {processor.py:651} INFO - DAG(s) dict_keys(['example_python_operator']) retrieved from /home/airflow/.local/lib/python3.7/site-packages/airflow/example_dags/example_python_operator.py
[2022-07-12 18:21:09,120] {logging_mixin.py:115} INFO - [2022-07-12 18:21:09,120] {dag.py:2371} INFO - Sync 1 DAGs
[2022-07-12 18:21:09,761] {logging_mixin.py:115} INFO - [2022-07-12 18:21:09,760] {dag.py:2919} INFO - Setting next_dagrun for example_python_operator to None, run_after=None
[2022-07-12 18:21:09,886] {processor.py:161} INFO - Processing /home/airflow/.local/lib/python3.7/site-packages/airflow/example_dags/example_python_operator.py took 0.890 seconds
[2022-07-12 18:25:28,266] {processor.py:153} INFO - Started process (PID=66) to work on /home/airflow/.local/lib/python3.7/site-packages/airflow/example_dags/example_python_operator.py
[2022-07-12 18:25:28,276] {processor.py:641} INFO - Processing file /home/airflow/.local/lib/python3.7/site-packages/airflow/example_dags/example_python_operator.py for tasks to queue
[2022-07-12 18:25:28,278] {logging_mixin.py:115} INFO - [2022-07-12 18:25:28,278] {dagbag.py:507} INFO - Filling up the DagBag from /home/airflow/.local/lib/python3.7/site-packages/airflow/example_dags/example_python_operator.py
[2022-07-12 18:25:28,366] {processor.py:651} INFO - DAG(s) dict_keys(['example_python_operator']) retrieved from /home/airflow/.local/lib/python3.7/site-packages/airflow/example_dags/example_python_operator.py
[2022-07-12 18:25:29,159] {logging_mixin.py:115} INFO - [2022-07-12 18:25:29,159] {manager.py:508} INFO - Created Permission View: can read on DAG:example_python_operator
[2022-07-12 18:25:29,179] {logging_mixin.py:115} INFO - [2022-07-12 18:25:29,179] {manager.py:508} INFO - Created Permission View: can edit on DAG:example_python_operator
[2022-07-12 18:25:29,195] {logging_mixin.py:115} INFO - [2022-07-12 18:25:29,194] {manager.py:508} INFO - Created Permission View: can delete on DAG:example_python_operator
[2022-07-12 18:25:29,198] {logging_mixin.py:115} INFO - [2022-07-12 18:25:29,198] {dag.py:2371} INFO - Sync 1 DAGs
[2022-07-12 18:25:29,226] {logging_mixin.py:115} INFO - [2022-07-12 18:25:29,225] {dag.py:2390} INFO - Creating ORM DAG for example_python_operator
[2022-07-12 18:25:29,248] {logging_mixin.py:115} INFO - [2022-07-12 18:25:29,248] {dag.py:2919} INFO - Setting next_dagrun for example_python_operator to None, run_after=None
[2022-07-12 18:25:29,285] {processor.py:161} INFO - Processing /home/airflow/.local/lib/python3.7/site-packages/airflow/example_dags/example_python_operator.py took 1.026 seconds
[2022-07-12 18:25:59,674] {processor.py:153} INFO - Started process (PID=128) to work on /home/airflow/.local/lib/python3.7/site-packages/airflow/example_dags/example_python_operator.py
[2022-07-12 18:25:59,676] {processor.py:641} INFO - Processing file /home/airflow/.local/lib/python3.7/site-packages/airflow/example_dags/example_python_operator.py for tasks to queue
[2022-07-12 18:25:59,679] {logging_mixin.py:115} INFO - [2022-07-12 18:25:59,679] {dagbag.py:507} INFO - Filling up the DagBag from /home/airflow/.local/lib/python3.7/site-packages/airflow/example_dags/example_python_operator.py
[2022-07-12 18:25:59,706] {processor.py:651} INFO - DAG(s) dict_keys(['example_python_operator']) retrieved from /home/airflow/.local/lib/python3.7/site-packages/airflow/example_dags/example_python_operator.py
[2022-07-12 18:25:59,738] {logging_mixin.py:115} INFO - [2022-07-12 18:25:59,738] {dag.py:2371} INFO - Sync 1 DAGs
[2022-07-12 18:26:00,018] {logging_mixin.py:115} INFO - [2022-07-12 18:26:00,017] {dag.py:2919} INFO - Setting next_dagrun for example_python_operator to None, run_after=None
[2022-07-12 18:26:00,033] {processor.py:161} INFO - Processing /home/airflow/.local/lib/python3.7/site-packages/airflow/example_dags/example_python_operator.py took 0.364 seconds
[2022-07-12 18:26:30,189] {processor.py:153} INFO - Started process (PID=189) to work on /home/airflow/.local/lib/python3.7/site-packages/airflow/example_dags/example_python_operator.py
[2022-07-12 18:26:30,191] {processor.py:641} INFO - Processing file /home/airflow/.local/lib/python3.7/site-packages/airflow/example_dags/example_python_operator.py for tasks to queue
[2022-07-12 18:26:30,193] {logging_mixin.py:115} INFO - [2022-07-12 18:26:30,193] {dagbag.py:507} INFO - Filling up the DagBag from /home/airflow/.local/lib/python3.7/site-packages/airflow/example_dags/example_python_operator.py
[2022-07-12 18:26:30,222] {processor.py:651} INFO - DAG(s) dict_keys(['example_python_operator']) retrieved from /home/airflow/.local/lib/python3.7/site-packages/airflow/example_dags/example_python_operator.py
[2022-07-12 18:26:30,285] {logging_mixin.py:115} INFO - [2022-07-12 18:26:30,285] {dag.py:2371} INFO - Sync 1 DAGs
[2022-07-12 18:26:30,689] {logging_mixin.py:115} INFO - [2022-07-12 18:26:30,688] {dag.py:2919} INFO - Setting next_dagrun for example_python_operator to None, run_after=None
[2022-07-12 18:26:30,725] {processor.py:161} INFO - Processing /home/airflow/.local/lib/python3.7/site-packages/airflow/example_dags/example_python_operator.py took 0.545 seconds
[2022-07-12 18:29:16,969] {processor.py:153} INFO - Started process (PID=58) to work on /home/airflow/.local/lib/python3.7/site-packages/airflow/example_dags/example_python_operator.py
[2022-07-12 18:29:16,972] {processor.py:641} INFO - Processing file /home/airflow/.local/lib/python3.7/site-packages/airflow/example_dags/example_python_operator.py for tasks to queue
[2022-07-12 18:29:16,988] {logging_mixin.py:115} INFO - [2022-07-12 18:29:16,988] {dagbag.py:507} INFO - Filling up the DagBag from /home/airflow/.local/lib/python3.7/site-packages/airflow/example_dags/example_python_operator.py
[2022-07-12 18:29:17,048] {processor.py:651} INFO - DAG(s) dict_keys(['example_python_operator']) retrieved from /home/airflow/.local/lib/python3.7/site-packages/airflow/example_dags/example_python_operator.py
[2022-07-12 18:29:17,211] {logging_mixin.py:115} INFO - [2022-07-12 18:29:17,211] {dag.py:2371} INFO - Sync 1 DAGs
[2022-07-12 18:29:20,434] {logging_mixin.py:115} INFO - [2022-07-12 18:29:20,424] {dag.py:2919} INFO - Setting next_dagrun for example_python_operator to None, run_after=None
[2022-07-12 18:29:20,655] {processor.py:161} INFO - Processing /home/airflow/.local/lib/python3.7/site-packages/airflow/example_dags/example_python_operator.py took 3.696 seconds
[2022-07-12 18:29:52,146] {processor.py:153} INFO - Started process (PID=110) to work on /home/airflow/.local/lib/python3.7/site-packages/airflow/example_dags/example_python_operator.py
[2022-07-12 18:29:52,149] {processor.py:641} INFO - Processing file /home/airflow/.local/lib/python3.7/site-packages/airflow/example_dags/example_python_operator.py for tasks to queue
[2022-07-12 18:29:52,151] {logging_mixin.py:115} INFO - [2022-07-12 18:29:52,151] {dagbag.py:507} INFO - Filling up the DagBag from /home/airflow/.local/lib/python3.7/site-packages/airflow/example_dags/example_python_operator.py
[2022-07-12 18:29:52,200] {processor.py:651} INFO - DAG(s) dict_keys(['example_python_operator']) retrieved from /home/airflow/.local/lib/python3.7/site-packages/airflow/example_dags/example_python_operator.py
[2022-07-12 18:29:52,289] {logging_mixin.py:115} INFO - [2022-07-12 18:29:52,288] {dag.py:2371} INFO - Sync 1 DAGs
[2022-07-12 18:29:52,627] {logging_mixin.py:115} INFO - [2022-07-12 18:29:52,626] {dag.py:2919} INFO - Setting next_dagrun for example_python_operator to None, run_after=None
[2022-07-12 18:29:52,642] {processor.py:161} INFO - Processing /home/airflow/.local/lib/python3.7/site-packages/airflow/example_dags/example_python_operator.py took 0.503 seconds
[2022-07-12 18:30:23,186] {processor.py:153} INFO - Started process (PID=171) to work on /home/airflow/.local/lib/python3.7/site-packages/airflow/example_dags/example_python_operator.py
[2022-07-12 18:30:23,189] {processor.py:641} INFO - Processing file /home/airflow/.local/lib/python3.7/site-packages/airflow/example_dags/example_python_operator.py for tasks to queue
[2022-07-12 18:30:23,192] {logging_mixin.py:115} INFO - [2022-07-12 18:30:23,191] {dagbag.py:507} INFO - Filling up the DagBag from /home/airflow/.local/lib/python3.7/site-packages/airflow/example_dags/example_python_operator.py
[2022-07-12 18:30:23,215] {processor.py:651} INFO - DAG(s) dict_keys(['example_python_operator']) retrieved from /home/airflow/.local/lib/python3.7/site-packages/airflow/example_dags/example_python_operator.py
[2022-07-12 18:30:23,248] {logging_mixin.py:115} INFO - [2022-07-12 18:30:23,247] {dag.py:2371} INFO - Sync 1 DAGs
[2022-07-12 18:30:23,514] {logging_mixin.py:115} INFO - [2022-07-12 18:30:23,514] {dag.py:2919} INFO - Setting next_dagrun for example_python_operator to None, run_after=None
[2022-07-12 18:30:23,535] {processor.py:161} INFO - Processing /home/airflow/.local/lib/python3.7/site-packages/airflow/example_dags/example_python_operator.py took 0.358 seconds
[2022-07-12 18:30:53,838] {processor.py:153} INFO - Started process (PID=233) to work on /home/airflow/.local/lib/python3.7/site-packages/airflow/example_dags/example_python_operator.py
[2022-07-12 18:30:53,840] {processor.py:641} INFO - Processing file /home/airflow/.local/lib/python3.7/site-packages/airflow/example_dags/example_python_operator.py for tasks to queue
[2022-07-12 18:30:53,842] {logging_mixin.py:115} INFO - [2022-07-12 18:30:53,842] {dagbag.py:507} INFO - Filling up the DagBag from /home/airflow/.local/lib/python3.7/site-packages/airflow/example_dags/example_python_operator.py
[2022-07-12 18:30:53,870] {processor.py:651} INFO - DAG(s) dict_keys(['example_python_operator']) retrieved from /home/airflow/.local/lib/python3.7/site-packages/airflow/example_dags/example_python_operator.py
[2022-07-12 18:30:53,900] {logging_mixin.py:115} INFO - [2022-07-12 18:30:53,900] {dag.py:2371} INFO - Sync 1 DAGs
[2022-07-12 18:30:54,167] {logging_mixin.py:115} INFO - [2022-07-12 18:30:54,167] {dag.py:2919} INFO - Setting next_dagrun for example_python_operator to None, run_after=None
[2022-07-12 18:30:54,188] {processor.py:161} INFO - Processing /home/airflow/.local/lib/python3.7/site-packages/airflow/example_dags/example_python_operator.py took 0.356 seconds
[2022-07-12 18:31:24,684] {processor.py:153} INFO - Started process (PID=296) to work on /home/airflow/.local/lib/python3.7/site-packages/airflow/example_dags/example_python_operator.py
[2022-07-12 18:31:24,689] {processor.py:641} INFO - Processing file /home/airflow/.local/lib/python3.7/site-packages/airflow/example_dags/example_python_operator.py for tasks to queue
[2022-07-12 18:31:24,692] {logging_mixin.py:115} INFO - [2022-07-12 18:31:24,692] {dagbag.py:507} INFO - Filling up the DagBag from /home/airflow/.local/lib/python3.7/site-packages/airflow/example_dags/example_python_operator.py
[2022-07-12 18:31:24,801] {processor.py:651} INFO - DAG(s) dict_keys(['example_python_operator']) retrieved from /home/airflow/.local/lib/python3.7/site-packages/airflow/example_dags/example_python_operator.py
[2022-07-12 18:31:24,886] {logging_mixin.py:115} INFO - [2022-07-12 18:31:24,886] {dag.py:2371} INFO - Sync 1 DAGs
[2022-07-12 18:31:25,532] {logging_mixin.py:115} INFO - [2022-07-12 18:31:25,531] {dag.py:2919} INFO - Setting next_dagrun for example_python_operator to None, run_after=None
[2022-07-12 18:31:25,569] {processor.py:161} INFO - Processing /home/airflow/.local/lib/python3.7/site-packages/airflow/example_dags/example_python_operator.py took 0.900 seconds
