[2022-07-12 18:08:18,421] {processor.py:153} INFO - Started process (PID=95) to work on /home/airflow/.local/lib/python3.7/site-packages/airflow/example_dags/example_trigger_target_dag.py
[2022-07-12 18:08:18,497] {processor.py:641} INFO - Processing file /home/airflow/.local/lib/python3.7/site-packages/airflow/example_dags/example_trigger_target_dag.py for tasks to queue
[2022-07-12 18:08:18,622] {logging_mixin.py:115} INFO - [2022-07-12 18:08:18,621] {dagbag.py:507} INFO - Filling up the DagBag from /home/airflow/.local/lib/python3.7/site-packages/airflow/example_dags/example_trigger_target_dag.py
[2022-07-12 18:08:21,521] {processor.py:651} INFO - DAG(s) dict_keys(['example_trigger_target_dag']) retrieved from /home/airflow/.local/lib/python3.7/site-packages/airflow/example_dags/example_trigger_target_dag.py
[2022-07-12 18:08:25,850] {logging_mixin.py:115} INFO - [2022-07-12 18:08:25,850] {manager.py:508} INFO - Created Permission View: can read on DAG:example_trigger_target_dag
[2022-07-12 18:08:25,868] {logging_mixin.py:115} INFO - [2022-07-12 18:08:25,868] {manager.py:508} INFO - Created Permission View: can delete on DAG:example_trigger_target_dag
[2022-07-12 18:08:25,879] {logging_mixin.py:115} INFO - [2022-07-12 18:08:25,879] {manager.py:508} INFO - Created Permission View: can edit on DAG:example_trigger_target_dag
[2022-07-12 18:08:25,883] {logging_mixin.py:115} INFO - [2022-07-12 18:08:25,883] {dag.py:2371} INFO - Sync 1 DAGs
[2022-07-12 18:08:25,902] {logging_mixin.py:115} INFO - [2022-07-12 18:08:25,902] {dag.py:2390} INFO - Creating ORM DAG for example_trigger_target_dag
[2022-07-12 18:08:25,920] {logging_mixin.py:115} INFO - [2022-07-12 18:08:25,919] {dag.py:2919} INFO - Setting next_dagrun for example_trigger_target_dag to None, run_after=None
[2022-07-12 18:08:25,958] {processor.py:161} INFO - Processing /home/airflow/.local/lib/python3.7/site-packages/airflow/example_dags/example_trigger_target_dag.py took 7.879 seconds
[2022-07-12 18:08:56,493] {processor.py:153} INFO - Started process (PID=149) to work on /home/airflow/.local/lib/python3.7/site-packages/airflow/example_dags/example_trigger_target_dag.py
[2022-07-12 18:08:56,497] {processor.py:641} INFO - Processing file /home/airflow/.local/lib/python3.7/site-packages/airflow/example_dags/example_trigger_target_dag.py for tasks to queue
[2022-07-12 18:08:56,502] {logging_mixin.py:115} INFO - [2022-07-12 18:08:56,502] {dagbag.py:507} INFO - Filling up the DagBag from /home/airflow/.local/lib/python3.7/site-packages/airflow/example_dags/example_trigger_target_dag.py
[2022-07-12 18:08:56,571] {processor.py:651} INFO - DAG(s) dict_keys(['example_trigger_target_dag']) retrieved from /home/airflow/.local/lib/python3.7/site-packages/airflow/example_dags/example_trigger_target_dag.py
[2022-07-12 18:08:56,663] {logging_mixin.py:115} INFO - [2022-07-12 18:08:56,663] {dag.py:2371} INFO - Sync 1 DAGs
[2022-07-12 18:08:57,291] {logging_mixin.py:115} INFO - [2022-07-12 18:08:57,291] {dag.py:2919} INFO - Setting next_dagrun for example_trigger_target_dag to None, run_after=None
[2022-07-12 18:08:57,369] {processor.py:161} INFO - Processing /home/airflow/.local/lib/python3.7/site-packages/airflow/example_dags/example_trigger_target_dag.py took 0.887 seconds
[2022-07-12 18:09:27,830] {processor.py:153} INFO - Started process (PID=209) to work on /home/airflow/.local/lib/python3.7/site-packages/airflow/example_dags/example_trigger_target_dag.py
[2022-07-12 18:09:27,832] {processor.py:641} INFO - Processing file /home/airflow/.local/lib/python3.7/site-packages/airflow/example_dags/example_trigger_target_dag.py for tasks to queue
[2022-07-12 18:09:27,835] {logging_mixin.py:115} INFO - [2022-07-12 18:09:27,835] {dagbag.py:507} INFO - Filling up the DagBag from /home/airflow/.local/lib/python3.7/site-packages/airflow/example_dags/example_trigger_target_dag.py
[2022-07-12 18:09:27,871] {processor.py:651} INFO - DAG(s) dict_keys(['example_trigger_target_dag']) retrieved from /home/airflow/.local/lib/python3.7/site-packages/airflow/example_dags/example_trigger_target_dag.py
[2022-07-12 18:09:28,032] {logging_mixin.py:115} INFO - [2022-07-12 18:09:28,031] {dag.py:2371} INFO - Sync 1 DAGs
[2022-07-12 18:09:28,661] {logging_mixin.py:115} INFO - [2022-07-12 18:09:28,661] {dag.py:2919} INFO - Setting next_dagrun for example_trigger_target_dag to None, run_after=None
[2022-07-12 18:09:28,689] {processor.py:161} INFO - Processing /home/airflow/.local/lib/python3.7/site-packages/airflow/example_dags/example_trigger_target_dag.py took 0.866 seconds
[2022-07-12 18:09:58,832] {processor.py:153} INFO - Started process (PID=260) to work on /home/airflow/.local/lib/python3.7/site-packages/airflow/example_dags/example_trigger_target_dag.py
[2022-07-12 18:09:58,836] {processor.py:641} INFO - Processing file /home/airflow/.local/lib/python3.7/site-packages/airflow/example_dags/example_trigger_target_dag.py for tasks to queue
[2022-07-12 18:09:58,843] {logging_mixin.py:115} INFO - [2022-07-12 18:09:58,842] {dagbag.py:507} INFO - Filling up the DagBag from /home/airflow/.local/lib/python3.7/site-packages/airflow/example_dags/example_trigger_target_dag.py
[2022-07-12 18:09:58,932] {processor.py:651} INFO - DAG(s) dict_keys(['example_trigger_target_dag']) retrieved from /home/airflow/.local/lib/python3.7/site-packages/airflow/example_dags/example_trigger_target_dag.py
[2022-07-12 18:09:59,042] {logging_mixin.py:115} INFO - [2022-07-12 18:09:59,042] {dag.py:2371} INFO - Sync 1 DAGs
[2022-07-12 18:10:01,139] {logging_mixin.py:115} INFO - [2022-07-12 18:10:01,138] {dag.py:2919} INFO - Setting next_dagrun for example_trigger_target_dag to None, run_after=None
[2022-07-12 18:10:01,181] {processor.py:161} INFO - Processing /home/airflow/.local/lib/python3.7/site-packages/airflow/example_dags/example_trigger_target_dag.py took 2.365 seconds
[2022-07-12 18:10:31,388] {processor.py:153} INFO - Started process (PID=322) to work on /home/airflow/.local/lib/python3.7/site-packages/airflow/example_dags/example_trigger_target_dag.py
[2022-07-12 18:10:31,392] {processor.py:641} INFO - Processing file /home/airflow/.local/lib/python3.7/site-packages/airflow/example_dags/example_trigger_target_dag.py for tasks to queue
[2022-07-12 18:10:31,393] {logging_mixin.py:115} INFO - [2022-07-12 18:10:31,393] {dagbag.py:507} INFO - Filling up the DagBag from /home/airflow/.local/lib/python3.7/site-packages/airflow/example_dags/example_trigger_target_dag.py
[2022-07-12 18:10:31,460] {processor.py:651} INFO - DAG(s) dict_keys(['example_trigger_target_dag']) retrieved from /home/airflow/.local/lib/python3.7/site-packages/airflow/example_dags/example_trigger_target_dag.py
[2022-07-12 18:10:31,509] {logging_mixin.py:115} INFO - [2022-07-12 18:10:31,508] {dag.py:2371} INFO - Sync 1 DAGs
[2022-07-12 18:10:31,890] {logging_mixin.py:115} INFO - [2022-07-12 18:10:31,890] {dag.py:2919} INFO - Setting next_dagrun for example_trigger_target_dag to None, run_after=None
[2022-07-12 18:10:31,903] {processor.py:161} INFO - Processing /home/airflow/.local/lib/python3.7/site-packages/airflow/example_dags/example_trigger_target_dag.py took 0.527 seconds
[2022-07-12 18:11:02,379] {processor.py:153} INFO - Started process (PID=374) to work on /home/airflow/.local/lib/python3.7/site-packages/airflow/example_dags/example_trigger_target_dag.py
[2022-07-12 18:11:02,383] {processor.py:641} INFO - Processing file /home/airflow/.local/lib/python3.7/site-packages/airflow/example_dags/example_trigger_target_dag.py for tasks to queue
[2022-07-12 18:11:02,393] {logging_mixin.py:115} INFO - [2022-07-12 18:11:02,393] {dagbag.py:507} INFO - Filling up the DagBag from /home/airflow/.local/lib/python3.7/site-packages/airflow/example_dags/example_trigger_target_dag.py
[2022-07-12 18:11:02,430] {processor.py:651} INFO - DAG(s) dict_keys(['example_trigger_target_dag']) retrieved from /home/airflow/.local/lib/python3.7/site-packages/airflow/example_dags/example_trigger_target_dag.py
[2022-07-12 18:11:02,484] {logging_mixin.py:115} INFO - [2022-07-12 18:11:02,484] {dag.py:2371} INFO - Sync 1 DAGs
[2022-07-12 18:11:02,793] {logging_mixin.py:115} INFO - [2022-07-12 18:11:02,793] {dag.py:2919} INFO - Setting next_dagrun for example_trigger_target_dag to None, run_after=None
[2022-07-12 18:11:02,818] {processor.py:161} INFO - Processing /home/airflow/.local/lib/python3.7/site-packages/airflow/example_dags/example_trigger_target_dag.py took 0.447 seconds
[2022-07-12 18:11:33,053] {processor.py:153} INFO - Started process (PID=435) to work on /home/airflow/.local/lib/python3.7/site-packages/airflow/example_dags/example_trigger_target_dag.py
[2022-07-12 18:11:33,056] {processor.py:641} INFO - Processing file /home/airflow/.local/lib/python3.7/site-packages/airflow/example_dags/example_trigger_target_dag.py for tasks to queue
[2022-07-12 18:11:33,059] {logging_mixin.py:115} INFO - [2022-07-12 18:11:33,059] {dagbag.py:507} INFO - Filling up the DagBag from /home/airflow/.local/lib/python3.7/site-packages/airflow/example_dags/example_trigger_target_dag.py
[2022-07-12 18:11:33,101] {processor.py:651} INFO - DAG(s) dict_keys(['example_trigger_target_dag']) retrieved from /home/airflow/.local/lib/python3.7/site-packages/airflow/example_dags/example_trigger_target_dag.py
[2022-07-12 18:11:33,169] {logging_mixin.py:115} INFO - [2022-07-12 18:11:33,169] {dag.py:2371} INFO - Sync 1 DAGs
[2022-07-12 18:11:33,546] {logging_mixin.py:115} INFO - [2022-07-12 18:11:33,546] {dag.py:2919} INFO - Setting next_dagrun for example_trigger_target_dag to None, run_after=None
[2022-07-12 18:11:33,560] {processor.py:161} INFO - Processing /home/airflow/.local/lib/python3.7/site-packages/airflow/example_dags/example_trigger_target_dag.py took 0.518 seconds
[2022-07-12 18:12:04,417] {processor.py:153} INFO - Started process (PID=497) to work on /home/airflow/.local/lib/python3.7/site-packages/airflow/example_dags/example_trigger_target_dag.py
[2022-07-12 18:12:04,420] {processor.py:641} INFO - Processing file /home/airflow/.local/lib/python3.7/site-packages/airflow/example_dags/example_trigger_target_dag.py for tasks to queue
[2022-07-12 18:12:04,424] {logging_mixin.py:115} INFO - [2022-07-12 18:12:04,424] {dagbag.py:507} INFO - Filling up the DagBag from /home/airflow/.local/lib/python3.7/site-packages/airflow/example_dags/example_trigger_target_dag.py
[2022-07-12 18:12:04,475] {processor.py:651} INFO - DAG(s) dict_keys(['example_trigger_target_dag']) retrieved from /home/airflow/.local/lib/python3.7/site-packages/airflow/example_dags/example_trigger_target_dag.py
[2022-07-12 18:12:04,564] {logging_mixin.py:115} INFO - [2022-07-12 18:12:04,564] {dag.py:2371} INFO - Sync 1 DAGs
[2022-07-12 18:12:05,278] {logging_mixin.py:115} INFO - [2022-07-12 18:12:05,278] {dag.py:2919} INFO - Setting next_dagrun for example_trigger_target_dag to None, run_after=None
[2022-07-12 18:12:05,346] {processor.py:161} INFO - Processing /home/airflow/.local/lib/python3.7/site-packages/airflow/example_dags/example_trigger_target_dag.py took 0.945 seconds
[2022-07-12 18:12:36,183] {processor.py:153} INFO - Started process (PID=549) to work on /home/airflow/.local/lib/python3.7/site-packages/airflow/example_dags/example_trigger_target_dag.py
[2022-07-12 18:12:36,186] {processor.py:641} INFO - Processing file /home/airflow/.local/lib/python3.7/site-packages/airflow/example_dags/example_trigger_target_dag.py for tasks to queue
[2022-07-12 18:12:36,189] {logging_mixin.py:115} INFO - [2022-07-12 18:12:36,189] {dagbag.py:507} INFO - Filling up the DagBag from /home/airflow/.local/lib/python3.7/site-packages/airflow/example_dags/example_trigger_target_dag.py
[2022-07-12 18:12:36,225] {processor.py:651} INFO - DAG(s) dict_keys(['example_trigger_target_dag']) retrieved from /home/airflow/.local/lib/python3.7/site-packages/airflow/example_dags/example_trigger_target_dag.py
[2022-07-12 18:12:36,294] {logging_mixin.py:115} INFO - [2022-07-12 18:12:36,294] {dag.py:2371} INFO - Sync 1 DAGs
[2022-07-12 18:12:36,619] {logging_mixin.py:115} INFO - [2022-07-12 18:12:36,619] {dag.py:2919} INFO - Setting next_dagrun for example_trigger_target_dag to None, run_after=None
[2022-07-12 18:12:36,630] {processor.py:161} INFO - Processing /home/airflow/.local/lib/python3.7/site-packages/airflow/example_dags/example_trigger_target_dag.py took 0.458 seconds
[2022-07-12 18:13:07,719] {processor.py:153} INFO - Started process (PID=610) to work on /home/airflow/.local/lib/python3.7/site-packages/airflow/example_dags/example_trigger_target_dag.py
[2022-07-12 18:13:07,730] {processor.py:641} INFO - Processing file /home/airflow/.local/lib/python3.7/site-packages/airflow/example_dags/example_trigger_target_dag.py for tasks to queue
[2022-07-12 18:13:07,733] {logging_mixin.py:115} INFO - [2022-07-12 18:13:07,733] {dagbag.py:507} INFO - Filling up the DagBag from /home/airflow/.local/lib/python3.7/site-packages/airflow/example_dags/example_trigger_target_dag.py
[2022-07-12 18:13:07,890] {processor.py:651} INFO - DAG(s) dict_keys(['example_trigger_target_dag']) retrieved from /home/airflow/.local/lib/python3.7/site-packages/airflow/example_dags/example_trigger_target_dag.py
[2022-07-12 18:13:08,140] {logging_mixin.py:115} INFO - [2022-07-12 18:13:08,139] {dag.py:2371} INFO - Sync 1 DAGs
[2022-07-12 18:13:08,820] {logging_mixin.py:115} INFO - [2022-07-12 18:13:08,820] {dag.py:2919} INFO - Setting next_dagrun for example_trigger_target_dag to None, run_after=None
[2022-07-12 18:13:08,858] {processor.py:161} INFO - Processing /home/airflow/.local/lib/python3.7/site-packages/airflow/example_dags/example_trigger_target_dag.py took 1.195 seconds
[2022-07-12 18:13:39,658] {processor.py:153} INFO - Started process (PID=662) to work on /home/airflow/.local/lib/python3.7/site-packages/airflow/example_dags/example_trigger_target_dag.py
[2022-07-12 18:13:39,663] {processor.py:641} INFO - Processing file /home/airflow/.local/lib/python3.7/site-packages/airflow/example_dags/example_trigger_target_dag.py for tasks to queue
[2022-07-12 18:13:39,671] {logging_mixin.py:115} INFO - [2022-07-12 18:13:39,671] {dagbag.py:507} INFO - Filling up the DagBag from /home/airflow/.local/lib/python3.7/site-packages/airflow/example_dags/example_trigger_target_dag.py
[2022-07-12 18:13:39,733] {processor.py:651} INFO - DAG(s) dict_keys(['example_trigger_target_dag']) retrieved from /home/airflow/.local/lib/python3.7/site-packages/airflow/example_dags/example_trigger_target_dag.py
[2022-07-12 18:13:39,870] {logging_mixin.py:115} INFO - [2022-07-12 18:13:39,869] {dag.py:2371} INFO - Sync 1 DAGs
[2022-07-12 18:13:40,468] {logging_mixin.py:115} INFO - [2022-07-12 18:13:40,468] {dag.py:2919} INFO - Setting next_dagrun for example_trigger_target_dag to None, run_after=None
[2022-07-12 18:13:40,484] {processor.py:161} INFO - Processing /home/airflow/.local/lib/python3.7/site-packages/airflow/example_dags/example_trigger_target_dag.py took 0.877 seconds
[2022-07-12 18:14:10,857] {processor.py:153} INFO - Started process (PID=723) to work on /home/airflow/.local/lib/python3.7/site-packages/airflow/example_dags/example_trigger_target_dag.py
[2022-07-12 18:14:10,867] {processor.py:641} INFO - Processing file /home/airflow/.local/lib/python3.7/site-packages/airflow/example_dags/example_trigger_target_dag.py for tasks to queue
[2022-07-12 18:14:10,876] {logging_mixin.py:115} INFO - [2022-07-12 18:14:10,872] {dagbag.py:507} INFO - Filling up the DagBag from /home/airflow/.local/lib/python3.7/site-packages/airflow/example_dags/example_trigger_target_dag.py
[2022-07-12 18:14:11,184] {processor.py:651} INFO - DAG(s) dict_keys(['example_trigger_target_dag']) retrieved from /home/airflow/.local/lib/python3.7/site-packages/airflow/example_dags/example_trigger_target_dag.py
[2022-07-12 18:14:11,587] {logging_mixin.py:115} INFO - [2022-07-12 18:14:11,586] {dag.py:2371} INFO - Sync 1 DAGs
[2022-07-12 18:14:12,672] {logging_mixin.py:115} INFO - [2022-07-12 18:14:12,672] {dag.py:2919} INFO - Setting next_dagrun for example_trigger_target_dag to None, run_after=None
[2022-07-12 18:14:12,704] {processor.py:161} INFO - Processing /home/airflow/.local/lib/python3.7/site-packages/airflow/example_dags/example_trigger_target_dag.py took 1.897 seconds
[2022-07-12 18:15:11,262] {processor.py:153} INFO - Started process (PID=781) to work on /home/airflow/.local/lib/python3.7/site-packages/airflow/example_dags/example_trigger_target_dag.py
[2022-07-12 18:15:11,300] {processor.py:641} INFO - Processing file /home/airflow/.local/lib/python3.7/site-packages/airflow/example_dags/example_trigger_target_dag.py for tasks to queue
[2022-07-12 18:15:11,317] {logging_mixin.py:115} INFO - [2022-07-12 18:15:11,316] {dagbag.py:507} INFO - Filling up the DagBag from /home/airflow/.local/lib/python3.7/site-packages/airflow/example_dags/example_trigger_target_dag.py
[2022-07-12 18:15:11,393] {processor.py:651} INFO - DAG(s) dict_keys(['example_trigger_target_dag']) retrieved from /home/airflow/.local/lib/python3.7/site-packages/airflow/example_dags/example_trigger_target_dag.py
[2022-07-12 18:15:11,539] {logging_mixin.py:115} INFO - [2022-07-12 18:15:11,538] {dag.py:2371} INFO - Sync 1 DAGs
[2022-07-12 18:15:12,708] {logging_mixin.py:115} INFO - [2022-07-12 18:15:12,708] {dag.py:2919} INFO - Setting next_dagrun for example_trigger_target_dag to None, run_after=None
[2022-07-12 18:15:12,757] {processor.py:161} INFO - Processing /home/airflow/.local/lib/python3.7/site-packages/airflow/example_dags/example_trigger_target_dag.py took 1.520 seconds
[2022-07-12 18:15:46,600] {processor.py:153} INFO - Started process (PID=832) to work on /home/airflow/.local/lib/python3.7/site-packages/airflow/example_dags/example_trigger_target_dag.py
[2022-07-12 18:15:46,608] {processor.py:641} INFO - Processing file /home/airflow/.local/lib/python3.7/site-packages/airflow/example_dags/example_trigger_target_dag.py for tasks to queue
[2022-07-12 18:15:46,616] {logging_mixin.py:115} INFO - [2022-07-12 18:15:46,616] {dagbag.py:507} INFO - Filling up the DagBag from /home/airflow/.local/lib/python3.7/site-packages/airflow/example_dags/example_trigger_target_dag.py
[2022-07-12 18:15:46,804] {processor.py:651} INFO - DAG(s) dict_keys(['example_trigger_target_dag']) retrieved from /home/airflow/.local/lib/python3.7/site-packages/airflow/example_dags/example_trigger_target_dag.py
[2022-07-12 18:15:46,982] {logging_mixin.py:115} INFO - [2022-07-12 18:15:46,981] {dag.py:2371} INFO - Sync 1 DAGs
[2022-07-12 18:15:47,997] {logging_mixin.py:115} INFO - [2022-07-12 18:15:47,992] {dag.py:2919} INFO - Setting next_dagrun for example_trigger_target_dag to None, run_after=None
[2022-07-12 18:15:48,105] {processor.py:161} INFO - Processing /home/airflow/.local/lib/python3.7/site-packages/airflow/example_dags/example_trigger_target_dag.py took 1.533 seconds
[2022-07-12 18:16:38,838] {processor.py:153} INFO - Started process (PID=888) to work on /home/airflow/.local/lib/python3.7/site-packages/airflow/example_dags/example_trigger_target_dag.py
[2022-07-12 18:16:38,849] {processor.py:641} INFO - Processing file /home/airflow/.local/lib/python3.7/site-packages/airflow/example_dags/example_trigger_target_dag.py for tasks to queue
[2022-07-12 18:16:38,853] {logging_mixin.py:115} INFO - [2022-07-12 18:16:38,852] {dagbag.py:507} INFO - Filling up the DagBag from /home/airflow/.local/lib/python3.7/site-packages/airflow/example_dags/example_trigger_target_dag.py
[2022-07-12 18:16:38,921] {processor.py:651} INFO - DAG(s) dict_keys(['example_trigger_target_dag']) retrieved from /home/airflow/.local/lib/python3.7/site-packages/airflow/example_dags/example_trigger_target_dag.py
[2022-07-12 18:16:39,779] {logging_mixin.py:115} INFO - [2022-07-12 18:16:39,778] {dag.py:2371} INFO - Sync 1 DAGs
[2022-07-12 18:16:40,024] {logging_mixin.py:115} INFO - [2022-07-12 18:16:40,024] {dag.py:2919} INFO - Setting next_dagrun for example_trigger_target_dag to None, run_after=None
[2022-07-12 18:16:40,104] {processor.py:161} INFO - Processing /home/airflow/.local/lib/python3.7/site-packages/airflow/example_dags/example_trigger_target_dag.py took 1.324 seconds
[2022-07-12 18:17:10,557] {processor.py:153} INFO - Started process (PID=931) to work on /home/airflow/.local/lib/python3.7/site-packages/airflow/example_dags/example_trigger_target_dag.py
[2022-07-12 18:17:10,562] {processor.py:641} INFO - Processing file /home/airflow/.local/lib/python3.7/site-packages/airflow/example_dags/example_trigger_target_dag.py for tasks to queue
[2022-07-12 18:17:10,568] {logging_mixin.py:115} INFO - [2022-07-12 18:17:10,568] {dagbag.py:507} INFO - Filling up the DagBag from /home/airflow/.local/lib/python3.7/site-packages/airflow/example_dags/example_trigger_target_dag.py
[2022-07-12 18:17:10,661] {processor.py:651} INFO - DAG(s) dict_keys(['example_trigger_target_dag']) retrieved from /home/airflow/.local/lib/python3.7/site-packages/airflow/example_dags/example_trigger_target_dag.py
[2022-07-12 18:17:12,761] {logging_mixin.py:115} INFO - [2022-07-12 18:17:12,759] {dag.py:2371} INFO - Sync 1 DAGs
[2022-07-12 18:17:12,882] {logging_mixin.py:115} INFO - [2022-07-12 18:17:12,881] {dag.py:2919} INFO - Setting next_dagrun for example_trigger_target_dag to None, run_after=None
[2022-07-12 18:17:12,943] {processor.py:161} INFO - Processing /home/airflow/.local/lib/python3.7/site-packages/airflow/example_dags/example_trigger_target_dag.py took 2.406 seconds
[2022-07-12 18:17:44,013] {processor.py:153} INFO - Started process (PID=992) to work on /home/airflow/.local/lib/python3.7/site-packages/airflow/example_dags/example_trigger_target_dag.py
[2022-07-12 18:17:44,020] {processor.py:641} INFO - Processing file /home/airflow/.local/lib/python3.7/site-packages/airflow/example_dags/example_trigger_target_dag.py for tasks to queue
[2022-07-12 18:17:44,028] {logging_mixin.py:115} INFO - [2022-07-12 18:17:44,028] {dagbag.py:507} INFO - Filling up the DagBag from /home/airflow/.local/lib/python3.7/site-packages/airflow/example_dags/example_trigger_target_dag.py
[2022-07-12 18:17:44,127] {processor.py:651} INFO - DAG(s) dict_keys(['example_trigger_target_dag']) retrieved from /home/airflow/.local/lib/python3.7/site-packages/airflow/example_dags/example_trigger_target_dag.py
[2022-07-12 18:17:44,858] {logging_mixin.py:115} INFO - [2022-07-12 18:17:44,857] {dag.py:2371} INFO - Sync 1 DAGs
[2022-07-12 18:17:44,912] {logging_mixin.py:115} INFO - [2022-07-12 18:17:44,912] {dag.py:2919} INFO - Setting next_dagrun for example_trigger_target_dag to None, run_after=None
[2022-07-12 18:17:44,974] {processor.py:161} INFO - Processing /home/airflow/.local/lib/python3.7/site-packages/airflow/example_dags/example_trigger_target_dag.py took 0.987 seconds
[2022-07-12 18:18:16,159] {processor.py:153} INFO - Started process (PID=1044) to work on /home/airflow/.local/lib/python3.7/site-packages/airflow/example_dags/example_trigger_target_dag.py
[2022-07-12 18:18:16,162] {processor.py:641} INFO - Processing file /home/airflow/.local/lib/python3.7/site-packages/airflow/example_dags/example_trigger_target_dag.py for tasks to queue
[2022-07-12 18:18:16,199] {logging_mixin.py:115} INFO - [2022-07-12 18:18:16,199] {dagbag.py:507} INFO - Filling up the DagBag from /home/airflow/.local/lib/python3.7/site-packages/airflow/example_dags/example_trigger_target_dag.py
[2022-07-12 18:18:16,332] {processor.py:651} INFO - DAG(s) dict_keys(['example_trigger_target_dag']) retrieved from /home/airflow/.local/lib/python3.7/site-packages/airflow/example_dags/example_trigger_target_dag.py
[2022-07-12 18:18:19,552] {logging_mixin.py:115} INFO - [2022-07-12 18:18:19,551] {dag.py:2371} INFO - Sync 1 DAGs
[2022-07-12 18:18:19,812] {logging_mixin.py:115} INFO - [2022-07-12 18:18:19,812] {dag.py:2919} INFO - Setting next_dagrun for example_trigger_target_dag to None, run_after=None
[2022-07-12 18:18:19,860] {processor.py:161} INFO - Processing /home/airflow/.local/lib/python3.7/site-packages/airflow/example_dags/example_trigger_target_dag.py took 3.716 seconds
[2022-07-12 18:18:50,042] {processor.py:153} INFO - Started process (PID=1104) to work on /home/airflow/.local/lib/python3.7/site-packages/airflow/example_dags/example_trigger_target_dag.py
[2022-07-12 18:18:50,045] {processor.py:641} INFO - Processing file /home/airflow/.local/lib/python3.7/site-packages/airflow/example_dags/example_trigger_target_dag.py for tasks to queue
[2022-07-12 18:18:50,049] {logging_mixin.py:115} INFO - [2022-07-12 18:18:50,049] {dagbag.py:507} INFO - Filling up the DagBag from /home/airflow/.local/lib/python3.7/site-packages/airflow/example_dags/example_trigger_target_dag.py
[2022-07-12 18:18:50,098] {processor.py:651} INFO - DAG(s) dict_keys(['example_trigger_target_dag']) retrieved from /home/airflow/.local/lib/python3.7/site-packages/airflow/example_dags/example_trigger_target_dag.py
[2022-07-12 18:18:50,174] {logging_mixin.py:115} INFO - [2022-07-12 18:18:50,173] {dag.py:2371} INFO - Sync 1 DAGs
[2022-07-12 18:18:50,721] {logging_mixin.py:115} INFO - [2022-07-12 18:18:50,721] {dag.py:2919} INFO - Setting next_dagrun for example_trigger_target_dag to None, run_after=None
[2022-07-12 18:18:50,753] {processor.py:161} INFO - Processing /home/airflow/.local/lib/python3.7/site-packages/airflow/example_dags/example_trigger_target_dag.py took 0.725 seconds
[2022-07-12 18:19:21,617] {processor.py:153} INFO - Started process (PID=1156) to work on /home/airflow/.local/lib/python3.7/site-packages/airflow/example_dags/example_trigger_target_dag.py
[2022-07-12 18:19:21,620] {processor.py:641} INFO - Processing file /home/airflow/.local/lib/python3.7/site-packages/airflow/example_dags/example_trigger_target_dag.py for tasks to queue
[2022-07-12 18:19:21,621] {logging_mixin.py:115} INFO - [2022-07-12 18:19:21,621] {dagbag.py:507} INFO - Filling up the DagBag from /home/airflow/.local/lib/python3.7/site-packages/airflow/example_dags/example_trigger_target_dag.py
[2022-07-12 18:19:21,653] {processor.py:651} INFO - DAG(s) dict_keys(['example_trigger_target_dag']) retrieved from /home/airflow/.local/lib/python3.7/site-packages/airflow/example_dags/example_trigger_target_dag.py
[2022-07-12 18:19:21,707] {logging_mixin.py:115} INFO - [2022-07-12 18:19:21,707] {dag.py:2371} INFO - Sync 1 DAGs
[2022-07-12 18:19:22,080] {logging_mixin.py:115} INFO - [2022-07-12 18:19:22,080] {dag.py:2919} INFO - Setting next_dagrun for example_trigger_target_dag to None, run_after=None
[2022-07-12 18:19:22,092] {processor.py:161} INFO - Processing /home/airflow/.local/lib/python3.7/site-packages/airflow/example_dags/example_trigger_target_dag.py took 0.486 seconds
[2022-07-12 18:19:52,508] {processor.py:153} INFO - Started process (PID=1217) to work on /home/airflow/.local/lib/python3.7/site-packages/airflow/example_dags/example_trigger_target_dag.py
[2022-07-12 18:19:52,512] {processor.py:641} INFO - Processing file /home/airflow/.local/lib/python3.7/site-packages/airflow/example_dags/example_trigger_target_dag.py for tasks to queue
[2022-07-12 18:19:52,516] {logging_mixin.py:115} INFO - [2022-07-12 18:19:52,516] {dagbag.py:507} INFO - Filling up the DagBag from /home/airflow/.local/lib/python3.7/site-packages/airflow/example_dags/example_trigger_target_dag.py
[2022-07-12 18:19:52,571] {processor.py:651} INFO - DAG(s) dict_keys(['example_trigger_target_dag']) retrieved from /home/airflow/.local/lib/python3.7/site-packages/airflow/example_dags/example_trigger_target_dag.py
[2022-07-12 18:19:53,107] {logging_mixin.py:115} INFO - [2022-07-12 18:19:53,106] {dag.py:2371} INFO - Sync 1 DAGs
[2022-07-12 18:19:53,152] {logging_mixin.py:115} INFO - [2022-07-12 18:19:53,152] {dag.py:2919} INFO - Setting next_dagrun for example_trigger_target_dag to None, run_after=None
[2022-07-12 18:19:53,171] {processor.py:161} INFO - Processing /home/airflow/.local/lib/python3.7/site-packages/airflow/example_dags/example_trigger_target_dag.py took 0.672 seconds
[2022-07-12 18:20:23,297] {processor.py:153} INFO - Started process (PID=1270) to work on /home/airflow/.local/lib/python3.7/site-packages/airflow/example_dags/example_trigger_target_dag.py
[2022-07-12 18:20:23,300] {processor.py:641} INFO - Processing file /home/airflow/.local/lib/python3.7/site-packages/airflow/example_dags/example_trigger_target_dag.py for tasks to queue
[2022-07-12 18:20:23,302] {logging_mixin.py:115} INFO - [2022-07-12 18:20:23,302] {dagbag.py:507} INFO - Filling up the DagBag from /home/airflow/.local/lib/python3.7/site-packages/airflow/example_dags/example_trigger_target_dag.py
[2022-07-12 18:20:23,334] {processor.py:651} INFO - DAG(s) dict_keys(['example_trigger_target_dag']) retrieved from /home/airflow/.local/lib/python3.7/site-packages/airflow/example_dags/example_trigger_target_dag.py
[2022-07-12 18:20:23,387] {logging_mixin.py:115} INFO - [2022-07-12 18:20:23,387] {dag.py:2371} INFO - Sync 1 DAGs
[2022-07-12 18:20:23,775] {logging_mixin.py:115} INFO - [2022-07-12 18:20:23,771] {dag.py:2919} INFO - Setting next_dagrun for example_trigger_target_dag to None, run_after=None
[2022-07-12 18:20:23,836] {processor.py:161} INFO - Processing /home/airflow/.local/lib/python3.7/site-packages/airflow/example_dags/example_trigger_target_dag.py took 0.551 seconds
[2022-07-12 18:20:54,296] {processor.py:153} INFO - Started process (PID=1323) to work on /home/airflow/.local/lib/python3.7/site-packages/airflow/example_dags/example_trigger_target_dag.py
[2022-07-12 18:20:54,298] {processor.py:641} INFO - Processing file /home/airflow/.local/lib/python3.7/site-packages/airflow/example_dags/example_trigger_target_dag.py for tasks to queue
[2022-07-12 18:20:54,299] {logging_mixin.py:115} INFO - [2022-07-12 18:20:54,299] {dagbag.py:507} INFO - Filling up the DagBag from /home/airflow/.local/lib/python3.7/site-packages/airflow/example_dags/example_trigger_target_dag.py
[2022-07-12 18:20:54,337] {processor.py:651} INFO - DAG(s) dict_keys(['example_trigger_target_dag']) retrieved from /home/airflow/.local/lib/python3.7/site-packages/airflow/example_dags/example_trigger_target_dag.py
[2022-07-12 18:20:54,760] {logging_mixin.py:115} INFO - [2022-07-12 18:20:54,760] {dag.py:2371} INFO - Sync 1 DAGs
[2022-07-12 18:20:54,791] {logging_mixin.py:115} INFO - [2022-07-12 18:20:54,791] {dag.py:2919} INFO - Setting next_dagrun for example_trigger_target_dag to None, run_after=None
[2022-07-12 18:20:54,812] {processor.py:161} INFO - Processing /home/airflow/.local/lib/python3.7/site-packages/airflow/example_dags/example_trigger_target_dag.py took 0.520 seconds
[2022-07-12 18:25:02,362] {processor.py:153} INFO - Started process (PID=46) to work on /home/airflow/.local/lib/python3.7/site-packages/airflow/example_dags/example_trigger_target_dag.py
[2022-07-12 18:25:02,365] {processor.py:641} INFO - Processing file /home/airflow/.local/lib/python3.7/site-packages/airflow/example_dags/example_trigger_target_dag.py for tasks to queue
[2022-07-12 18:25:02,368] {logging_mixin.py:115} INFO - [2022-07-12 18:25:02,368] {dagbag.py:507} INFO - Filling up the DagBag from /home/airflow/.local/lib/python3.7/site-packages/airflow/example_dags/example_trigger_target_dag.py
[2022-07-12 18:25:02,433] {processor.py:651} INFO - DAG(s) dict_keys(['example_trigger_target_dag']) retrieved from /home/airflow/.local/lib/python3.7/site-packages/airflow/example_dags/example_trigger_target_dag.py
[2022-07-12 18:25:03,235] {logging_mixin.py:115} INFO - [2022-07-12 18:25:03,235] {manager.py:508} INFO - Created Permission View: can read on DAG:example_trigger_target_dag
[2022-07-12 18:25:03,271] {logging_mixin.py:115} INFO - [2022-07-12 18:25:03,271] {manager.py:508} INFO - Created Permission View: can edit on DAG:example_trigger_target_dag
[2022-07-12 18:25:03,293] {logging_mixin.py:115} INFO - [2022-07-12 18:25:03,293] {manager.py:508} INFO - Created Permission View: can delete on DAG:example_trigger_target_dag
[2022-07-12 18:25:03,296] {logging_mixin.py:115} INFO - [2022-07-12 18:25:03,296] {dag.py:2371} INFO - Sync 1 DAGs
[2022-07-12 18:25:03,322] {logging_mixin.py:115} INFO - [2022-07-12 18:25:03,322] {dag.py:2390} INFO - Creating ORM DAG for example_trigger_target_dag
[2022-07-12 18:25:03,356] {logging_mixin.py:115} INFO - [2022-07-12 18:25:03,356] {dag.py:2919} INFO - Setting next_dagrun for example_trigger_target_dag to None, run_after=None
[2022-07-12 18:25:03,385] {processor.py:161} INFO - Processing /home/airflow/.local/lib/python3.7/site-packages/airflow/example_dags/example_trigger_target_dag.py took 1.039 seconds
[2022-07-12 18:25:37,564] {processor.py:153} INFO - Started process (PID=98) to work on /home/airflow/.local/lib/python3.7/site-packages/airflow/example_dags/example_trigger_target_dag.py
[2022-07-12 18:25:37,571] {processor.py:641} INFO - Processing file /home/airflow/.local/lib/python3.7/site-packages/airflow/example_dags/example_trigger_target_dag.py for tasks to queue
[2022-07-12 18:25:37,587] {logging_mixin.py:115} INFO - [2022-07-12 18:25:37,587] {dagbag.py:507} INFO - Filling up the DagBag from /home/airflow/.local/lib/python3.7/site-packages/airflow/example_dags/example_trigger_target_dag.py
[2022-07-12 18:25:37,620] {processor.py:651} INFO - DAG(s) dict_keys(['example_trigger_target_dag']) retrieved from /home/airflow/.local/lib/python3.7/site-packages/airflow/example_dags/example_trigger_target_dag.py
[2022-07-12 18:25:37,682] {logging_mixin.py:115} INFO - [2022-07-12 18:25:37,682] {dag.py:2371} INFO - Sync 1 DAGs
[2022-07-12 18:25:37,942] {logging_mixin.py:115} INFO - [2022-07-12 18:25:37,942] {dag.py:2919} INFO - Setting next_dagrun for example_trigger_target_dag to None, run_after=None
[2022-07-12 18:25:38,004] {processor.py:161} INFO - Processing /home/airflow/.local/lib/python3.7/site-packages/airflow/example_dags/example_trigger_target_dag.py took 0.446 seconds
[2022-07-12 18:26:08,962] {processor.py:153} INFO - Started process (PID=160) to work on /home/airflow/.local/lib/python3.7/site-packages/airflow/example_dags/example_trigger_target_dag.py
[2022-07-12 18:26:08,964] {processor.py:641} INFO - Processing file /home/airflow/.local/lib/python3.7/site-packages/airflow/example_dags/example_trigger_target_dag.py for tasks to queue
[2022-07-12 18:26:08,965] {logging_mixin.py:115} INFO - [2022-07-12 18:26:08,965] {dagbag.py:507} INFO - Filling up the DagBag from /home/airflow/.local/lib/python3.7/site-packages/airflow/example_dags/example_trigger_target_dag.py
[2022-07-12 18:26:08,977] {processor.py:651} INFO - DAG(s) dict_keys(['example_trigger_target_dag']) retrieved from /home/airflow/.local/lib/python3.7/site-packages/airflow/example_dags/example_trigger_target_dag.py
[2022-07-12 18:26:08,998] {logging_mixin.py:115} INFO - [2022-07-12 18:26:08,998] {dag.py:2371} INFO - Sync 1 DAGs
[2022-07-12 18:26:09,111] {logging_mixin.py:115} INFO - [2022-07-12 18:26:09,111] {dag.py:2919} INFO - Setting next_dagrun for example_trigger_target_dag to None, run_after=None
[2022-07-12 18:26:09,121] {processor.py:161} INFO - Processing /home/airflow/.local/lib/python3.7/site-packages/airflow/example_dags/example_trigger_target_dag.py took 0.161 seconds
[2022-07-12 18:26:39,602] {processor.py:153} INFO - Started process (PID=212) to work on /home/airflow/.local/lib/python3.7/site-packages/airflow/example_dags/example_trigger_target_dag.py
[2022-07-12 18:26:39,606] {processor.py:641} INFO - Processing file /home/airflow/.local/lib/python3.7/site-packages/airflow/example_dags/example_trigger_target_dag.py for tasks to queue
[2022-07-12 18:26:39,609] {logging_mixin.py:115} INFO - [2022-07-12 18:26:39,609] {dagbag.py:507} INFO - Filling up the DagBag from /home/airflow/.local/lib/python3.7/site-packages/airflow/example_dags/example_trigger_target_dag.py
[2022-07-12 18:26:39,635] {processor.py:651} INFO - DAG(s) dict_keys(['example_trigger_target_dag']) retrieved from /home/airflow/.local/lib/python3.7/site-packages/airflow/example_dags/example_trigger_target_dag.py
[2022-07-12 18:26:39,674] {logging_mixin.py:115} INFO - [2022-07-12 18:26:39,674] {dag.py:2371} INFO - Sync 1 DAGs
[2022-07-12 18:26:39,827] {logging_mixin.py:115} INFO - [2022-07-12 18:26:39,827] {dag.py:2919} INFO - Setting next_dagrun for example_trigger_target_dag to None, run_after=None
[2022-07-12 18:26:39,836] {processor.py:161} INFO - Processing /home/airflow/.local/lib/python3.7/site-packages/airflow/example_dags/example_trigger_target_dag.py took 0.239 seconds
[2022-07-12 18:29:13,668] {processor.py:153} INFO - Started process (PID=47) to work on /home/airflow/.local/lib/python3.7/site-packages/airflow/example_dags/example_trigger_target_dag.py
[2022-07-12 18:29:13,672] {processor.py:641} INFO - Processing file /home/airflow/.local/lib/python3.7/site-packages/airflow/example_dags/example_trigger_target_dag.py for tasks to queue
[2022-07-12 18:29:13,675] {logging_mixin.py:115} INFO - [2022-07-12 18:29:13,675] {dagbag.py:507} INFO - Filling up the DagBag from /home/airflow/.local/lib/python3.7/site-packages/airflow/example_dags/example_trigger_target_dag.py
[2022-07-12 18:29:13,720] {processor.py:651} INFO - DAG(s) dict_keys(['example_trigger_target_dag']) retrieved from /home/airflow/.local/lib/python3.7/site-packages/airflow/example_dags/example_trigger_target_dag.py
[2022-07-12 18:29:13,772] {logging_mixin.py:115} INFO - [2022-07-12 18:29:13,772] {dag.py:2371} INFO - Sync 1 DAGs
[2022-07-12 18:29:14,178] {logging_mixin.py:115} INFO - [2022-07-12 18:29:14,178] {dag.py:2919} INFO - Setting next_dagrun for example_trigger_target_dag to None, run_after=None
[2022-07-12 18:29:14,207] {processor.py:161} INFO - Processing /home/airflow/.local/lib/python3.7/site-packages/airflow/example_dags/example_trigger_target_dag.py took 0.547 seconds
[2022-07-12 18:29:44,774] {processor.py:153} INFO - Started process (PID=99) to work on /home/airflow/.local/lib/python3.7/site-packages/airflow/example_dags/example_trigger_target_dag.py
[2022-07-12 18:29:44,776] {processor.py:641} INFO - Processing file /home/airflow/.local/lib/python3.7/site-packages/airflow/example_dags/example_trigger_target_dag.py for tasks to queue
[2022-07-12 18:29:44,778] {logging_mixin.py:115} INFO - [2022-07-12 18:29:44,778] {dagbag.py:507} INFO - Filling up the DagBag from /home/airflow/.local/lib/python3.7/site-packages/airflow/example_dags/example_trigger_target_dag.py
[2022-07-12 18:29:44,808] {processor.py:651} INFO - DAG(s) dict_keys(['example_trigger_target_dag']) retrieved from /home/airflow/.local/lib/python3.7/site-packages/airflow/example_dags/example_trigger_target_dag.py
[2022-07-12 18:29:44,856] {logging_mixin.py:115} INFO - [2022-07-12 18:29:44,856] {dag.py:2371} INFO - Sync 1 DAGs
[2022-07-12 18:29:45,179] {logging_mixin.py:115} INFO - [2022-07-12 18:29:45,179] {dag.py:2919} INFO - Setting next_dagrun for example_trigger_target_dag to None, run_after=None
[2022-07-12 18:29:45,199] {processor.py:161} INFO - Processing /home/airflow/.local/lib/python3.7/site-packages/airflow/example_dags/example_trigger_target_dag.py took 0.427 seconds
[2022-07-12 18:30:15,703] {processor.py:153} INFO - Started process (PID=160) to work on /home/airflow/.local/lib/python3.7/site-packages/airflow/example_dags/example_trigger_target_dag.py
[2022-07-12 18:30:15,707] {processor.py:641} INFO - Processing file /home/airflow/.local/lib/python3.7/site-packages/airflow/example_dags/example_trigger_target_dag.py for tasks to queue
[2022-07-12 18:30:15,709] {logging_mixin.py:115} INFO - [2022-07-12 18:30:15,709] {dagbag.py:507} INFO - Filling up the DagBag from /home/airflow/.local/lib/python3.7/site-packages/airflow/example_dags/example_trigger_target_dag.py
[2022-07-12 18:30:15,722] {processor.py:651} INFO - DAG(s) dict_keys(['example_trigger_target_dag']) retrieved from /home/airflow/.local/lib/python3.7/site-packages/airflow/example_dags/example_trigger_target_dag.py
[2022-07-12 18:30:15,756] {logging_mixin.py:115} INFO - [2022-07-12 18:30:15,755] {dag.py:2371} INFO - Sync 1 DAGs
[2022-07-12 18:30:15,939] {logging_mixin.py:115} INFO - [2022-07-12 18:30:15,939] {dag.py:2919} INFO - Setting next_dagrun for example_trigger_target_dag to None, run_after=None
[2022-07-12 18:30:15,951] {processor.py:161} INFO - Processing /home/airflow/.local/lib/python3.7/site-packages/airflow/example_dags/example_trigger_target_dag.py took 0.250 seconds
[2022-07-12 18:30:46,241] {processor.py:153} INFO - Started process (PID=213) to work on /home/airflow/.local/lib/python3.7/site-packages/airflow/example_dags/example_trigger_target_dag.py
[2022-07-12 18:30:46,242] {processor.py:641} INFO - Processing file /home/airflow/.local/lib/python3.7/site-packages/airflow/example_dags/example_trigger_target_dag.py for tasks to queue
[2022-07-12 18:30:46,243] {logging_mixin.py:115} INFO - [2022-07-12 18:30:46,243] {dagbag.py:507} INFO - Filling up the DagBag from /home/airflow/.local/lib/python3.7/site-packages/airflow/example_dags/example_trigger_target_dag.py
[2022-07-12 18:30:46,254] {processor.py:651} INFO - DAG(s) dict_keys(['example_trigger_target_dag']) retrieved from /home/airflow/.local/lib/python3.7/site-packages/airflow/example_dags/example_trigger_target_dag.py
[2022-07-12 18:30:46,277] {logging_mixin.py:115} INFO - [2022-07-12 18:30:46,277] {dag.py:2371} INFO - Sync 1 DAGs
[2022-07-12 18:30:46,406] {logging_mixin.py:115} INFO - [2022-07-12 18:30:46,406] {dag.py:2919} INFO - Setting next_dagrun for example_trigger_target_dag to None, run_after=None
[2022-07-12 18:30:46,430] {processor.py:161} INFO - Processing /home/airflow/.local/lib/python3.7/site-packages/airflow/example_dags/example_trigger_target_dag.py took 0.192 seconds
[2022-07-12 18:31:16,771] {processor.py:153} INFO - Started process (PID=276) to work on /home/airflow/.local/lib/python3.7/site-packages/airflow/example_dags/example_trigger_target_dag.py
[2022-07-12 18:31:16,775] {processor.py:641} INFO - Processing file /home/airflow/.local/lib/python3.7/site-packages/airflow/example_dags/example_trigger_target_dag.py for tasks to queue
[2022-07-12 18:31:16,776] {logging_mixin.py:115} INFO - [2022-07-12 18:31:16,776] {dagbag.py:507} INFO - Filling up the DagBag from /home/airflow/.local/lib/python3.7/site-packages/airflow/example_dags/example_trigger_target_dag.py
[2022-07-12 18:31:16,790] {processor.py:651} INFO - DAG(s) dict_keys(['example_trigger_target_dag']) retrieved from /home/airflow/.local/lib/python3.7/site-packages/airflow/example_dags/example_trigger_target_dag.py
[2022-07-12 18:31:16,821] {logging_mixin.py:115} INFO - [2022-07-12 18:31:16,821] {dag.py:2371} INFO - Sync 1 DAGs
[2022-07-12 18:31:17,007] {logging_mixin.py:115} INFO - [2022-07-12 18:31:17,007] {dag.py:2919} INFO - Setting next_dagrun for example_trigger_target_dag to None, run_after=None
[2022-07-12 18:31:17,021] {processor.py:161} INFO - Processing /home/airflow/.local/lib/python3.7/site-packages/airflow/example_dags/example_trigger_target_dag.py took 0.255 seconds
