[2022-07-12 18:08:27,215] {processor.py:153} INFO - Started process (PID=101) to work on /home/airflow/.local/lib/python3.7/site-packages/airflow/example_dags/example_branch_operator_decorator.py
[2022-07-12 18:08:27,219] {processor.py:641} INFO - Processing file /home/airflow/.local/lib/python3.7/site-packages/airflow/example_dags/example_branch_operator_decorator.py for tasks to queue
[2022-07-12 18:08:27,224] {logging_mixin.py:115} INFO - [2022-07-12 18:08:27,224] {dagbag.py:507} INFO - Filling up the DagBag from /home/airflow/.local/lib/python3.7/site-packages/airflow/example_dags/example_branch_operator_decorator.py
[2022-07-12 18:08:27,260] {processor.py:651} INFO - DAG(s) dict_keys(['example_branch_python_operator_decorator']) retrieved from /home/airflow/.local/lib/python3.7/site-packages/airflow/example_dags/example_branch_operator_decorator.py
[2022-07-12 18:08:27,481] {logging_mixin.py:115} INFO - [2022-07-12 18:08:27,481] {manager.py:508} INFO - Created Permission View: can read on DAG:example_branch_python_operator_decorator
[2022-07-12 18:08:27,490] {logging_mixin.py:115} INFO - [2022-07-12 18:08:27,490] {manager.py:508} INFO - Created Permission View: can delete on DAG:example_branch_python_operator_decorator
[2022-07-12 18:08:27,496] {logging_mixin.py:115} INFO - [2022-07-12 18:08:27,496] {manager.py:508} INFO - Created Permission View: can edit on DAG:example_branch_python_operator_decorator
[2022-07-12 18:08:27,497] {logging_mixin.py:115} INFO - [2022-07-12 18:08:27,497] {dag.py:2371} INFO - Sync 1 DAGs
[2022-07-12 18:08:27,506] {logging_mixin.py:115} INFO - [2022-07-12 18:08:27,505] {dag.py:2390} INFO - Creating ORM DAG for example_branch_python_operator_decorator
[2022-07-12 18:08:27,515] {logging_mixin.py:115} INFO - [2022-07-12 18:08:27,515] {dag.py:2919} INFO - Setting next_dagrun for example_branch_python_operator_decorator to 2022-07-11T00:00:00+00:00, run_after=2022-07-12T00:00:00+00:00
[2022-07-12 18:08:27,528] {processor.py:161} INFO - Processing /home/airflow/.local/lib/python3.7/site-packages/airflow/example_dags/example_branch_operator_decorator.py took 0.324 seconds
[2022-07-12 18:08:58,726] {processor.py:153} INFO - Started process (PID=153) to work on /home/airflow/.local/lib/python3.7/site-packages/airflow/example_dags/example_branch_operator_decorator.py
[2022-07-12 18:08:58,731] {processor.py:641} INFO - Processing file /home/airflow/.local/lib/python3.7/site-packages/airflow/example_dags/example_branch_operator_decorator.py for tasks to queue
[2022-07-12 18:08:58,741] {logging_mixin.py:115} INFO - [2022-07-12 18:08:58,741] {dagbag.py:507} INFO - Filling up the DagBag from /home/airflow/.local/lib/python3.7/site-packages/airflow/example_dags/example_branch_operator_decorator.py
[2022-07-12 18:08:58,848] {processor.py:651} INFO - DAG(s) dict_keys(['example_branch_python_operator_decorator']) retrieved from /home/airflow/.local/lib/python3.7/site-packages/airflow/example_dags/example_branch_operator_decorator.py
[2022-07-12 18:08:59,047] {logging_mixin.py:115} INFO - [2022-07-12 18:08:59,047] {dag.py:2371} INFO - Sync 1 DAGs
[2022-07-12 18:08:59,633] {logging_mixin.py:115} INFO - [2022-07-12 18:08:59,633] {dag.py:2919} INFO - Setting next_dagrun for example_branch_python_operator_decorator to 2022-07-11T00:00:00+00:00, run_after=2022-07-12T00:00:00+00:00
[2022-07-12 18:08:59,659] {processor.py:161} INFO - Processing /home/airflow/.local/lib/python3.7/site-packages/airflow/example_dags/example_branch_operator_decorator.py took 0.945 seconds
[2022-07-12 18:09:30,130] {processor.py:153} INFO - Started process (PID=213) to work on /home/airflow/.local/lib/python3.7/site-packages/airflow/example_dags/example_branch_operator_decorator.py
[2022-07-12 18:09:30,132] {processor.py:641} INFO - Processing file /home/airflow/.local/lib/python3.7/site-packages/airflow/example_dags/example_branch_operator_decorator.py for tasks to queue
[2022-07-12 18:09:30,133] {logging_mixin.py:115} INFO - [2022-07-12 18:09:30,133] {dagbag.py:507} INFO - Filling up the DagBag from /home/airflow/.local/lib/python3.7/site-packages/airflow/example_dags/example_branch_operator_decorator.py
[2022-07-12 18:09:30,153] {processor.py:651} INFO - DAG(s) dict_keys(['example_branch_python_operator_decorator']) retrieved from /home/airflow/.local/lib/python3.7/site-packages/airflow/example_dags/example_branch_operator_decorator.py
[2022-07-12 18:09:30,178] {logging_mixin.py:115} INFO - [2022-07-12 18:09:30,178] {dag.py:2371} INFO - Sync 1 DAGs
[2022-07-12 18:09:30,341] {logging_mixin.py:115} INFO - [2022-07-12 18:09:30,341] {dag.py:2919} INFO - Setting next_dagrun for example_branch_python_operator_decorator to 2022-07-11T00:00:00+00:00, run_after=2022-07-12T00:00:00+00:00
[2022-07-12 18:09:30,352] {processor.py:161} INFO - Processing /home/airflow/.local/lib/python3.7/site-packages/airflow/example_dags/example_branch_operator_decorator.py took 0.225 seconds
[2022-07-12 18:10:02,277] {processor.py:153} INFO - Started process (PID=274) to work on /home/airflow/.local/lib/python3.7/site-packages/airflow/example_dags/example_branch_operator_decorator.py
[2022-07-12 18:10:02,282] {processor.py:641} INFO - Processing file /home/airflow/.local/lib/python3.7/site-packages/airflow/example_dags/example_branch_operator_decorator.py for tasks to queue
[2022-07-12 18:10:02,286] {logging_mixin.py:115} INFO - [2022-07-12 18:10:02,286] {dagbag.py:507} INFO - Filling up the DagBag from /home/airflow/.local/lib/python3.7/site-packages/airflow/example_dags/example_branch_operator_decorator.py
[2022-07-12 18:10:02,362] {processor.py:651} INFO - DAG(s) dict_keys(['example_branch_python_operator_decorator']) retrieved from /home/airflow/.local/lib/python3.7/site-packages/airflow/example_dags/example_branch_operator_decorator.py
[2022-07-12 18:10:02,437] {logging_mixin.py:115} INFO - [2022-07-12 18:10:02,437] {dag.py:2371} INFO - Sync 1 DAGs
[2022-07-12 18:10:06,453] {logging_mixin.py:115} INFO - [2022-07-12 18:10:06,452] {dag.py:2919} INFO - Setting next_dagrun for example_branch_python_operator_decorator to 2022-07-11T00:00:00+00:00, run_after=2022-07-12T00:00:00+00:00
[2022-07-12 18:10:06,538] {processor.py:161} INFO - Processing /home/airflow/.local/lib/python3.7/site-packages/airflow/example_dags/example_branch_operator_decorator.py took 4.266 seconds
[2022-07-12 18:10:37,273] {processor.py:153} INFO - Started process (PID=326) to work on /home/airflow/.local/lib/python3.7/site-packages/airflow/example_dags/example_branch_operator_decorator.py
[2022-07-12 18:10:37,275] {processor.py:641} INFO - Processing file /home/airflow/.local/lib/python3.7/site-packages/airflow/example_dags/example_branch_operator_decorator.py for tasks to queue
[2022-07-12 18:10:37,277] {logging_mixin.py:115} INFO - [2022-07-12 18:10:37,277] {dagbag.py:507} INFO - Filling up the DagBag from /home/airflow/.local/lib/python3.7/site-packages/airflow/example_dags/example_branch_operator_decorator.py
[2022-07-12 18:10:37,316] {processor.py:651} INFO - DAG(s) dict_keys(['example_branch_python_operator_decorator']) retrieved from /home/airflow/.local/lib/python3.7/site-packages/airflow/example_dags/example_branch_operator_decorator.py
[2022-07-12 18:10:37,356] {logging_mixin.py:115} INFO - [2022-07-12 18:10:37,355] {dag.py:2371} INFO - Sync 1 DAGs
[2022-07-12 18:10:37,832] {logging_mixin.py:115} INFO - [2022-07-12 18:10:37,831] {dag.py:2919} INFO - Setting next_dagrun for example_branch_python_operator_decorator to 2022-07-11T00:00:00+00:00, run_after=2022-07-12T00:00:00+00:00
[2022-07-12 18:10:37,843] {processor.py:161} INFO - Processing /home/airflow/.local/lib/python3.7/site-packages/airflow/example_dags/example_branch_operator_decorator.py took 0.579 seconds
[2022-07-12 18:11:07,946] {processor.py:153} INFO - Started process (PID=387) to work on /home/airflow/.local/lib/python3.7/site-packages/airflow/example_dags/example_branch_operator_decorator.py
[2022-07-12 18:11:07,949] {processor.py:641} INFO - Processing file /home/airflow/.local/lib/python3.7/site-packages/airflow/example_dags/example_branch_operator_decorator.py for tasks to queue
[2022-07-12 18:11:07,951] {logging_mixin.py:115} INFO - [2022-07-12 18:11:07,951] {dagbag.py:507} INFO - Filling up the DagBag from /home/airflow/.local/lib/python3.7/site-packages/airflow/example_dags/example_branch_operator_decorator.py
[2022-07-12 18:11:08,004] {processor.py:651} INFO - DAG(s) dict_keys(['example_branch_python_operator_decorator']) retrieved from /home/airflow/.local/lib/python3.7/site-packages/airflow/example_dags/example_branch_operator_decorator.py
[2022-07-12 18:11:08,066] {logging_mixin.py:115} INFO - [2022-07-12 18:11:08,066] {dag.py:2371} INFO - Sync 1 DAGs
[2022-07-12 18:11:08,407] {logging_mixin.py:115} INFO - [2022-07-12 18:11:08,407] {dag.py:2919} INFO - Setting next_dagrun for example_branch_python_operator_decorator to 2022-07-11T00:00:00+00:00, run_after=2022-07-12T00:00:00+00:00
[2022-07-12 18:11:08,420] {processor.py:161} INFO - Processing /home/airflow/.local/lib/python3.7/site-packages/airflow/example_dags/example_branch_operator_decorator.py took 0.489 seconds
[2022-07-12 18:11:38,730] {processor.py:153} INFO - Started process (PID=439) to work on /home/airflow/.local/lib/python3.7/site-packages/airflow/example_dags/example_branch_operator_decorator.py
[2022-07-12 18:11:38,732] {processor.py:641} INFO - Processing file /home/airflow/.local/lib/python3.7/site-packages/airflow/example_dags/example_branch_operator_decorator.py for tasks to queue
[2022-07-12 18:11:38,734] {logging_mixin.py:115} INFO - [2022-07-12 18:11:38,734] {dagbag.py:507} INFO - Filling up the DagBag from /home/airflow/.local/lib/python3.7/site-packages/airflow/example_dags/example_branch_operator_decorator.py
[2022-07-12 18:11:38,773] {processor.py:651} INFO - DAG(s) dict_keys(['example_branch_python_operator_decorator']) retrieved from /home/airflow/.local/lib/python3.7/site-packages/airflow/example_dags/example_branch_operator_decorator.py
[2022-07-12 18:11:38,844] {logging_mixin.py:115} INFO - [2022-07-12 18:11:38,844] {dag.py:2371} INFO - Sync 1 DAGs
[2022-07-12 18:11:39,336] {logging_mixin.py:115} INFO - [2022-07-12 18:11:39,336] {dag.py:2919} INFO - Setting next_dagrun for example_branch_python_operator_decorator to 2022-07-11T00:00:00+00:00, run_after=2022-07-12T00:00:00+00:00
[2022-07-12 18:11:39,356] {processor.py:161} INFO - Processing /home/airflow/.local/lib/python3.7/site-packages/airflow/example_dags/example_branch_operator_decorator.py took 0.632 seconds
[2022-07-12 18:12:09,521] {processor.py:153} INFO - Started process (PID=501) to work on /home/airflow/.local/lib/python3.7/site-packages/airflow/example_dags/example_branch_operator_decorator.py
[2022-07-12 18:12:09,524] {processor.py:641} INFO - Processing file /home/airflow/.local/lib/python3.7/site-packages/airflow/example_dags/example_branch_operator_decorator.py for tasks to queue
[2022-07-12 18:12:09,526] {logging_mixin.py:115} INFO - [2022-07-12 18:12:09,525] {dagbag.py:507} INFO - Filling up the DagBag from /home/airflow/.local/lib/python3.7/site-packages/airflow/example_dags/example_branch_operator_decorator.py
[2022-07-12 18:12:09,560] {processor.py:651} INFO - DAG(s) dict_keys(['example_branch_python_operator_decorator']) retrieved from /home/airflow/.local/lib/python3.7/site-packages/airflow/example_dags/example_branch_operator_decorator.py
[2022-07-12 18:12:09,620] {logging_mixin.py:115} INFO - [2022-07-12 18:12:09,620] {dag.py:2371} INFO - Sync 1 DAGs
[2022-07-12 18:12:10,051] {logging_mixin.py:115} INFO - [2022-07-12 18:12:10,051] {dag.py:2919} INFO - Setting next_dagrun for example_branch_python_operator_decorator to 2022-07-11T00:00:00+00:00, run_after=2022-07-12T00:00:00+00:00
[2022-07-12 18:12:10,090] {processor.py:161} INFO - Processing /home/airflow/.local/lib/python3.7/site-packages/airflow/example_dags/example_branch_operator_decorator.py took 0.577 seconds
[2022-07-12 18:12:40,756] {processor.py:153} INFO - Started process (PID=562) to work on /home/airflow/.local/lib/python3.7/site-packages/airflow/example_dags/example_branch_operator_decorator.py
[2022-07-12 18:12:40,759] {processor.py:641} INFO - Processing file /home/airflow/.local/lib/python3.7/site-packages/airflow/example_dags/example_branch_operator_decorator.py for tasks to queue
[2022-07-12 18:12:40,762] {logging_mixin.py:115} INFO - [2022-07-12 18:12:40,762] {dagbag.py:507} INFO - Filling up the DagBag from /home/airflow/.local/lib/python3.7/site-packages/airflow/example_dags/example_branch_operator_decorator.py
[2022-07-12 18:12:40,799] {processor.py:651} INFO - DAG(s) dict_keys(['example_branch_python_operator_decorator']) retrieved from /home/airflow/.local/lib/python3.7/site-packages/airflow/example_dags/example_branch_operator_decorator.py
[2022-07-12 18:12:40,853] {logging_mixin.py:115} INFO - [2022-07-12 18:12:40,853] {dag.py:2371} INFO - Sync 1 DAGs
[2022-07-12 18:12:41,464] {logging_mixin.py:115} INFO - [2022-07-12 18:12:41,463] {dag.py:2919} INFO - Setting next_dagrun for example_branch_python_operator_decorator to 2022-07-11T00:00:00+00:00, run_after=2022-07-12T00:00:00+00:00
[2022-07-12 18:12:41,542] {processor.py:161} INFO - Processing /home/airflow/.local/lib/python3.7/site-packages/airflow/example_dags/example_branch_operator_decorator.py took 0.796 seconds
[2022-07-12 18:13:12,405] {processor.py:153} INFO - Started process (PID=614) to work on /home/airflow/.local/lib/python3.7/site-packages/airflow/example_dags/example_branch_operator_decorator.py
[2022-07-12 18:13:12,632] {processor.py:641} INFO - Processing file /home/airflow/.local/lib/python3.7/site-packages/airflow/example_dags/example_branch_operator_decorator.py for tasks to queue
[2022-07-12 18:13:12,926] {logging_mixin.py:115} INFO - [2022-07-12 18:13:12,926] {dagbag.py:507} INFO - Filling up the DagBag from /home/airflow/.local/lib/python3.7/site-packages/airflow/example_dags/example_branch_operator_decorator.py
[2022-07-12 18:13:13,134] {processor.py:651} INFO - DAG(s) dict_keys(['example_branch_python_operator_decorator']) retrieved from /home/airflow/.local/lib/python3.7/site-packages/airflow/example_dags/example_branch_operator_decorator.py
[2022-07-12 18:13:13,338] {logging_mixin.py:115} INFO - [2022-07-12 18:13:13,337] {dag.py:2371} INFO - Sync 1 DAGs
[2022-07-12 18:13:14,541] {logging_mixin.py:115} INFO - [2022-07-12 18:13:14,541] {dag.py:2919} INFO - Setting next_dagrun for example_branch_python_operator_decorator to 2022-07-11T00:00:00+00:00, run_after=2022-07-12T00:00:00+00:00
[2022-07-12 18:13:14,571] {processor.py:161} INFO - Processing /home/airflow/.local/lib/python3.7/site-packages/airflow/example_dags/example_branch_operator_decorator.py took 2.250 seconds
[2022-07-12 18:13:44,715] {processor.py:153} INFO - Started process (PID=675) to work on /home/airflow/.local/lib/python3.7/site-packages/airflow/example_dags/example_branch_operator_decorator.py
[2022-07-12 18:13:44,718] {processor.py:641} INFO - Processing file /home/airflow/.local/lib/python3.7/site-packages/airflow/example_dags/example_branch_operator_decorator.py for tasks to queue
[2022-07-12 18:13:44,723] {logging_mixin.py:115} INFO - [2022-07-12 18:13:44,723] {dagbag.py:507} INFO - Filling up the DagBag from /home/airflow/.local/lib/python3.7/site-packages/airflow/example_dags/example_branch_operator_decorator.py
[2022-07-12 18:13:44,767] {processor.py:651} INFO - DAG(s) dict_keys(['example_branch_python_operator_decorator']) retrieved from /home/airflow/.local/lib/python3.7/site-packages/airflow/example_dags/example_branch_operator_decorator.py
[2022-07-12 18:13:44,840] {logging_mixin.py:115} INFO - [2022-07-12 18:13:44,840] {dag.py:2371} INFO - Sync 1 DAGs
[2022-07-12 18:13:45,606] {logging_mixin.py:115} INFO - [2022-07-12 18:13:45,605] {dag.py:2919} INFO - Setting next_dagrun for example_branch_python_operator_decorator to 2022-07-11T00:00:00+00:00, run_after=2022-07-12T00:00:00+00:00
[2022-07-12 18:13:45,658] {processor.py:161} INFO - Processing /home/airflow/.local/lib/python3.7/site-packages/airflow/example_dags/example_branch_operator_decorator.py took 0.950 seconds
[2022-07-12 18:14:16,126] {processor.py:153} INFO - Started process (PID=726) to work on /home/airflow/.local/lib/python3.7/site-packages/airflow/example_dags/example_branch_operator_decorator.py
[2022-07-12 18:14:16,229] {processor.py:641} INFO - Processing file /home/airflow/.local/lib/python3.7/site-packages/airflow/example_dags/example_branch_operator_decorator.py for tasks to queue
[2022-07-12 18:14:16,239] {logging_mixin.py:115} INFO - [2022-07-12 18:14:16,239] {dagbag.py:507} INFO - Filling up the DagBag from /home/airflow/.local/lib/python3.7/site-packages/airflow/example_dags/example_branch_operator_decorator.py
[2022-07-12 18:14:16,351] {processor.py:651} INFO - DAG(s) dict_keys(['example_branch_python_operator_decorator']) retrieved from /home/airflow/.local/lib/python3.7/site-packages/airflow/example_dags/example_branch_operator_decorator.py
[2022-07-12 18:14:16,557] {logging_mixin.py:115} INFO - [2022-07-12 18:14:16,557] {dag.py:2371} INFO - Sync 1 DAGs
[2022-07-12 18:14:19,821] {logging_mixin.py:115} INFO - [2022-07-12 18:14:19,794] {dag.py:2919} INFO - Setting next_dagrun for example_branch_python_operator_decorator to 2022-07-11T00:00:00+00:00, run_after=2022-07-12T00:00:00+00:00
[2022-07-12 18:14:20,103] {processor.py:161} INFO - Processing /home/airflow/.local/lib/python3.7/site-packages/airflow/example_dags/example_branch_operator_decorator.py took 4.002 seconds
[2022-07-12 18:15:14,704] {processor.py:153} INFO - Started process (PID=785) to work on /home/airflow/.local/lib/python3.7/site-packages/airflow/example_dags/example_branch_operator_decorator.py
[2022-07-12 18:15:14,713] {processor.py:641} INFO - Processing file /home/airflow/.local/lib/python3.7/site-packages/airflow/example_dags/example_branch_operator_decorator.py for tasks to queue
[2022-07-12 18:15:14,721] {logging_mixin.py:115} INFO - [2022-07-12 18:15:14,721] {dagbag.py:507} INFO - Filling up the DagBag from /home/airflow/.local/lib/python3.7/site-packages/airflow/example_dags/example_branch_operator_decorator.py
[2022-07-12 18:15:14,820] {processor.py:651} INFO - DAG(s) dict_keys(['example_branch_python_operator_decorator']) retrieved from /home/airflow/.local/lib/python3.7/site-packages/airflow/example_dags/example_branch_operator_decorator.py
[2022-07-12 18:15:14,952] {logging_mixin.py:115} INFO - [2022-07-12 18:15:14,952] {dag.py:2371} INFO - Sync 1 DAGs
[2022-07-12 18:15:15,768] {logging_mixin.py:115} INFO - [2022-07-12 18:15:15,768] {dag.py:2919} INFO - Setting next_dagrun for example_branch_python_operator_decorator to 2022-07-11T00:00:00+00:00, run_after=2022-07-12T00:00:00+00:00
[2022-07-12 18:15:15,814] {processor.py:161} INFO - Processing /home/airflow/.local/lib/python3.7/site-packages/airflow/example_dags/example_branch_operator_decorator.py took 1.121 seconds
[2022-07-12 18:15:50,515] {processor.py:153} INFO - Started process (PID=836) to work on /home/airflow/.local/lib/python3.7/site-packages/airflow/example_dags/example_branch_operator_decorator.py
[2022-07-12 18:15:50,520] {processor.py:641} INFO - Processing file /home/airflow/.local/lib/python3.7/site-packages/airflow/example_dags/example_branch_operator_decorator.py for tasks to queue
[2022-07-12 18:15:50,525] {logging_mixin.py:115} INFO - [2022-07-12 18:15:50,525] {dagbag.py:507} INFO - Filling up the DagBag from /home/airflow/.local/lib/python3.7/site-packages/airflow/example_dags/example_branch_operator_decorator.py
[2022-07-12 18:15:50,586] {processor.py:651} INFO - DAG(s) dict_keys(['example_branch_python_operator_decorator']) retrieved from /home/airflow/.local/lib/python3.7/site-packages/airflow/example_dags/example_branch_operator_decorator.py
[2022-07-12 18:15:50,717] {logging_mixin.py:115} INFO - [2022-07-12 18:15:50,716] {dag.py:2371} INFO - Sync 1 DAGs
[2022-07-12 18:15:51,720] {logging_mixin.py:115} INFO - [2022-07-12 18:15:51,719] {dag.py:2919} INFO - Setting next_dagrun for example_branch_python_operator_decorator to 2022-07-11T00:00:00+00:00, run_after=2022-07-12T00:00:00+00:00
[2022-07-12 18:15:51,783] {processor.py:161} INFO - Processing /home/airflow/.local/lib/python3.7/site-packages/airflow/example_dags/example_branch_operator_decorator.py took 1.272 seconds
[2022-07-12 18:16:42,177] {processor.py:153} INFO - Started process (PID=892) to work on /home/airflow/.local/lib/python3.7/site-packages/airflow/example_dags/example_branch_operator_decorator.py
[2022-07-12 18:16:42,197] {processor.py:641} INFO - Processing file /home/airflow/.local/lib/python3.7/site-packages/airflow/example_dags/example_branch_operator_decorator.py for tasks to queue
[2022-07-12 18:16:42,202] {logging_mixin.py:115} INFO - [2022-07-12 18:16:42,202] {dagbag.py:507} INFO - Filling up the DagBag from /home/airflow/.local/lib/python3.7/site-packages/airflow/example_dags/example_branch_operator_decorator.py
[2022-07-12 18:16:42,310] {processor.py:651} INFO - DAG(s) dict_keys(['example_branch_python_operator_decorator']) retrieved from /home/airflow/.local/lib/python3.7/site-packages/airflow/example_dags/example_branch_operator_decorator.py
[2022-07-12 18:16:52,216] {logging_mixin.py:115} INFO - [2022-07-12 18:16:52,214] {dag.py:2371} INFO - Sync 1 DAGs
[2022-07-12 18:16:52,666] {logging_mixin.py:115} INFO - [2022-07-12 18:16:52,665] {dag.py:2919} INFO - Setting next_dagrun for example_branch_python_operator_decorator to 2022-07-11T00:00:00+00:00, run_after=2022-07-12T00:00:00+00:00
[2022-07-12 18:16:52,787] {processor.py:161} INFO - Processing /home/airflow/.local/lib/python3.7/site-packages/airflow/example_dags/example_branch_operator_decorator.py took 10.616 seconds
[2022-07-12 18:17:23,581] {processor.py:153} INFO - Started process (PID=944) to work on /home/airflow/.local/lib/python3.7/site-packages/airflow/example_dags/example_branch_operator_decorator.py
[2022-07-12 18:17:23,583] {processor.py:641} INFO - Processing file /home/airflow/.local/lib/python3.7/site-packages/airflow/example_dags/example_branch_operator_decorator.py for tasks to queue
[2022-07-12 18:17:23,584] {logging_mixin.py:115} INFO - [2022-07-12 18:17:23,584] {dagbag.py:507} INFO - Filling up the DagBag from /home/airflow/.local/lib/python3.7/site-packages/airflow/example_dags/example_branch_operator_decorator.py
[2022-07-12 18:17:23,608] {processor.py:651} INFO - DAG(s) dict_keys(['example_branch_python_operator_decorator']) retrieved from /home/airflow/.local/lib/python3.7/site-packages/airflow/example_dags/example_branch_operator_decorator.py
[2022-07-12 18:17:23,805] {logging_mixin.py:115} INFO - [2022-07-12 18:17:23,805] {dag.py:2371} INFO - Sync 1 DAGs
[2022-07-12 18:17:23,837] {logging_mixin.py:115} INFO - [2022-07-12 18:17:23,837] {dag.py:2919} INFO - Setting next_dagrun for example_branch_python_operator_decorator to 2022-07-11T00:00:00+00:00, run_after=2022-07-12T00:00:00+00:00
[2022-07-12 18:17:23,847] {processor.py:161} INFO - Processing /home/airflow/.local/lib/python3.7/site-packages/airflow/example_dags/example_branch_operator_decorator.py took 0.270 seconds
[2022-07-12 18:17:54,275] {processor.py:153} INFO - Started process (PID=1005) to work on /home/airflow/.local/lib/python3.7/site-packages/airflow/example_dags/example_branch_operator_decorator.py
[2022-07-12 18:17:54,277] {processor.py:641} INFO - Processing file /home/airflow/.local/lib/python3.7/site-packages/airflow/example_dags/example_branch_operator_decorator.py for tasks to queue
[2022-07-12 18:17:54,279] {logging_mixin.py:115} INFO - [2022-07-12 18:17:54,279] {dagbag.py:507} INFO - Filling up the DagBag from /home/airflow/.local/lib/python3.7/site-packages/airflow/example_dags/example_branch_operator_decorator.py
[2022-07-12 18:17:54,296] {processor.py:651} INFO - DAG(s) dict_keys(['example_branch_python_operator_decorator']) retrieved from /home/airflow/.local/lib/python3.7/site-packages/airflow/example_dags/example_branch_operator_decorator.py
[2022-07-12 18:17:54,426] {logging_mixin.py:115} INFO - [2022-07-12 18:17:54,426] {dag.py:2371} INFO - Sync 1 DAGs
[2022-07-12 18:17:54,439] {logging_mixin.py:115} INFO - [2022-07-12 18:17:54,439] {dag.py:2919} INFO - Setting next_dagrun for example_branch_python_operator_decorator to 2022-07-11T00:00:00+00:00, run_after=2022-07-12T00:00:00+00:00
[2022-07-12 18:17:54,445] {processor.py:161} INFO - Processing /home/airflow/.local/lib/python3.7/site-packages/airflow/example_dags/example_branch_operator_decorator.py took 0.175 seconds
[2022-07-12 18:18:25,158] {processor.py:153} INFO - Started process (PID=1057) to work on /home/airflow/.local/lib/python3.7/site-packages/airflow/example_dags/example_branch_operator_decorator.py
[2022-07-12 18:18:25,173] {processor.py:641} INFO - Processing file /home/airflow/.local/lib/python3.7/site-packages/airflow/example_dags/example_branch_operator_decorator.py for tasks to queue
[2022-07-12 18:18:25,194] {logging_mixin.py:115} INFO - [2022-07-12 18:18:25,194] {dagbag.py:507} INFO - Filling up the DagBag from /home/airflow/.local/lib/python3.7/site-packages/airflow/example_dags/example_branch_operator_decorator.py
[2022-07-12 18:18:25,275] {processor.py:651} INFO - DAG(s) dict_keys(['example_branch_python_operator_decorator']) retrieved from /home/airflow/.local/lib/python3.7/site-packages/airflow/example_dags/example_branch_operator_decorator.py
[2022-07-12 18:18:25,822] {logging_mixin.py:115} INFO - [2022-07-12 18:18:25,822] {dag.py:2371} INFO - Sync 1 DAGs
[2022-07-12 18:18:25,847] {logging_mixin.py:115} INFO - [2022-07-12 18:18:25,847] {dag.py:2919} INFO - Setting next_dagrun for example_branch_python_operator_decorator to 2022-07-11T00:00:00+00:00, run_after=2022-07-12T00:00:00+00:00
[2022-07-12 18:18:25,865] {processor.py:161} INFO - Processing /home/airflow/.local/lib/python3.7/site-packages/airflow/example_dags/example_branch_operator_decorator.py took 0.731 seconds
[2022-07-12 18:18:56,112] {processor.py:153} INFO - Started process (PID=1109) to work on /home/airflow/.local/lib/python3.7/site-packages/airflow/example_dags/example_branch_operator_decorator.py
[2022-07-12 18:18:56,114] {processor.py:641} INFO - Processing file /home/airflow/.local/lib/python3.7/site-packages/airflow/example_dags/example_branch_operator_decorator.py for tasks to queue
[2022-07-12 18:18:56,119] {logging_mixin.py:115} INFO - [2022-07-12 18:18:56,118] {dagbag.py:507} INFO - Filling up the DagBag from /home/airflow/.local/lib/python3.7/site-packages/airflow/example_dags/example_branch_operator_decorator.py
[2022-07-12 18:18:56,173] {processor.py:651} INFO - DAG(s) dict_keys(['example_branch_python_operator_decorator']) retrieved from /home/airflow/.local/lib/python3.7/site-packages/airflow/example_dags/example_branch_operator_decorator.py
[2022-07-12 18:18:56,612] {logging_mixin.py:115} INFO - [2022-07-12 18:18:56,612] {dag.py:2371} INFO - Sync 1 DAGs
[2022-07-12 18:18:56,642] {logging_mixin.py:115} INFO - [2022-07-12 18:18:56,642] {dag.py:2919} INFO - Setting next_dagrun for example_branch_python_operator_decorator to 2022-07-11T00:00:00+00:00, run_after=2022-07-12T00:00:00+00:00
[2022-07-12 18:18:56,654] {processor.py:161} INFO - Processing /home/airflow/.local/lib/python3.7/site-packages/airflow/example_dags/example_branch_operator_decorator.py took 0.552 seconds
[2022-07-12 18:19:26,819] {processor.py:153} INFO - Started process (PID=1171) to work on /home/airflow/.local/lib/python3.7/site-packages/airflow/example_dags/example_branch_operator_decorator.py
[2022-07-12 18:19:26,822] {processor.py:641} INFO - Processing file /home/airflow/.local/lib/python3.7/site-packages/airflow/example_dags/example_branch_operator_decorator.py for tasks to queue
[2022-07-12 18:19:26,825] {logging_mixin.py:115} INFO - [2022-07-12 18:19:26,824] {dagbag.py:507} INFO - Filling up the DagBag from /home/airflow/.local/lib/python3.7/site-packages/airflow/example_dags/example_branch_operator_decorator.py
[2022-07-12 18:19:26,869] {processor.py:651} INFO - DAG(s) dict_keys(['example_branch_python_operator_decorator']) retrieved from /home/airflow/.local/lib/python3.7/site-packages/airflow/example_dags/example_branch_operator_decorator.py
[2022-07-12 18:19:27,672] {logging_mixin.py:115} INFO - [2022-07-12 18:19:27,670] {dag.py:2371} INFO - Sync 1 DAGs
[2022-07-12 18:19:27,729] {logging_mixin.py:115} INFO - [2022-07-12 18:19:27,729] {dag.py:2919} INFO - Setting next_dagrun for example_branch_python_operator_decorator to 2022-07-11T00:00:00+00:00, run_after=2022-07-12T00:00:00+00:00
[2022-07-12 18:19:27,774] {processor.py:161} INFO - Processing /home/airflow/.local/lib/python3.7/site-packages/airflow/example_dags/example_branch_operator_decorator.py took 0.974 seconds
[2022-07-12 18:19:57,958] {processor.py:153} INFO - Started process (PID=1223) to work on /home/airflow/.local/lib/python3.7/site-packages/airflow/example_dags/example_branch_operator_decorator.py
[2022-07-12 18:19:57,960] {processor.py:641} INFO - Processing file /home/airflow/.local/lib/python3.7/site-packages/airflow/example_dags/example_branch_operator_decorator.py for tasks to queue
[2022-07-12 18:19:57,962] {logging_mixin.py:115} INFO - [2022-07-12 18:19:57,962] {dagbag.py:507} INFO - Filling up the DagBag from /home/airflow/.local/lib/python3.7/site-packages/airflow/example_dags/example_branch_operator_decorator.py
[2022-07-12 18:19:58,008] {processor.py:651} INFO - DAG(s) dict_keys(['example_branch_python_operator_decorator']) retrieved from /home/airflow/.local/lib/python3.7/site-packages/airflow/example_dags/example_branch_operator_decorator.py
[2022-07-12 18:19:58,397] {logging_mixin.py:115} INFO - [2022-07-12 18:19:58,397] {dag.py:2371} INFO - Sync 1 DAGs
[2022-07-12 18:19:58,419] {logging_mixin.py:115} INFO - [2022-07-12 18:19:58,419] {dag.py:2919} INFO - Setting next_dagrun for example_branch_python_operator_decorator to 2022-07-11T00:00:00+00:00, run_after=2022-07-12T00:00:00+00:00
[2022-07-12 18:19:58,432] {processor.py:161} INFO - Processing /home/airflow/.local/lib/python3.7/site-packages/airflow/example_dags/example_branch_operator_decorator.py took 0.486 seconds
[2022-07-12 18:20:28,996] {processor.py:153} INFO - Started process (PID=1275) to work on /home/airflow/.local/lib/python3.7/site-packages/airflow/example_dags/example_branch_operator_decorator.py
[2022-07-12 18:20:28,999] {processor.py:641} INFO - Processing file /home/airflow/.local/lib/python3.7/site-packages/airflow/example_dags/example_branch_operator_decorator.py for tasks to queue
[2022-07-12 18:20:29,001] {logging_mixin.py:115} INFO - [2022-07-12 18:20:29,001] {dagbag.py:507} INFO - Filling up the DagBag from /home/airflow/.local/lib/python3.7/site-packages/airflow/example_dags/example_branch_operator_decorator.py
[2022-07-12 18:20:29,030] {processor.py:651} INFO - DAG(s) dict_keys(['example_branch_python_operator_decorator']) retrieved from /home/airflow/.local/lib/python3.7/site-packages/airflow/example_dags/example_branch_operator_decorator.py
[2022-07-12 18:20:29,516] {logging_mixin.py:115} INFO - [2022-07-12 18:20:29,515] {dag.py:2371} INFO - Sync 1 DAGs
[2022-07-12 18:20:29,559] {logging_mixin.py:115} INFO - [2022-07-12 18:20:29,559] {dag.py:2919} INFO - Setting next_dagrun for example_branch_python_operator_decorator to 2022-07-11T00:00:00+00:00, run_after=2022-07-12T00:00:00+00:00
[2022-07-12 18:20:29,578] {processor.py:161} INFO - Processing /home/airflow/.local/lib/python3.7/site-packages/airflow/example_dags/example_branch_operator_decorator.py took 0.588 seconds
[2022-07-12 18:20:59,918] {processor.py:153} INFO - Started process (PID=1336) to work on /home/airflow/.local/lib/python3.7/site-packages/airflow/example_dags/example_branch_operator_decorator.py
[2022-07-12 18:20:59,921] {processor.py:641} INFO - Processing file /home/airflow/.local/lib/python3.7/site-packages/airflow/example_dags/example_branch_operator_decorator.py for tasks to queue
[2022-07-12 18:20:59,923] {logging_mixin.py:115} INFO - [2022-07-12 18:20:59,923] {dagbag.py:507} INFO - Filling up the DagBag from /home/airflow/.local/lib/python3.7/site-packages/airflow/example_dags/example_branch_operator_decorator.py
[2022-07-12 18:20:59,948] {processor.py:651} INFO - DAG(s) dict_keys(['example_branch_python_operator_decorator']) retrieved from /home/airflow/.local/lib/python3.7/site-packages/airflow/example_dags/example_branch_operator_decorator.py
[2022-07-12 18:21:00,301] {logging_mixin.py:115} INFO - [2022-07-12 18:21:00,301] {dag.py:2371} INFO - Sync 1 DAGs
[2022-07-12 18:21:00,331] {logging_mixin.py:115} INFO - [2022-07-12 18:21:00,331] {dag.py:2919} INFO - Setting next_dagrun for example_branch_python_operator_decorator to 2022-07-11T00:00:00+00:00, run_after=2022-07-12T00:00:00+00:00
[2022-07-12 18:21:00,352] {processor.py:161} INFO - Processing /home/airflow/.local/lib/python3.7/site-packages/airflow/example_dags/example_branch_operator_decorator.py took 0.440 seconds
[2022-07-12 18:25:06,842] {processor.py:153} INFO - Started process (PID=50) to work on /home/airflow/.local/lib/python3.7/site-packages/airflow/example_dags/example_branch_operator_decorator.py
[2022-07-12 18:25:06,867] {processor.py:641} INFO - Processing file /home/airflow/.local/lib/python3.7/site-packages/airflow/example_dags/example_branch_operator_decorator.py for tasks to queue
[2022-07-12 18:25:06,875] {logging_mixin.py:115} INFO - [2022-07-12 18:25:06,874] {dagbag.py:507} INFO - Filling up the DagBag from /home/airflow/.local/lib/python3.7/site-packages/airflow/example_dags/example_branch_operator_decorator.py
[2022-07-12 18:25:07,177] {processor.py:651} INFO - DAG(s) dict_keys(['example_branch_python_operator_decorator']) retrieved from /home/airflow/.local/lib/python3.7/site-packages/airflow/example_dags/example_branch_operator_decorator.py
[2022-07-12 18:25:18,773] {logging_mixin.py:115} INFO - [2022-07-12 18:25:18,756] {manager.py:508} INFO - Created Permission View: can read on DAG:example_branch_python_operator_decorator
[2022-07-12 18:25:18,890] {logging_mixin.py:115} INFO - [2022-07-12 18:25:18,876] {manager.py:508} INFO - Created Permission View: can edit on DAG:example_branch_python_operator_decorator
[2022-07-12 18:25:18,953] {logging_mixin.py:115} INFO - [2022-07-12 18:25:18,953] {manager.py:508} INFO - Created Permission View: can delete on DAG:example_branch_python_operator_decorator
[2022-07-12 18:25:18,980] {logging_mixin.py:115} INFO - [2022-07-12 18:25:18,979] {dag.py:2371} INFO - Sync 1 DAGs
[2022-07-12 18:25:19,276] {logging_mixin.py:115} INFO - [2022-07-12 18:25:19,276] {dag.py:2390} INFO - Creating ORM DAG for example_branch_python_operator_decorator
[2022-07-12 18:25:19,451] {logging_mixin.py:115} INFO - [2022-07-12 18:25:19,449] {dag.py:2919} INFO - Setting next_dagrun for example_branch_python_operator_decorator to 2022-07-11T00:00:00+00:00, run_after=2022-07-12T00:00:00+00:00
[2022-07-12 18:25:19,699] {processor.py:161} INFO - Processing /home/airflow/.local/lib/python3.7/site-packages/airflow/example_dags/example_branch_operator_decorator.py took 12.869 seconds
[2022-07-12 18:25:50,723] {processor.py:153} INFO - Started process (PID=111) to work on /home/airflow/.local/lib/python3.7/site-packages/airflow/example_dags/example_branch_operator_decorator.py
[2022-07-12 18:25:50,730] {processor.py:641} INFO - Processing file /home/airflow/.local/lib/python3.7/site-packages/airflow/example_dags/example_branch_operator_decorator.py for tasks to queue
[2022-07-12 18:25:50,733] {logging_mixin.py:115} INFO - [2022-07-12 18:25:50,733] {dagbag.py:507} INFO - Filling up the DagBag from /home/airflow/.local/lib/python3.7/site-packages/airflow/example_dags/example_branch_operator_decorator.py
[2022-07-12 18:25:50,784] {processor.py:651} INFO - DAG(s) dict_keys(['example_branch_python_operator_decorator']) retrieved from /home/airflow/.local/lib/python3.7/site-packages/airflow/example_dags/example_branch_operator_decorator.py
[2022-07-12 18:25:50,860] {logging_mixin.py:115} INFO - [2022-07-12 18:25:50,860] {dag.py:2371} INFO - Sync 1 DAGs
[2022-07-12 18:25:51,222] {logging_mixin.py:115} INFO - [2022-07-12 18:25:51,222] {dag.py:2919} INFO - Setting next_dagrun for example_branch_python_operator_decorator to 2022-07-11T00:00:00+00:00, run_after=2022-07-12T00:00:00+00:00
[2022-07-12 18:25:51,233] {processor.py:161} INFO - Processing /home/airflow/.local/lib/python3.7/site-packages/airflow/example_dags/example_branch_operator_decorator.py took 0.517 seconds
[2022-07-12 18:26:21,475] {processor.py:153} INFO - Started process (PID=173) to work on /home/airflow/.local/lib/python3.7/site-packages/airflow/example_dags/example_branch_operator_decorator.py
[2022-07-12 18:26:21,479] {processor.py:641} INFO - Processing file /home/airflow/.local/lib/python3.7/site-packages/airflow/example_dags/example_branch_operator_decorator.py for tasks to queue
[2022-07-12 18:26:21,495] {logging_mixin.py:115} INFO - [2022-07-12 18:26:21,495] {dagbag.py:507} INFO - Filling up the DagBag from /home/airflow/.local/lib/python3.7/site-packages/airflow/example_dags/example_branch_operator_decorator.py
[2022-07-12 18:26:21,555] {processor.py:651} INFO - DAG(s) dict_keys(['example_branch_python_operator_decorator']) retrieved from /home/airflow/.local/lib/python3.7/site-packages/airflow/example_dags/example_branch_operator_decorator.py
[2022-07-12 18:26:21,620] {logging_mixin.py:115} INFO - [2022-07-12 18:26:21,620] {dag.py:2371} INFO - Sync 1 DAGs
[2022-07-12 18:26:22,128] {logging_mixin.py:115} INFO - [2022-07-12 18:26:22,127] {dag.py:2919} INFO - Setting next_dagrun for example_branch_python_operator_decorator to 2022-07-11T00:00:00+00:00, run_after=2022-07-12T00:00:00+00:00
[2022-07-12 18:26:22,151] {processor.py:161} INFO - Processing /home/airflow/.local/lib/python3.7/site-packages/airflow/example_dags/example_branch_operator_decorator.py took 0.709 seconds
[2022-07-12 18:26:52,292] {processor.py:153} INFO - Started process (PID=234) to work on /home/airflow/.local/lib/python3.7/site-packages/airflow/example_dags/example_branch_operator_decorator.py
[2022-07-12 18:26:52,295] {processor.py:641} INFO - Processing file /home/airflow/.local/lib/python3.7/site-packages/airflow/example_dags/example_branch_operator_decorator.py for tasks to queue
[2022-07-12 18:26:52,300] {logging_mixin.py:115} INFO - [2022-07-12 18:26:52,299] {dagbag.py:507} INFO - Filling up the DagBag from /home/airflow/.local/lib/python3.7/site-packages/airflow/example_dags/example_branch_operator_decorator.py
[2022-07-12 18:26:52,351] {processor.py:651} INFO - DAG(s) dict_keys(['example_branch_python_operator_decorator']) retrieved from /home/airflow/.local/lib/python3.7/site-packages/airflow/example_dags/example_branch_operator_decorator.py
[2022-07-12 18:26:52,403] {logging_mixin.py:115} INFO - [2022-07-12 18:26:52,403] {dag.py:2371} INFO - Sync 1 DAGs
[2022-07-12 18:26:52,865] {logging_mixin.py:115} INFO - [2022-07-12 18:26:52,865] {dag.py:2919} INFO - Setting next_dagrun for example_branch_python_operator_decorator to 2022-07-11T00:00:00+00:00, run_after=2022-07-12T00:00:00+00:00
[2022-07-12 18:26:52,897] {processor.py:161} INFO - Processing /home/airflow/.local/lib/python3.7/site-packages/airflow/example_dags/example_branch_operator_decorator.py took 0.614 seconds
[2022-07-12 18:29:14,849] {processor.py:153} INFO - Started process (PID=51) to work on /home/airflow/.local/lib/python3.7/site-packages/airflow/example_dags/example_branch_operator_decorator.py
[2022-07-12 18:29:14,853] {processor.py:641} INFO - Processing file /home/airflow/.local/lib/python3.7/site-packages/airflow/example_dags/example_branch_operator_decorator.py for tasks to queue
[2022-07-12 18:29:14,856] {logging_mixin.py:115} INFO - [2022-07-12 18:29:14,856] {dagbag.py:507} INFO - Filling up the DagBag from /home/airflow/.local/lib/python3.7/site-packages/airflow/example_dags/example_branch_operator_decorator.py
[2022-07-12 18:29:14,909] {processor.py:651} INFO - DAG(s) dict_keys(['example_branch_python_operator_decorator']) retrieved from /home/airflow/.local/lib/python3.7/site-packages/airflow/example_dags/example_branch_operator_decorator.py
[2022-07-12 18:29:15,014] {logging_mixin.py:115} INFO - [2022-07-12 18:29:15,014] {dag.py:2371} INFO - Sync 1 DAGs
[2022-07-12 18:29:15,476] {logging_mixin.py:115} INFO - [2022-07-12 18:29:15,476] {dag.py:2919} INFO - Setting next_dagrun for example_branch_python_operator_decorator to 2022-07-11T00:00:00+00:00, run_after=2022-07-12T00:00:00+00:00
[2022-07-12 18:29:15,490] {processor.py:161} INFO - Processing /home/airflow/.local/lib/python3.7/site-packages/airflow/example_dags/example_branch_operator_decorator.py took 0.644 seconds
[2022-07-12 18:29:45,715] {processor.py:153} INFO - Started process (PID=103) to work on /home/airflow/.local/lib/python3.7/site-packages/airflow/example_dags/example_branch_operator_decorator.py
[2022-07-12 18:29:45,718] {processor.py:641} INFO - Processing file /home/airflow/.local/lib/python3.7/site-packages/airflow/example_dags/example_branch_operator_decorator.py for tasks to queue
[2022-07-12 18:29:45,719] {logging_mixin.py:115} INFO - [2022-07-12 18:29:45,719] {dagbag.py:507} INFO - Filling up the DagBag from /home/airflow/.local/lib/python3.7/site-packages/airflow/example_dags/example_branch_operator_decorator.py
[2022-07-12 18:29:45,739] {processor.py:651} INFO - DAG(s) dict_keys(['example_branch_python_operator_decorator']) retrieved from /home/airflow/.local/lib/python3.7/site-packages/airflow/example_dags/example_branch_operator_decorator.py
[2022-07-12 18:29:45,759] {logging_mixin.py:115} INFO - [2022-07-12 18:29:45,759] {dag.py:2371} INFO - Sync 1 DAGs
[2022-07-12 18:29:45,877] {logging_mixin.py:115} INFO - [2022-07-12 18:29:45,877] {dag.py:2919} INFO - Setting next_dagrun for example_branch_python_operator_decorator to 2022-07-11T00:00:00+00:00, run_after=2022-07-12T00:00:00+00:00
[2022-07-12 18:29:45,884] {processor.py:161} INFO - Processing /home/airflow/.local/lib/python3.7/site-packages/airflow/example_dags/example_branch_operator_decorator.py took 0.176 seconds
[2022-07-12 18:30:16,382] {processor.py:153} INFO - Started process (PID=164) to work on /home/airflow/.local/lib/python3.7/site-packages/airflow/example_dags/example_branch_operator_decorator.py
[2022-07-12 18:30:16,383] {processor.py:641} INFO - Processing file /home/airflow/.local/lib/python3.7/site-packages/airflow/example_dags/example_branch_operator_decorator.py for tasks to queue
[2022-07-12 18:30:16,385] {logging_mixin.py:115} INFO - [2022-07-12 18:30:16,385] {dagbag.py:507} INFO - Filling up the DagBag from /home/airflow/.local/lib/python3.7/site-packages/airflow/example_dags/example_branch_operator_decorator.py
[2022-07-12 18:30:16,419] {processor.py:651} INFO - DAG(s) dict_keys(['example_branch_python_operator_decorator']) retrieved from /home/airflow/.local/lib/python3.7/site-packages/airflow/example_dags/example_branch_operator_decorator.py
[2022-07-12 18:30:16,471] {logging_mixin.py:115} INFO - [2022-07-12 18:30:16,471] {dag.py:2371} INFO - Sync 1 DAGs
[2022-07-12 18:30:16,676] {logging_mixin.py:115} INFO - [2022-07-12 18:30:16,676] {dag.py:2919} INFO - Setting next_dagrun for example_branch_python_operator_decorator to 2022-07-11T00:00:00+00:00, run_after=2022-07-12T00:00:00+00:00
[2022-07-12 18:30:16,685] {processor.py:161} INFO - Processing /home/airflow/.local/lib/python3.7/site-packages/airflow/example_dags/example_branch_operator_decorator.py took 0.309 seconds
[2022-07-12 18:30:47,719] {processor.py:153} INFO - Started process (PID=217) to work on /home/airflow/.local/lib/python3.7/site-packages/airflow/example_dags/example_branch_operator_decorator.py
[2022-07-12 18:30:47,727] {processor.py:641} INFO - Processing file /home/airflow/.local/lib/python3.7/site-packages/airflow/example_dags/example_branch_operator_decorator.py for tasks to queue
[2022-07-12 18:30:47,730] {logging_mixin.py:115} INFO - [2022-07-12 18:30:47,729] {dagbag.py:507} INFO - Filling up the DagBag from /home/airflow/.local/lib/python3.7/site-packages/airflow/example_dags/example_branch_operator_decorator.py
[2022-07-12 18:30:47,772] {processor.py:651} INFO - DAG(s) dict_keys(['example_branch_python_operator_decorator']) retrieved from /home/airflow/.local/lib/python3.7/site-packages/airflow/example_dags/example_branch_operator_decorator.py
[2022-07-12 18:30:47,823] {logging_mixin.py:115} INFO - [2022-07-12 18:30:47,822] {dag.py:2371} INFO - Sync 1 DAGs
[2022-07-12 18:30:48,123] {logging_mixin.py:115} INFO - [2022-07-12 18:30:48,122] {dag.py:2919} INFO - Setting next_dagrun for example_branch_python_operator_decorator to 2022-07-11T00:00:00+00:00, run_after=2022-07-12T00:00:00+00:00
[2022-07-12 18:30:48,134] {processor.py:161} INFO - Processing /home/airflow/.local/lib/python3.7/site-packages/airflow/example_dags/example_branch_operator_decorator.py took 0.425 seconds
[2022-07-12 18:31:18,425] {processor.py:153} INFO - Started process (PID=280) to work on /home/airflow/.local/lib/python3.7/site-packages/airflow/example_dags/example_branch_operator_decorator.py
[2022-07-12 18:31:18,432] {processor.py:641} INFO - Processing file /home/airflow/.local/lib/python3.7/site-packages/airflow/example_dags/example_branch_operator_decorator.py for tasks to queue
[2022-07-12 18:31:18,434] {logging_mixin.py:115} INFO - [2022-07-12 18:31:18,434] {dagbag.py:507} INFO - Filling up the DagBag from /home/airflow/.local/lib/python3.7/site-packages/airflow/example_dags/example_branch_operator_decorator.py
[2022-07-12 18:31:18,466] {processor.py:651} INFO - DAG(s) dict_keys(['example_branch_python_operator_decorator']) retrieved from /home/airflow/.local/lib/python3.7/site-packages/airflow/example_dags/example_branch_operator_decorator.py
[2022-07-12 18:31:18,498] {logging_mixin.py:115} INFO - [2022-07-12 18:31:18,498] {dag.py:2371} INFO - Sync 1 DAGs
[2022-07-12 18:31:18,798] {logging_mixin.py:115} INFO - [2022-07-12 18:31:18,798] {dag.py:2919} INFO - Setting next_dagrun for example_branch_python_operator_decorator to 2022-07-11T00:00:00+00:00, run_after=2022-07-12T00:00:00+00:00
[2022-07-12 18:31:18,829] {processor.py:161} INFO - Processing /home/airflow/.local/lib/python3.7/site-packages/airflow/example_dags/example_branch_operator_decorator.py took 0.407 seconds
