[2022-07-12 18:08:31,888] {processor.py:153} INFO - Started process (PID=118) to work on /home/airflow/.local/lib/python3.7/site-packages/airflow/example_dags/example_local_kubernetes_executor.py
[2022-07-12 18:08:31,890] {processor.py:641} INFO - Processing file /home/airflow/.local/lib/python3.7/site-packages/airflow/example_dags/example_local_kubernetes_executor.py for tasks to queue
[2022-07-12 18:08:31,891] {logging_mixin.py:115} INFO - [2022-07-12 18:08:31,891] {dagbag.py:507} INFO - Filling up the DagBag from /home/airflow/.local/lib/python3.7/site-packages/airflow/example_dags/example_local_kubernetes_executor.py
[2022-07-12 18:08:31,915] {processor.py:651} INFO - DAG(s) dict_keys(['example_local_kubernetes_executor']) retrieved from /home/airflow/.local/lib/python3.7/site-packages/airflow/example_dags/example_local_kubernetes_executor.py
[2022-07-12 18:08:32,220] {logging_mixin.py:115} INFO - [2022-07-12 18:08:32,220] {manager.py:508} INFO - Created Permission View: can read on DAG:example_local_kubernetes_executor
[2022-07-12 18:08:32,230] {logging_mixin.py:115} INFO - [2022-07-12 18:08:32,230] {manager.py:508} INFO - Created Permission View: can delete on DAG:example_local_kubernetes_executor
[2022-07-12 18:08:32,237] {logging_mixin.py:115} INFO - [2022-07-12 18:08:32,237] {manager.py:508} INFO - Created Permission View: can edit on DAG:example_local_kubernetes_executor
[2022-07-12 18:08:32,239] {logging_mixin.py:115} INFO - [2022-07-12 18:08:32,239] {dag.py:2371} INFO - Sync 1 DAGs
[2022-07-12 18:08:32,247] {logging_mixin.py:115} INFO - [2022-07-12 18:08:32,247] {dag.py:2390} INFO - Creating ORM DAG for example_local_kubernetes_executor
[2022-07-12 18:08:32,257] {logging_mixin.py:115} INFO - [2022-07-12 18:08:32,257] {dag.py:2919} INFO - Setting next_dagrun for example_local_kubernetes_executor to None, run_after=None
[2022-07-12 18:08:32,269] {processor.py:161} INFO - Processing /home/airflow/.local/lib/python3.7/site-packages/airflow/example_dags/example_local_kubernetes_executor.py took 0.388 seconds
[2022-07-12 18:09:04,179] {processor.py:153} INFO - Started process (PID=178) to work on /home/airflow/.local/lib/python3.7/site-packages/airflow/example_dags/example_local_kubernetes_executor.py
[2022-07-12 18:09:04,181] {processor.py:641} INFO - Processing file /home/airflow/.local/lib/python3.7/site-packages/airflow/example_dags/example_local_kubernetes_executor.py for tasks to queue
[2022-07-12 18:09:04,187] {logging_mixin.py:115} INFO - [2022-07-12 18:09:04,187] {dagbag.py:507} INFO - Filling up the DagBag from /home/airflow/.local/lib/python3.7/site-packages/airflow/example_dags/example_local_kubernetes_executor.py
[2022-07-12 18:09:04,207] {processor.py:651} INFO - DAG(s) dict_keys(['example_local_kubernetes_executor']) retrieved from /home/airflow/.local/lib/python3.7/site-packages/airflow/example_dags/example_local_kubernetes_executor.py
[2022-07-12 18:09:04,226] {logging_mixin.py:115} INFO - [2022-07-12 18:09:04,226] {dag.py:2371} INFO - Sync 1 DAGs
[2022-07-12 18:09:04,373] {logging_mixin.py:115} INFO - [2022-07-12 18:09:04,372] {dag.py:2919} INFO - Setting next_dagrun for example_local_kubernetes_executor to None, run_after=None
[2022-07-12 18:09:04,385] {processor.py:161} INFO - Processing /home/airflow/.local/lib/python3.7/site-packages/airflow/example_dags/example_local_kubernetes_executor.py took 0.209 seconds
[2022-07-12 18:09:35,290] {processor.py:153} INFO - Started process (PID=230) to work on /home/airflow/.local/lib/python3.7/site-packages/airflow/example_dags/example_local_kubernetes_executor.py
[2022-07-12 18:09:35,298] {processor.py:641} INFO - Processing file /home/airflow/.local/lib/python3.7/site-packages/airflow/example_dags/example_local_kubernetes_executor.py for tasks to queue
[2022-07-12 18:09:35,302] {logging_mixin.py:115} INFO - [2022-07-12 18:09:35,302] {dagbag.py:507} INFO - Filling up the DagBag from /home/airflow/.local/lib/python3.7/site-packages/airflow/example_dags/example_local_kubernetes_executor.py
[2022-07-12 18:09:35,373] {processor.py:651} INFO - DAG(s) dict_keys(['example_local_kubernetes_executor']) retrieved from /home/airflow/.local/lib/python3.7/site-packages/airflow/example_dags/example_local_kubernetes_executor.py
[2022-07-12 18:09:35,424] {logging_mixin.py:115} INFO - [2022-07-12 18:09:35,424] {dag.py:2371} INFO - Sync 1 DAGs
[2022-07-12 18:09:35,890] {logging_mixin.py:115} INFO - [2022-07-12 18:09:35,890] {dag.py:2919} INFO - Setting next_dagrun for example_local_kubernetes_executor to None, run_after=None
[2022-07-12 18:09:35,946] {processor.py:161} INFO - Processing /home/airflow/.local/lib/python3.7/site-packages/airflow/example_dags/example_local_kubernetes_executor.py took 0.661 seconds
[2022-07-12 18:10:18,460] {processor.py:153} INFO - Started process (PID=303) to work on /home/airflow/.local/lib/python3.7/site-packages/airflow/example_dags/example_local_kubernetes_executor.py
[2022-07-12 18:10:18,469] {processor.py:641} INFO - Processing file /home/airflow/.local/lib/python3.7/site-packages/airflow/example_dags/example_local_kubernetes_executor.py for tasks to queue
[2022-07-12 18:10:18,471] {logging_mixin.py:115} INFO - [2022-07-12 18:10:18,471] {dagbag.py:507} INFO - Filling up the DagBag from /home/airflow/.local/lib/python3.7/site-packages/airflow/example_dags/example_local_kubernetes_executor.py
[2022-07-12 18:10:18,525] {processor.py:651} INFO - DAG(s) dict_keys(['example_local_kubernetes_executor']) retrieved from /home/airflow/.local/lib/python3.7/site-packages/airflow/example_dags/example_local_kubernetes_executor.py
[2022-07-12 18:10:18,706] {logging_mixin.py:115} INFO - [2022-07-12 18:10:18,705] {dag.py:2371} INFO - Sync 1 DAGs
[2022-07-12 18:10:19,662] {logging_mixin.py:115} INFO - [2022-07-12 18:10:19,662] {dag.py:2919} INFO - Setting next_dagrun for example_local_kubernetes_executor to None, run_after=None
[2022-07-12 18:10:19,693] {processor.py:161} INFO - Processing /home/airflow/.local/lib/python3.7/site-packages/airflow/example_dags/example_local_kubernetes_executor.py took 1.257 seconds
[2022-07-12 18:10:51,063] {processor.py:153} INFO - Started process (PID=356) to work on /home/airflow/.local/lib/python3.7/site-packages/airflow/example_dags/example_local_kubernetes_executor.py
[2022-07-12 18:10:51,065] {processor.py:641} INFO - Processing file /home/airflow/.local/lib/python3.7/site-packages/airflow/example_dags/example_local_kubernetes_executor.py for tasks to queue
[2022-07-12 18:10:51,068] {logging_mixin.py:115} INFO - [2022-07-12 18:10:51,068] {dagbag.py:507} INFO - Filling up the DagBag from /home/airflow/.local/lib/python3.7/site-packages/airflow/example_dags/example_local_kubernetes_executor.py
[2022-07-12 18:10:51,093] {processor.py:651} INFO - DAG(s) dict_keys(['example_local_kubernetes_executor']) retrieved from /home/airflow/.local/lib/python3.7/site-packages/airflow/example_dags/example_local_kubernetes_executor.py
[2022-07-12 18:10:51,126] {logging_mixin.py:115} INFO - [2022-07-12 18:10:51,125] {dag.py:2371} INFO - Sync 1 DAGs
[2022-07-12 18:10:51,325] {logging_mixin.py:115} INFO - [2022-07-12 18:10:51,325] {dag.py:2919} INFO - Setting next_dagrun for example_local_kubernetes_executor to None, run_after=None
[2022-07-12 18:10:51,335] {processor.py:161} INFO - Processing /home/airflow/.local/lib/python3.7/site-packages/airflow/example_dags/example_local_kubernetes_executor.py took 0.276 seconds
[2022-07-12 18:11:22,029] {processor.py:153} INFO - Started process (PID=417) to work on /home/airflow/.local/lib/python3.7/site-packages/airflow/example_dags/example_local_kubernetes_executor.py
[2022-07-12 18:11:22,032] {processor.py:641} INFO - Processing file /home/airflow/.local/lib/python3.7/site-packages/airflow/example_dags/example_local_kubernetes_executor.py for tasks to queue
[2022-07-12 18:11:22,034] {logging_mixin.py:115} INFO - [2022-07-12 18:11:22,034] {dagbag.py:507} INFO - Filling up the DagBag from /home/airflow/.local/lib/python3.7/site-packages/airflow/example_dags/example_local_kubernetes_executor.py
[2022-07-12 18:11:22,064] {processor.py:651} INFO - DAG(s) dict_keys(['example_local_kubernetes_executor']) retrieved from /home/airflow/.local/lib/python3.7/site-packages/airflow/example_dags/example_local_kubernetes_executor.py
[2022-07-12 18:11:22,108] {logging_mixin.py:115} INFO - [2022-07-12 18:11:22,108] {dag.py:2371} INFO - Sync 1 DAGs
[2022-07-12 18:11:22,398] {logging_mixin.py:115} INFO - [2022-07-12 18:11:22,398] {dag.py:2919} INFO - Setting next_dagrun for example_local_kubernetes_executor to None, run_after=None
[2022-07-12 18:11:22,455] {processor.py:161} INFO - Processing /home/airflow/.local/lib/python3.7/site-packages/airflow/example_dags/example_local_kubernetes_executor.py took 0.430 seconds
[2022-07-12 18:11:53,694] {processor.py:153} INFO - Started process (PID=477) to work on /home/airflow/.local/lib/python3.7/site-packages/airflow/example_dags/example_local_kubernetes_executor.py
[2022-07-12 18:11:53,707] {processor.py:641} INFO - Processing file /home/airflow/.local/lib/python3.7/site-packages/airflow/example_dags/example_local_kubernetes_executor.py for tasks to queue
[2022-07-12 18:11:53,709] {logging_mixin.py:115} INFO - [2022-07-12 18:11:53,709] {dagbag.py:507} INFO - Filling up the DagBag from /home/airflow/.local/lib/python3.7/site-packages/airflow/example_dags/example_local_kubernetes_executor.py
[2022-07-12 18:11:53,734] {processor.py:651} INFO - DAG(s) dict_keys(['example_local_kubernetes_executor']) retrieved from /home/airflow/.local/lib/python3.7/site-packages/airflow/example_dags/example_local_kubernetes_executor.py
[2022-07-12 18:11:53,837] {logging_mixin.py:115} INFO - [2022-07-12 18:11:53,837] {dag.py:2371} INFO - Sync 1 DAGs
[2022-07-12 18:11:54,094] {logging_mixin.py:115} INFO - [2022-07-12 18:11:54,094] {dag.py:2919} INFO - Setting next_dagrun for example_local_kubernetes_executor to None, run_after=None
[2022-07-12 18:11:54,102] {processor.py:161} INFO - Processing /home/airflow/.local/lib/python3.7/site-packages/airflow/example_dags/example_local_kubernetes_executor.py took 0.416 seconds
[2022-07-12 18:12:24,982] {processor.py:153} INFO - Started process (PID=531) to work on /home/airflow/.local/lib/python3.7/site-packages/airflow/example_dags/example_local_kubernetes_executor.py
[2022-07-12 18:12:24,986] {processor.py:641} INFO - Processing file /home/airflow/.local/lib/python3.7/site-packages/airflow/example_dags/example_local_kubernetes_executor.py for tasks to queue
[2022-07-12 18:12:24,990] {logging_mixin.py:115} INFO - [2022-07-12 18:12:24,990] {dagbag.py:507} INFO - Filling up the DagBag from /home/airflow/.local/lib/python3.7/site-packages/airflow/example_dags/example_local_kubernetes_executor.py
[2022-07-12 18:12:25,031] {processor.py:651} INFO - DAG(s) dict_keys(['example_local_kubernetes_executor']) retrieved from /home/airflow/.local/lib/python3.7/site-packages/airflow/example_dags/example_local_kubernetes_executor.py
[2022-07-12 18:12:25,082] {logging_mixin.py:115} INFO - [2022-07-12 18:12:25,082] {dag.py:2371} INFO - Sync 1 DAGs
[2022-07-12 18:12:25,834] {logging_mixin.py:115} INFO - [2022-07-12 18:12:25,834] {dag.py:2919} INFO - Setting next_dagrun for example_local_kubernetes_executor to None, run_after=None
[2022-07-12 18:12:25,865] {processor.py:161} INFO - Processing /home/airflow/.local/lib/python3.7/site-packages/airflow/example_dags/example_local_kubernetes_executor.py took 0.893 seconds
[2022-07-12 18:12:57,939] {processor.py:153} INFO - Started process (PID=591) to work on /home/airflow/.local/lib/python3.7/site-packages/airflow/example_dags/example_local_kubernetes_executor.py
[2022-07-12 18:12:57,940] {processor.py:641} INFO - Processing file /home/airflow/.local/lib/python3.7/site-packages/airflow/example_dags/example_local_kubernetes_executor.py for tasks to queue
[2022-07-12 18:12:57,941] {logging_mixin.py:115} INFO - [2022-07-12 18:12:57,941] {dagbag.py:507} INFO - Filling up the DagBag from /home/airflow/.local/lib/python3.7/site-packages/airflow/example_dags/example_local_kubernetes_executor.py
[2022-07-12 18:12:57,956] {processor.py:651} INFO - DAG(s) dict_keys(['example_local_kubernetes_executor']) retrieved from /home/airflow/.local/lib/python3.7/site-packages/airflow/example_dags/example_local_kubernetes_executor.py
[2022-07-12 18:12:57,985] {logging_mixin.py:115} INFO - [2022-07-12 18:12:57,984] {dag.py:2371} INFO - Sync 1 DAGs
[2022-07-12 18:12:58,269] {logging_mixin.py:115} INFO - [2022-07-12 18:12:58,268] {dag.py:2919} INFO - Setting next_dagrun for example_local_kubernetes_executor to None, run_after=None
[2022-07-12 18:12:58,289] {processor.py:161} INFO - Processing /home/airflow/.local/lib/python3.7/site-packages/airflow/example_dags/example_local_kubernetes_executor.py took 0.353 seconds
[2022-07-12 18:13:29,623] {processor.py:153} INFO - Started process (PID=644) to work on /home/airflow/.local/lib/python3.7/site-packages/airflow/example_dags/example_local_kubernetes_executor.py
[2022-07-12 18:13:29,627] {processor.py:641} INFO - Processing file /home/airflow/.local/lib/python3.7/site-packages/airflow/example_dags/example_local_kubernetes_executor.py for tasks to queue
[2022-07-12 18:13:29,632] {logging_mixin.py:115} INFO - [2022-07-12 18:13:29,632] {dagbag.py:507} INFO - Filling up the DagBag from /home/airflow/.local/lib/python3.7/site-packages/airflow/example_dags/example_local_kubernetes_executor.py
[2022-07-12 18:13:29,671] {processor.py:651} INFO - DAG(s) dict_keys(['example_local_kubernetes_executor']) retrieved from /home/airflow/.local/lib/python3.7/site-packages/airflow/example_dags/example_local_kubernetes_executor.py
[2022-07-12 18:13:29,750] {logging_mixin.py:115} INFO - [2022-07-12 18:13:29,750] {dag.py:2371} INFO - Sync 1 DAGs
[2022-07-12 18:13:29,999] {logging_mixin.py:115} INFO - [2022-07-12 18:13:29,999] {dag.py:2919} INFO - Setting next_dagrun for example_local_kubernetes_executor to None, run_after=None
[2022-07-12 18:13:30,033] {processor.py:161} INFO - Processing /home/airflow/.local/lib/python3.7/site-packages/airflow/example_dags/example_local_kubernetes_executor.py took 0.414 seconds
[2022-07-12 18:14:00,824] {processor.py:153} INFO - Started process (PID=705) to work on /home/airflow/.local/lib/python3.7/site-packages/airflow/example_dags/example_local_kubernetes_executor.py
[2022-07-12 18:14:00,831] {processor.py:641} INFO - Processing file /home/airflow/.local/lib/python3.7/site-packages/airflow/example_dags/example_local_kubernetes_executor.py for tasks to queue
[2022-07-12 18:14:00,838] {logging_mixin.py:115} INFO - [2022-07-12 18:14:00,837] {dagbag.py:507} INFO - Filling up the DagBag from /home/airflow/.local/lib/python3.7/site-packages/airflow/example_dags/example_local_kubernetes_executor.py
[2022-07-12 18:14:00,890] {processor.py:651} INFO - DAG(s) dict_keys(['example_local_kubernetes_executor']) retrieved from /home/airflow/.local/lib/python3.7/site-packages/airflow/example_dags/example_local_kubernetes_executor.py
[2022-07-12 18:14:00,976] {logging_mixin.py:115} INFO - [2022-07-12 18:14:00,976] {dag.py:2371} INFO - Sync 1 DAGs
[2022-07-12 18:14:01,444] {logging_mixin.py:115} INFO - [2022-07-12 18:14:01,444] {dag.py:2919} INFO - Setting next_dagrun for example_local_kubernetes_executor to None, run_after=None
[2022-07-12 18:14:01,502] {processor.py:161} INFO - Processing /home/airflow/.local/lib/python3.7/site-packages/airflow/example_dags/example_local_kubernetes_executor.py took 0.688 seconds
[2022-07-12 18:15:06,564] {processor.py:153} INFO - Started process (PID=774) to work on /home/airflow/.local/lib/python3.7/site-packages/airflow/example_dags/example_local_kubernetes_executor.py
[2022-07-12 18:15:06,569] {processor.py:641} INFO - Processing file /home/airflow/.local/lib/python3.7/site-packages/airflow/example_dags/example_local_kubernetes_executor.py for tasks to queue
[2022-07-12 18:15:06,579] {logging_mixin.py:115} INFO - [2022-07-12 18:15:06,579] {dagbag.py:507} INFO - Filling up the DagBag from /home/airflow/.local/lib/python3.7/site-packages/airflow/example_dags/example_local_kubernetes_executor.py
[2022-07-12 18:15:06,780] {processor.py:651} INFO - DAG(s) dict_keys(['example_local_kubernetes_executor']) retrieved from /home/airflow/.local/lib/python3.7/site-packages/airflow/example_dags/example_local_kubernetes_executor.py
[2022-07-12 18:15:07,003] {logging_mixin.py:115} INFO - [2022-07-12 18:15:07,003] {dag.py:2371} INFO - Sync 1 DAGs
[2022-07-12 18:15:07,920] {logging_mixin.py:115} INFO - [2022-07-12 18:15:07,917] {dag.py:2919} INFO - Setting next_dagrun for example_local_kubernetes_executor to None, run_after=None
[2022-07-12 18:15:07,969] {processor.py:161} INFO - Processing /home/airflow/.local/lib/python3.7/site-packages/airflow/example_dags/example_local_kubernetes_executor.py took 1.419 seconds
[2022-07-12 18:15:38,421] {processor.py:153} INFO - Started process (PID=816) to work on /home/airflow/.local/lib/python3.7/site-packages/airflow/example_dags/example_local_kubernetes_executor.py
[2022-07-12 18:15:38,428] {processor.py:641} INFO - Processing file /home/airflow/.local/lib/python3.7/site-packages/airflow/example_dags/example_local_kubernetes_executor.py for tasks to queue
[2022-07-12 18:15:38,436] {logging_mixin.py:115} INFO - [2022-07-12 18:15:38,436] {dagbag.py:507} INFO - Filling up the DagBag from /home/airflow/.local/lib/python3.7/site-packages/airflow/example_dags/example_local_kubernetes_executor.py
[2022-07-12 18:15:38,532] {processor.py:651} INFO - DAG(s) dict_keys(['example_local_kubernetes_executor']) retrieved from /home/airflow/.local/lib/python3.7/site-packages/airflow/example_dags/example_local_kubernetes_executor.py
[2022-07-12 18:15:38,637] {logging_mixin.py:115} INFO - [2022-07-12 18:15:38,636] {dag.py:2371} INFO - Sync 1 DAGs
[2022-07-12 18:15:39,220] {logging_mixin.py:115} INFO - [2022-07-12 18:15:39,219] {dag.py:2919} INFO - Setting next_dagrun for example_local_kubernetes_executor to None, run_after=None
[2022-07-12 18:15:39,264] {processor.py:161} INFO - Processing /home/airflow/.local/lib/python3.7/site-packages/airflow/example_dags/example_local_kubernetes_executor.py took 0.860 seconds
[2022-07-12 18:16:52,952] {processor.py:153} INFO - Started process (PID=893) to work on /home/airflow/.local/lib/python3.7/site-packages/airflow/example_dags/example_local_kubernetes_executor.py
[2022-07-12 18:16:52,973] {processor.py:641} INFO - Processing file /home/airflow/.local/lib/python3.7/site-packages/airflow/example_dags/example_local_kubernetes_executor.py for tasks to queue
[2022-07-12 18:16:52,999] {logging_mixin.py:115} INFO - [2022-07-12 18:16:52,995] {dagbag.py:507} INFO - Filling up the DagBag from /home/airflow/.local/lib/python3.7/site-packages/airflow/example_dags/example_local_kubernetes_executor.py
[2022-07-12 18:16:53,125] {processor.py:651} INFO - DAG(s) dict_keys(['example_local_kubernetes_executor']) retrieved from /home/airflow/.local/lib/python3.7/site-packages/airflow/example_dags/example_local_kubernetes_executor.py
[2022-07-12 18:16:53,237] {logging_mixin.py:115} INFO - [2022-07-12 18:16:53,237] {dag.py:2371} INFO - Sync 1 DAGs
[2022-07-12 18:16:53,920] {logging_mixin.py:115} INFO - [2022-07-12 18:16:53,920] {dag.py:2919} INFO - Setting next_dagrun for example_local_kubernetes_executor to None, run_after=None
[2022-07-12 18:16:53,992] {processor.py:161} INFO - Processing /home/airflow/.local/lib/python3.7/site-packages/airflow/example_dags/example_local_kubernetes_executor.py took 1.086 seconds
[2022-07-12 18:17:24,625] {processor.py:153} INFO - Started process (PID=945) to work on /home/airflow/.local/lib/python3.7/site-packages/airflow/example_dags/example_local_kubernetes_executor.py
[2022-07-12 18:17:24,629] {processor.py:641} INFO - Processing file /home/airflow/.local/lib/python3.7/site-packages/airflow/example_dags/example_local_kubernetes_executor.py for tasks to queue
[2022-07-12 18:17:24,632] {logging_mixin.py:115} INFO - [2022-07-12 18:17:24,631] {dagbag.py:507} INFO - Filling up the DagBag from /home/airflow/.local/lib/python3.7/site-packages/airflow/example_dags/example_local_kubernetes_executor.py
[2022-07-12 18:17:24,699] {processor.py:651} INFO - DAG(s) dict_keys(['example_local_kubernetes_executor']) retrieved from /home/airflow/.local/lib/python3.7/site-packages/airflow/example_dags/example_local_kubernetes_executor.py
[2022-07-12 18:17:24,750] {logging_mixin.py:115} INFO - [2022-07-12 18:17:24,750] {dag.py:2371} INFO - Sync 1 DAGs
[2022-07-12 18:17:25,109] {logging_mixin.py:115} INFO - [2022-07-12 18:17:25,109] {dag.py:2919} INFO - Setting next_dagrun for example_local_kubernetes_executor to None, run_after=None
[2022-07-12 18:17:25,122] {processor.py:161} INFO - Processing /home/airflow/.local/lib/python3.7/site-packages/airflow/example_dags/example_local_kubernetes_executor.py took 0.516 seconds
[2022-07-12 18:17:55,316] {processor.py:153} INFO - Started process (PID=1006) to work on /home/airflow/.local/lib/python3.7/site-packages/airflow/example_dags/example_local_kubernetes_executor.py
[2022-07-12 18:17:55,321] {processor.py:641} INFO - Processing file /home/airflow/.local/lib/python3.7/site-packages/airflow/example_dags/example_local_kubernetes_executor.py for tasks to queue
[2022-07-12 18:17:55,324] {logging_mixin.py:115} INFO - [2022-07-12 18:17:55,324] {dagbag.py:507} INFO - Filling up the DagBag from /home/airflow/.local/lib/python3.7/site-packages/airflow/example_dags/example_local_kubernetes_executor.py
[2022-07-12 18:17:55,383] {processor.py:651} INFO - DAG(s) dict_keys(['example_local_kubernetes_executor']) retrieved from /home/airflow/.local/lib/python3.7/site-packages/airflow/example_dags/example_local_kubernetes_executor.py
[2022-07-12 18:17:55,433] {logging_mixin.py:115} INFO - [2022-07-12 18:17:55,433] {dag.py:2371} INFO - Sync 1 DAGs
[2022-07-12 18:17:55,822] {logging_mixin.py:115} INFO - [2022-07-12 18:17:55,822] {dag.py:2919} INFO - Setting next_dagrun for example_local_kubernetes_executor to None, run_after=None
[2022-07-12 18:17:55,835] {processor.py:161} INFO - Processing /home/airflow/.local/lib/python3.7/site-packages/airflow/example_dags/example_local_kubernetes_executor.py took 0.531 seconds
[2022-07-12 18:18:25,919] {processor.py:153} INFO - Started process (PID=1058) to work on /home/airflow/.local/lib/python3.7/site-packages/airflow/example_dags/example_local_kubernetes_executor.py
[2022-07-12 18:18:25,921] {processor.py:641} INFO - Processing file /home/airflow/.local/lib/python3.7/site-packages/airflow/example_dags/example_local_kubernetes_executor.py for tasks to queue
[2022-07-12 18:18:25,922] {logging_mixin.py:115} INFO - [2022-07-12 18:18:25,922] {dagbag.py:507} INFO - Filling up the DagBag from /home/airflow/.local/lib/python3.7/site-packages/airflow/example_dags/example_local_kubernetes_executor.py
[2022-07-12 18:18:25,949] {processor.py:651} INFO - DAG(s) dict_keys(['example_local_kubernetes_executor']) retrieved from /home/airflow/.local/lib/python3.7/site-packages/airflow/example_dags/example_local_kubernetes_executor.py
[2022-07-12 18:18:25,984] {logging_mixin.py:115} INFO - [2022-07-12 18:18:25,984] {dag.py:2371} INFO - Sync 1 DAGs
[2022-07-12 18:18:26,385] {logging_mixin.py:115} INFO - [2022-07-12 18:18:26,384] {dag.py:2919} INFO - Setting next_dagrun for example_local_kubernetes_executor to None, run_after=None
[2022-07-12 18:18:26,449] {processor.py:161} INFO - Processing /home/airflow/.local/lib/python3.7/site-packages/airflow/example_dags/example_local_kubernetes_executor.py took 0.535 seconds
[2022-07-12 18:18:56,723] {processor.py:153} INFO - Started process (PID=1110) to work on /home/airflow/.local/lib/python3.7/site-packages/airflow/example_dags/example_local_kubernetes_executor.py
[2022-07-12 18:18:56,726] {processor.py:641} INFO - Processing file /home/airflow/.local/lib/python3.7/site-packages/airflow/example_dags/example_local_kubernetes_executor.py for tasks to queue
[2022-07-12 18:18:56,728] {logging_mixin.py:115} INFO - [2022-07-12 18:18:56,728] {dagbag.py:507} INFO - Filling up the DagBag from /home/airflow/.local/lib/python3.7/site-packages/airflow/example_dags/example_local_kubernetes_executor.py
[2022-07-12 18:18:56,766] {processor.py:651} INFO - DAG(s) dict_keys(['example_local_kubernetes_executor']) retrieved from /home/airflow/.local/lib/python3.7/site-packages/airflow/example_dags/example_local_kubernetes_executor.py
[2022-07-12 18:18:56,814] {logging_mixin.py:115} INFO - [2022-07-12 18:18:56,814] {dag.py:2371} INFO - Sync 1 DAGs
[2022-07-12 18:18:57,165] {logging_mixin.py:115} INFO - [2022-07-12 18:18:57,165] {dag.py:2919} INFO - Setting next_dagrun for example_local_kubernetes_executor to None, run_after=None
[2022-07-12 18:18:57,191] {processor.py:161} INFO - Processing /home/airflow/.local/lib/python3.7/site-packages/airflow/example_dags/example_local_kubernetes_executor.py took 0.476 seconds
[2022-07-12 18:19:27,886] {processor.py:153} INFO - Started process (PID=1172) to work on /home/airflow/.local/lib/python3.7/site-packages/airflow/example_dags/example_local_kubernetes_executor.py
[2022-07-12 18:19:27,889] {processor.py:641} INFO - Processing file /home/airflow/.local/lib/python3.7/site-packages/airflow/example_dags/example_local_kubernetes_executor.py for tasks to queue
[2022-07-12 18:19:27,892] {logging_mixin.py:115} INFO - [2022-07-12 18:19:27,892] {dagbag.py:507} INFO - Filling up the DagBag from /home/airflow/.local/lib/python3.7/site-packages/airflow/example_dags/example_local_kubernetes_executor.py
[2022-07-12 18:19:27,940] {processor.py:651} INFO - DAG(s) dict_keys(['example_local_kubernetes_executor']) retrieved from /home/airflow/.local/lib/python3.7/site-packages/airflow/example_dags/example_local_kubernetes_executor.py
[2022-07-12 18:19:28,011] {logging_mixin.py:115} INFO - [2022-07-12 18:19:28,011] {dag.py:2371} INFO - Sync 1 DAGs
[2022-07-12 18:19:28,485] {logging_mixin.py:115} INFO - [2022-07-12 18:19:28,484] {dag.py:2919} INFO - Setting next_dagrun for example_local_kubernetes_executor to None, run_after=None
[2022-07-12 18:19:28,519] {processor.py:161} INFO - Processing /home/airflow/.local/lib/python3.7/site-packages/airflow/example_dags/example_local_kubernetes_executor.py took 0.661 seconds
[2022-07-12 18:19:59,534] {processor.py:153} INFO - Started process (PID=1225) to work on /home/airflow/.local/lib/python3.7/site-packages/airflow/example_dags/example_local_kubernetes_executor.py
[2022-07-12 18:19:59,539] {processor.py:641} INFO - Processing file /home/airflow/.local/lib/python3.7/site-packages/airflow/example_dags/example_local_kubernetes_executor.py for tasks to queue
[2022-07-12 18:19:59,542] {logging_mixin.py:115} INFO - [2022-07-12 18:19:59,542] {dagbag.py:507} INFO - Filling up the DagBag from /home/airflow/.local/lib/python3.7/site-packages/airflow/example_dags/example_local_kubernetes_executor.py
[2022-07-12 18:19:59,581] {processor.py:651} INFO - DAG(s) dict_keys(['example_local_kubernetes_executor']) retrieved from /home/airflow/.local/lib/python3.7/site-packages/airflow/example_dags/example_local_kubernetes_executor.py
[2022-07-12 18:19:59,627] {logging_mixin.py:115} INFO - [2022-07-12 18:19:59,627] {dag.py:2371} INFO - Sync 1 DAGs
[2022-07-12 18:20:00,176] {logging_mixin.py:115} INFO - [2022-07-12 18:20:00,175] {dag.py:2919} INFO - Setting next_dagrun for example_local_kubernetes_executor to None, run_after=None
[2022-07-12 18:20:00,199] {processor.py:161} INFO - Processing /home/airflow/.local/lib/python3.7/site-packages/airflow/example_dags/example_local_kubernetes_executor.py took 0.676 seconds
[2022-07-12 18:20:30,672] {processor.py:153} INFO - Started process (PID=1284) to work on /home/airflow/.local/lib/python3.7/site-packages/airflow/example_dags/example_local_kubernetes_executor.py
[2022-07-12 18:20:30,680] {processor.py:641} INFO - Processing file /home/airflow/.local/lib/python3.7/site-packages/airflow/example_dags/example_local_kubernetes_executor.py for tasks to queue
[2022-07-12 18:20:30,685] {logging_mixin.py:115} INFO - [2022-07-12 18:20:30,685] {dagbag.py:507} INFO - Filling up the DagBag from /home/airflow/.local/lib/python3.7/site-packages/airflow/example_dags/example_local_kubernetes_executor.py
[2022-07-12 18:20:30,768] {processor.py:651} INFO - DAG(s) dict_keys(['example_local_kubernetes_executor']) retrieved from /home/airflow/.local/lib/python3.7/site-packages/airflow/example_dags/example_local_kubernetes_executor.py
[2022-07-12 18:20:30,862] {logging_mixin.py:115} INFO - [2022-07-12 18:20:30,861] {dag.py:2371} INFO - Sync 1 DAGs
[2022-07-12 18:20:31,387] {logging_mixin.py:115} INFO - [2022-07-12 18:20:31,386] {dag.py:2919} INFO - Setting next_dagrun for example_local_kubernetes_executor to None, run_after=None
[2022-07-12 18:20:31,411] {processor.py:161} INFO - Processing /home/airflow/.local/lib/python3.7/site-packages/airflow/example_dags/example_local_kubernetes_executor.py took 0.756 seconds
[2022-07-12 18:21:02,408] {processor.py:153} INFO - Started process (PID=1338) to work on /home/airflow/.local/lib/python3.7/site-packages/airflow/example_dags/example_local_kubernetes_executor.py
[2022-07-12 18:21:02,410] {processor.py:641} INFO - Processing file /home/airflow/.local/lib/python3.7/site-packages/airflow/example_dags/example_local_kubernetes_executor.py for tasks to queue
[2022-07-12 18:21:02,411] {logging_mixin.py:115} INFO - [2022-07-12 18:21:02,411] {dagbag.py:507} INFO - Filling up the DagBag from /home/airflow/.local/lib/python3.7/site-packages/airflow/example_dags/example_local_kubernetes_executor.py
[2022-07-12 18:21:02,441] {processor.py:651} INFO - DAG(s) dict_keys(['example_local_kubernetes_executor']) retrieved from /home/airflow/.local/lib/python3.7/site-packages/airflow/example_dags/example_local_kubernetes_executor.py
[2022-07-12 18:21:02,473] {logging_mixin.py:115} INFO - [2022-07-12 18:21:02,473] {dag.py:2371} INFO - Sync 1 DAGs
[2022-07-12 18:21:02,787] {logging_mixin.py:115} INFO - [2022-07-12 18:21:02,787] {dag.py:2919} INFO - Setting next_dagrun for example_local_kubernetes_executor to None, run_after=None
[2022-07-12 18:21:02,807] {processor.py:161} INFO - Processing /home/airflow/.local/lib/python3.7/site-packages/airflow/example_dags/example_local_kubernetes_executor.py took 0.403 seconds
[2022-07-12 18:25:33,540] {processor.py:153} INFO - Started process (PID=85) to work on /home/airflow/.local/lib/python3.7/site-packages/airflow/example_dags/example_local_kubernetes_executor.py
[2022-07-12 18:25:33,546] {processor.py:641} INFO - Processing file /home/airflow/.local/lib/python3.7/site-packages/airflow/example_dags/example_local_kubernetes_executor.py for tasks to queue
[2022-07-12 18:25:33,550] {logging_mixin.py:115} INFO - [2022-07-12 18:25:33,550] {dagbag.py:507} INFO - Filling up the DagBag from /home/airflow/.local/lib/python3.7/site-packages/airflow/example_dags/example_local_kubernetes_executor.py
[2022-07-12 18:25:33,619] {processor.py:651} INFO - DAG(s) dict_keys(['example_local_kubernetes_executor']) retrieved from /home/airflow/.local/lib/python3.7/site-packages/airflow/example_dags/example_local_kubernetes_executor.py
[2022-07-12 18:25:34,087] {logging_mixin.py:115} INFO - [2022-07-12 18:25:34,087] {manager.py:508} INFO - Created Permission View: can read on DAG:example_local_kubernetes_executor
[2022-07-12 18:25:34,100] {logging_mixin.py:115} INFO - [2022-07-12 18:25:34,100] {manager.py:508} INFO - Created Permission View: can edit on DAG:example_local_kubernetes_executor
[2022-07-12 18:25:34,108] {logging_mixin.py:115} INFO - [2022-07-12 18:25:34,108] {manager.py:508} INFO - Created Permission View: can delete on DAG:example_local_kubernetes_executor
[2022-07-12 18:25:34,109] {logging_mixin.py:115} INFO - [2022-07-12 18:25:34,109] {dag.py:2371} INFO - Sync 1 DAGs
[2022-07-12 18:25:34,119] {logging_mixin.py:115} INFO - [2022-07-12 18:25:34,119] {dag.py:2390} INFO - Creating ORM DAG for example_local_kubernetes_executor
[2022-07-12 18:25:34,128] {logging_mixin.py:115} INFO - [2022-07-12 18:25:34,128] {dag.py:2919} INFO - Setting next_dagrun for example_local_kubernetes_executor to None, run_after=None
[2022-07-12 18:25:34,167] {processor.py:161} INFO - Processing /home/airflow/.local/lib/python3.7/site-packages/airflow/example_dags/example_local_kubernetes_executor.py took 0.638 seconds
[2022-07-12 18:26:05,188] {processor.py:153} INFO - Started process (PID=138) to work on /home/airflow/.local/lib/python3.7/site-packages/airflow/example_dags/example_local_kubernetes_executor.py
[2022-07-12 18:26:05,191] {processor.py:641} INFO - Processing file /home/airflow/.local/lib/python3.7/site-packages/airflow/example_dags/example_local_kubernetes_executor.py for tasks to queue
[2022-07-12 18:26:05,194] {logging_mixin.py:115} INFO - [2022-07-12 18:26:05,194] {dagbag.py:507} INFO - Filling up the DagBag from /home/airflow/.local/lib/python3.7/site-packages/airflow/example_dags/example_local_kubernetes_executor.py
[2022-07-12 18:26:05,233] {processor.py:651} INFO - DAG(s) dict_keys(['example_local_kubernetes_executor']) retrieved from /home/airflow/.local/lib/python3.7/site-packages/airflow/example_dags/example_local_kubernetes_executor.py
[2022-07-12 18:26:05,274] {logging_mixin.py:115} INFO - [2022-07-12 18:26:05,274] {dag.py:2371} INFO - Sync 1 DAGs
[2022-07-12 18:26:05,525] {logging_mixin.py:115} INFO - [2022-07-12 18:26:05,525] {dag.py:2919} INFO - Setting next_dagrun for example_local_kubernetes_executor to None, run_after=None
[2022-07-12 18:26:05,536] {processor.py:161} INFO - Processing /home/airflow/.local/lib/python3.7/site-packages/airflow/example_dags/example_local_kubernetes_executor.py took 0.356 seconds
[2022-07-12 18:26:36,289] {processor.py:153} INFO - Started process (PID=199) to work on /home/airflow/.local/lib/python3.7/site-packages/airflow/example_dags/example_local_kubernetes_executor.py
[2022-07-12 18:26:36,291] {processor.py:641} INFO - Processing file /home/airflow/.local/lib/python3.7/site-packages/airflow/example_dags/example_local_kubernetes_executor.py for tasks to queue
[2022-07-12 18:26:36,293] {logging_mixin.py:115} INFO - [2022-07-12 18:26:36,293] {dagbag.py:507} INFO - Filling up the DagBag from /home/airflow/.local/lib/python3.7/site-packages/airflow/example_dags/example_local_kubernetes_executor.py
[2022-07-12 18:26:36,338] {processor.py:651} INFO - DAG(s) dict_keys(['example_local_kubernetes_executor']) retrieved from /home/airflow/.local/lib/python3.7/site-packages/airflow/example_dags/example_local_kubernetes_executor.py
[2022-07-12 18:26:36,393] {logging_mixin.py:115} INFO - [2022-07-12 18:26:36,392] {dag.py:2371} INFO - Sync 1 DAGs
[2022-07-12 18:26:36,878] {logging_mixin.py:115} INFO - [2022-07-12 18:26:36,878] {dag.py:2919} INFO - Setting next_dagrun for example_local_kubernetes_executor to None, run_after=None
[2022-07-12 18:26:36,939] {processor.py:161} INFO - Processing /home/airflow/.local/lib/python3.7/site-packages/airflow/example_dags/example_local_kubernetes_executor.py took 0.659 seconds
[2022-07-12 18:29:34,126] {processor.py:153} INFO - Started process (PID=77) to work on /home/airflow/.local/lib/python3.7/site-packages/airflow/example_dags/example_local_kubernetes_executor.py
[2022-07-12 18:29:34,129] {processor.py:641} INFO - Processing file /home/airflow/.local/lib/python3.7/site-packages/airflow/example_dags/example_local_kubernetes_executor.py for tasks to queue
[2022-07-12 18:29:34,131] {logging_mixin.py:115} INFO - [2022-07-12 18:29:34,131] {dagbag.py:507} INFO - Filling up the DagBag from /home/airflow/.local/lib/python3.7/site-packages/airflow/example_dags/example_local_kubernetes_executor.py
[2022-07-12 18:29:34,221] {processor.py:651} INFO - DAG(s) dict_keys(['example_local_kubernetes_executor']) retrieved from /home/airflow/.local/lib/python3.7/site-packages/airflow/example_dags/example_local_kubernetes_executor.py
[2022-07-12 18:29:34,288] {logging_mixin.py:115} INFO - [2022-07-12 18:29:34,287] {dag.py:2371} INFO - Sync 1 DAGs
[2022-07-12 18:29:34,617] {logging_mixin.py:115} INFO - [2022-07-12 18:29:34,616] {dag.py:2919} INFO - Setting next_dagrun for example_local_kubernetes_executor to None, run_after=None
[2022-07-12 18:29:34,636] {processor.py:161} INFO - Processing /home/airflow/.local/lib/python3.7/site-packages/airflow/example_dags/example_local_kubernetes_executor.py took 0.519 seconds
[2022-07-12 18:30:04,843] {processor.py:153} INFO - Started process (PID=137) to work on /home/airflow/.local/lib/python3.7/site-packages/airflow/example_dags/example_local_kubernetes_executor.py
[2022-07-12 18:30:04,848] {processor.py:641} INFO - Processing file /home/airflow/.local/lib/python3.7/site-packages/airflow/example_dags/example_local_kubernetes_executor.py for tasks to queue
[2022-07-12 18:30:04,853] {logging_mixin.py:115} INFO - [2022-07-12 18:30:04,853] {dagbag.py:507} INFO - Filling up the DagBag from /home/airflow/.local/lib/python3.7/site-packages/airflow/example_dags/example_local_kubernetes_executor.py
[2022-07-12 18:30:04,881] {processor.py:651} INFO - DAG(s) dict_keys(['example_local_kubernetes_executor']) retrieved from /home/airflow/.local/lib/python3.7/site-packages/airflow/example_dags/example_local_kubernetes_executor.py
[2022-07-12 18:30:04,919] {logging_mixin.py:115} INFO - [2022-07-12 18:30:04,919] {dag.py:2371} INFO - Sync 1 DAGs
[2022-07-12 18:30:05,075] {logging_mixin.py:115} INFO - [2022-07-12 18:30:05,075] {dag.py:2919} INFO - Setting next_dagrun for example_local_kubernetes_executor to None, run_after=None
[2022-07-12 18:30:05,092] {processor.py:161} INFO - Processing /home/airflow/.local/lib/python3.7/site-packages/airflow/example_dags/example_local_kubernetes_executor.py took 0.255 seconds
[2022-07-12 18:30:35,707] {processor.py:153} INFO - Started process (PID=189) to work on /home/airflow/.local/lib/python3.7/site-packages/airflow/example_dags/example_local_kubernetes_executor.py
[2022-07-12 18:30:35,709] {processor.py:641} INFO - Processing file /home/airflow/.local/lib/python3.7/site-packages/airflow/example_dags/example_local_kubernetes_executor.py for tasks to queue
[2022-07-12 18:30:35,710] {logging_mixin.py:115} INFO - [2022-07-12 18:30:35,710] {dagbag.py:507} INFO - Filling up the DagBag from /home/airflow/.local/lib/python3.7/site-packages/airflow/example_dags/example_local_kubernetes_executor.py
[2022-07-12 18:30:35,725] {processor.py:651} INFO - DAG(s) dict_keys(['example_local_kubernetes_executor']) retrieved from /home/airflow/.local/lib/python3.7/site-packages/airflow/example_dags/example_local_kubernetes_executor.py
[2022-07-12 18:30:35,746] {logging_mixin.py:115} INFO - [2022-07-12 18:30:35,746] {dag.py:2371} INFO - Sync 1 DAGs
[2022-07-12 18:30:35,836] {logging_mixin.py:115} INFO - [2022-07-12 18:30:35,836] {dag.py:2919} INFO - Setting next_dagrun for example_local_kubernetes_executor to None, run_after=None
[2022-07-12 18:30:35,842] {processor.py:161} INFO - Processing /home/airflow/.local/lib/python3.7/site-packages/airflow/example_dags/example_local_kubernetes_executor.py took 0.140 seconds
[2022-07-12 18:31:07,442] {processor.py:153} INFO - Started process (PID=253) to work on /home/airflow/.local/lib/python3.7/site-packages/airflow/example_dags/example_local_kubernetes_executor.py
[2022-07-12 18:31:07,445] {processor.py:641} INFO - Processing file /home/airflow/.local/lib/python3.7/site-packages/airflow/example_dags/example_local_kubernetes_executor.py for tasks to queue
[2022-07-12 18:31:07,446] {logging_mixin.py:115} INFO - [2022-07-12 18:31:07,446] {dagbag.py:507} INFO - Filling up the DagBag from /home/airflow/.local/lib/python3.7/site-packages/airflow/example_dags/example_local_kubernetes_executor.py
[2022-07-12 18:31:07,463] {processor.py:651} INFO - DAG(s) dict_keys(['example_local_kubernetes_executor']) retrieved from /home/airflow/.local/lib/python3.7/site-packages/airflow/example_dags/example_local_kubernetes_executor.py
[2022-07-12 18:31:07,487] {logging_mixin.py:115} INFO - [2022-07-12 18:31:07,486] {dag.py:2371} INFO - Sync 1 DAGs
[2022-07-12 18:31:07,625] {logging_mixin.py:115} INFO - [2022-07-12 18:31:07,625] {dag.py:2919} INFO - Setting next_dagrun for example_local_kubernetes_executor to None, run_after=None
[2022-07-12 18:31:07,653] {processor.py:161} INFO - Processing /home/airflow/.local/lib/python3.7/site-packages/airflow/example_dags/example_local_kubernetes_executor.py took 0.213 seconds
