[2022-07-12 18:07:27,149] {processor.py:153} INFO - Started process (PID=70) to work on /home/airflow/.local/lib/python3.7/site-packages/airflow/example_dags/example_skip_dag.py
[2022-07-12 18:07:27,190] {processor.py:641} INFO - Processing file /home/airflow/.local/lib/python3.7/site-packages/airflow/example_dags/example_skip_dag.py for tasks to queue
[2022-07-12 18:07:27,231] {logging_mixin.py:115} INFO - [2022-07-12 18:07:27,228] {dagbag.py:507} INFO - Filling up the DagBag from /home/airflow/.local/lib/python3.7/site-packages/airflow/example_dags/example_skip_dag.py
[2022-07-12 18:07:30,902] {processor.py:651} INFO - DAG(s) dict_keys(['example_skip_dag']) retrieved from /home/airflow/.local/lib/python3.7/site-packages/airflow/example_dags/example_skip_dag.py
[2022-07-12 18:08:14,763] {logging_mixin.py:115} INFO - [2022-07-12 18:08:14,742] {manager.py:508} INFO - Created Permission View: can read on DAG:example_skip_dag
[2022-07-12 18:08:14,937] {logging_mixin.py:115} INFO - [2022-07-12 18:08:14,937] {manager.py:508} INFO - Created Permission View: can delete on DAG:example_skip_dag
[2022-07-12 18:08:14,963] {logging_mixin.py:115} INFO - [2022-07-12 18:08:14,963] {manager.py:508} INFO - Created Permission View: can edit on DAG:example_skip_dag
[2022-07-12 18:08:14,975] {logging_mixin.py:115} INFO - [2022-07-12 18:08:14,975] {dag.py:2371} INFO - Sync 1 DAGs
[2022-07-12 18:08:15,088] {logging_mixin.py:115} INFO - [2022-07-12 18:08:15,087] {dag.py:2390} INFO - Creating ORM DAG for example_skip_dag
[2022-07-12 18:08:15,218] {logging_mixin.py:115} INFO - [2022-07-12 18:08:15,218] {dag.py:2919} INFO - Setting next_dagrun for example_skip_dag to 2022-07-11T18:08:15.197480+00:00, run_after=2022-07-12T18:08:15.197480+00:00
[2022-07-12 18:08:15,355] {processor.py:161} INFO - Processing /home/airflow/.local/lib/python3.7/site-packages/airflow/example_dags/example_skip_dag.py took 48.898 seconds
[2022-07-12 18:08:46,402] {processor.py:153} INFO - Started process (PID=139) to work on /home/airflow/.local/lib/python3.7/site-packages/airflow/example_dags/example_skip_dag.py
[2022-07-12 18:08:46,407] {processor.py:641} INFO - Processing file /home/airflow/.local/lib/python3.7/site-packages/airflow/example_dags/example_skip_dag.py for tasks to queue
[2022-07-12 18:08:46,414] {logging_mixin.py:115} INFO - [2022-07-12 18:08:46,414] {dagbag.py:507} INFO - Filling up the DagBag from /home/airflow/.local/lib/python3.7/site-packages/airflow/example_dags/example_skip_dag.py
[2022-07-12 18:08:46,448] {processor.py:651} INFO - DAG(s) dict_keys(['example_skip_dag']) retrieved from /home/airflow/.local/lib/python3.7/site-packages/airflow/example_dags/example_skip_dag.py
[2022-07-12 18:08:46,530] {logging_mixin.py:115} INFO - [2022-07-12 18:08:46,530] {dag.py:2371} INFO - Sync 1 DAGs
[2022-07-12 18:08:46,587] {logging_mixin.py:115} INFO - [2022-07-12 18:08:46,587] {dag.py:2919} INFO - Setting next_dagrun for example_skip_dag to 2022-07-11T18:08:46.586662+00:00, run_after=2022-07-12T18:08:46.586662+00:00
[2022-07-12 18:08:46,607] {processor.py:161} INFO - Processing /home/airflow/.local/lib/python3.7/site-packages/airflow/example_dags/example_skip_dag.py took 0.228 seconds
[2022-07-12 18:09:16,757] {processor.py:153} INFO - Started process (PID=199) to work on /home/airflow/.local/lib/python3.7/site-packages/airflow/example_dags/example_skip_dag.py
[2022-07-12 18:09:16,760] {processor.py:641} INFO - Processing file /home/airflow/.local/lib/python3.7/site-packages/airflow/example_dags/example_skip_dag.py for tasks to queue
[2022-07-12 18:09:16,762] {logging_mixin.py:115} INFO - [2022-07-12 18:09:16,762] {dagbag.py:507} INFO - Filling up the DagBag from /home/airflow/.local/lib/python3.7/site-packages/airflow/example_dags/example_skip_dag.py
[2022-07-12 18:09:16,782] {processor.py:651} INFO - DAG(s) dict_keys(['example_skip_dag']) retrieved from /home/airflow/.local/lib/python3.7/site-packages/airflow/example_dags/example_skip_dag.py
[2022-07-12 18:09:16,845] {logging_mixin.py:115} INFO - [2022-07-12 18:09:16,845] {dag.py:2371} INFO - Sync 1 DAGs
[2022-07-12 18:09:16,888] {logging_mixin.py:115} INFO - [2022-07-12 18:09:16,888] {dag.py:2919} INFO - Setting next_dagrun for example_skip_dag to 2022-07-11T18:09:16.884431+00:00, run_after=2022-07-12T18:09:16.884431+00:00
[2022-07-12 18:09:16,903] {processor.py:161} INFO - Processing /home/airflow/.local/lib/python3.7/site-packages/airflow/example_dags/example_skip_dag.py took 0.158 seconds
[2022-07-12 18:09:47,701] {processor.py:153} INFO - Started process (PID=251) to work on /home/airflow/.local/lib/python3.7/site-packages/airflow/example_dags/example_skip_dag.py
[2022-07-12 18:09:47,703] {processor.py:641} INFO - Processing file /home/airflow/.local/lib/python3.7/site-packages/airflow/example_dags/example_skip_dag.py for tasks to queue
[2022-07-12 18:09:47,706] {logging_mixin.py:115} INFO - [2022-07-12 18:09:47,706] {dagbag.py:507} INFO - Filling up the DagBag from /home/airflow/.local/lib/python3.7/site-packages/airflow/example_dags/example_skip_dag.py
[2022-07-12 18:09:47,726] {processor.py:651} INFO - DAG(s) dict_keys(['example_skip_dag']) retrieved from /home/airflow/.local/lib/python3.7/site-packages/airflow/example_dags/example_skip_dag.py
[2022-07-12 18:09:47,773] {logging_mixin.py:115} INFO - [2022-07-12 18:09:47,773] {dag.py:2371} INFO - Sync 1 DAGs
[2022-07-12 18:09:47,807] {logging_mixin.py:115} INFO - [2022-07-12 18:09:47,807] {dag.py:2919} INFO - Setting next_dagrun for example_skip_dag to 2022-07-11T18:09:47.806634+00:00, run_after=2022-07-12T18:09:47.806634+00:00
[2022-07-12 18:09:47,822] {processor.py:161} INFO - Processing /home/airflow/.local/lib/python3.7/site-packages/airflow/example_dags/example_skip_dag.py took 0.129 seconds
[2022-07-12 18:10:21,197] {processor.py:153} INFO - Started process (PID=312) to work on /home/airflow/.local/lib/python3.7/site-packages/airflow/example_dags/example_skip_dag.py
[2022-07-12 18:10:21,199] {processor.py:641} INFO - Processing file /home/airflow/.local/lib/python3.7/site-packages/airflow/example_dags/example_skip_dag.py for tasks to queue
[2022-07-12 18:10:21,201] {logging_mixin.py:115} INFO - [2022-07-12 18:10:21,201] {dagbag.py:507} INFO - Filling up the DagBag from /home/airflow/.local/lib/python3.7/site-packages/airflow/example_dags/example_skip_dag.py
[2022-07-12 18:10:21,209] {processor.py:651} INFO - DAG(s) dict_keys(['example_skip_dag']) retrieved from /home/airflow/.local/lib/python3.7/site-packages/airflow/example_dags/example_skip_dag.py
[2022-07-12 18:10:21,243] {logging_mixin.py:115} INFO - [2022-07-12 18:10:21,243] {dag.py:2371} INFO - Sync 1 DAGs
[2022-07-12 18:10:21,266] {logging_mixin.py:115} INFO - [2022-07-12 18:10:21,266] {dag.py:2919} INFO - Setting next_dagrun for example_skip_dag to 2022-07-11T18:10:21.266093+00:00, run_after=2022-07-12T18:10:21.266093+00:00
[2022-07-12 18:10:21,277] {processor.py:161} INFO - Processing /home/airflow/.local/lib/python3.7/site-packages/airflow/example_dags/example_skip_dag.py took 0.083 seconds
[2022-07-12 18:10:51,980] {processor.py:153} INFO - Started process (PID=361) to work on /home/airflow/.local/lib/python3.7/site-packages/airflow/example_dags/example_skip_dag.py
[2022-07-12 18:10:51,991] {processor.py:641} INFO - Processing file /home/airflow/.local/lib/python3.7/site-packages/airflow/example_dags/example_skip_dag.py for tasks to queue
[2022-07-12 18:10:51,997] {logging_mixin.py:115} INFO - [2022-07-12 18:10:51,997] {dagbag.py:507} INFO - Filling up the DagBag from /home/airflow/.local/lib/python3.7/site-packages/airflow/example_dags/example_skip_dag.py
[2022-07-12 18:10:52,013] {processor.py:651} INFO - DAG(s) dict_keys(['example_skip_dag']) retrieved from /home/airflow/.local/lib/python3.7/site-packages/airflow/example_dags/example_skip_dag.py
[2022-07-12 18:10:52,054] {logging_mixin.py:115} INFO - [2022-07-12 18:10:52,053] {dag.py:2371} INFO - Sync 1 DAGs
[2022-07-12 18:10:52,073] {logging_mixin.py:115} INFO - [2022-07-12 18:10:52,073] {dag.py:2919} INFO - Setting next_dagrun for example_skip_dag to 2022-07-11T18:10:52.073284+00:00, run_after=2022-07-12T18:10:52.073284+00:00
[2022-07-12 18:10:52,081] {processor.py:161} INFO - Processing /home/airflow/.local/lib/python3.7/site-packages/airflow/example_dags/example_skip_dag.py took 0.119 seconds
[2022-07-12 18:11:24,263] {processor.py:153} INFO - Started process (PID=421) to work on /home/airflow/.local/lib/python3.7/site-packages/airflow/example_dags/example_skip_dag.py
[2022-07-12 18:11:24,272] {processor.py:641} INFO - Processing file /home/airflow/.local/lib/python3.7/site-packages/airflow/example_dags/example_skip_dag.py for tasks to queue
[2022-07-12 18:11:24,276] {logging_mixin.py:115} INFO - [2022-07-12 18:11:24,275] {dagbag.py:507} INFO - Filling up the DagBag from /home/airflow/.local/lib/python3.7/site-packages/airflow/example_dags/example_skip_dag.py
[2022-07-12 18:11:24,304] {processor.py:651} INFO - DAG(s) dict_keys(['example_skip_dag']) retrieved from /home/airflow/.local/lib/python3.7/site-packages/airflow/example_dags/example_skip_dag.py
[2022-07-12 18:11:24,394] {logging_mixin.py:115} INFO - [2022-07-12 18:11:24,394] {dag.py:2371} INFO - Sync 1 DAGs
[2022-07-12 18:11:24,440] {logging_mixin.py:115} INFO - [2022-07-12 18:11:24,440] {dag.py:2919} INFO - Setting next_dagrun for example_skip_dag to 2022-07-11T18:11:24.439831+00:00, run_after=2022-07-12T18:11:24.439831+00:00
[2022-07-12 18:11:24,489] {processor.py:161} INFO - Processing /home/airflow/.local/lib/python3.7/site-packages/airflow/example_dags/example_skip_dag.py took 0.249 seconds
[2022-07-12 18:11:55,158] {processor.py:153} INFO - Started process (PID=479) to work on /home/airflow/.local/lib/python3.7/site-packages/airflow/example_dags/example_skip_dag.py
[2022-07-12 18:11:55,161] {processor.py:641} INFO - Processing file /home/airflow/.local/lib/python3.7/site-packages/airflow/example_dags/example_skip_dag.py for tasks to queue
[2022-07-12 18:11:55,164] {logging_mixin.py:115} INFO - [2022-07-12 18:11:55,164] {dagbag.py:507} INFO - Filling up the DagBag from /home/airflow/.local/lib/python3.7/site-packages/airflow/example_dags/example_skip_dag.py
[2022-07-12 18:11:55,177] {processor.py:651} INFO - DAG(s) dict_keys(['example_skip_dag']) retrieved from /home/airflow/.local/lib/python3.7/site-packages/airflow/example_dags/example_skip_dag.py
[2022-07-12 18:11:55,223] {logging_mixin.py:115} INFO - [2022-07-12 18:11:55,222] {dag.py:2371} INFO - Sync 1 DAGs
[2022-07-12 18:11:55,541] {logging_mixin.py:115} INFO - [2022-07-12 18:11:55,540] {dag.py:2919} INFO - Setting next_dagrun for example_skip_dag to 2022-07-11T18:11:55.540598+00:00, run_after=2022-07-12T18:11:55.540598+00:00
[2022-07-12 18:11:55,571] {processor.py:161} INFO - Processing /home/airflow/.local/lib/python3.7/site-packages/airflow/example_dags/example_skip_dag.py took 0.419 seconds
[2022-07-12 18:12:25,941] {processor.py:153} INFO - Started process (PID=533) to work on /home/airflow/.local/lib/python3.7/site-packages/airflow/example_dags/example_skip_dag.py
[2022-07-12 18:12:25,944] {processor.py:641} INFO - Processing file /home/airflow/.local/lib/python3.7/site-packages/airflow/example_dags/example_skip_dag.py for tasks to queue
[2022-07-12 18:12:25,948] {logging_mixin.py:115} INFO - [2022-07-12 18:12:25,947] {dagbag.py:507} INFO - Filling up the DagBag from /home/airflow/.local/lib/python3.7/site-packages/airflow/example_dags/example_skip_dag.py
[2022-07-12 18:12:25,966] {processor.py:651} INFO - DAG(s) dict_keys(['example_skip_dag']) retrieved from /home/airflow/.local/lib/python3.7/site-packages/airflow/example_dags/example_skip_dag.py
[2022-07-12 18:12:26,024] {logging_mixin.py:115} INFO - [2022-07-12 18:12:26,024] {dag.py:2371} INFO - Sync 1 DAGs
[2022-07-12 18:12:26,834] {logging_mixin.py:115} INFO - [2022-07-12 18:12:26,833] {dag.py:2919} INFO - Setting next_dagrun for example_skip_dag to 2022-07-11T18:12:26.832754+00:00, run_after=2022-07-12T18:12:26.832754+00:00
[2022-07-12 18:12:26,948] {processor.py:161} INFO - Processing /home/airflow/.local/lib/python3.7/site-packages/airflow/example_dags/example_skip_dag.py took 1.013 seconds
[2022-07-12 18:12:57,970] {processor.py:153} INFO - Started process (PID=592) to work on /home/airflow/.local/lib/python3.7/site-packages/airflow/example_dags/example_skip_dag.py
[2022-07-12 18:12:57,973] {processor.py:641} INFO - Processing file /home/airflow/.local/lib/python3.7/site-packages/airflow/example_dags/example_skip_dag.py for tasks to queue
[2022-07-12 18:12:57,974] {logging_mixin.py:115} INFO - [2022-07-12 18:12:57,974] {dagbag.py:507} INFO - Filling up the DagBag from /home/airflow/.local/lib/python3.7/site-packages/airflow/example_dags/example_skip_dag.py
[2022-07-12 18:12:57,980] {processor.py:651} INFO - DAG(s) dict_keys(['example_skip_dag']) retrieved from /home/airflow/.local/lib/python3.7/site-packages/airflow/example_dags/example_skip_dag.py
[2022-07-12 18:12:58,030] {logging_mixin.py:115} INFO - [2022-07-12 18:12:58,030] {dag.py:2371} INFO - Sync 1 DAGs
[2022-07-12 18:12:58,343] {logging_mixin.py:115} INFO - [2022-07-12 18:12:58,343] {dag.py:2919} INFO - Setting next_dagrun for example_skip_dag to 2022-07-11T18:12:58.341571+00:00, run_after=2022-07-12T18:12:58.341571+00:00
[2022-07-12 18:12:58,362] {processor.py:161} INFO - Processing /home/airflow/.local/lib/python3.7/site-packages/airflow/example_dags/example_skip_dag.py took 0.396 seconds
[2022-07-12 18:13:28,581] {processor.py:153} INFO - Started process (PID=641) to work on /home/airflow/.local/lib/python3.7/site-packages/airflow/example_dags/example_skip_dag.py
[2022-07-12 18:13:28,591] {processor.py:641} INFO - Processing file /home/airflow/.local/lib/python3.7/site-packages/airflow/example_dags/example_skip_dag.py for tasks to queue
[2022-07-12 18:13:28,594] {logging_mixin.py:115} INFO - [2022-07-12 18:13:28,593] {dagbag.py:507} INFO - Filling up the DagBag from /home/airflow/.local/lib/python3.7/site-packages/airflow/example_dags/example_skip_dag.py
[2022-07-12 18:13:28,606] {processor.py:651} INFO - DAG(s) dict_keys(['example_skip_dag']) retrieved from /home/airflow/.local/lib/python3.7/site-packages/airflow/example_dags/example_skip_dag.py
[2022-07-12 18:13:28,644] {logging_mixin.py:115} INFO - [2022-07-12 18:13:28,644] {dag.py:2371} INFO - Sync 1 DAGs
[2022-07-12 18:13:28,939] {logging_mixin.py:115} INFO - [2022-07-12 18:13:28,939] {dag.py:2919} INFO - Setting next_dagrun for example_skip_dag to 2022-07-11T18:13:28.938736+00:00, run_after=2022-07-12T18:13:28.938736+00:00
[2022-07-12 18:13:28,974] {processor.py:161} INFO - Processing /home/airflow/.local/lib/python3.7/site-packages/airflow/example_dags/example_skip_dag.py took 0.395 seconds
[2022-07-12 18:13:59,634] {processor.py:153} INFO - Started process (PID=702) to work on /home/airflow/.local/lib/python3.7/site-packages/airflow/example_dags/example_skip_dag.py
[2022-07-12 18:13:59,639] {processor.py:641} INFO - Processing file /home/airflow/.local/lib/python3.7/site-packages/airflow/example_dags/example_skip_dag.py for tasks to queue
[2022-07-12 18:13:59,641] {logging_mixin.py:115} INFO - [2022-07-12 18:13:59,641] {dagbag.py:507} INFO - Filling up the DagBag from /home/airflow/.local/lib/python3.7/site-packages/airflow/example_dags/example_skip_dag.py
[2022-07-12 18:13:59,651] {processor.py:651} INFO - DAG(s) dict_keys(['example_skip_dag']) retrieved from /home/airflow/.local/lib/python3.7/site-packages/airflow/example_dags/example_skip_dag.py
[2022-07-12 18:13:59,712] {logging_mixin.py:115} INFO - [2022-07-12 18:13:59,712] {dag.py:2371} INFO - Sync 1 DAGs
[2022-07-12 18:14:00,341] {logging_mixin.py:115} INFO - [2022-07-12 18:14:00,341] {dag.py:2919} INFO - Setting next_dagrun for example_skip_dag to 2022-07-11T18:14:00.341171+00:00, run_after=2022-07-12T18:14:00.341171+00:00
[2022-07-12 18:14:00,389] {processor.py:161} INFO - Processing /home/airflow/.local/lib/python3.7/site-packages/airflow/example_dags/example_skip_dag.py took 0.762 seconds
[2022-07-12 18:14:37,956] {processor.py:153} INFO - Started process (PID=744) to work on /home/airflow/.local/lib/python3.7/site-packages/airflow/example_dags/example_skip_dag.py
[2022-07-12 18:14:38,284] {processor.py:641} INFO - Processing file /home/airflow/.local/lib/python3.7/site-packages/airflow/example_dags/example_skip_dag.py for tasks to queue
[2022-07-12 18:14:38,303] {logging_mixin.py:115} INFO - [2022-07-12 18:14:38,302] {dagbag.py:507} INFO - Filling up the DagBag from /home/airflow/.local/lib/python3.7/site-packages/airflow/example_dags/example_skip_dag.py
[2022-07-12 18:14:38,355] {processor.py:651} INFO - DAG(s) dict_keys(['example_skip_dag']) retrieved from /home/airflow/.local/lib/python3.7/site-packages/airflow/example_dags/example_skip_dag.py
[2022-07-12 18:14:38,667] {logging_mixin.py:115} INFO - [2022-07-12 18:14:38,658] {dag.py:2371} INFO - Sync 1 DAGs
[2022-07-12 18:14:40,032] {logging_mixin.py:115} INFO - [2022-07-12 18:14:40,031] {dag.py:2919} INFO - Setting next_dagrun for example_skip_dag to 2022-07-11T18:14:40.029515+00:00, run_after=2022-07-12T18:14:40.029515+00:00
[2022-07-12 18:14:40,631] {processor.py:161} INFO - Processing /home/airflow/.local/lib/python3.7/site-packages/airflow/example_dags/example_skip_dag.py took 2.680 seconds
[2022-07-12 18:15:26,699] {processor.py:153} INFO - Started process (PID=804) to work on /home/airflow/.local/lib/python3.7/site-packages/airflow/example_dags/example_skip_dag.py
[2022-07-12 18:15:26,714] {processor.py:641} INFO - Processing file /home/airflow/.local/lib/python3.7/site-packages/airflow/example_dags/example_skip_dag.py for tasks to queue
[2022-07-12 18:15:26,717] {logging_mixin.py:115} INFO - [2022-07-12 18:15:26,717] {dagbag.py:507} INFO - Filling up the DagBag from /home/airflow/.local/lib/python3.7/site-packages/airflow/example_dags/example_skip_dag.py
[2022-07-12 18:15:26,785] {processor.py:651} INFO - DAG(s) dict_keys(['example_skip_dag']) retrieved from /home/airflow/.local/lib/python3.7/site-packages/airflow/example_dags/example_skip_dag.py
[2022-07-12 18:15:26,894] {logging_mixin.py:115} INFO - [2022-07-12 18:15:26,894] {dag.py:2371} INFO - Sync 1 DAGs
[2022-07-12 18:15:27,603] {logging_mixin.py:115} INFO - [2022-07-12 18:15:27,603] {dag.py:2919} INFO - Setting next_dagrun for example_skip_dag to 2022-07-11T18:15:27.603519+00:00, run_after=2022-07-12T18:15:27.603519+00:00
[2022-07-12 18:15:27,625] {processor.py:161} INFO - Processing /home/airflow/.local/lib/python3.7/site-packages/airflow/example_dags/example_skip_dag.py took 0.932 seconds
[2022-07-12 18:15:57,990] {processor.py:153} INFO - Started process (PID=849) to work on /home/airflow/.local/lib/python3.7/site-packages/airflow/example_dags/example_skip_dag.py
[2022-07-12 18:15:58,002] {processor.py:641} INFO - Processing file /home/airflow/.local/lib/python3.7/site-packages/airflow/example_dags/example_skip_dag.py for tasks to queue
[2022-07-12 18:15:58,009] {logging_mixin.py:115} INFO - [2022-07-12 18:15:58,009] {dagbag.py:507} INFO - Filling up the DagBag from /home/airflow/.local/lib/python3.7/site-packages/airflow/example_dags/example_skip_dag.py
[2022-07-12 18:15:58,037] {processor.py:651} INFO - DAG(s) dict_keys(['example_skip_dag']) retrieved from /home/airflow/.local/lib/python3.7/site-packages/airflow/example_dags/example_skip_dag.py
[2022-07-12 18:15:58,161] {logging_mixin.py:115} INFO - [2022-07-12 18:15:58,161] {dag.py:2371} INFO - Sync 1 DAGs
[2022-07-12 18:16:02,065] {logging_mixin.py:115} INFO - [2022-07-12 18:16:02,061] {dag.py:2919} INFO - Setting next_dagrun for example_skip_dag to 2022-07-11T18:16:02.060584+00:00, run_after=2022-07-12T18:16:02.060584+00:00
[2022-07-12 18:16:02,276] {processor.py:161} INFO - Processing /home/airflow/.local/lib/python3.7/site-packages/airflow/example_dags/example_skip_dag.py took 4.315 seconds
[2022-07-12 18:16:55,245] {processor.py:153} INFO - Started process (PID=898) to work on /home/airflow/.local/lib/python3.7/site-packages/airflow/example_dags/example_skip_dag.py
[2022-07-12 18:16:55,249] {processor.py:641} INFO - Processing file /home/airflow/.local/lib/python3.7/site-packages/airflow/example_dags/example_skip_dag.py for tasks to queue
[2022-07-12 18:16:55,250] {logging_mixin.py:115} INFO - [2022-07-12 18:16:55,250] {dagbag.py:507} INFO - Filling up the DagBag from /home/airflow/.local/lib/python3.7/site-packages/airflow/example_dags/example_skip_dag.py
[2022-07-12 18:16:55,267] {processor.py:651} INFO - DAG(s) dict_keys(['example_skip_dag']) retrieved from /home/airflow/.local/lib/python3.7/site-packages/airflow/example_dags/example_skip_dag.py
[2022-07-12 18:16:55,320] {logging_mixin.py:115} INFO - [2022-07-12 18:16:55,320] {dag.py:2371} INFO - Sync 1 DAGs
[2022-07-12 18:16:55,654] {logging_mixin.py:115} INFO - [2022-07-12 18:16:55,653] {dag.py:2919} INFO - Setting next_dagrun for example_skip_dag to 2022-07-11T18:16:55.653636+00:00, run_after=2022-07-12T18:16:55.653636+00:00
[2022-07-12 18:16:55,670] {processor.py:161} INFO - Processing /home/airflow/.local/lib/python3.7/site-packages/airflow/example_dags/example_skip_dag.py took 0.432 seconds
[2022-07-12 18:17:25,989] {processor.py:153} INFO - Started process (PID=949) to work on /home/airflow/.local/lib/python3.7/site-packages/airflow/example_dags/example_skip_dag.py
[2022-07-12 18:17:25,992] {processor.py:641} INFO - Processing file /home/airflow/.local/lib/python3.7/site-packages/airflow/example_dags/example_skip_dag.py for tasks to queue
[2022-07-12 18:17:25,993] {logging_mixin.py:115} INFO - [2022-07-12 18:17:25,993] {dagbag.py:507} INFO - Filling up the DagBag from /home/airflow/.local/lib/python3.7/site-packages/airflow/example_dags/example_skip_dag.py
[2022-07-12 18:17:26,003] {processor.py:651} INFO - DAG(s) dict_keys(['example_skip_dag']) retrieved from /home/airflow/.local/lib/python3.7/site-packages/airflow/example_dags/example_skip_dag.py
[2022-07-12 18:17:26,042] {logging_mixin.py:115} INFO - [2022-07-12 18:17:26,041] {dag.py:2371} INFO - Sync 1 DAGs
[2022-07-12 18:17:26,280] {logging_mixin.py:115} INFO - [2022-07-12 18:17:26,280] {dag.py:2919} INFO - Setting next_dagrun for example_skip_dag to 2022-07-11T18:17:26.279906+00:00, run_after=2022-07-12T18:17:26.279906+00:00
[2022-07-12 18:17:26,292] {processor.py:161} INFO - Processing /home/airflow/.local/lib/python3.7/site-packages/airflow/example_dags/example_skip_dag.py took 0.308 seconds
[2022-07-12 18:17:56,364] {processor.py:153} INFO - Started process (PID=1010) to work on /home/airflow/.local/lib/python3.7/site-packages/airflow/example_dags/example_skip_dag.py
[2022-07-12 18:17:56,371] {processor.py:641} INFO - Processing file /home/airflow/.local/lib/python3.7/site-packages/airflow/example_dags/example_skip_dag.py for tasks to queue
[2022-07-12 18:17:56,373] {logging_mixin.py:115} INFO - [2022-07-12 18:17:56,373] {dagbag.py:507} INFO - Filling up the DagBag from /home/airflow/.local/lib/python3.7/site-packages/airflow/example_dags/example_skip_dag.py
[2022-07-12 18:17:56,384] {processor.py:651} INFO - DAG(s) dict_keys(['example_skip_dag']) retrieved from /home/airflow/.local/lib/python3.7/site-packages/airflow/example_dags/example_skip_dag.py
[2022-07-12 18:17:56,420] {logging_mixin.py:115} INFO - [2022-07-12 18:17:56,420] {dag.py:2371} INFO - Sync 1 DAGs
[2022-07-12 18:17:56,545] {logging_mixin.py:115} INFO - [2022-07-12 18:17:56,545] {dag.py:2919} INFO - Setting next_dagrun for example_skip_dag to 2022-07-11T18:17:56.545117+00:00, run_after=2022-07-12T18:17:56.545117+00:00
[2022-07-12 18:17:56,560] {processor.py:161} INFO - Processing /home/airflow/.local/lib/python3.7/site-packages/airflow/example_dags/example_skip_dag.py took 0.201 seconds
[2022-07-12 18:18:26,664] {processor.py:153} INFO - Started process (PID=1060) to work on /home/airflow/.local/lib/python3.7/site-packages/airflow/example_dags/example_skip_dag.py
[2022-07-12 18:18:26,668] {processor.py:641} INFO - Processing file /home/airflow/.local/lib/python3.7/site-packages/airflow/example_dags/example_skip_dag.py for tasks to queue
[2022-07-12 18:18:26,673] {logging_mixin.py:115} INFO - [2022-07-12 18:18:26,673] {dagbag.py:507} INFO - Filling up the DagBag from /home/airflow/.local/lib/python3.7/site-packages/airflow/example_dags/example_skip_dag.py
[2022-07-12 18:18:26,685] {processor.py:651} INFO - DAG(s) dict_keys(['example_skip_dag']) retrieved from /home/airflow/.local/lib/python3.7/site-packages/airflow/example_dags/example_skip_dag.py
[2022-07-12 18:18:26,766] {logging_mixin.py:115} INFO - [2022-07-12 18:18:26,765] {dag.py:2371} INFO - Sync 1 DAGs
[2022-07-12 18:18:27,486] {logging_mixin.py:115} INFO - [2022-07-12 18:18:27,486] {dag.py:2919} INFO - Setting next_dagrun for example_skip_dag to 2022-07-11T18:18:27.485323+00:00, run_after=2022-07-12T18:18:27.485323+00:00
[2022-07-12 18:18:27,507] {processor.py:161} INFO - Processing /home/airflow/.local/lib/python3.7/site-packages/airflow/example_dags/example_skip_dag.py took 0.852 seconds
[2022-07-12 18:18:57,774] {processor.py:153} INFO - Started process (PID=1112) to work on /home/airflow/.local/lib/python3.7/site-packages/airflow/example_dags/example_skip_dag.py
[2022-07-12 18:18:57,779] {processor.py:641} INFO - Processing file /home/airflow/.local/lib/python3.7/site-packages/airflow/example_dags/example_skip_dag.py for tasks to queue
[2022-07-12 18:18:57,781] {logging_mixin.py:115} INFO - [2022-07-12 18:18:57,781] {dagbag.py:507} INFO - Filling up the DagBag from /home/airflow/.local/lib/python3.7/site-packages/airflow/example_dags/example_skip_dag.py
[2022-07-12 18:18:57,797] {processor.py:651} INFO - DAG(s) dict_keys(['example_skip_dag']) retrieved from /home/airflow/.local/lib/python3.7/site-packages/airflow/example_dags/example_skip_dag.py
[2022-07-12 18:18:57,937] {logging_mixin.py:115} INFO - [2022-07-12 18:18:57,937] {dag.py:2371} INFO - Sync 1 DAGs
[2022-07-12 18:18:58,463] {logging_mixin.py:115} INFO - [2022-07-12 18:18:58,463] {dag.py:2919} INFO - Setting next_dagrun for example_skip_dag to 2022-07-11T18:18:58.462655+00:00, run_after=2022-07-12T18:18:58.462655+00:00
[2022-07-12 18:18:58,491] {processor.py:161} INFO - Processing /home/airflow/.local/lib/python3.7/site-packages/airflow/example_dags/example_skip_dag.py took 0.723 seconds
[2022-07-12 18:19:28,625] {processor.py:153} INFO - Started process (PID=1174) to work on /home/airflow/.local/lib/python3.7/site-packages/airflow/example_dags/example_skip_dag.py
[2022-07-12 18:19:28,627] {processor.py:641} INFO - Processing file /home/airflow/.local/lib/python3.7/site-packages/airflow/example_dags/example_skip_dag.py for tasks to queue
[2022-07-12 18:19:28,628] {logging_mixin.py:115} INFO - [2022-07-12 18:19:28,628] {dagbag.py:507} INFO - Filling up the DagBag from /home/airflow/.local/lib/python3.7/site-packages/airflow/example_dags/example_skip_dag.py
[2022-07-12 18:19:28,643] {processor.py:651} INFO - DAG(s) dict_keys(['example_skip_dag']) retrieved from /home/airflow/.local/lib/python3.7/site-packages/airflow/example_dags/example_skip_dag.py
[2022-07-12 18:19:28,692] {logging_mixin.py:115} INFO - [2022-07-12 18:19:28,692] {dag.py:2371} INFO - Sync 1 DAGs
[2022-07-12 18:19:29,106] {logging_mixin.py:115} INFO - [2022-07-12 18:19:29,106] {dag.py:2919} INFO - Setting next_dagrun for example_skip_dag to 2022-07-11T18:19:29.105771+00:00, run_after=2022-07-12T18:19:29.105771+00:00
[2022-07-12 18:19:29,133] {processor.py:161} INFO - Processing /home/airflow/.local/lib/python3.7/site-packages/airflow/example_dags/example_skip_dag.py took 0.515 seconds
[2022-07-12 18:19:59,534] {processor.py:153} INFO - Started process (PID=1224) to work on /home/airflow/.local/lib/python3.7/site-packages/airflow/example_dags/example_skip_dag.py
[2022-07-12 18:19:59,539] {processor.py:641} INFO - Processing file /home/airflow/.local/lib/python3.7/site-packages/airflow/example_dags/example_skip_dag.py for tasks to queue
[2022-07-12 18:19:59,542] {logging_mixin.py:115} INFO - [2022-07-12 18:19:59,541] {dagbag.py:507} INFO - Filling up the DagBag from /home/airflow/.local/lib/python3.7/site-packages/airflow/example_dags/example_skip_dag.py
[2022-07-12 18:19:59,556] {processor.py:651} INFO - DAG(s) dict_keys(['example_skip_dag']) retrieved from /home/airflow/.local/lib/python3.7/site-packages/airflow/example_dags/example_skip_dag.py
[2022-07-12 18:19:59,612] {logging_mixin.py:115} INFO - [2022-07-12 18:19:59,612] {dag.py:2371} INFO - Sync 1 DAGs
[2022-07-12 18:20:00,171] {logging_mixin.py:115} INFO - [2022-07-12 18:20:00,171] {dag.py:2919} INFO - Setting next_dagrun for example_skip_dag to 2022-07-11T18:20:00.170744+00:00, run_after=2022-07-12T18:20:00.170744+00:00
[2022-07-12 18:20:00,191] {processor.py:161} INFO - Processing /home/airflow/.local/lib/python3.7/site-packages/airflow/example_dags/example_skip_dag.py took 0.668 seconds
[2022-07-12 18:20:30,672] {processor.py:153} INFO - Started process (PID=1283) to work on /home/airflow/.local/lib/python3.7/site-packages/airflow/example_dags/example_skip_dag.py
[2022-07-12 18:20:30,679] {processor.py:641} INFO - Processing file /home/airflow/.local/lib/python3.7/site-packages/airflow/example_dags/example_skip_dag.py for tasks to queue
[2022-07-12 18:20:30,685] {logging_mixin.py:115} INFO - [2022-07-12 18:20:30,684] {dagbag.py:507} INFO - Filling up the DagBag from /home/airflow/.local/lib/python3.7/site-packages/airflow/example_dags/example_skip_dag.py
[2022-07-12 18:20:30,716] {processor.py:651} INFO - DAG(s) dict_keys(['example_skip_dag']) retrieved from /home/airflow/.local/lib/python3.7/site-packages/airflow/example_dags/example_skip_dag.py
[2022-07-12 18:20:30,862] {logging_mixin.py:115} INFO - [2022-07-12 18:20:30,861] {dag.py:2371} INFO - Sync 1 DAGs
[2022-07-12 18:20:31,370] {logging_mixin.py:115} INFO - [2022-07-12 18:20:31,370] {dag.py:2919} INFO - Setting next_dagrun for example_skip_dag to 2022-07-11T18:20:31.369630+00:00, run_after=2022-07-12T18:20:31.369630+00:00
[2022-07-12 18:20:31,401] {processor.py:161} INFO - Processing /home/airflow/.local/lib/python3.7/site-packages/airflow/example_dags/example_skip_dag.py took 0.746 seconds
[2022-07-12 18:21:02,408] {processor.py:153} INFO - Started process (PID=1337) to work on /home/airflow/.local/lib/python3.7/site-packages/airflow/example_dags/example_skip_dag.py
[2022-07-12 18:21:02,410] {processor.py:641} INFO - Processing file /home/airflow/.local/lib/python3.7/site-packages/airflow/example_dags/example_skip_dag.py for tasks to queue
[2022-07-12 18:21:02,411] {logging_mixin.py:115} INFO - [2022-07-12 18:21:02,411] {dagbag.py:507} INFO - Filling up the DagBag from /home/airflow/.local/lib/python3.7/site-packages/airflow/example_dags/example_skip_dag.py
[2022-07-12 18:21:02,423] {processor.py:651} INFO - DAG(s) dict_keys(['example_skip_dag']) retrieved from /home/airflow/.local/lib/python3.7/site-packages/airflow/example_dags/example_skip_dag.py
[2022-07-12 18:21:02,464] {logging_mixin.py:115} INFO - [2022-07-12 18:21:02,464] {dag.py:2371} INFO - Sync 1 DAGs
[2022-07-12 18:21:02,780] {logging_mixin.py:115} INFO - [2022-07-12 18:21:02,780] {dag.py:2919} INFO - Setting next_dagrun for example_skip_dag to 2022-07-11T18:21:02.780584+00:00, run_after=2022-07-12T18:21:02.780584+00:00
[2022-07-12 18:21:02,792] {processor.py:161} INFO - Processing /home/airflow/.local/lib/python3.7/site-packages/airflow/example_dags/example_skip_dag.py took 0.388 seconds
[2022-07-12 18:24:59,859] {processor.py:153} INFO - Started process (PID=44) to work on /home/airflow/.local/lib/python3.7/site-packages/airflow/example_dags/example_skip_dag.py
[2022-07-12 18:24:59,864] {processor.py:641} INFO - Processing file /home/airflow/.local/lib/python3.7/site-packages/airflow/example_dags/example_skip_dag.py for tasks to queue
[2022-07-12 18:24:59,868] {logging_mixin.py:115} INFO - [2022-07-12 18:24:59,868] {dagbag.py:507} INFO - Filling up the DagBag from /home/airflow/.local/lib/python3.7/site-packages/airflow/example_dags/example_skip_dag.py
[2022-07-12 18:24:59,926] {processor.py:651} INFO - DAG(s) dict_keys(['example_skip_dag']) retrieved from /home/airflow/.local/lib/python3.7/site-packages/airflow/example_dags/example_skip_dag.py
[2022-07-12 18:25:01,770] {logging_mixin.py:115} INFO - [2022-07-12 18:25:01,769] {manager.py:508} INFO - Created Permission View: can read on DAG:example_skip_dag
[2022-07-12 18:25:01,832] {logging_mixin.py:115} INFO - [2022-07-12 18:25:01,815] {manager.py:508} INFO - Created Permission View: can edit on DAG:example_skip_dag
[2022-07-12 18:25:01,868] {logging_mixin.py:115} INFO - [2022-07-12 18:25:01,868] {manager.py:508} INFO - Created Permission View: can delete on DAG:example_skip_dag
[2022-07-12 18:25:01,878] {logging_mixin.py:115} INFO - [2022-07-12 18:25:01,878] {dag.py:2371} INFO - Sync 1 DAGs
[2022-07-12 18:25:01,951] {logging_mixin.py:115} INFO - [2022-07-12 18:25:01,951] {dag.py:2390} INFO - Creating ORM DAG for example_skip_dag
[2022-07-12 18:25:02,002] {logging_mixin.py:115} INFO - [2022-07-12 18:25:02,002] {dag.py:2919} INFO - Setting next_dagrun for example_skip_dag to 2022-07-11T18:25:02.001428+00:00, run_after=2022-07-12T18:25:02.001428+00:00
[2022-07-12 18:25:02,051] {processor.py:161} INFO - Processing /home/airflow/.local/lib/python3.7/site-packages/airflow/example_dags/example_skip_dag.py took 2.213 seconds
[2022-07-12 18:25:37,383] {processor.py:153} INFO - Started process (PID=96) to work on /home/airflow/.local/lib/python3.7/site-packages/airflow/example_dags/example_skip_dag.py
[2022-07-12 18:25:37,395] {processor.py:641} INFO - Processing file /home/airflow/.local/lib/python3.7/site-packages/airflow/example_dags/example_skip_dag.py for tasks to queue
[2022-07-12 18:25:37,398] {logging_mixin.py:115} INFO - [2022-07-12 18:25:37,398] {dagbag.py:507} INFO - Filling up the DagBag from /home/airflow/.local/lib/python3.7/site-packages/airflow/example_dags/example_skip_dag.py
[2022-07-12 18:25:37,416] {processor.py:651} INFO - DAG(s) dict_keys(['example_skip_dag']) retrieved from /home/airflow/.local/lib/python3.7/site-packages/airflow/example_dags/example_skip_dag.py
[2022-07-12 18:25:37,475] {logging_mixin.py:115} INFO - [2022-07-12 18:25:37,474] {dag.py:2371} INFO - Sync 1 DAGs
[2022-07-12 18:25:37,508] {logging_mixin.py:115} INFO - [2022-07-12 18:25:37,508] {dag.py:2919} INFO - Setting next_dagrun for example_skip_dag to 2022-07-11T18:25:37.507919+00:00, run_after=2022-07-12T18:25:37.507919+00:00
[2022-07-12 18:25:37,524] {processor.py:161} INFO - Processing /home/airflow/.local/lib/python3.7/site-packages/airflow/example_dags/example_skip_dag.py took 0.146 seconds
[2022-07-12 18:26:08,869] {processor.py:153} INFO - Started process (PID=158) to work on /home/airflow/.local/lib/python3.7/site-packages/airflow/example_dags/example_skip_dag.py
[2022-07-12 18:26:08,871] {processor.py:641} INFO - Processing file /home/airflow/.local/lib/python3.7/site-packages/airflow/example_dags/example_skip_dag.py for tasks to queue
[2022-07-12 18:26:08,872] {logging_mixin.py:115} INFO - [2022-07-12 18:26:08,872] {dagbag.py:507} INFO - Filling up the DagBag from /home/airflow/.local/lib/python3.7/site-packages/airflow/example_dags/example_skip_dag.py
[2022-07-12 18:26:08,877] {processor.py:651} INFO - DAG(s) dict_keys(['example_skip_dag']) retrieved from /home/airflow/.local/lib/python3.7/site-packages/airflow/example_dags/example_skip_dag.py
[2022-07-12 18:26:08,908] {logging_mixin.py:115} INFO - [2022-07-12 18:26:08,908] {dag.py:2371} INFO - Sync 1 DAGs
[2022-07-12 18:26:08,925] {logging_mixin.py:115} INFO - [2022-07-12 18:26:08,925] {dag.py:2919} INFO - Setting next_dagrun for example_skip_dag to 2022-07-11T18:26:08.925345+00:00, run_after=2022-07-12T18:26:08.925345+00:00
[2022-07-12 18:26:08,933] {processor.py:161} INFO - Processing /home/airflow/.local/lib/python3.7/site-packages/airflow/example_dags/example_skip_dag.py took 0.068 seconds
[2022-07-12 18:26:39,449] {processor.py:153} INFO - Started process (PID=210) to work on /home/airflow/.local/lib/python3.7/site-packages/airflow/example_dags/example_skip_dag.py
[2022-07-12 18:26:39,452] {processor.py:641} INFO - Processing file /home/airflow/.local/lib/python3.7/site-packages/airflow/example_dags/example_skip_dag.py for tasks to queue
[2022-07-12 18:26:39,455] {logging_mixin.py:115} INFO - [2022-07-12 18:26:39,455] {dagbag.py:507} INFO - Filling up the DagBag from /home/airflow/.local/lib/python3.7/site-packages/airflow/example_dags/example_skip_dag.py
[2022-07-12 18:26:39,471] {processor.py:651} INFO - DAG(s) dict_keys(['example_skip_dag']) retrieved from /home/airflow/.local/lib/python3.7/site-packages/airflow/example_dags/example_skip_dag.py
[2022-07-12 18:26:39,509] {logging_mixin.py:115} INFO - [2022-07-12 18:26:39,509] {dag.py:2371} INFO - Sync 1 DAGs
[2022-07-12 18:26:39,533] {logging_mixin.py:115} INFO - [2022-07-12 18:26:39,533] {dag.py:2919} INFO - Setting next_dagrun for example_skip_dag to 2022-07-11T18:26:39.532381+00:00, run_after=2022-07-12T18:26:39.532381+00:00
[2022-07-12 18:26:39,549] {processor.py:161} INFO - Processing /home/airflow/.local/lib/python3.7/site-packages/airflow/example_dags/example_skip_dag.py took 0.110 seconds
[2022-07-12 18:29:13,385] {processor.py:153} INFO - Started process (PID=45) to work on /home/airflow/.local/lib/python3.7/site-packages/airflow/example_dags/example_skip_dag.py
[2022-07-12 18:29:13,389] {processor.py:641} INFO - Processing file /home/airflow/.local/lib/python3.7/site-packages/airflow/example_dags/example_skip_dag.py for tasks to queue
[2022-07-12 18:29:13,394] {logging_mixin.py:115} INFO - [2022-07-12 18:29:13,394] {dagbag.py:507} INFO - Filling up the DagBag from /home/airflow/.local/lib/python3.7/site-packages/airflow/example_dags/example_skip_dag.py
[2022-07-12 18:29:13,412] {processor.py:651} INFO - DAG(s) dict_keys(['example_skip_dag']) retrieved from /home/airflow/.local/lib/python3.7/site-packages/airflow/example_dags/example_skip_dag.py
[2022-07-12 18:29:13,475] {logging_mixin.py:115} INFO - [2022-07-12 18:29:13,474] {dag.py:2371} INFO - Sync 1 DAGs
[2022-07-12 18:29:13,569] {logging_mixin.py:115} INFO - [2022-07-12 18:29:13,569] {dag.py:2919} INFO - Setting next_dagrun for example_skip_dag to 2022-07-11T18:29:13.568972+00:00, run_after=2022-07-12T18:29:13.568972+00:00
[2022-07-12 18:29:13,606] {processor.py:161} INFO - Processing /home/airflow/.local/lib/python3.7/site-packages/airflow/example_dags/example_skip_dag.py took 0.226 seconds
[2022-07-12 18:29:44,611] {processor.py:153} INFO - Started process (PID=97) to work on /home/airflow/.local/lib/python3.7/site-packages/airflow/example_dags/example_skip_dag.py
[2022-07-12 18:29:44,613] {processor.py:641} INFO - Processing file /home/airflow/.local/lib/python3.7/site-packages/airflow/example_dags/example_skip_dag.py for tasks to queue
[2022-07-12 18:29:44,615] {logging_mixin.py:115} INFO - [2022-07-12 18:29:44,615] {dagbag.py:507} INFO - Filling up the DagBag from /home/airflow/.local/lib/python3.7/site-packages/airflow/example_dags/example_skip_dag.py
[2022-07-12 18:29:44,628] {processor.py:651} INFO - DAG(s) dict_keys(['example_skip_dag']) retrieved from /home/airflow/.local/lib/python3.7/site-packages/airflow/example_dags/example_skip_dag.py
[2022-07-12 18:29:44,682] {logging_mixin.py:115} INFO - [2022-07-12 18:29:44,682] {dag.py:2371} INFO - Sync 1 DAGs
[2022-07-12 18:29:44,726] {logging_mixin.py:115} INFO - [2022-07-12 18:29:44,726] {dag.py:2919} INFO - Setting next_dagrun for example_skip_dag to 2022-07-11T18:29:44.725962+00:00, run_after=2022-07-12T18:29:44.725962+00:00
[2022-07-12 18:29:44,739] {processor.py:161} INFO - Processing /home/airflow/.local/lib/python3.7/site-packages/airflow/example_dags/example_skip_dag.py took 0.134 seconds
[2022-07-12 18:30:15,598] {processor.py:153} INFO - Started process (PID=158) to work on /home/airflow/.local/lib/python3.7/site-packages/airflow/example_dags/example_skip_dag.py
[2022-07-12 18:30:15,601] {processor.py:641} INFO - Processing file /home/airflow/.local/lib/python3.7/site-packages/airflow/example_dags/example_skip_dag.py for tasks to queue
[2022-07-12 18:30:15,603] {logging_mixin.py:115} INFO - [2022-07-12 18:30:15,603] {dagbag.py:507} INFO - Filling up the DagBag from /home/airflow/.local/lib/python3.7/site-packages/airflow/example_dags/example_skip_dag.py
[2022-07-12 18:30:15,611] {processor.py:651} INFO - DAG(s) dict_keys(['example_skip_dag']) retrieved from /home/airflow/.local/lib/python3.7/site-packages/airflow/example_dags/example_skip_dag.py
[2022-07-12 18:30:15,635] {logging_mixin.py:115} INFO - [2022-07-12 18:30:15,635] {dag.py:2371} INFO - Sync 1 DAGs
[2022-07-12 18:30:15,660] {logging_mixin.py:115} INFO - [2022-07-12 18:30:15,660] {dag.py:2919} INFO - Setting next_dagrun for example_skip_dag to 2022-07-11T18:30:15.660136+00:00, run_after=2022-07-12T18:30:15.660136+00:00
[2022-07-12 18:30:15,679] {processor.py:161} INFO - Processing /home/airflow/.local/lib/python3.7/site-packages/airflow/example_dags/example_skip_dag.py took 0.084 seconds
[2022-07-12 18:30:46,164] {processor.py:153} INFO - Started process (PID=211) to work on /home/airflow/.local/lib/python3.7/site-packages/airflow/example_dags/example_skip_dag.py
[2022-07-12 18:30:46,167] {processor.py:641} INFO - Processing file /home/airflow/.local/lib/python3.7/site-packages/airflow/example_dags/example_skip_dag.py for tasks to queue
[2022-07-12 18:30:46,169] {logging_mixin.py:115} INFO - [2022-07-12 18:30:46,168] {dagbag.py:507} INFO - Filling up the DagBag from /home/airflow/.local/lib/python3.7/site-packages/airflow/example_dags/example_skip_dag.py
[2022-07-12 18:30:46,175] {processor.py:651} INFO - DAG(s) dict_keys(['example_skip_dag']) retrieved from /home/airflow/.local/lib/python3.7/site-packages/airflow/example_dags/example_skip_dag.py
[2022-07-12 18:30:46,198] {logging_mixin.py:115} INFO - [2022-07-12 18:30:46,198] {dag.py:2371} INFO - Sync 1 DAGs
[2022-07-12 18:30:46,213] {logging_mixin.py:115} INFO - [2022-07-12 18:30:46,213] {dag.py:2919} INFO - Setting next_dagrun for example_skip_dag to 2022-07-11T18:30:46.213290+00:00, run_after=2022-07-12T18:30:46.213290+00:00
[2022-07-12 18:30:46,221] {processor.py:161} INFO - Processing /home/airflow/.local/lib/python3.7/site-packages/airflow/example_dags/example_skip_dag.py took 0.060 seconds
[2022-07-12 18:31:16,676] {processor.py:153} INFO - Started process (PID=274) to work on /home/airflow/.local/lib/python3.7/site-packages/airflow/example_dags/example_skip_dag.py
[2022-07-12 18:31:16,677] {processor.py:641} INFO - Processing file /home/airflow/.local/lib/python3.7/site-packages/airflow/example_dags/example_skip_dag.py for tasks to queue
[2022-07-12 18:31:16,678] {logging_mixin.py:115} INFO - [2022-07-12 18:31:16,678] {dagbag.py:507} INFO - Filling up the DagBag from /home/airflow/.local/lib/python3.7/site-packages/airflow/example_dags/example_skip_dag.py
[2022-07-12 18:31:16,683] {processor.py:651} INFO - DAG(s) dict_keys(['example_skip_dag']) retrieved from /home/airflow/.local/lib/python3.7/site-packages/airflow/example_dags/example_skip_dag.py
[2022-07-12 18:31:16,711] {logging_mixin.py:115} INFO - [2022-07-12 18:31:16,711] {dag.py:2371} INFO - Sync 1 DAGs
[2022-07-12 18:31:16,729] {logging_mixin.py:115} INFO - [2022-07-12 18:31:16,729] {dag.py:2919} INFO - Setting next_dagrun for example_skip_dag to 2022-07-11T18:31:16.729006+00:00, run_after=2022-07-12T18:31:16.729006+00:00
[2022-07-12 18:31:16,737] {processor.py:161} INFO - Processing /home/airflow/.local/lib/python3.7/site-packages/airflow/example_dags/example_skip_dag.py took 0.064 seconds
