[2022-07-12 18:08:28,984] {processor.py:153} INFO - Started process (PID=111) to work on /home/airflow/.local/lib/python3.7/site-packages/airflow/example_dags/example_bash_operator.py
[2022-07-12 18:08:28,990] {processor.py:641} INFO - Processing file /home/airflow/.local/lib/python3.7/site-packages/airflow/example_dags/example_bash_operator.py for tasks to queue
[2022-07-12 18:08:28,993] {logging_mixin.py:115} INFO - [2022-07-12 18:08:28,993] {dagbag.py:507} INFO - Filling up the DagBag from /home/airflow/.local/lib/python3.7/site-packages/airflow/example_dags/example_bash_operator.py
[2022-07-12 18:08:29,022] {processor.py:651} INFO - DAG(s) dict_keys(['example_bash_operator']) retrieved from /home/airflow/.local/lib/python3.7/site-packages/airflow/example_dags/example_bash_operator.py
[2022-07-12 18:08:29,303] {logging_mixin.py:115} INFO - [2022-07-12 18:08:29,303] {manager.py:508} INFO - Created Permission View: can read on DAG:example_bash_operator
[2022-07-12 18:08:29,311] {logging_mixin.py:115} INFO - [2022-07-12 18:08:29,311] {manager.py:508} INFO - Created Permission View: can delete on DAG:example_bash_operator
[2022-07-12 18:08:29,316] {logging_mixin.py:115} INFO - [2022-07-12 18:08:29,316] {manager.py:508} INFO - Created Permission View: can edit on DAG:example_bash_operator
[2022-07-12 18:08:29,318] {logging_mixin.py:115} INFO - [2022-07-12 18:08:29,318] {dag.py:2371} INFO - Sync 1 DAGs
[2022-07-12 18:08:29,325] {logging_mixin.py:115} INFO - [2022-07-12 18:08:29,325] {dag.py:2390} INFO - Creating ORM DAG for example_bash_operator
[2022-07-12 18:08:29,334] {logging_mixin.py:115} INFO - [2022-07-12 18:08:29,334] {dag.py:2919} INFO - Setting next_dagrun for example_bash_operator to 2022-07-11T00:00:00+00:00, run_after=2022-07-12T00:00:00+00:00
[2022-07-12 18:08:29,347] {processor.py:161} INFO - Processing /home/airflow/.local/lib/python3.7/site-packages/airflow/example_dags/example_bash_operator.py took 0.366 seconds
[2022-07-12 18:09:02,240] {processor.py:153} INFO - Started process (PID=171) to work on /home/airflow/.local/lib/python3.7/site-packages/airflow/example_dags/example_bash_operator.py
[2022-07-12 18:09:02,245] {processor.py:641} INFO - Processing file /home/airflow/.local/lib/python3.7/site-packages/airflow/example_dags/example_bash_operator.py for tasks to queue
[2022-07-12 18:09:02,250] {logging_mixin.py:115} INFO - [2022-07-12 18:09:02,249] {dagbag.py:507} INFO - Filling up the DagBag from /home/airflow/.local/lib/python3.7/site-packages/airflow/example_dags/example_bash_operator.py
[2022-07-12 18:09:02,288] {processor.py:651} INFO - DAG(s) dict_keys(['example_bash_operator']) retrieved from /home/airflow/.local/lib/python3.7/site-packages/airflow/example_dags/example_bash_operator.py
[2022-07-12 18:09:02,381] {logging_mixin.py:115} INFO - [2022-07-12 18:09:02,381] {dag.py:2371} INFO - Sync 1 DAGs
[2022-07-12 18:09:03,086] {logging_mixin.py:115} INFO - [2022-07-12 18:09:03,086] {dag.py:2919} INFO - Setting next_dagrun for example_bash_operator to 2022-07-11T00:00:00+00:00, run_after=2022-07-12T00:00:00+00:00
[2022-07-12 18:09:03,114] {processor.py:161} INFO - Processing /home/airflow/.local/lib/python3.7/site-packages/airflow/example_dags/example_bash_operator.py took 0.882 seconds
[2022-07-12 18:09:33,719] {processor.py:153} INFO - Started process (PID=223) to work on /home/airflow/.local/lib/python3.7/site-packages/airflow/example_dags/example_bash_operator.py
[2022-07-12 18:09:33,723] {processor.py:641} INFO - Processing file /home/airflow/.local/lib/python3.7/site-packages/airflow/example_dags/example_bash_operator.py for tasks to queue
[2022-07-12 18:09:33,726] {logging_mixin.py:115} INFO - [2022-07-12 18:09:33,726] {dagbag.py:507} INFO - Filling up the DagBag from /home/airflow/.local/lib/python3.7/site-packages/airflow/example_dags/example_bash_operator.py
[2022-07-12 18:09:33,751] {processor.py:651} INFO - DAG(s) dict_keys(['example_bash_operator']) retrieved from /home/airflow/.local/lib/python3.7/site-packages/airflow/example_dags/example_bash_operator.py
[2022-07-12 18:09:33,803] {logging_mixin.py:115} INFO - [2022-07-12 18:09:33,803] {dag.py:2371} INFO - Sync 1 DAGs
[2022-07-12 18:09:34,196] {logging_mixin.py:115} INFO - [2022-07-12 18:09:34,196] {dag.py:2919} INFO - Setting next_dagrun for example_bash_operator to 2022-07-11T00:00:00+00:00, run_after=2022-07-12T00:00:00+00:00
[2022-07-12 18:09:34,220] {processor.py:161} INFO - Processing /home/airflow/.local/lib/python3.7/site-packages/airflow/example_dags/example_bash_operator.py took 0.509 seconds
[2022-07-12 18:10:15,633] {processor.py:153} INFO - Started process (PID=287) to work on /home/airflow/.local/lib/python3.7/site-packages/airflow/example_dags/example_bash_operator.py
[2022-07-12 18:10:15,635] {processor.py:641} INFO - Processing file /home/airflow/.local/lib/python3.7/site-packages/airflow/example_dags/example_bash_operator.py for tasks to queue
[2022-07-12 18:10:15,638] {logging_mixin.py:115} INFO - [2022-07-12 18:10:15,638] {dagbag.py:507} INFO - Filling up the DagBag from /home/airflow/.local/lib/python3.7/site-packages/airflow/example_dags/example_bash_operator.py
[2022-07-12 18:10:15,661] {processor.py:651} INFO - DAG(s) dict_keys(['example_bash_operator']) retrieved from /home/airflow/.local/lib/python3.7/site-packages/airflow/example_dags/example_bash_operator.py
[2022-07-12 18:10:15,732] {logging_mixin.py:115} INFO - [2022-07-12 18:10:15,732] {dag.py:2371} INFO - Sync 1 DAGs
[2022-07-12 18:10:16,276] {logging_mixin.py:115} INFO - [2022-07-12 18:10:16,276] {dag.py:2919} INFO - Setting next_dagrun for example_bash_operator to 2022-07-11T00:00:00+00:00, run_after=2022-07-12T00:00:00+00:00
[2022-07-12 18:10:16,300] {processor.py:161} INFO - Processing /home/airflow/.local/lib/python3.7/site-packages/airflow/example_dags/example_bash_operator.py took 0.673 seconds
[2022-07-12 18:10:49,147] {processor.py:153} INFO - Started process (PID=348) to work on /home/airflow/.local/lib/python3.7/site-packages/airflow/example_dags/example_bash_operator.py
[2022-07-12 18:10:49,153] {processor.py:641} INFO - Processing file /home/airflow/.local/lib/python3.7/site-packages/airflow/example_dags/example_bash_operator.py for tasks to queue
[2022-07-12 18:10:49,157] {logging_mixin.py:115} INFO - [2022-07-12 18:10:49,157] {dagbag.py:507} INFO - Filling up the DagBag from /home/airflow/.local/lib/python3.7/site-packages/airflow/example_dags/example_bash_operator.py
[2022-07-12 18:10:49,187] {processor.py:651} INFO - DAG(s) dict_keys(['example_bash_operator']) retrieved from /home/airflow/.local/lib/python3.7/site-packages/airflow/example_dags/example_bash_operator.py
[2022-07-12 18:10:49,239] {logging_mixin.py:115} INFO - [2022-07-12 18:10:49,239] {dag.py:2371} INFO - Sync 1 DAGs
[2022-07-12 18:10:49,892] {logging_mixin.py:115} INFO - [2022-07-12 18:10:49,891] {dag.py:2919} INFO - Setting next_dagrun for example_bash_operator to 2022-07-11T00:00:00+00:00, run_after=2022-07-12T00:00:00+00:00
[2022-07-12 18:10:49,915] {processor.py:161} INFO - Processing /home/airflow/.local/lib/python3.7/site-packages/airflow/example_dags/example_bash_operator.py took 0.775 seconds
[2022-07-12 18:11:20,472] {processor.py:153} INFO - Started process (PID=409) to work on /home/airflow/.local/lib/python3.7/site-packages/airflow/example_dags/example_bash_operator.py
[2022-07-12 18:11:20,474] {processor.py:641} INFO - Processing file /home/airflow/.local/lib/python3.7/site-packages/airflow/example_dags/example_bash_operator.py for tasks to queue
[2022-07-12 18:11:20,477] {logging_mixin.py:115} INFO - [2022-07-12 18:11:20,477] {dagbag.py:507} INFO - Filling up the DagBag from /home/airflow/.local/lib/python3.7/site-packages/airflow/example_dags/example_bash_operator.py
[2022-07-12 18:11:20,505] {processor.py:651} INFO - DAG(s) dict_keys(['example_bash_operator']) retrieved from /home/airflow/.local/lib/python3.7/site-packages/airflow/example_dags/example_bash_operator.py
[2022-07-12 18:11:20,538] {logging_mixin.py:115} INFO - [2022-07-12 18:11:20,538] {dag.py:2371} INFO - Sync 1 DAGs
[2022-07-12 18:11:20,979] {logging_mixin.py:115} INFO - [2022-07-12 18:11:20,979] {dag.py:2919} INFO - Setting next_dagrun for example_bash_operator to 2022-07-11T00:00:00+00:00, run_after=2022-07-12T00:00:00+00:00
[2022-07-12 18:11:21,013] {processor.py:161} INFO - Processing /home/airflow/.local/lib/python3.7/site-packages/airflow/example_dags/example_bash_operator.py took 0.545 seconds
[2022-07-12 18:11:51,145] {processor.py:153} INFO - Started process (PID=461) to work on /home/airflow/.local/lib/python3.7/site-packages/airflow/example_dags/example_bash_operator.py
[2022-07-12 18:11:51,147] {processor.py:641} INFO - Processing file /home/airflow/.local/lib/python3.7/site-packages/airflow/example_dags/example_bash_operator.py for tasks to queue
[2022-07-12 18:11:51,148] {logging_mixin.py:115} INFO - [2022-07-12 18:11:51,148] {dagbag.py:507} INFO - Filling up the DagBag from /home/airflow/.local/lib/python3.7/site-packages/airflow/example_dags/example_bash_operator.py
[2022-07-12 18:11:51,164] {processor.py:651} INFO - DAG(s) dict_keys(['example_bash_operator']) retrieved from /home/airflow/.local/lib/python3.7/site-packages/airflow/example_dags/example_bash_operator.py
[2022-07-12 18:11:51,193] {logging_mixin.py:115} INFO - [2022-07-12 18:11:51,193] {dag.py:2371} INFO - Sync 1 DAGs
[2022-07-12 18:11:51,483] {logging_mixin.py:115} INFO - [2022-07-12 18:11:51,483] {dag.py:2919} INFO - Setting next_dagrun for example_bash_operator to 2022-07-11T00:00:00+00:00, run_after=2022-07-12T00:00:00+00:00
[2022-07-12 18:11:51,491] {processor.py:161} INFO - Processing /home/airflow/.local/lib/python3.7/site-packages/airflow/example_dags/example_bash_operator.py took 0.349 seconds
[2022-07-12 18:12:22,080] {processor.py:153} INFO - Started process (PID=524) to work on /home/airflow/.local/lib/python3.7/site-packages/airflow/example_dags/example_bash_operator.py
[2022-07-12 18:12:22,082] {processor.py:641} INFO - Processing file /home/airflow/.local/lib/python3.7/site-packages/airflow/example_dags/example_bash_operator.py for tasks to queue
[2022-07-12 18:12:22,084] {logging_mixin.py:115} INFO - [2022-07-12 18:12:22,083] {dagbag.py:507} INFO - Filling up the DagBag from /home/airflow/.local/lib/python3.7/site-packages/airflow/example_dags/example_bash_operator.py
[2022-07-12 18:12:22,105] {processor.py:651} INFO - DAG(s) dict_keys(['example_bash_operator']) retrieved from /home/airflow/.local/lib/python3.7/site-packages/airflow/example_dags/example_bash_operator.py
[2022-07-12 18:12:22,143] {logging_mixin.py:115} INFO - [2022-07-12 18:12:22,143] {dag.py:2371} INFO - Sync 1 DAGs
[2022-07-12 18:12:22,430] {logging_mixin.py:115} INFO - [2022-07-12 18:12:22,429] {dag.py:2919} INFO - Setting next_dagrun for example_bash_operator to 2022-07-11T00:00:00+00:00, run_after=2022-07-12T00:00:00+00:00
[2022-07-12 18:12:22,438] {processor.py:161} INFO - Processing /home/airflow/.local/lib/python3.7/site-packages/airflow/example_dags/example_bash_operator.py took 0.361 seconds
[2022-07-12 18:12:54,007] {processor.py:153} INFO - Started process (PID=584) to work on /home/airflow/.local/lib/python3.7/site-packages/airflow/example_dags/example_bash_operator.py
[2022-07-12 18:12:54,014] {processor.py:641} INFO - Processing file /home/airflow/.local/lib/python3.7/site-packages/airflow/example_dags/example_bash_operator.py for tasks to queue
[2022-07-12 18:12:54,016] {logging_mixin.py:115} INFO - [2022-07-12 18:12:54,016] {dagbag.py:507} INFO - Filling up the DagBag from /home/airflow/.local/lib/python3.7/site-packages/airflow/example_dags/example_bash_operator.py
[2022-07-12 18:12:54,063] {processor.py:651} INFO - DAG(s) dict_keys(['example_bash_operator']) retrieved from /home/airflow/.local/lib/python3.7/site-packages/airflow/example_dags/example_bash_operator.py
[2022-07-12 18:12:54,110] {logging_mixin.py:115} INFO - [2022-07-12 18:12:54,109] {dag.py:2371} INFO - Sync 1 DAGs
[2022-07-12 18:12:54,974] {logging_mixin.py:115} INFO - [2022-07-12 18:12:54,974] {dag.py:2919} INFO - Setting next_dagrun for example_bash_operator to 2022-07-11T00:00:00+00:00, run_after=2022-07-12T00:00:00+00:00
[2022-07-12 18:12:55,011] {processor.py:161} INFO - Processing /home/airflow/.local/lib/python3.7/site-packages/airflow/example_dags/example_bash_operator.py took 1.017 seconds
[2022-07-12 18:13:25,658] {processor.py:153} INFO - Started process (PID=636) to work on /home/airflow/.local/lib/python3.7/site-packages/airflow/example_dags/example_bash_operator.py
[2022-07-12 18:13:25,661] {processor.py:641} INFO - Processing file /home/airflow/.local/lib/python3.7/site-packages/airflow/example_dags/example_bash_operator.py for tasks to queue
[2022-07-12 18:13:25,665] {logging_mixin.py:115} INFO - [2022-07-12 18:13:25,665] {dagbag.py:507} INFO - Filling up the DagBag from /home/airflow/.local/lib/python3.7/site-packages/airflow/example_dags/example_bash_operator.py
[2022-07-12 18:13:25,741] {processor.py:651} INFO - DAG(s) dict_keys(['example_bash_operator']) retrieved from /home/airflow/.local/lib/python3.7/site-packages/airflow/example_dags/example_bash_operator.py
[2022-07-12 18:13:25,787] {logging_mixin.py:115} INFO - [2022-07-12 18:13:25,787] {dag.py:2371} INFO - Sync 1 DAGs
[2022-07-12 18:13:26,150] {logging_mixin.py:115} INFO - [2022-07-12 18:13:26,150] {dag.py:2919} INFO - Setting next_dagrun for example_bash_operator to 2022-07-11T00:00:00+00:00, run_after=2022-07-12T00:00:00+00:00
[2022-07-12 18:13:26,167] {processor.py:161} INFO - Processing /home/airflow/.local/lib/python3.7/site-packages/airflow/example_dags/example_bash_operator.py took 0.515 seconds
[2022-07-12 18:13:56,531] {processor.py:153} INFO - Started process (PID=688) to work on /home/airflow/.local/lib/python3.7/site-packages/airflow/example_dags/example_bash_operator.py
[2022-07-12 18:13:56,536] {processor.py:641} INFO - Processing file /home/airflow/.local/lib/python3.7/site-packages/airflow/example_dags/example_bash_operator.py for tasks to queue
[2022-07-12 18:13:56,539] {logging_mixin.py:115} INFO - [2022-07-12 18:13:56,539] {dagbag.py:507} INFO - Filling up the DagBag from /home/airflow/.local/lib/python3.7/site-packages/airflow/example_dags/example_bash_operator.py
[2022-07-12 18:13:56,562] {processor.py:651} INFO - DAG(s) dict_keys(['example_bash_operator']) retrieved from /home/airflow/.local/lib/python3.7/site-packages/airflow/example_dags/example_bash_operator.py
[2022-07-12 18:13:56,624] {logging_mixin.py:115} INFO - [2022-07-12 18:13:56,624] {dag.py:2371} INFO - Sync 1 DAGs
[2022-07-12 18:13:56,945] {logging_mixin.py:115} INFO - [2022-07-12 18:13:56,945] {dag.py:2919} INFO - Setting next_dagrun for example_bash_operator to 2022-07-11T00:00:00+00:00, run_after=2022-07-12T00:00:00+00:00
[2022-07-12 18:13:56,970] {processor.py:161} INFO - Processing /home/airflow/.local/lib/python3.7/site-packages/airflow/example_dags/example_bash_operator.py took 0.443 seconds
[2022-07-12 18:14:46,721] {processor.py:153} INFO - Started process (PID=758) to work on /home/airflow/.local/lib/python3.7/site-packages/airflow/example_dags/example_bash_operator.py
[2022-07-12 18:14:46,725] {processor.py:641} INFO - Processing file /home/airflow/.local/lib/python3.7/site-packages/airflow/example_dags/example_bash_operator.py for tasks to queue
[2022-07-12 18:14:46,727] {logging_mixin.py:115} INFO - [2022-07-12 18:14:46,727] {dagbag.py:507} INFO - Filling up the DagBag from /home/airflow/.local/lib/python3.7/site-packages/airflow/example_dags/example_bash_operator.py
[2022-07-12 18:14:46,783] {processor.py:651} INFO - DAG(s) dict_keys(['example_bash_operator']) retrieved from /home/airflow/.local/lib/python3.7/site-packages/airflow/example_dags/example_bash_operator.py
[2022-07-12 18:14:46,868] {logging_mixin.py:115} INFO - [2022-07-12 18:14:46,867] {dag.py:2371} INFO - Sync 1 DAGs
[2022-07-12 18:14:48,634] {logging_mixin.py:115} INFO - [2022-07-12 18:14:48,633] {dag.py:2919} INFO - Setting next_dagrun for example_bash_operator to 2022-07-11T00:00:00+00:00, run_after=2022-07-12T00:00:00+00:00
[2022-07-12 18:14:48,739] {processor.py:161} INFO - Processing /home/airflow/.local/lib/python3.7/site-packages/airflow/example_dags/example_bash_operator.py took 2.025 seconds
[2022-07-12 18:15:32,918] {processor.py:153} INFO - Started process (PID=809) to work on /home/airflow/.local/lib/python3.7/site-packages/airflow/example_dags/example_bash_operator.py
[2022-07-12 18:15:32,929] {processor.py:641} INFO - Processing file /home/airflow/.local/lib/python3.7/site-packages/airflow/example_dags/example_bash_operator.py for tasks to queue
[2022-07-12 18:15:32,936] {logging_mixin.py:115} INFO - [2022-07-12 18:15:32,936] {dagbag.py:507} INFO - Filling up the DagBag from /home/airflow/.local/lib/python3.7/site-packages/airflow/example_dags/example_bash_operator.py
[2022-07-12 18:15:32,989] {processor.py:651} INFO - DAG(s) dict_keys(['example_bash_operator']) retrieved from /home/airflow/.local/lib/python3.7/site-packages/airflow/example_dags/example_bash_operator.py
[2022-07-12 18:15:33,078] {logging_mixin.py:115} INFO - [2022-07-12 18:15:33,078] {dag.py:2371} INFO - Sync 1 DAGs
[2022-07-12 18:15:33,699] {logging_mixin.py:115} INFO - [2022-07-12 18:15:33,698] {dag.py:2919} INFO - Setting next_dagrun for example_bash_operator to 2022-07-11T00:00:00+00:00, run_after=2022-07-12T00:00:00+00:00
[2022-07-12 18:15:33,738] {processor.py:161} INFO - Processing /home/airflow/.local/lib/python3.7/site-packages/airflow/example_dags/example_bash_operator.py took 0.842 seconds
[2022-07-12 18:16:11,354] {processor.py:153} INFO - Started process (PID=861) to work on /home/airflow/.local/lib/python3.7/site-packages/airflow/example_dags/example_bash_operator.py
[2022-07-12 18:16:11,626] {processor.py:641} INFO - Processing file /home/airflow/.local/lib/python3.7/site-packages/airflow/example_dags/example_bash_operator.py for tasks to queue
[2022-07-12 18:16:11,637] {logging_mixin.py:115} INFO - [2022-07-12 18:16:11,637] {dagbag.py:507} INFO - Filling up the DagBag from /home/airflow/.local/lib/python3.7/site-packages/airflow/example_dags/example_bash_operator.py
[2022-07-12 18:16:11,695] {processor.py:651} INFO - DAG(s) dict_keys(['example_bash_operator']) retrieved from /home/airflow/.local/lib/python3.7/site-packages/airflow/example_dags/example_bash_operator.py
[2022-07-12 18:16:11,812] {logging_mixin.py:115} INFO - [2022-07-12 18:16:11,812] {dag.py:2371} INFO - Sync 1 DAGs
[2022-07-12 18:16:13,058] {logging_mixin.py:115} INFO - [2022-07-12 18:16:13,058] {dag.py:2919} INFO - Setting next_dagrun for example_bash_operator to 2022-07-11T00:00:00+00:00, run_after=2022-07-12T00:00:00+00:00
[2022-07-12 18:16:13,084] {processor.py:161} INFO - Processing /home/airflow/.local/lib/python3.7/site-packages/airflow/example_dags/example_bash_operator.py took 1.742 seconds
[2022-07-12 18:16:58,907] {processor.py:153} INFO - Started process (PID=918) to work on /home/airflow/.local/lib/python3.7/site-packages/airflow/example_dags/example_bash_operator.py
[2022-07-12 18:16:58,915] {processor.py:641} INFO - Processing file /home/airflow/.local/lib/python3.7/site-packages/airflow/example_dags/example_bash_operator.py for tasks to queue
[2022-07-12 18:16:58,919] {logging_mixin.py:115} INFO - [2022-07-12 18:16:58,919] {dagbag.py:507} INFO - Filling up the DagBag from /home/airflow/.local/lib/python3.7/site-packages/airflow/example_dags/example_bash_operator.py
[2022-07-12 18:16:58,961] {processor.py:651} INFO - DAG(s) dict_keys(['example_bash_operator']) retrieved from /home/airflow/.local/lib/python3.7/site-packages/airflow/example_dags/example_bash_operator.py
[2022-07-12 18:16:59,111] {logging_mixin.py:115} INFO - [2022-07-12 18:16:59,111] {dag.py:2371} INFO - Sync 1 DAGs
[2022-07-12 18:16:59,730] {logging_mixin.py:115} INFO - [2022-07-12 18:16:59,730] {dag.py:2919} INFO - Setting next_dagrun for example_bash_operator to 2022-07-11T00:00:00+00:00, run_after=2022-07-12T00:00:00+00:00
[2022-07-12 18:16:59,779] {processor.py:161} INFO - Processing /home/airflow/.local/lib/python3.7/site-packages/airflow/example_dags/example_bash_operator.py took 0.891 seconds
[2022-07-12 18:17:31,004] {processor.py:153} INFO - Started process (PID=970) to work on /home/airflow/.local/lib/python3.7/site-packages/airflow/example_dags/example_bash_operator.py
[2022-07-12 18:17:31,016] {processor.py:641} INFO - Processing file /home/airflow/.local/lib/python3.7/site-packages/airflow/example_dags/example_bash_operator.py for tasks to queue
[2022-07-12 18:17:31,026] {logging_mixin.py:115} INFO - [2022-07-12 18:17:31,025] {dagbag.py:507} INFO - Filling up the DagBag from /home/airflow/.local/lib/python3.7/site-packages/airflow/example_dags/example_bash_operator.py
[2022-07-12 18:17:31,094] {processor.py:651} INFO - DAG(s) dict_keys(['example_bash_operator']) retrieved from /home/airflow/.local/lib/python3.7/site-packages/airflow/example_dags/example_bash_operator.py
[2022-07-12 18:17:31,195] {logging_mixin.py:115} INFO - [2022-07-12 18:17:31,195] {dag.py:2371} INFO - Sync 1 DAGs
[2022-07-12 18:17:31,688] {logging_mixin.py:115} INFO - [2022-07-12 18:17:31,688] {dag.py:2919} INFO - Setting next_dagrun for example_bash_operator to 2022-07-11T00:00:00+00:00, run_after=2022-07-12T00:00:00+00:00
[2022-07-12 18:17:31,702] {processor.py:161} INFO - Processing /home/airflow/.local/lib/python3.7/site-packages/airflow/example_dags/example_bash_operator.py took 0.728 seconds
[2022-07-12 18:18:01,930] {processor.py:153} INFO - Started process (PID=1022) to work on /home/airflow/.local/lib/python3.7/site-packages/airflow/example_dags/example_bash_operator.py
[2022-07-12 18:18:01,939] {processor.py:641} INFO - Processing file /home/airflow/.local/lib/python3.7/site-packages/airflow/example_dags/example_bash_operator.py for tasks to queue
[2022-07-12 18:18:01,942] {logging_mixin.py:115} INFO - [2022-07-12 18:18:01,942] {dagbag.py:507} INFO - Filling up the DagBag from /home/airflow/.local/lib/python3.7/site-packages/airflow/example_dags/example_bash_operator.py
[2022-07-12 18:18:02,016] {processor.py:651} INFO - DAG(s) dict_keys(['example_bash_operator']) retrieved from /home/airflow/.local/lib/python3.7/site-packages/airflow/example_dags/example_bash_operator.py
[2022-07-12 18:18:02,102] {logging_mixin.py:115} INFO - [2022-07-12 18:18:02,102] {dag.py:2371} INFO - Sync 1 DAGs
[2022-07-12 18:18:02,602] {logging_mixin.py:115} INFO - [2022-07-12 18:18:02,602] {dag.py:2919} INFO - Setting next_dagrun for example_bash_operator to 2022-07-11T00:00:00+00:00, run_after=2022-07-12T00:00:00+00:00
[2022-07-12 18:18:02,614] {processor.py:161} INFO - Processing /home/airflow/.local/lib/python3.7/site-packages/airflow/example_dags/example_bash_operator.py took 0.693 seconds
[2022-07-12 18:18:33,124] {processor.py:153} INFO - Started process (PID=1074) to work on /home/airflow/.local/lib/python3.7/site-packages/airflow/example_dags/example_bash_operator.py
[2022-07-12 18:18:33,131] {processor.py:641} INFO - Processing file /home/airflow/.local/lib/python3.7/site-packages/airflow/example_dags/example_bash_operator.py for tasks to queue
[2022-07-12 18:18:33,135] {logging_mixin.py:115} INFO - [2022-07-12 18:18:33,135] {dagbag.py:507} INFO - Filling up the DagBag from /home/airflow/.local/lib/python3.7/site-packages/airflow/example_dags/example_bash_operator.py
[2022-07-12 18:18:33,160] {processor.py:651} INFO - DAG(s) dict_keys(['example_bash_operator']) retrieved from /home/airflow/.local/lib/python3.7/site-packages/airflow/example_dags/example_bash_operator.py
[2022-07-12 18:18:33,195] {logging_mixin.py:115} INFO - [2022-07-12 18:18:33,195] {dag.py:2371} INFO - Sync 1 DAGs
[2022-07-12 18:18:33,406] {logging_mixin.py:115} INFO - [2022-07-12 18:18:33,405] {dag.py:2919} INFO - Setting next_dagrun for example_bash_operator to 2022-07-11T00:00:00+00:00, run_after=2022-07-12T00:00:00+00:00
[2022-07-12 18:18:33,424] {processor.py:161} INFO - Processing /home/airflow/.local/lib/python3.7/site-packages/airflow/example_dags/example_bash_operator.py took 0.306 seconds
[2022-07-12 18:19:05,227] {processor.py:153} INFO - Started process (PID=1135) to work on /home/airflow/.local/lib/python3.7/site-packages/airflow/example_dags/example_bash_operator.py
[2022-07-12 18:19:05,230] {processor.py:641} INFO - Processing file /home/airflow/.local/lib/python3.7/site-packages/airflow/example_dags/example_bash_operator.py for tasks to queue
[2022-07-12 18:19:05,232] {logging_mixin.py:115} INFO - [2022-07-12 18:19:05,232] {dagbag.py:507} INFO - Filling up the DagBag from /home/airflow/.local/lib/python3.7/site-packages/airflow/example_dags/example_bash_operator.py
[2022-07-12 18:19:05,265] {processor.py:651} INFO - DAG(s) dict_keys(['example_bash_operator']) retrieved from /home/airflow/.local/lib/python3.7/site-packages/airflow/example_dags/example_bash_operator.py
[2022-07-12 18:19:05,336] {logging_mixin.py:115} INFO - [2022-07-12 18:19:05,336] {dag.py:2371} INFO - Sync 1 DAGs
[2022-07-12 18:19:05,644] {logging_mixin.py:115} INFO - [2022-07-12 18:19:05,644] {dag.py:2919} INFO - Setting next_dagrun for example_bash_operator to 2022-07-11T00:00:00+00:00, run_after=2022-07-12T00:00:00+00:00
[2022-07-12 18:19:05,658] {processor.py:161} INFO - Processing /home/airflow/.local/lib/python3.7/site-packages/airflow/example_dags/example_bash_operator.py took 0.437 seconds
[2022-07-12 18:19:36,483] {processor.py:153} INFO - Started process (PID=1188) to work on /home/airflow/.local/lib/python3.7/site-packages/airflow/example_dags/example_bash_operator.py
[2022-07-12 18:19:36,484] {processor.py:641} INFO - Processing file /home/airflow/.local/lib/python3.7/site-packages/airflow/example_dags/example_bash_operator.py for tasks to queue
[2022-07-12 18:19:36,485] {logging_mixin.py:115} INFO - [2022-07-12 18:19:36,485] {dagbag.py:507} INFO - Filling up the DagBag from /home/airflow/.local/lib/python3.7/site-packages/airflow/example_dags/example_bash_operator.py
[2022-07-12 18:19:36,496] {processor.py:651} INFO - DAG(s) dict_keys(['example_bash_operator']) retrieved from /home/airflow/.local/lib/python3.7/site-packages/airflow/example_dags/example_bash_operator.py
[2022-07-12 18:19:36,526] {logging_mixin.py:115} INFO - [2022-07-12 18:19:36,526] {dag.py:2371} INFO - Sync 1 DAGs
[2022-07-12 18:19:36,647] {logging_mixin.py:115} INFO - [2022-07-12 18:19:36,647] {dag.py:2919} INFO - Setting next_dagrun for example_bash_operator to 2022-07-11T00:00:00+00:00, run_after=2022-07-12T00:00:00+00:00
[2022-07-12 18:19:36,657] {processor.py:161} INFO - Processing /home/airflow/.local/lib/python3.7/site-packages/airflow/example_dags/example_bash_operator.py took 0.177 seconds
[2022-07-12 18:20:07,867] {processor.py:153} INFO - Started process (PID=1248) to work on /home/airflow/.local/lib/python3.7/site-packages/airflow/example_dags/example_bash_operator.py
[2022-07-12 18:20:07,870] {processor.py:641} INFO - Processing file /home/airflow/.local/lib/python3.7/site-packages/airflow/example_dags/example_bash_operator.py for tasks to queue
[2022-07-12 18:20:07,875] {logging_mixin.py:115} INFO - [2022-07-12 18:20:07,875] {dagbag.py:507} INFO - Filling up the DagBag from /home/airflow/.local/lib/python3.7/site-packages/airflow/example_dags/example_bash_operator.py
[2022-07-12 18:20:07,908] {processor.py:651} INFO - DAG(s) dict_keys(['example_bash_operator']) retrieved from /home/airflow/.local/lib/python3.7/site-packages/airflow/example_dags/example_bash_operator.py
[2022-07-12 18:20:07,979] {logging_mixin.py:115} INFO - [2022-07-12 18:20:07,979] {dag.py:2371} INFO - Sync 1 DAGs
[2022-07-12 18:20:08,941] {logging_mixin.py:115} INFO - [2022-07-12 18:20:08,941] {dag.py:2919} INFO - Setting next_dagrun for example_bash_operator to 2022-07-11T00:00:00+00:00, run_after=2022-07-12T00:00:00+00:00
[2022-07-12 18:20:08,995] {processor.py:161} INFO - Processing /home/airflow/.local/lib/python3.7/site-packages/airflow/example_dags/example_bash_operator.py took 1.134 seconds
[2022-07-12 18:20:39,453] {processor.py:153} INFO - Started process (PID=1301) to work on /home/airflow/.local/lib/python3.7/site-packages/airflow/example_dags/example_bash_operator.py
[2022-07-12 18:20:39,456] {processor.py:641} INFO - Processing file /home/airflow/.local/lib/python3.7/site-packages/airflow/example_dags/example_bash_operator.py for tasks to queue
[2022-07-12 18:20:39,462] {logging_mixin.py:115} INFO - [2022-07-12 18:20:39,462] {dagbag.py:507} INFO - Filling up the DagBag from /home/airflow/.local/lib/python3.7/site-packages/airflow/example_dags/example_bash_operator.py
[2022-07-12 18:20:39,520] {processor.py:651} INFO - DAG(s) dict_keys(['example_bash_operator']) retrieved from /home/airflow/.local/lib/python3.7/site-packages/airflow/example_dags/example_bash_operator.py
[2022-07-12 18:20:39,616] {logging_mixin.py:115} INFO - [2022-07-12 18:20:39,616] {dag.py:2371} INFO - Sync 1 DAGs
[2022-07-12 18:20:40,149] {logging_mixin.py:115} INFO - [2022-07-12 18:20:40,148] {dag.py:2919} INFO - Setting next_dagrun for example_bash_operator to 2022-07-11T00:00:00+00:00, run_after=2022-07-12T00:00:00+00:00
[2022-07-12 18:20:40,185] {processor.py:161} INFO - Processing /home/airflow/.local/lib/python3.7/site-packages/airflow/example_dags/example_bash_operator.py took 0.744 seconds
[2022-07-12 18:21:11,215] {processor.py:153} INFO - Started process (PID=1362) to work on /home/airflow/.local/lib/python3.7/site-packages/airflow/example_dags/example_bash_operator.py
[2022-07-12 18:21:11,218] {processor.py:641} INFO - Processing file /home/airflow/.local/lib/python3.7/site-packages/airflow/example_dags/example_bash_operator.py for tasks to queue
[2022-07-12 18:21:11,220] {logging_mixin.py:115} INFO - [2022-07-12 18:21:11,220] {dagbag.py:507} INFO - Filling up the DagBag from /home/airflow/.local/lib/python3.7/site-packages/airflow/example_dags/example_bash_operator.py
[2022-07-12 18:21:11,244] {processor.py:651} INFO - DAG(s) dict_keys(['example_bash_operator']) retrieved from /home/airflow/.local/lib/python3.7/site-packages/airflow/example_dags/example_bash_operator.py
[2022-07-12 18:21:11,298] {logging_mixin.py:115} INFO - [2022-07-12 18:21:11,298] {dag.py:2371} INFO - Sync 1 DAGs
[2022-07-12 18:21:11,916] {logging_mixin.py:115} INFO - [2022-07-12 18:21:11,915] {dag.py:2919} INFO - Setting next_dagrun for example_bash_operator to 2022-07-11T00:00:00+00:00, run_after=2022-07-12T00:00:00+00:00
[2022-07-12 18:21:11,940] {processor.py:161} INFO - Processing /home/airflow/.local/lib/python3.7/site-packages/airflow/example_dags/example_bash_operator.py took 0.731 seconds
[2022-07-12 18:25:30,532] {processor.py:153} INFO - Started process (PID=69) to work on /home/airflow/.local/lib/python3.7/site-packages/airflow/example_dags/example_bash_operator.py
[2022-07-12 18:25:30,536] {processor.py:641} INFO - Processing file /home/airflow/.local/lib/python3.7/site-packages/airflow/example_dags/example_bash_operator.py for tasks to queue
[2022-07-12 18:25:30,538] {logging_mixin.py:115} INFO - [2022-07-12 18:25:30,538] {dagbag.py:507} INFO - Filling up the DagBag from /home/airflow/.local/lib/python3.7/site-packages/airflow/example_dags/example_bash_operator.py
[2022-07-12 18:25:30,575] {processor.py:651} INFO - DAG(s) dict_keys(['example_bash_operator']) retrieved from /home/airflow/.local/lib/python3.7/site-packages/airflow/example_dags/example_bash_operator.py
[2022-07-12 18:25:31,276] {logging_mixin.py:115} INFO - [2022-07-12 18:25:31,276] {manager.py:508} INFO - Created Permission View: can read on DAG:example_bash_operator
[2022-07-12 18:25:31,291] {logging_mixin.py:115} INFO - [2022-07-12 18:25:31,291] {manager.py:508} INFO - Created Permission View: can edit on DAG:example_bash_operator
[2022-07-12 18:25:31,300] {logging_mixin.py:115} INFO - [2022-07-12 18:25:31,300] {manager.py:508} INFO - Created Permission View: can delete on DAG:example_bash_operator
[2022-07-12 18:25:31,304] {logging_mixin.py:115} INFO - [2022-07-12 18:25:31,303] {dag.py:2371} INFO - Sync 1 DAGs
[2022-07-12 18:25:31,316] {logging_mixin.py:115} INFO - [2022-07-12 18:25:31,316] {dag.py:2390} INFO - Creating ORM DAG for example_bash_operator
[2022-07-12 18:25:31,337] {logging_mixin.py:115} INFO - [2022-07-12 18:25:31,336] {dag.py:2919} INFO - Setting next_dagrun for example_bash_operator to 2022-07-11T00:00:00+00:00, run_after=2022-07-12T00:00:00+00:00
[2022-07-12 18:25:31,360] {processor.py:161} INFO - Processing /home/airflow/.local/lib/python3.7/site-packages/airflow/example_dags/example_bash_operator.py took 0.837 seconds
[2022-07-12 18:26:02,132] {processor.py:153} INFO - Started process (PID=131) to work on /home/airflow/.local/lib/python3.7/site-packages/airflow/example_dags/example_bash_operator.py
[2022-07-12 18:26:02,135] {processor.py:641} INFO - Processing file /home/airflow/.local/lib/python3.7/site-packages/airflow/example_dags/example_bash_operator.py for tasks to queue
[2022-07-12 18:26:02,137] {logging_mixin.py:115} INFO - [2022-07-12 18:26:02,137] {dagbag.py:507} INFO - Filling up the DagBag from /home/airflow/.local/lib/python3.7/site-packages/airflow/example_dags/example_bash_operator.py
[2022-07-12 18:26:02,151] {processor.py:651} INFO - DAG(s) dict_keys(['example_bash_operator']) retrieved from /home/airflow/.local/lib/python3.7/site-packages/airflow/example_dags/example_bash_operator.py
[2022-07-12 18:26:02,173] {logging_mixin.py:115} INFO - [2022-07-12 18:26:02,173] {dag.py:2371} INFO - Sync 1 DAGs
[2022-07-12 18:26:02,531] {logging_mixin.py:115} INFO - [2022-07-12 18:26:02,531] {dag.py:2919} INFO - Setting next_dagrun for example_bash_operator to 2022-07-11T00:00:00+00:00, run_after=2022-07-12T00:00:00+00:00
[2022-07-12 18:26:02,598] {processor.py:161} INFO - Processing /home/airflow/.local/lib/python3.7/site-packages/airflow/example_dags/example_bash_operator.py took 0.470 seconds
[2022-07-12 18:26:33,262] {processor.py:153} INFO - Started process (PID=192) to work on /home/airflow/.local/lib/python3.7/site-packages/airflow/example_dags/example_bash_operator.py
[2022-07-12 18:26:33,264] {processor.py:641} INFO - Processing file /home/airflow/.local/lib/python3.7/site-packages/airflow/example_dags/example_bash_operator.py for tasks to queue
[2022-07-12 18:26:33,267] {logging_mixin.py:115} INFO - [2022-07-12 18:26:33,267] {dagbag.py:507} INFO - Filling up the DagBag from /home/airflow/.local/lib/python3.7/site-packages/airflow/example_dags/example_bash_operator.py
[2022-07-12 18:26:33,287] {processor.py:651} INFO - DAG(s) dict_keys(['example_bash_operator']) retrieved from /home/airflow/.local/lib/python3.7/site-packages/airflow/example_dags/example_bash_operator.py
[2022-07-12 18:26:33,331] {logging_mixin.py:115} INFO - [2022-07-12 18:26:33,331] {dag.py:2371} INFO - Sync 1 DAGs
[2022-07-12 18:26:33,567] {logging_mixin.py:115} INFO - [2022-07-12 18:26:33,567] {dag.py:2919} INFO - Setting next_dagrun for example_bash_operator to 2022-07-11T00:00:00+00:00, run_after=2022-07-12T00:00:00+00:00
[2022-07-12 18:26:33,590] {processor.py:161} INFO - Processing /home/airflow/.local/lib/python3.7/site-packages/airflow/example_dags/example_bash_operator.py took 0.335 seconds
[2022-07-12 18:29:21,838] {processor.py:153} INFO - Started process (PID=61) to work on /home/airflow/.local/lib/python3.7/site-packages/airflow/example_dags/example_bash_operator.py
[2022-07-12 18:29:21,854] {processor.py:641} INFO - Processing file /home/airflow/.local/lib/python3.7/site-packages/airflow/example_dags/example_bash_operator.py for tasks to queue
[2022-07-12 18:29:21,857] {logging_mixin.py:115} INFO - [2022-07-12 18:29:21,857] {dagbag.py:507} INFO - Filling up the DagBag from /home/airflow/.local/lib/python3.7/site-packages/airflow/example_dags/example_bash_operator.py
[2022-07-12 18:29:22,068] {processor.py:651} INFO - DAG(s) dict_keys(['example_bash_operator']) retrieved from /home/airflow/.local/lib/python3.7/site-packages/airflow/example_dags/example_bash_operator.py
[2022-07-12 18:29:22,163] {logging_mixin.py:115} INFO - [2022-07-12 18:29:22,162] {dag.py:2371} INFO - Sync 1 DAGs
[2022-07-12 18:29:29,351] {logging_mixin.py:115} INFO - [2022-07-12 18:29:29,350] {dag.py:2919} INFO - Setting next_dagrun for example_bash_operator to 2022-07-11T00:00:00+00:00, run_after=2022-07-12T00:00:00+00:00
[2022-07-12 18:29:29,438] {processor.py:161} INFO - Processing /home/airflow/.local/lib/python3.7/site-packages/airflow/example_dags/example_bash_operator.py took 7.607 seconds
[2022-07-12 18:30:00,792] {processor.py:153} INFO - Started process (PID=122) to work on /home/airflow/.local/lib/python3.7/site-packages/airflow/example_dags/example_bash_operator.py
[2022-07-12 18:30:00,794] {processor.py:641} INFO - Processing file /home/airflow/.local/lib/python3.7/site-packages/airflow/example_dags/example_bash_operator.py for tasks to queue
[2022-07-12 18:30:00,796] {logging_mixin.py:115} INFO - [2022-07-12 18:30:00,796] {dagbag.py:507} INFO - Filling up the DagBag from /home/airflow/.local/lib/python3.7/site-packages/airflow/example_dags/example_bash_operator.py
[2022-07-12 18:30:00,819] {processor.py:651} INFO - DAG(s) dict_keys(['example_bash_operator']) retrieved from /home/airflow/.local/lib/python3.7/site-packages/airflow/example_dags/example_bash_operator.py
[2022-07-12 18:30:00,857] {logging_mixin.py:115} INFO - [2022-07-12 18:30:00,857] {dag.py:2371} INFO - Sync 1 DAGs
[2022-07-12 18:30:01,092] {logging_mixin.py:115} INFO - [2022-07-12 18:30:01,091] {dag.py:2919} INFO - Setting next_dagrun for example_bash_operator to 2022-07-11T00:00:00+00:00, run_after=2022-07-12T00:00:00+00:00
[2022-07-12 18:30:01,101] {processor.py:161} INFO - Processing /home/airflow/.local/lib/python3.7/site-packages/airflow/example_dags/example_bash_operator.py took 0.314 seconds
[2022-07-12 18:30:31,683] {processor.py:153} INFO - Started process (PID=183) to work on /home/airflow/.local/lib/python3.7/site-packages/airflow/example_dags/example_bash_operator.py
[2022-07-12 18:30:31,686] {processor.py:641} INFO - Processing file /home/airflow/.local/lib/python3.7/site-packages/airflow/example_dags/example_bash_operator.py for tasks to queue
[2022-07-12 18:30:31,687] {logging_mixin.py:115} INFO - [2022-07-12 18:30:31,687] {dagbag.py:507} INFO - Filling up the DagBag from /home/airflow/.local/lib/python3.7/site-packages/airflow/example_dags/example_bash_operator.py
[2022-07-12 18:30:31,718] {processor.py:651} INFO - DAG(s) dict_keys(['example_bash_operator']) retrieved from /home/airflow/.local/lib/python3.7/site-packages/airflow/example_dags/example_bash_operator.py
[2022-07-12 18:30:31,755] {logging_mixin.py:115} INFO - [2022-07-12 18:30:31,755] {dag.py:2371} INFO - Sync 1 DAGs
[2022-07-12 18:30:32,030] {logging_mixin.py:115} INFO - [2022-07-12 18:30:32,029] {dag.py:2919} INFO - Setting next_dagrun for example_bash_operator to 2022-07-11T00:00:00+00:00, run_after=2022-07-12T00:00:00+00:00
[2022-07-12 18:30:32,045] {processor.py:161} INFO - Processing /home/airflow/.local/lib/python3.7/site-packages/airflow/example_dags/example_bash_operator.py took 0.369 seconds
[2022-07-12 18:31:02,322] {processor.py:153} INFO - Started process (PID=246) to work on /home/airflow/.local/lib/python3.7/site-packages/airflow/example_dags/example_bash_operator.py
[2022-07-12 18:31:02,324] {processor.py:641} INFO - Processing file /home/airflow/.local/lib/python3.7/site-packages/airflow/example_dags/example_bash_operator.py for tasks to queue
[2022-07-12 18:31:02,329] {logging_mixin.py:115} INFO - [2022-07-12 18:31:02,329] {dagbag.py:507} INFO - Filling up the DagBag from /home/airflow/.local/lib/python3.7/site-packages/airflow/example_dags/example_bash_operator.py
[2022-07-12 18:31:02,350] {processor.py:651} INFO - DAG(s) dict_keys(['example_bash_operator']) retrieved from /home/airflow/.local/lib/python3.7/site-packages/airflow/example_dags/example_bash_operator.py
[2022-07-12 18:31:02,384] {logging_mixin.py:115} INFO - [2022-07-12 18:31:02,384] {dag.py:2371} INFO - Sync 1 DAGs
[2022-07-12 18:31:02,641] {logging_mixin.py:115} INFO - [2022-07-12 18:31:02,641] {dag.py:2919} INFO - Setting next_dagrun for example_bash_operator to 2022-07-11T00:00:00+00:00, run_after=2022-07-12T00:00:00+00:00
[2022-07-12 18:31:02,653] {processor.py:161} INFO - Processing /home/airflow/.local/lib/python3.7/site-packages/airflow/example_dags/example_bash_operator.py took 0.336 seconds
