[2022-07-12 18:06:37,113] {processor.py:153} INFO - Started process (PID=49) to work on /home/airflow/.local/lib/python3.7/site-packages/airflow/example_dags/example_kubernetes_executor.py
[2022-07-12 18:06:37,122] {processor.py:641} INFO - Processing file /home/airflow/.local/lib/python3.7/site-packages/airflow/example_dags/example_kubernetes_executor.py for tasks to queue
[2022-07-12 18:06:37,147] {logging_mixin.py:115} INFO - [2022-07-12 18:06:37,146] {dagbag.py:507} INFO - Filling up the DagBag from /home/airflow/.local/lib/python3.7/site-packages/airflow/example_dags/example_kubernetes_executor.py
[2022-07-12 18:06:38,011] {processor.py:651} INFO - DAG(s) dict_keys(['example_kubernetes_executor']) retrieved from /home/airflow/.local/lib/python3.7/site-packages/airflow/example_dags/example_kubernetes_executor.py
[2022-07-12 18:07:22,183] {logging_mixin.py:115} INFO - [2022-07-12 18:07:22,162] {manager.py:508} INFO - Created Permission View: can read on DAG:example_kubernetes_executor
[2022-07-12 18:07:22,338] {logging_mixin.py:115} INFO - [2022-07-12 18:07:22,338] {manager.py:508} INFO - Created Permission View: can delete on DAG:example_kubernetes_executor
[2022-07-12 18:07:22,387] {logging_mixin.py:115} INFO - [2022-07-12 18:07:22,387] {manager.py:508} INFO - Created Permission View: can edit on DAG:example_kubernetes_executor
[2022-07-12 18:07:22,393] {logging_mixin.py:115} INFO - [2022-07-12 18:07:22,393] {dag.py:2371} INFO - Sync 1 DAGs
[2022-07-12 18:07:22,628] {logging_mixin.py:115} INFO - [2022-07-12 18:07:22,628] {dag.py:2390} INFO - Creating ORM DAG for example_kubernetes_executor
[2022-07-12 18:07:22,735] {logging_mixin.py:115} INFO - [2022-07-12 18:07:22,735] {dag.py:2919} INFO - Setting next_dagrun for example_kubernetes_executor to None, run_after=None
[2022-07-12 18:07:22,800] {processor.py:161} INFO - Processing /home/airflow/.local/lib/python3.7/site-packages/airflow/example_dags/example_kubernetes_executor.py took 45.722 seconds
[2022-07-12 18:08:34,811] {processor.py:153} INFO - Started process (PID=128) to work on /home/airflow/.local/lib/python3.7/site-packages/airflow/example_dags/example_kubernetes_executor.py
[2022-07-12 18:08:34,817] {processor.py:641} INFO - Processing file /home/airflow/.local/lib/python3.7/site-packages/airflow/example_dags/example_kubernetes_executor.py for tasks to queue
[2022-07-12 18:08:34,823] {logging_mixin.py:115} INFO - [2022-07-12 18:08:34,823] {dagbag.py:507} INFO - Filling up the DagBag from /home/airflow/.local/lib/python3.7/site-packages/airflow/example_dags/example_kubernetes_executor.py
[2022-07-12 18:08:34,864] {processor.py:651} INFO - DAG(s) dict_keys(['example_kubernetes_executor']) retrieved from /home/airflow/.local/lib/python3.7/site-packages/airflow/example_dags/example_kubernetes_executor.py
[2022-07-12 18:08:34,906] {logging_mixin.py:115} INFO - [2022-07-12 18:08:34,906] {dag.py:2371} INFO - Sync 1 DAGs
[2022-07-12 18:08:35,418] {logging_mixin.py:115} INFO - [2022-07-12 18:08:35,418] {dag.py:2919} INFO - Setting next_dagrun for example_kubernetes_executor to None, run_after=None
[2022-07-12 18:08:35,452] {processor.py:161} INFO - Processing /home/airflow/.local/lib/python3.7/site-packages/airflow/example_dags/example_kubernetes_executor.py took 0.646 seconds
[2022-07-12 18:09:06,133] {processor.py:153} INFO - Started process (PID=188) to work on /home/airflow/.local/lib/python3.7/site-packages/airflow/example_dags/example_kubernetes_executor.py
[2022-07-12 18:09:06,135] {processor.py:641} INFO - Processing file /home/airflow/.local/lib/python3.7/site-packages/airflow/example_dags/example_kubernetes_executor.py for tasks to queue
[2022-07-12 18:09:06,137] {logging_mixin.py:115} INFO - [2022-07-12 18:09:06,137] {dagbag.py:507} INFO - Filling up the DagBag from /home/airflow/.local/lib/python3.7/site-packages/airflow/example_dags/example_kubernetes_executor.py
[2022-07-12 18:09:06,168] {processor.py:651} INFO - DAG(s) dict_keys(['example_kubernetes_executor']) retrieved from /home/airflow/.local/lib/python3.7/site-packages/airflow/example_dags/example_kubernetes_executor.py
[2022-07-12 18:09:06,216] {logging_mixin.py:115} INFO - [2022-07-12 18:09:06,216] {dag.py:2371} INFO - Sync 1 DAGs
[2022-07-12 18:09:06,371] {logging_mixin.py:115} INFO - [2022-07-12 18:09:06,371] {dag.py:2919} INFO - Setting next_dagrun for example_kubernetes_executor to None, run_after=None
[2022-07-12 18:09:06,383] {processor.py:161} INFO - Processing /home/airflow/.local/lib/python3.7/site-packages/airflow/example_dags/example_kubernetes_executor.py took 0.255 seconds
[2022-07-12 18:09:38,634] {processor.py:153} INFO - Started process (PID=249) to work on /home/airflow/.local/lib/python3.7/site-packages/airflow/example_dags/example_kubernetes_executor.py
[2022-07-12 18:09:38,640] {processor.py:641} INFO - Processing file /home/airflow/.local/lib/python3.7/site-packages/airflow/example_dags/example_kubernetes_executor.py for tasks to queue
[2022-07-12 18:09:38,653] {logging_mixin.py:115} INFO - [2022-07-12 18:09:38,653] {dagbag.py:507} INFO - Filling up the DagBag from /home/airflow/.local/lib/python3.7/site-packages/airflow/example_dags/example_kubernetes_executor.py
[2022-07-12 18:09:38,755] {processor.py:651} INFO - DAG(s) dict_keys(['example_kubernetes_executor']) retrieved from /home/airflow/.local/lib/python3.7/site-packages/airflow/example_dags/example_kubernetes_executor.py
[2022-07-12 18:09:38,908] {logging_mixin.py:115} INFO - [2022-07-12 18:09:38,908] {dag.py:2371} INFO - Sync 1 DAGs
[2022-07-12 18:09:39,441] {logging_mixin.py:115} INFO - [2022-07-12 18:09:39,440] {dag.py:2919} INFO - Setting next_dagrun for example_kubernetes_executor to None, run_after=None
[2022-07-12 18:09:39,469] {processor.py:161} INFO - Processing /home/airflow/.local/lib/python3.7/site-packages/airflow/example_dags/example_kubernetes_executor.py took 0.866 seconds
[2022-07-12 18:10:13,921] {processor.py:153} INFO - Started process (PID=282) to work on /home/airflow/.local/lib/python3.7/site-packages/airflow/example_dags/example_kubernetes_executor.py
[2022-07-12 18:10:13,923] {processor.py:641} INFO - Processing file /home/airflow/.local/lib/python3.7/site-packages/airflow/example_dags/example_kubernetes_executor.py for tasks to queue
[2022-07-12 18:10:13,925] {logging_mixin.py:115} INFO - [2022-07-12 18:10:13,925] {dagbag.py:507} INFO - Filling up the DagBag from /home/airflow/.local/lib/python3.7/site-packages/airflow/example_dags/example_kubernetes_executor.py
[2022-07-12 18:10:13,955] {processor.py:651} INFO - DAG(s) dict_keys(['example_kubernetes_executor']) retrieved from /home/airflow/.local/lib/python3.7/site-packages/airflow/example_dags/example_kubernetes_executor.py
[2022-07-12 18:10:13,990] {logging_mixin.py:115} INFO - [2022-07-12 18:10:13,990] {dag.py:2371} INFO - Sync 1 DAGs
[2022-07-12 18:10:14,297] {logging_mixin.py:115} INFO - [2022-07-12 18:10:14,297] {dag.py:2919} INFO - Setting next_dagrun for example_kubernetes_executor to None, run_after=None
[2022-07-12 18:10:14,328] {processor.py:161} INFO - Processing /home/airflow/.local/lib/python3.7/site-packages/airflow/example_dags/example_kubernetes_executor.py took 0.413 seconds
[2022-07-12 18:10:45,143] {processor.py:153} INFO - Started process (PID=343) to work on /home/airflow/.local/lib/python3.7/site-packages/airflow/example_dags/example_kubernetes_executor.py
[2022-07-12 18:10:45,146] {processor.py:641} INFO - Processing file /home/airflow/.local/lib/python3.7/site-packages/airflow/example_dags/example_kubernetes_executor.py for tasks to queue
[2022-07-12 18:10:45,148] {logging_mixin.py:115} INFO - [2022-07-12 18:10:45,148] {dagbag.py:507} INFO - Filling up the DagBag from /home/airflow/.local/lib/python3.7/site-packages/airflow/example_dags/example_kubernetes_executor.py
[2022-07-12 18:10:45,190] {processor.py:651} INFO - DAG(s) dict_keys(['example_kubernetes_executor']) retrieved from /home/airflow/.local/lib/python3.7/site-packages/airflow/example_dags/example_kubernetes_executor.py
[2022-07-12 18:10:45,306] {logging_mixin.py:115} INFO - [2022-07-12 18:10:45,306] {dag.py:2371} INFO - Sync 1 DAGs
[2022-07-12 18:10:46,334] {logging_mixin.py:115} INFO - [2022-07-12 18:10:46,334] {dag.py:2919} INFO - Setting next_dagrun for example_kubernetes_executor to None, run_after=None
[2022-07-12 18:10:46,430] {processor.py:161} INFO - Processing /home/airflow/.local/lib/python3.7/site-packages/airflow/example_dags/example_kubernetes_executor.py took 1.291 seconds
[2022-07-12 18:11:17,453] {processor.py:153} INFO - Started process (PID=404) to work on /home/airflow/.local/lib/python3.7/site-packages/airflow/example_dags/example_kubernetes_executor.py
[2022-07-12 18:11:17,465] {processor.py:641} INFO - Processing file /home/airflow/.local/lib/python3.7/site-packages/airflow/example_dags/example_kubernetes_executor.py for tasks to queue
[2022-07-12 18:11:17,467] {logging_mixin.py:115} INFO - [2022-07-12 18:11:17,467] {dagbag.py:507} INFO - Filling up the DagBag from /home/airflow/.local/lib/python3.7/site-packages/airflow/example_dags/example_kubernetes_executor.py
[2022-07-12 18:11:17,525] {processor.py:651} INFO - DAG(s) dict_keys(['example_kubernetes_executor']) retrieved from /home/airflow/.local/lib/python3.7/site-packages/airflow/example_dags/example_kubernetes_executor.py
[2022-07-12 18:11:17,629] {logging_mixin.py:115} INFO - [2022-07-12 18:11:17,628] {dag.py:2371} INFO - Sync 1 DAGs
[2022-07-12 18:11:18,027] {logging_mixin.py:115} INFO - [2022-07-12 18:11:18,027] {dag.py:2919} INFO - Setting next_dagrun for example_kubernetes_executor to None, run_after=None
[2022-07-12 18:11:18,056] {processor.py:161} INFO - Processing /home/airflow/.local/lib/python3.7/site-packages/airflow/example_dags/example_kubernetes_executor.py took 0.608 seconds
[2022-07-12 18:11:49,511] {processor.py:153} INFO - Started process (PID=456) to work on /home/airflow/.local/lib/python3.7/site-packages/airflow/example_dags/example_kubernetes_executor.py
[2022-07-12 18:11:49,515] {processor.py:641} INFO - Processing file /home/airflow/.local/lib/python3.7/site-packages/airflow/example_dags/example_kubernetes_executor.py for tasks to queue
[2022-07-12 18:11:49,521] {logging_mixin.py:115} INFO - [2022-07-12 18:11:49,521] {dagbag.py:507} INFO - Filling up the DagBag from /home/airflow/.local/lib/python3.7/site-packages/airflow/example_dags/example_kubernetes_executor.py
[2022-07-12 18:11:49,583] {processor.py:651} INFO - DAG(s) dict_keys(['example_kubernetes_executor']) retrieved from /home/airflow/.local/lib/python3.7/site-packages/airflow/example_dags/example_kubernetes_executor.py
[2022-07-12 18:11:49,915] {logging_mixin.py:115} INFO - [2022-07-12 18:11:49,915] {dag.py:2371} INFO - Sync 1 DAGs
[2022-07-12 18:11:49,952] {logging_mixin.py:115} INFO - [2022-07-12 18:11:49,952] {dag.py:2919} INFO - Setting next_dagrun for example_kubernetes_executor to None, run_after=None
[2022-07-12 18:11:49,972] {processor.py:161} INFO - Processing /home/airflow/.local/lib/python3.7/site-packages/airflow/example_dags/example_kubernetes_executor.py took 0.469 seconds
[2022-07-12 18:12:20,175] {processor.py:153} INFO - Started process (PID=519) to work on /home/airflow/.local/lib/python3.7/site-packages/airflow/example_dags/example_kubernetes_executor.py
[2022-07-12 18:12:20,178] {processor.py:641} INFO - Processing file /home/airflow/.local/lib/python3.7/site-packages/airflow/example_dags/example_kubernetes_executor.py for tasks to queue
[2022-07-12 18:12:20,181] {logging_mixin.py:115} INFO - [2022-07-12 18:12:20,181] {dagbag.py:507} INFO - Filling up the DagBag from /home/airflow/.local/lib/python3.7/site-packages/airflow/example_dags/example_kubernetes_executor.py
[2022-07-12 18:12:20,257] {processor.py:651} INFO - DAG(s) dict_keys(['example_kubernetes_executor']) retrieved from /home/airflow/.local/lib/python3.7/site-packages/airflow/example_dags/example_kubernetes_executor.py
[2022-07-12 18:12:20,318] {logging_mixin.py:115} INFO - [2022-07-12 18:12:20,318] {dag.py:2371} INFO - Sync 1 DAGs
[2022-07-12 18:12:20,533] {logging_mixin.py:115} INFO - [2022-07-12 18:12:20,533] {dag.py:2919} INFO - Setting next_dagrun for example_kubernetes_executor to None, run_after=None
[2022-07-12 18:12:20,542] {processor.py:161} INFO - Processing /home/airflow/.local/lib/python3.7/site-packages/airflow/example_dags/example_kubernetes_executor.py took 0.370 seconds
[2022-07-12 18:12:52,414] {processor.py:153} INFO - Started process (PID=570) to work on /home/airflow/.local/lib/python3.7/site-packages/airflow/example_dags/example_kubernetes_executor.py
[2022-07-12 18:12:52,417] {processor.py:641} INFO - Processing file /home/airflow/.local/lib/python3.7/site-packages/airflow/example_dags/example_kubernetes_executor.py for tasks to queue
[2022-07-12 18:12:52,419] {logging_mixin.py:115} INFO - [2022-07-12 18:12:52,419] {dagbag.py:507} INFO - Filling up the DagBag from /home/airflow/.local/lib/python3.7/site-packages/airflow/example_dags/example_kubernetes_executor.py
[2022-07-12 18:12:52,460] {processor.py:651} INFO - DAG(s) dict_keys(['example_kubernetes_executor']) retrieved from /home/airflow/.local/lib/python3.7/site-packages/airflow/example_dags/example_kubernetes_executor.py
[2022-07-12 18:12:52,508] {logging_mixin.py:115} INFO - [2022-07-12 18:12:52,508] {dag.py:2371} INFO - Sync 1 DAGs
[2022-07-12 18:12:52,729] {logging_mixin.py:115} INFO - [2022-07-12 18:12:52,729] {dag.py:2919} INFO - Setting next_dagrun for example_kubernetes_executor to None, run_after=None
[2022-07-12 18:12:52,764] {processor.py:161} INFO - Processing /home/airflow/.local/lib/python3.7/site-packages/airflow/example_dags/example_kubernetes_executor.py took 0.358 seconds
[2022-07-12 18:13:23,103] {processor.py:153} INFO - Started process (PID=631) to work on /home/airflow/.local/lib/python3.7/site-packages/airflow/example_dags/example_kubernetes_executor.py
[2022-07-12 18:13:23,109] {processor.py:641} INFO - Processing file /home/airflow/.local/lib/python3.7/site-packages/airflow/example_dags/example_kubernetes_executor.py for tasks to queue
[2022-07-12 18:13:23,111] {logging_mixin.py:115} INFO - [2022-07-12 18:13:23,111] {dagbag.py:507} INFO - Filling up the DagBag from /home/airflow/.local/lib/python3.7/site-packages/airflow/example_dags/example_kubernetes_executor.py
[2022-07-12 18:13:23,179] {processor.py:651} INFO - DAG(s) dict_keys(['example_kubernetes_executor']) retrieved from /home/airflow/.local/lib/python3.7/site-packages/airflow/example_dags/example_kubernetes_executor.py
[2022-07-12 18:13:23,445] {logging_mixin.py:115} INFO - [2022-07-12 18:13:23,445] {dag.py:2371} INFO - Sync 1 DAGs
[2022-07-12 18:13:23,471] {logging_mixin.py:115} INFO - [2022-07-12 18:13:23,471] {dag.py:2919} INFO - Setting next_dagrun for example_kubernetes_executor to None, run_after=None
[2022-07-12 18:13:23,517] {processor.py:161} INFO - Processing /home/airflow/.local/lib/python3.7/site-packages/airflow/example_dags/example_kubernetes_executor.py took 0.417 seconds
[2022-07-12 18:13:54,088] {processor.py:153} INFO - Started process (PID=683) to work on /home/airflow/.local/lib/python3.7/site-packages/airflow/example_dags/example_kubernetes_executor.py
[2022-07-12 18:13:54,090] {processor.py:641} INFO - Processing file /home/airflow/.local/lib/python3.7/site-packages/airflow/example_dags/example_kubernetes_executor.py for tasks to queue
[2022-07-12 18:13:54,091] {logging_mixin.py:115} INFO - [2022-07-12 18:13:54,091] {dagbag.py:507} INFO - Filling up the DagBag from /home/airflow/.local/lib/python3.7/site-packages/airflow/example_dags/example_kubernetes_executor.py
[2022-07-12 18:13:54,121] {processor.py:651} INFO - DAG(s) dict_keys(['example_kubernetes_executor']) retrieved from /home/airflow/.local/lib/python3.7/site-packages/airflow/example_dags/example_kubernetes_executor.py
[2022-07-12 18:13:54,351] {logging_mixin.py:115} INFO - [2022-07-12 18:13:54,350] {dag.py:2371} INFO - Sync 1 DAGs
[2022-07-12 18:13:54,376] {logging_mixin.py:115} INFO - [2022-07-12 18:13:54,376] {dag.py:2919} INFO - Setting next_dagrun for example_kubernetes_executor to None, run_after=None
[2022-07-12 18:13:54,392] {processor.py:161} INFO - Processing /home/airflow/.local/lib/python3.7/site-packages/airflow/example_dags/example_kubernetes_executor.py took 0.311 seconds
[2022-07-12 18:14:25,553] {processor.py:153} INFO - Started process (PID=741) to work on /home/airflow/.local/lib/python3.7/site-packages/airflow/example_dags/example_kubernetes_executor.py
[2022-07-12 18:14:25,563] {processor.py:641} INFO - Processing file /home/airflow/.local/lib/python3.7/site-packages/airflow/example_dags/example_kubernetes_executor.py for tasks to queue
[2022-07-12 18:14:25,576] {logging_mixin.py:115} INFO - [2022-07-12 18:14:25,576] {dagbag.py:507} INFO - Filling up the DagBag from /home/airflow/.local/lib/python3.7/site-packages/airflow/example_dags/example_kubernetes_executor.py
[2022-07-12 18:14:25,744] {processor.py:651} INFO - DAG(s) dict_keys(['example_kubernetes_executor']) retrieved from /home/airflow/.local/lib/python3.7/site-packages/airflow/example_dags/example_kubernetes_executor.py
[2022-07-12 18:14:33,246] {logging_mixin.py:115} INFO - [2022-07-12 18:14:33,245] {dag.py:2371} INFO - Sync 1 DAGs
[2022-07-12 18:14:33,323] {logging_mixin.py:115} INFO - [2022-07-12 18:14:33,323] {dag.py:2919} INFO - Setting next_dagrun for example_kubernetes_executor to None, run_after=None
[2022-07-12 18:14:33,389] {processor.py:161} INFO - Processing /home/airflow/.local/lib/python3.7/site-packages/airflow/example_dags/example_kubernetes_executor.py took 7.851 seconds
[2022-07-12 18:15:10,255] {processor.py:153} INFO - Started process (PID=780) to work on /home/airflow/.local/lib/python3.7/site-packages/airflow/example_dags/example_kubernetes_executor.py
[2022-07-12 18:15:10,258] {processor.py:641} INFO - Processing file /home/airflow/.local/lib/python3.7/site-packages/airflow/example_dags/example_kubernetes_executor.py for tasks to queue
[2022-07-12 18:15:10,260] {logging_mixin.py:115} INFO - [2022-07-12 18:15:10,260] {dagbag.py:507} INFO - Filling up the DagBag from /home/airflow/.local/lib/python3.7/site-packages/airflow/example_dags/example_kubernetes_executor.py
[2022-07-12 18:15:10,298] {processor.py:651} INFO - DAG(s) dict_keys(['example_kubernetes_executor']) retrieved from /home/airflow/.local/lib/python3.7/site-packages/airflow/example_dags/example_kubernetes_executor.py
[2022-07-12 18:15:10,951] {logging_mixin.py:115} INFO - [2022-07-12 18:15:10,951] {dag.py:2371} INFO - Sync 1 DAGs
[2022-07-12 18:15:11,002] {logging_mixin.py:115} INFO - [2022-07-12 18:15:11,002] {dag.py:2919} INFO - Setting next_dagrun for example_kubernetes_executor to None, run_after=None
[2022-07-12 18:15:11,038] {processor.py:161} INFO - Processing /home/airflow/.local/lib/python3.7/site-packages/airflow/example_dags/example_kubernetes_executor.py took 0.787 seconds
[2022-07-12 18:15:45,343] {processor.py:153} INFO - Started process (PID=831) to work on /home/airflow/.local/lib/python3.7/site-packages/airflow/example_dags/example_kubernetes_executor.py
[2022-07-12 18:15:45,350] {processor.py:641} INFO - Processing file /home/airflow/.local/lib/python3.7/site-packages/airflow/example_dags/example_kubernetes_executor.py for tasks to queue
[2022-07-12 18:15:45,353] {logging_mixin.py:115} INFO - [2022-07-12 18:15:45,353] {dagbag.py:507} INFO - Filling up the DagBag from /home/airflow/.local/lib/python3.7/site-packages/airflow/example_dags/example_kubernetes_executor.py
[2022-07-12 18:15:45,535] {processor.py:651} INFO - DAG(s) dict_keys(['example_kubernetes_executor']) retrieved from /home/airflow/.local/lib/python3.7/site-packages/airflow/example_dags/example_kubernetes_executor.py
[2022-07-12 18:15:47,360] {logging_mixin.py:115} INFO - [2022-07-12 18:15:47,360] {dag.py:2371} INFO - Sync 1 DAGs
[2022-07-12 18:15:47,422] {logging_mixin.py:115} INFO - [2022-07-12 18:15:47,422] {dag.py:2919} INFO - Setting next_dagrun for example_kubernetes_executor to None, run_after=None
[2022-07-12 18:15:47,508] {processor.py:161} INFO - Processing /home/airflow/.local/lib/python3.7/site-packages/airflow/example_dags/example_kubernetes_executor.py took 2.199 seconds
[2022-07-12 18:16:38,010] {processor.py:153} INFO - Started process (PID=885) to work on /home/airflow/.local/lib/python3.7/site-packages/airflow/example_dags/example_kubernetes_executor.py
[2022-07-12 18:16:38,017] {processor.py:641} INFO - Processing file /home/airflow/.local/lib/python3.7/site-packages/airflow/example_dags/example_kubernetes_executor.py for tasks to queue
[2022-07-12 18:16:38,022] {logging_mixin.py:115} INFO - [2022-07-12 18:16:38,022] {dagbag.py:507} INFO - Filling up the DagBag from /home/airflow/.local/lib/python3.7/site-packages/airflow/example_dags/example_kubernetes_executor.py
[2022-07-12 18:16:38,186] {processor.py:651} INFO - DAG(s) dict_keys(['example_kubernetes_executor']) retrieved from /home/airflow/.local/lib/python3.7/site-packages/airflow/example_dags/example_kubernetes_executor.py
[2022-07-12 18:16:40,136] {logging_mixin.py:115} INFO - [2022-07-12 18:16:40,135] {dag.py:2371} INFO - Sync 1 DAGs
[2022-07-12 18:16:40,199] {logging_mixin.py:115} INFO - [2022-07-12 18:16:40,199] {dag.py:2919} INFO - Setting next_dagrun for example_kubernetes_executor to None, run_after=None
[2022-07-12 18:16:40,231] {processor.py:161} INFO - Processing /home/airflow/.local/lib/python3.7/site-packages/airflow/example_dags/example_kubernetes_executor.py took 2.246 seconds
[2022-07-12 18:17:10,553] {processor.py:153} INFO - Started process (PID=930) to work on /home/airflow/.local/lib/python3.7/site-packages/airflow/example_dags/example_kubernetes_executor.py
[2022-07-12 18:17:10,562] {processor.py:641} INFO - Processing file /home/airflow/.local/lib/python3.7/site-packages/airflow/example_dags/example_kubernetes_executor.py for tasks to queue
[2022-07-12 18:17:10,565] {logging_mixin.py:115} INFO - [2022-07-12 18:17:10,565] {dagbag.py:507} INFO - Filling up the DagBag from /home/airflow/.local/lib/python3.7/site-packages/airflow/example_dags/example_kubernetes_executor.py
[2022-07-12 18:17:10,715] {processor.py:651} INFO - DAG(s) dict_keys(['example_kubernetes_executor']) retrieved from /home/airflow/.local/lib/python3.7/site-packages/airflow/example_dags/example_kubernetes_executor.py
[2022-07-12 18:17:12,816] {logging_mixin.py:115} INFO - [2022-07-12 18:17:12,815] {dag.py:2371} INFO - Sync 1 DAGs
[2022-07-12 18:17:12,884] {logging_mixin.py:115} INFO - [2022-07-12 18:17:12,883] {dag.py:2919} INFO - Setting next_dagrun for example_kubernetes_executor to None, run_after=None
[2022-07-12 18:17:12,940] {processor.py:161} INFO - Processing /home/airflow/.local/lib/python3.7/site-packages/airflow/example_dags/example_kubernetes_executor.py took 2.408 seconds
[2022-07-12 18:17:44,013] {processor.py:153} INFO - Started process (PID=991) to work on /home/airflow/.local/lib/python3.7/site-packages/airflow/example_dags/example_kubernetes_executor.py
[2022-07-12 18:17:44,020] {processor.py:641} INFO - Processing file /home/airflow/.local/lib/python3.7/site-packages/airflow/example_dags/example_kubernetes_executor.py for tasks to queue
[2022-07-12 18:17:44,028] {logging_mixin.py:115} INFO - [2022-07-12 18:17:44,028] {dagbag.py:507} INFO - Filling up the DagBag from /home/airflow/.local/lib/python3.7/site-packages/airflow/example_dags/example_kubernetes_executor.py
[2022-07-12 18:17:44,219] {processor.py:651} INFO - DAG(s) dict_keys(['example_kubernetes_executor']) retrieved from /home/airflow/.local/lib/python3.7/site-packages/airflow/example_dags/example_kubernetes_executor.py
[2022-07-12 18:17:44,827] {logging_mixin.py:115} INFO - [2022-07-12 18:17:44,826] {dag.py:2371} INFO - Sync 1 DAGs
[2022-07-12 18:17:44,902] {logging_mixin.py:115} INFO - [2022-07-12 18:17:44,902] {dag.py:2919} INFO - Setting next_dagrun for example_kubernetes_executor to None, run_after=None
[2022-07-12 18:17:44,933] {processor.py:161} INFO - Processing /home/airflow/.local/lib/python3.7/site-packages/airflow/example_dags/example_kubernetes_executor.py took 0.955 seconds
[2022-07-12 18:18:16,158] {processor.py:153} INFO - Started process (PID=1043) to work on /home/airflow/.local/lib/python3.7/site-packages/airflow/example_dags/example_kubernetes_executor.py
[2022-07-12 18:18:16,169] {processor.py:641} INFO - Processing file /home/airflow/.local/lib/python3.7/site-packages/airflow/example_dags/example_kubernetes_executor.py for tasks to queue
[2022-07-12 18:18:16,198] {logging_mixin.py:115} INFO - [2022-07-12 18:18:16,198] {dagbag.py:507} INFO - Filling up the DagBag from /home/airflow/.local/lib/python3.7/site-packages/airflow/example_dags/example_kubernetes_executor.py
[2022-07-12 18:18:16,450] {processor.py:651} INFO - DAG(s) dict_keys(['example_kubernetes_executor']) retrieved from /home/airflow/.local/lib/python3.7/site-packages/airflow/example_dags/example_kubernetes_executor.py
[2022-07-12 18:18:19,562] {logging_mixin.py:115} INFO - [2022-07-12 18:18:19,562] {dag.py:2371} INFO - Sync 1 DAGs
[2022-07-12 18:18:19,834] {logging_mixin.py:115} INFO - [2022-07-12 18:18:19,834] {dag.py:2919} INFO - Setting next_dagrun for example_kubernetes_executor to None, run_after=None
[2022-07-12 18:18:19,923] {processor.py:161} INFO - Processing /home/airflow/.local/lib/python3.7/site-packages/airflow/example_dags/example_kubernetes_executor.py took 3.798 seconds
[2022-07-12 18:18:50,869] {processor.py:153} INFO - Started process (PID=1105) to work on /home/airflow/.local/lib/python3.7/site-packages/airflow/example_dags/example_kubernetes_executor.py
[2022-07-12 18:18:50,875] {processor.py:641} INFO - Processing file /home/airflow/.local/lib/python3.7/site-packages/airflow/example_dags/example_kubernetes_executor.py for tasks to queue
[2022-07-12 18:18:50,884] {logging_mixin.py:115} INFO - [2022-07-12 18:18:50,883] {dagbag.py:507} INFO - Filling up the DagBag from /home/airflow/.local/lib/python3.7/site-packages/airflow/example_dags/example_kubernetes_executor.py
[2022-07-12 18:18:50,976] {processor.py:651} INFO - DAG(s) dict_keys(['example_kubernetes_executor']) retrieved from /home/airflow/.local/lib/python3.7/site-packages/airflow/example_dags/example_kubernetes_executor.py
[2022-07-12 18:18:51,580] {logging_mixin.py:115} INFO - [2022-07-12 18:18:51,580] {dag.py:2371} INFO - Sync 1 DAGs
[2022-07-12 18:18:51,615] {logging_mixin.py:115} INFO - [2022-07-12 18:18:51,615] {dag.py:2919} INFO - Setting next_dagrun for example_kubernetes_executor to None, run_after=None
[2022-07-12 18:18:51,632] {processor.py:161} INFO - Processing /home/airflow/.local/lib/python3.7/site-packages/airflow/example_dags/example_kubernetes_executor.py took 0.774 seconds
[2022-07-12 18:19:22,149] {processor.py:153} INFO - Started process (PID=1157) to work on /home/airflow/.local/lib/python3.7/site-packages/airflow/example_dags/example_kubernetes_executor.py
[2022-07-12 18:19:22,151] {processor.py:641} INFO - Processing file /home/airflow/.local/lib/python3.7/site-packages/airflow/example_dags/example_kubernetes_executor.py for tasks to queue
[2022-07-12 18:19:22,152] {logging_mixin.py:115} INFO - [2022-07-12 18:19:22,152] {dagbag.py:507} INFO - Filling up the DagBag from /home/airflow/.local/lib/python3.7/site-packages/airflow/example_dags/example_kubernetes_executor.py
[2022-07-12 18:19:22,171] {processor.py:651} INFO - DAG(s) dict_keys(['example_kubernetes_executor']) retrieved from /home/airflow/.local/lib/python3.7/site-packages/airflow/example_dags/example_kubernetes_executor.py
[2022-07-12 18:19:22,308] {logging_mixin.py:115} INFO - [2022-07-12 18:19:22,308] {dag.py:2371} INFO - Sync 1 DAGs
[2022-07-12 18:19:22,323] {logging_mixin.py:115} INFO - [2022-07-12 18:19:22,323] {dag.py:2919} INFO - Setting next_dagrun for example_kubernetes_executor to None, run_after=None
[2022-07-12 18:19:22,332] {processor.py:161} INFO - Processing /home/airflow/.local/lib/python3.7/site-packages/airflow/example_dags/example_kubernetes_executor.py took 0.186 seconds
[2022-07-12 18:19:52,508] {processor.py:153} INFO - Started process (PID=1216) to work on /home/airflow/.local/lib/python3.7/site-packages/airflow/example_dags/example_kubernetes_executor.py
[2022-07-12 18:19:52,512] {processor.py:641} INFO - Processing file /home/airflow/.local/lib/python3.7/site-packages/airflow/example_dags/example_kubernetes_executor.py for tasks to queue
[2022-07-12 18:19:52,516] {logging_mixin.py:115} INFO - [2022-07-12 18:19:52,516] {dagbag.py:507} INFO - Filling up the DagBag from /home/airflow/.local/lib/python3.7/site-packages/airflow/example_dags/example_kubernetes_executor.py
[2022-07-12 18:19:52,599] {processor.py:651} INFO - DAG(s) dict_keys(['example_kubernetes_executor']) retrieved from /home/airflow/.local/lib/python3.7/site-packages/airflow/example_dags/example_kubernetes_executor.py
[2022-07-12 18:19:53,137] {logging_mixin.py:115} INFO - [2022-07-12 18:19:53,136] {dag.py:2371} INFO - Sync 1 DAGs
[2022-07-12 18:19:53,163] {logging_mixin.py:115} INFO - [2022-07-12 18:19:53,163] {dag.py:2919} INFO - Setting next_dagrun for example_kubernetes_executor to None, run_after=None
[2022-07-12 18:19:53,183] {processor.py:161} INFO - Processing /home/airflow/.local/lib/python3.7/site-packages/airflow/example_dags/example_kubernetes_executor.py took 0.689 seconds
[2022-07-12 18:20:23,297] {processor.py:153} INFO - Started process (PID=1271) to work on /home/airflow/.local/lib/python3.7/site-packages/airflow/example_dags/example_kubernetes_executor.py
[2022-07-12 18:20:23,308] {processor.py:641} INFO - Processing file /home/airflow/.local/lib/python3.7/site-packages/airflow/example_dags/example_kubernetes_executor.py for tasks to queue
[2022-07-12 18:20:23,310] {logging_mixin.py:115} INFO - [2022-07-12 18:20:23,310] {dagbag.py:507} INFO - Filling up the DagBag from /home/airflow/.local/lib/python3.7/site-packages/airflow/example_dags/example_kubernetes_executor.py
[2022-07-12 18:20:23,362] {processor.py:651} INFO - DAG(s) dict_keys(['example_kubernetes_executor']) retrieved from /home/airflow/.local/lib/python3.7/site-packages/airflow/example_dags/example_kubernetes_executor.py
[2022-07-12 18:20:23,736] {logging_mixin.py:115} INFO - [2022-07-12 18:20:23,736] {dag.py:2371} INFO - Sync 1 DAGs
[2022-07-12 18:20:23,793] {logging_mixin.py:115} INFO - [2022-07-12 18:20:23,793] {dag.py:2919} INFO - Setting next_dagrun for example_kubernetes_executor to None, run_after=None
[2022-07-12 18:20:23,825] {processor.py:161} INFO - Processing /home/airflow/.local/lib/python3.7/site-packages/airflow/example_dags/example_kubernetes_executor.py took 0.534 seconds
[2022-07-12 18:20:54,294] {processor.py:153} INFO - Started process (PID=1322) to work on /home/airflow/.local/lib/python3.7/site-packages/airflow/example_dags/example_kubernetes_executor.py
[2022-07-12 18:20:54,295] {processor.py:641} INFO - Processing file /home/airflow/.local/lib/python3.7/site-packages/airflow/example_dags/example_kubernetes_executor.py for tasks to queue
[2022-07-12 18:20:54,297] {logging_mixin.py:115} INFO - [2022-07-12 18:20:54,297] {dagbag.py:507} INFO - Filling up the DagBag from /home/airflow/.local/lib/python3.7/site-packages/airflow/example_dags/example_kubernetes_executor.py
[2022-07-12 18:20:54,365] {processor.py:651} INFO - DAG(s) dict_keys(['example_kubernetes_executor']) retrieved from /home/airflow/.local/lib/python3.7/site-packages/airflow/example_dags/example_kubernetes_executor.py
[2022-07-12 18:20:54,770] {logging_mixin.py:115} INFO - [2022-07-12 18:20:54,770] {dag.py:2371} INFO - Sync 1 DAGs
[2022-07-12 18:20:54,798] {logging_mixin.py:115} INFO - [2022-07-12 18:20:54,798] {dag.py:2919} INFO - Setting next_dagrun for example_kubernetes_executor to None, run_after=None
[2022-07-12 18:20:54,813] {processor.py:161} INFO - Processing /home/airflow/.local/lib/python3.7/site-packages/airflow/example_dags/example_kubernetes_executor.py took 0.534 seconds
[2022-07-12 18:24:56,384] {processor.py:153} INFO - Started process (PID=43) to work on /home/airflow/.local/lib/python3.7/site-packages/airflow/example_dags/example_kubernetes_executor.py
[2022-07-12 18:24:56,397] {processor.py:641} INFO - Processing file /home/airflow/.local/lib/python3.7/site-packages/airflow/example_dags/example_kubernetes_executor.py for tasks to queue
[2022-07-12 18:24:56,420] {logging_mixin.py:115} INFO - [2022-07-12 18:24:56,420] {dagbag.py:507} INFO - Filling up the DagBag from /home/airflow/.local/lib/python3.7/site-packages/airflow/example_dags/example_kubernetes_executor.py
[2022-07-12 18:24:56,843] {processor.py:651} INFO - DAG(s) dict_keys(['example_kubernetes_executor']) retrieved from /home/airflow/.local/lib/python3.7/site-packages/airflow/example_dags/example_kubernetes_executor.py
[2022-07-12 18:24:59,198] {logging_mixin.py:115} INFO - [2022-07-12 18:24:59,197] {manager.py:508} INFO - Created Permission View: can read on DAG:example_kubernetes_executor
[2022-07-12 18:24:59,340] {logging_mixin.py:115} INFO - [2022-07-12 18:24:59,340] {manager.py:508} INFO - Created Permission View: can edit on DAG:example_kubernetes_executor
[2022-07-12 18:24:59,356] {logging_mixin.py:115} INFO - [2022-07-12 18:24:59,356] {manager.py:508} INFO - Created Permission View: can delete on DAG:example_kubernetes_executor
[2022-07-12 18:24:59,359] {logging_mixin.py:115} INFO - [2022-07-12 18:24:59,359] {dag.py:2371} INFO - Sync 1 DAGs
[2022-07-12 18:24:59,388] {logging_mixin.py:115} INFO - [2022-07-12 18:24:59,388] {dag.py:2390} INFO - Creating ORM DAG for example_kubernetes_executor
[2022-07-12 18:24:59,432] {logging_mixin.py:115} INFO - [2022-07-12 18:24:59,431] {dag.py:2919} INFO - Setting next_dagrun for example_kubernetes_executor to None, run_after=None
[2022-07-12 18:24:59,489] {processor.py:161} INFO - Processing /home/airflow/.local/lib/python3.7/site-packages/airflow/example_dags/example_kubernetes_executor.py took 3.115 seconds
[2022-07-12 18:25:36,823] {processor.py:153} INFO - Started process (PID=95) to work on /home/airflow/.local/lib/python3.7/site-packages/airflow/example_dags/example_kubernetes_executor.py
[2022-07-12 18:25:36,830] {processor.py:641} INFO - Processing file /home/airflow/.local/lib/python3.7/site-packages/airflow/example_dags/example_kubernetes_executor.py for tasks to queue
[2022-07-12 18:25:36,833] {logging_mixin.py:115} INFO - [2022-07-12 18:25:36,832] {dagbag.py:507} INFO - Filling up the DagBag from /home/airflow/.local/lib/python3.7/site-packages/airflow/example_dags/example_kubernetes_executor.py
[2022-07-12 18:25:36,869] {processor.py:651} INFO - DAG(s) dict_keys(['example_kubernetes_executor']) retrieved from /home/airflow/.local/lib/python3.7/site-packages/airflow/example_dags/example_kubernetes_executor.py
[2022-07-12 18:25:36,928] {logging_mixin.py:115} INFO - [2022-07-12 18:25:36,928] {dag.py:2371} INFO - Sync 1 DAGs
[2022-07-12 18:25:37,283] {logging_mixin.py:115} INFO - [2022-07-12 18:25:37,283] {dag.py:2919} INFO - Setting next_dagrun for example_kubernetes_executor to None, run_after=None
[2022-07-12 18:25:37,311] {processor.py:161} INFO - Processing /home/airflow/.local/lib/python3.7/site-packages/airflow/example_dags/example_kubernetes_executor.py took 0.492 seconds
[2022-07-12 18:26:08,362] {processor.py:153} INFO - Started process (PID=157) to work on /home/airflow/.local/lib/python3.7/site-packages/airflow/example_dags/example_kubernetes_executor.py
[2022-07-12 18:26:08,365] {processor.py:641} INFO - Processing file /home/airflow/.local/lib/python3.7/site-packages/airflow/example_dags/example_kubernetes_executor.py for tasks to queue
[2022-07-12 18:26:08,367] {logging_mixin.py:115} INFO - [2022-07-12 18:26:08,367] {dagbag.py:507} INFO - Filling up the DagBag from /home/airflow/.local/lib/python3.7/site-packages/airflow/example_dags/example_kubernetes_executor.py
[2022-07-12 18:26:08,449] {processor.py:651} INFO - DAG(s) dict_keys(['example_kubernetes_executor']) retrieved from /home/airflow/.local/lib/python3.7/site-packages/airflow/example_dags/example_kubernetes_executor.py
[2022-07-12 18:26:08,536] {logging_mixin.py:115} INFO - [2022-07-12 18:26:08,536] {dag.py:2371} INFO - Sync 1 DAGs
[2022-07-12 18:26:08,800] {logging_mixin.py:115} INFO - [2022-07-12 18:26:08,800] {dag.py:2919} INFO - Setting next_dagrun for example_kubernetes_executor to None, run_after=None
[2022-07-12 18:26:08,817] {processor.py:161} INFO - Processing /home/airflow/.local/lib/python3.7/site-packages/airflow/example_dags/example_kubernetes_executor.py took 0.472 seconds
[2022-07-12 18:26:38,967] {processor.py:153} INFO - Started process (PID=209) to work on /home/airflow/.local/lib/python3.7/site-packages/airflow/example_dags/example_kubernetes_executor.py
[2022-07-12 18:26:38,968] {processor.py:641} INFO - Processing file /home/airflow/.local/lib/python3.7/site-packages/airflow/example_dags/example_kubernetes_executor.py for tasks to queue
[2022-07-12 18:26:38,972] {logging_mixin.py:115} INFO - [2022-07-12 18:26:38,972] {dagbag.py:507} INFO - Filling up the DagBag from /home/airflow/.local/lib/python3.7/site-packages/airflow/example_dags/example_kubernetes_executor.py
[2022-07-12 18:26:39,006] {processor.py:651} INFO - DAG(s) dict_keys(['example_kubernetes_executor']) retrieved from /home/airflow/.local/lib/python3.7/site-packages/airflow/example_dags/example_kubernetes_executor.py
[2022-07-12 18:26:39,054] {logging_mixin.py:115} INFO - [2022-07-12 18:26:39,054] {dag.py:2371} INFO - Sync 1 DAGs
[2022-07-12 18:26:39,364] {logging_mixin.py:115} INFO - [2022-07-12 18:26:39,364] {dag.py:2919} INFO - Setting next_dagrun for example_kubernetes_executor to None, run_after=None
[2022-07-12 18:26:39,381] {processor.py:161} INFO - Processing /home/airflow/.local/lib/python3.7/site-packages/airflow/example_dags/example_kubernetes_executor.py took 0.418 seconds
[2022-07-12 18:29:11,480] {processor.py:153} INFO - Started process (PID=44) to work on /home/airflow/.local/lib/python3.7/site-packages/airflow/example_dags/example_kubernetes_executor.py
[2022-07-12 18:29:11,485] {processor.py:641} INFO - Processing file /home/airflow/.local/lib/python3.7/site-packages/airflow/example_dags/example_kubernetes_executor.py for tasks to queue
[2022-07-12 18:29:11,489] {logging_mixin.py:115} INFO - [2022-07-12 18:29:11,489] {dagbag.py:507} INFO - Filling up the DagBag from /home/airflow/.local/lib/python3.7/site-packages/airflow/example_dags/example_kubernetes_executor.py
[2022-07-12 18:29:11,753] {processor.py:651} INFO - DAG(s) dict_keys(['example_kubernetes_executor']) retrieved from /home/airflow/.local/lib/python3.7/site-packages/airflow/example_dags/example_kubernetes_executor.py
[2022-07-12 18:29:11,934] {logging_mixin.py:115} INFO - [2022-07-12 18:29:11,933] {dag.py:2371} INFO - Sync 1 DAGs
[2022-07-12 18:29:13,238] {logging_mixin.py:115} INFO - [2022-07-12 18:29:13,238] {dag.py:2919} INFO - Setting next_dagrun for example_kubernetes_executor to None, run_after=None
[2022-07-12 18:29:13,278] {processor.py:161} INFO - Processing /home/airflow/.local/lib/python3.7/site-packages/airflow/example_dags/example_kubernetes_executor.py took 1.810 seconds
[2022-07-12 18:29:43,775] {processor.py:153} INFO - Started process (PID=96) to work on /home/airflow/.local/lib/python3.7/site-packages/airflow/example_dags/example_kubernetes_executor.py
[2022-07-12 18:29:43,777] {processor.py:641} INFO - Processing file /home/airflow/.local/lib/python3.7/site-packages/airflow/example_dags/example_kubernetes_executor.py for tasks to queue
[2022-07-12 18:29:43,779] {logging_mixin.py:115} INFO - [2022-07-12 18:29:43,779] {dagbag.py:507} INFO - Filling up the DagBag from /home/airflow/.local/lib/python3.7/site-packages/airflow/example_dags/example_kubernetes_executor.py
[2022-07-12 18:29:43,820] {processor.py:651} INFO - DAG(s) dict_keys(['example_kubernetes_executor']) retrieved from /home/airflow/.local/lib/python3.7/site-packages/airflow/example_dags/example_kubernetes_executor.py
[2022-07-12 18:29:43,868] {logging_mixin.py:115} INFO - [2022-07-12 18:29:43,868] {dag.py:2371} INFO - Sync 1 DAGs
[2022-07-12 18:29:44,504] {logging_mixin.py:115} INFO - [2022-07-12 18:29:44,504] {dag.py:2919} INFO - Setting next_dagrun for example_kubernetes_executor to None, run_after=None
[2022-07-12 18:29:44,532] {processor.py:161} INFO - Processing /home/airflow/.local/lib/python3.7/site-packages/airflow/example_dags/example_kubernetes_executor.py took 0.763 seconds
[2022-07-12 18:30:15,163] {processor.py:153} INFO - Started process (PID=149) to work on /home/airflow/.local/lib/python3.7/site-packages/airflow/example_dags/example_kubernetes_executor.py
[2022-07-12 18:30:15,175] {processor.py:641} INFO - Processing file /home/airflow/.local/lib/python3.7/site-packages/airflow/example_dags/example_kubernetes_executor.py for tasks to queue
[2022-07-12 18:30:15,178] {logging_mixin.py:115} INFO - [2022-07-12 18:30:15,178] {dagbag.py:507} INFO - Filling up the DagBag from /home/airflow/.local/lib/python3.7/site-packages/airflow/example_dags/example_kubernetes_executor.py
[2022-07-12 18:30:15,231] {processor.py:651} INFO - DAG(s) dict_keys(['example_kubernetes_executor']) retrieved from /home/airflow/.local/lib/python3.7/site-packages/airflow/example_dags/example_kubernetes_executor.py
[2022-07-12 18:30:15,305] {logging_mixin.py:115} INFO - [2022-07-12 18:30:15,305] {dag.py:2371} INFO - Sync 1 DAGs
[2022-07-12 18:30:15,543] {logging_mixin.py:115} INFO - [2022-07-12 18:30:15,543] {dag.py:2919} INFO - Setting next_dagrun for example_kubernetes_executor to None, run_after=None
[2022-07-12 18:30:15,554] {processor.py:161} INFO - Processing /home/airflow/.local/lib/python3.7/site-packages/airflow/example_dags/example_kubernetes_executor.py took 0.406 seconds
[2022-07-12 18:30:45,771] {processor.py:153} INFO - Started process (PID=210) to work on /home/airflow/.local/lib/python3.7/site-packages/airflow/example_dags/example_kubernetes_executor.py
[2022-07-12 18:30:45,773] {processor.py:641} INFO - Processing file /home/airflow/.local/lib/python3.7/site-packages/airflow/example_dags/example_kubernetes_executor.py for tasks to queue
[2022-07-12 18:30:45,775] {logging_mixin.py:115} INFO - [2022-07-12 18:30:45,775] {dagbag.py:507} INFO - Filling up the DagBag from /home/airflow/.local/lib/python3.7/site-packages/airflow/example_dags/example_kubernetes_executor.py
[2022-07-12 18:30:45,815] {processor.py:651} INFO - DAG(s) dict_keys(['example_kubernetes_executor']) retrieved from /home/airflow/.local/lib/python3.7/site-packages/airflow/example_dags/example_kubernetes_executor.py
[2022-07-12 18:30:45,858] {logging_mixin.py:115} INFO - [2022-07-12 18:30:45,857] {dag.py:2371} INFO - Sync 1 DAGs
[2022-07-12 18:30:46,109] {logging_mixin.py:115} INFO - [2022-07-12 18:30:46,109] {dag.py:2919} INFO - Setting next_dagrun for example_kubernetes_executor to None, run_after=None
[2022-07-12 18:30:46,121] {processor.py:161} INFO - Processing /home/airflow/.local/lib/python3.7/site-packages/airflow/example_dags/example_kubernetes_executor.py took 0.354 seconds
[2022-07-12 18:31:16,242] {processor.py:153} INFO - Started process (PID=273) to work on /home/airflow/.local/lib/python3.7/site-packages/airflow/example_dags/example_kubernetes_executor.py
[2022-07-12 18:31:16,245] {processor.py:641} INFO - Processing file /home/airflow/.local/lib/python3.7/site-packages/airflow/example_dags/example_kubernetes_executor.py for tasks to queue
[2022-07-12 18:31:16,251] {logging_mixin.py:115} INFO - [2022-07-12 18:31:16,250] {dagbag.py:507} INFO - Filling up the DagBag from /home/airflow/.local/lib/python3.7/site-packages/airflow/example_dags/example_kubernetes_executor.py
[2022-07-12 18:31:16,299] {processor.py:651} INFO - DAG(s) dict_keys(['example_kubernetes_executor']) retrieved from /home/airflow/.local/lib/python3.7/site-packages/airflow/example_dags/example_kubernetes_executor.py
[2022-07-12 18:31:16,342] {logging_mixin.py:115} INFO - [2022-07-12 18:31:16,342] {dag.py:2371} INFO - Sync 1 DAGs
[2022-07-12 18:31:16,619] {logging_mixin.py:115} INFO - [2022-07-12 18:31:16,619] {dag.py:2919} INFO - Setting next_dagrun for example_kubernetes_executor to None, run_after=None
[2022-07-12 18:31:16,634] {processor.py:161} INFO - Processing /home/airflow/.local/lib/python3.7/site-packages/airflow/example_dags/example_kubernetes_executor.py took 0.401 seconds
