[2022-07-12 18:08:28,376] {processor.py:153} INFO - Started process (PID=107) to work on /home/airflow/.local/lib/python3.7/site-packages/airflow/example_dags/tutorial_etl_dag.py
[2022-07-12 18:08:28,377] {processor.py:641} INFO - Processing file /home/airflow/.local/lib/python3.7/site-packages/airflow/example_dags/tutorial_etl_dag.py for tasks to queue
[2022-07-12 18:08:28,379] {logging_mixin.py:115} INFO - [2022-07-12 18:08:28,378] {dagbag.py:507} INFO - Filling up the DagBag from /home/airflow/.local/lib/python3.7/site-packages/airflow/example_dags/tutorial_etl_dag.py
[2022-07-12 18:08:28,386] {processor.py:651} INFO - DAG(s) dict_keys(['tutorial_etl_dag']) retrieved from /home/airflow/.local/lib/python3.7/site-packages/airflow/example_dags/tutorial_etl_dag.py
[2022-07-12 18:08:28,599] {logging_mixin.py:115} INFO - [2022-07-12 18:08:28,599] {manager.py:508} INFO - Created Permission View: can read on DAG:tutorial_etl_dag
[2022-07-12 18:08:28,610] {logging_mixin.py:115} INFO - [2022-07-12 18:08:28,610] {manager.py:508} INFO - Created Permission View: can delete on DAG:tutorial_etl_dag
[2022-07-12 18:08:28,617] {logging_mixin.py:115} INFO - [2022-07-12 18:08:28,617] {manager.py:508} INFO - Created Permission View: can edit on DAG:tutorial_etl_dag
[2022-07-12 18:08:28,619] {logging_mixin.py:115} INFO - [2022-07-12 18:08:28,619] {dag.py:2371} INFO - Sync 1 DAGs
[2022-07-12 18:08:28,626] {logging_mixin.py:115} INFO - [2022-07-12 18:08:28,626] {dag.py:2390} INFO - Creating ORM DAG for tutorial_etl_dag
[2022-07-12 18:08:28,635] {logging_mixin.py:115} INFO - [2022-07-12 18:08:28,635] {dag.py:2919} INFO - Setting next_dagrun for tutorial_etl_dag to None, run_after=None
[2022-07-12 18:08:28,647] {processor.py:161} INFO - Processing /home/airflow/.local/lib/python3.7/site-packages/airflow/example_dags/tutorial_etl_dag.py took 0.274 seconds
[2022-07-12 18:09:00,540] {processor.py:153} INFO - Started process (PID=167) to work on /home/airflow/.local/lib/python3.7/site-packages/airflow/example_dags/tutorial_etl_dag.py
[2022-07-12 18:09:00,542] {processor.py:641} INFO - Processing file /home/airflow/.local/lib/python3.7/site-packages/airflow/example_dags/tutorial_etl_dag.py for tasks to queue
[2022-07-12 18:09:00,543] {logging_mixin.py:115} INFO - [2022-07-12 18:09:00,543] {dagbag.py:507} INFO - Filling up the DagBag from /home/airflow/.local/lib/python3.7/site-packages/airflow/example_dags/tutorial_etl_dag.py
[2022-07-12 18:09:00,550] {processor.py:651} INFO - DAG(s) dict_keys(['tutorial_etl_dag']) retrieved from /home/airflow/.local/lib/python3.7/site-packages/airflow/example_dags/tutorial_etl_dag.py
[2022-07-12 18:09:00,580] {logging_mixin.py:115} INFO - [2022-07-12 18:09:00,580] {dag.py:2371} INFO - Sync 1 DAGs
[2022-07-12 18:09:00,610] {logging_mixin.py:115} INFO - [2022-07-12 18:09:00,610] {dag.py:2919} INFO - Setting next_dagrun for tutorial_etl_dag to None, run_after=None
[2022-07-12 18:09:01,253] {processor.py:161} INFO - Processing /home/airflow/.local/lib/python3.7/site-packages/airflow/example_dags/tutorial_etl_dag.py took 0.716 seconds
[2022-07-12 18:09:31,766] {processor.py:153} INFO - Started process (PID=219) to work on /home/airflow/.local/lib/python3.7/site-packages/airflow/example_dags/tutorial_etl_dag.py
[2022-07-12 18:09:31,769] {processor.py:641} INFO - Processing file /home/airflow/.local/lib/python3.7/site-packages/airflow/example_dags/tutorial_etl_dag.py for tasks to queue
[2022-07-12 18:09:31,772] {logging_mixin.py:115} INFO - [2022-07-12 18:09:31,772] {dagbag.py:507} INFO - Filling up the DagBag from /home/airflow/.local/lib/python3.7/site-packages/airflow/example_dags/tutorial_etl_dag.py
[2022-07-12 18:09:31,785] {processor.py:651} INFO - DAG(s) dict_keys(['tutorial_etl_dag']) retrieved from /home/airflow/.local/lib/python3.7/site-packages/airflow/example_dags/tutorial_etl_dag.py
[2022-07-12 18:09:31,808] {logging_mixin.py:115} INFO - [2022-07-12 18:09:31,808] {dag.py:2371} INFO - Sync 1 DAGs
[2022-07-12 18:09:31,832] {logging_mixin.py:115} INFO - [2022-07-12 18:09:31,832] {dag.py:2919} INFO - Setting next_dagrun for tutorial_etl_dag to None, run_after=None
[2022-07-12 18:09:32,050] {processor.py:161} INFO - Processing /home/airflow/.local/lib/python3.7/site-packages/airflow/example_dags/tutorial_etl_dag.py took 0.289 seconds
[2022-07-12 18:10:12,885] {processor.py:153} INFO - Started process (PID=280) to work on /home/airflow/.local/lib/python3.7/site-packages/airflow/example_dags/tutorial_etl_dag.py
[2022-07-12 18:10:12,889] {processor.py:641} INFO - Processing file /home/airflow/.local/lib/python3.7/site-packages/airflow/example_dags/tutorial_etl_dag.py for tasks to queue
[2022-07-12 18:10:12,890] {logging_mixin.py:115} INFO - [2022-07-12 18:10:12,890] {dagbag.py:507} INFO - Filling up the DagBag from /home/airflow/.local/lib/python3.7/site-packages/airflow/example_dags/tutorial_etl_dag.py
[2022-07-12 18:10:12,907] {processor.py:651} INFO - DAG(s) dict_keys(['tutorial_etl_dag']) retrieved from /home/airflow/.local/lib/python3.7/site-packages/airflow/example_dags/tutorial_etl_dag.py
[2022-07-12 18:10:12,965] {logging_mixin.py:115} INFO - [2022-07-12 18:10:12,965] {dag.py:2371} INFO - Sync 1 DAGs
[2022-07-12 18:10:13,018] {logging_mixin.py:115} INFO - [2022-07-12 18:10:13,018] {dag.py:2919} INFO - Setting next_dagrun for tutorial_etl_dag to None, run_after=None
[2022-07-12 18:10:13,486] {processor.py:161} INFO - Processing /home/airflow/.local/lib/python3.7/site-packages/airflow/example_dags/tutorial_etl_dag.py took 0.606 seconds
[2022-07-12 18:10:43,678] {processor.py:153} INFO - Started process (PID=341) to work on /home/airflow/.local/lib/python3.7/site-packages/airflow/example_dags/tutorial_etl_dag.py
[2022-07-12 18:10:43,682] {processor.py:641} INFO - Processing file /home/airflow/.local/lib/python3.7/site-packages/airflow/example_dags/tutorial_etl_dag.py for tasks to queue
[2022-07-12 18:10:43,688] {logging_mixin.py:115} INFO - [2022-07-12 18:10:43,688] {dagbag.py:507} INFO - Filling up the DagBag from /home/airflow/.local/lib/python3.7/site-packages/airflow/example_dags/tutorial_etl_dag.py
[2022-07-12 18:10:43,717] {processor.py:651} INFO - DAG(s) dict_keys(['tutorial_etl_dag']) retrieved from /home/airflow/.local/lib/python3.7/site-packages/airflow/example_dags/tutorial_etl_dag.py
[2022-07-12 18:10:43,818] {logging_mixin.py:115} INFO - [2022-07-12 18:10:43,818] {dag.py:2371} INFO - Sync 1 DAGs
[2022-07-12 18:10:43,859] {logging_mixin.py:115} INFO - [2022-07-12 18:10:43,858] {dag.py:2919} INFO - Setting next_dagrun for tutorial_etl_dag to None, run_after=None
[2022-07-12 18:10:44,493] {processor.py:161} INFO - Processing /home/airflow/.local/lib/python3.7/site-packages/airflow/example_dags/tutorial_etl_dag.py took 0.824 seconds
[2022-07-12 18:11:15,305] {processor.py:153} INFO - Started process (PID=402) to work on /home/airflow/.local/lib/python3.7/site-packages/airflow/example_dags/tutorial_etl_dag.py
[2022-07-12 18:11:15,309] {processor.py:641} INFO - Processing file /home/airflow/.local/lib/python3.7/site-packages/airflow/example_dags/tutorial_etl_dag.py for tasks to queue
[2022-07-12 18:11:15,313] {logging_mixin.py:115} INFO - [2022-07-12 18:11:15,313] {dagbag.py:507} INFO - Filling up the DagBag from /home/airflow/.local/lib/python3.7/site-packages/airflow/example_dags/tutorial_etl_dag.py
[2022-07-12 18:11:15,344] {processor.py:651} INFO - DAG(s) dict_keys(['tutorial_etl_dag']) retrieved from /home/airflow/.local/lib/python3.7/site-packages/airflow/example_dags/tutorial_etl_dag.py
[2022-07-12 18:11:15,432] {logging_mixin.py:115} INFO - [2022-07-12 18:11:15,432] {dag.py:2371} INFO - Sync 1 DAGs
[2022-07-12 18:11:15,484] {logging_mixin.py:115} INFO - [2022-07-12 18:11:15,484] {dag.py:2919} INFO - Setting next_dagrun for tutorial_etl_dag to None, run_after=None
[2022-07-12 18:11:17,032] {processor.py:161} INFO - Processing /home/airflow/.local/lib/python3.7/site-packages/airflow/example_dags/tutorial_etl_dag.py took 1.734 seconds
[2022-07-12 18:11:47,502] {processor.py:153} INFO - Started process (PID=454) to work on /home/airflow/.local/lib/python3.7/site-packages/airflow/example_dags/tutorial_etl_dag.py
[2022-07-12 18:11:47,506] {processor.py:641} INFO - Processing file /home/airflow/.local/lib/python3.7/site-packages/airflow/example_dags/tutorial_etl_dag.py for tasks to queue
[2022-07-12 18:11:47,515] {logging_mixin.py:115} INFO - [2022-07-12 18:11:47,515] {dagbag.py:507} INFO - Filling up the DagBag from /home/airflow/.local/lib/python3.7/site-packages/airflow/example_dags/tutorial_etl_dag.py
[2022-07-12 18:11:47,535] {processor.py:651} INFO - DAG(s) dict_keys(['tutorial_etl_dag']) retrieved from /home/airflow/.local/lib/python3.7/site-packages/airflow/example_dags/tutorial_etl_dag.py
[2022-07-12 18:11:47,658] {logging_mixin.py:115} INFO - [2022-07-12 18:11:47,657] {dag.py:2371} INFO - Sync 1 DAGs
[2022-07-12 18:11:48,600] {logging_mixin.py:115} INFO - [2022-07-12 18:11:48,600] {dag.py:2919} INFO - Setting next_dagrun for tutorial_etl_dag to None, run_after=None
[2022-07-12 18:11:48,639] {processor.py:161} INFO - Processing /home/airflow/.local/lib/python3.7/site-packages/airflow/example_dags/tutorial_etl_dag.py took 1.154 seconds
[2022-07-12 18:12:19,177] {processor.py:153} INFO - Started process (PID=517) to work on /home/airflow/.local/lib/python3.7/site-packages/airflow/example_dags/tutorial_etl_dag.py
[2022-07-12 18:12:19,182] {processor.py:641} INFO - Processing file /home/airflow/.local/lib/python3.7/site-packages/airflow/example_dags/tutorial_etl_dag.py for tasks to queue
[2022-07-12 18:12:19,185] {logging_mixin.py:115} INFO - [2022-07-12 18:12:19,185] {dagbag.py:507} INFO - Filling up the DagBag from /home/airflow/.local/lib/python3.7/site-packages/airflow/example_dags/tutorial_etl_dag.py
[2022-07-12 18:12:19,217] {processor.py:651} INFO - DAG(s) dict_keys(['tutorial_etl_dag']) retrieved from /home/airflow/.local/lib/python3.7/site-packages/airflow/example_dags/tutorial_etl_dag.py
[2022-07-12 18:12:19,297] {logging_mixin.py:115} INFO - [2022-07-12 18:12:19,297] {dag.py:2371} INFO - Sync 1 DAGs
[2022-07-12 18:12:19,761] {logging_mixin.py:115} INFO - [2022-07-12 18:12:19,761] {dag.py:2919} INFO - Setting next_dagrun for tutorial_etl_dag to None, run_after=None
[2022-07-12 18:12:19,779] {processor.py:161} INFO - Processing /home/airflow/.local/lib/python3.7/site-packages/airflow/example_dags/tutorial_etl_dag.py took 0.611 seconds
[2022-07-12 18:12:51,847] {processor.py:153} INFO - Started process (PID=569) to work on /home/airflow/.local/lib/python3.7/site-packages/airflow/example_dags/tutorial_etl_dag.py
[2022-07-12 18:12:51,849] {processor.py:641} INFO - Processing file /home/airflow/.local/lib/python3.7/site-packages/airflow/example_dags/tutorial_etl_dag.py for tasks to queue
[2022-07-12 18:12:51,852] {logging_mixin.py:115} INFO - [2022-07-12 18:12:51,852] {dagbag.py:507} INFO - Filling up the DagBag from /home/airflow/.local/lib/python3.7/site-packages/airflow/example_dags/tutorial_etl_dag.py
[2022-07-12 18:12:51,868] {processor.py:651} INFO - DAG(s) dict_keys(['tutorial_etl_dag']) retrieved from /home/airflow/.local/lib/python3.7/site-packages/airflow/example_dags/tutorial_etl_dag.py
[2022-07-12 18:12:51,924] {logging_mixin.py:115} INFO - [2022-07-12 18:12:51,923] {dag.py:2371} INFO - Sync 1 DAGs
[2022-07-12 18:12:52,316] {logging_mixin.py:115} INFO - [2022-07-12 18:12:52,316] {dag.py:2919} INFO - Setting next_dagrun for tutorial_etl_dag to None, run_after=None
[2022-07-12 18:12:52,331] {processor.py:161} INFO - Processing /home/airflow/.local/lib/python3.7/site-packages/airflow/example_dags/tutorial_etl_dag.py took 0.493 seconds
[2022-07-12 18:13:23,060] {processor.py:153} INFO - Started process (PID=630) to work on /home/airflow/.local/lib/python3.7/site-packages/airflow/example_dags/tutorial_etl_dag.py
[2022-07-12 18:13:23,064] {processor.py:641} INFO - Processing file /home/airflow/.local/lib/python3.7/site-packages/airflow/example_dags/tutorial_etl_dag.py for tasks to queue
[2022-07-12 18:13:23,067] {logging_mixin.py:115} INFO - [2022-07-12 18:13:23,067] {dagbag.py:507} INFO - Filling up the DagBag from /home/airflow/.local/lib/python3.7/site-packages/airflow/example_dags/tutorial_etl_dag.py
[2022-07-12 18:13:23,082] {processor.py:651} INFO - DAG(s) dict_keys(['tutorial_etl_dag']) retrieved from /home/airflow/.local/lib/python3.7/site-packages/airflow/example_dags/tutorial_etl_dag.py
[2022-07-12 18:13:23,132] {logging_mixin.py:115} INFO - [2022-07-12 18:13:23,132] {dag.py:2371} INFO - Sync 1 DAGs
[2022-07-12 18:13:23,429] {logging_mixin.py:115} INFO - [2022-07-12 18:13:23,429] {dag.py:2919} INFO - Setting next_dagrun for tutorial_etl_dag to None, run_after=None
[2022-07-12 18:13:23,448] {processor.py:161} INFO - Processing /home/airflow/.local/lib/python3.7/site-packages/airflow/example_dags/tutorial_etl_dag.py took 0.392 seconds
[2022-07-12 18:13:54,049] {processor.py:153} INFO - Started process (PID=682) to work on /home/airflow/.local/lib/python3.7/site-packages/airflow/example_dags/tutorial_etl_dag.py
[2022-07-12 18:13:54,058] {processor.py:641} INFO - Processing file /home/airflow/.local/lib/python3.7/site-packages/airflow/example_dags/tutorial_etl_dag.py for tasks to queue
[2022-07-12 18:13:54,062] {logging_mixin.py:115} INFO - [2022-07-12 18:13:54,062] {dagbag.py:507} INFO - Filling up the DagBag from /home/airflow/.local/lib/python3.7/site-packages/airflow/example_dags/tutorial_etl_dag.py
[2022-07-12 18:13:54,081] {processor.py:651} INFO - DAG(s) dict_keys(['tutorial_etl_dag']) retrieved from /home/airflow/.local/lib/python3.7/site-packages/airflow/example_dags/tutorial_etl_dag.py
[2022-07-12 18:13:54,124] {logging_mixin.py:115} INFO - [2022-07-12 18:13:54,124] {dag.py:2371} INFO - Sync 1 DAGs
[2022-07-12 18:13:54,353] {logging_mixin.py:115} INFO - [2022-07-12 18:13:54,353] {dag.py:2919} INFO - Setting next_dagrun for tutorial_etl_dag to None, run_after=None
[2022-07-12 18:13:54,367] {processor.py:161} INFO - Processing /home/airflow/.local/lib/python3.7/site-packages/airflow/example_dags/tutorial_etl_dag.py took 0.324 seconds
[2022-07-12 18:14:33,661] {processor.py:153} INFO - Started process (PID=743) to work on /home/airflow/.local/lib/python3.7/site-packages/airflow/example_dags/tutorial_etl_dag.py
[2022-07-12 18:14:33,666] {processor.py:641} INFO - Processing file /home/airflow/.local/lib/python3.7/site-packages/airflow/example_dags/tutorial_etl_dag.py for tasks to queue
[2022-07-12 18:14:33,668] {logging_mixin.py:115} INFO - [2022-07-12 18:14:33,668] {dagbag.py:507} INFO - Filling up the DagBag from /home/airflow/.local/lib/python3.7/site-packages/airflow/example_dags/tutorial_etl_dag.py
[2022-07-12 18:14:33,701] {processor.py:651} INFO - DAG(s) dict_keys(['tutorial_etl_dag']) retrieved from /home/airflow/.local/lib/python3.7/site-packages/airflow/example_dags/tutorial_etl_dag.py
[2022-07-12 18:14:33,807] {logging_mixin.py:115} INFO - [2022-07-12 18:14:33,807] {dag.py:2371} INFO - Sync 1 DAGs
[2022-07-12 18:14:37,411] {logging_mixin.py:115} INFO - [2022-07-12 18:14:37,410] {dag.py:2919} INFO - Setting next_dagrun for tutorial_etl_dag to None, run_after=None
[2022-07-12 18:14:37,486] {processor.py:161} INFO - Processing /home/airflow/.local/lib/python3.7/site-packages/airflow/example_dags/tutorial_etl_dag.py took 3.830 seconds
[2022-07-12 18:15:23,257] {processor.py:153} INFO - Started process (PID=799) to work on /home/airflow/.local/lib/python3.7/site-packages/airflow/example_dags/tutorial_etl_dag.py
[2022-07-12 18:15:23,261] {processor.py:641} INFO - Processing file /home/airflow/.local/lib/python3.7/site-packages/airflow/example_dags/tutorial_etl_dag.py for tasks to queue
[2022-07-12 18:15:23,264] {logging_mixin.py:115} INFO - [2022-07-12 18:15:23,264] {dagbag.py:507} INFO - Filling up the DagBag from /home/airflow/.local/lib/python3.7/site-packages/airflow/example_dags/tutorial_etl_dag.py
[2022-07-12 18:15:23,288] {processor.py:651} INFO - DAG(s) dict_keys(['tutorial_etl_dag']) retrieved from /home/airflow/.local/lib/python3.7/site-packages/airflow/example_dags/tutorial_etl_dag.py
[2022-07-12 18:15:23,363] {logging_mixin.py:115} INFO - [2022-07-12 18:15:23,363] {dag.py:2371} INFO - Sync 1 DAGs
[2022-07-12 18:15:26,307] {logging_mixin.py:115} INFO - [2022-07-12 18:15:26,306] {dag.py:2919} INFO - Setting next_dagrun for tutorial_etl_dag to None, run_after=None
[2022-07-12 18:15:26,344] {processor.py:161} INFO - Processing /home/airflow/.local/lib/python3.7/site-packages/airflow/example_dags/tutorial_etl_dag.py took 3.093 seconds
[2022-07-12 18:16:02,840] {processor.py:153} INFO - Started process (PID=852) to work on /home/airflow/.local/lib/python3.7/site-packages/airflow/example_dags/tutorial_etl_dag.py
[2022-07-12 18:16:02,855] {processor.py:641} INFO - Processing file /home/airflow/.local/lib/python3.7/site-packages/airflow/example_dags/tutorial_etl_dag.py for tasks to queue
[2022-07-12 18:16:02,860] {logging_mixin.py:115} INFO - [2022-07-12 18:16:02,860] {dagbag.py:507} INFO - Filling up the DagBag from /home/airflow/.local/lib/python3.7/site-packages/airflow/example_dags/tutorial_etl_dag.py
[2022-07-12 18:16:02,948] {processor.py:651} INFO - DAG(s) dict_keys(['tutorial_etl_dag']) retrieved from /home/airflow/.local/lib/python3.7/site-packages/airflow/example_dags/tutorial_etl_dag.py
[2022-07-12 18:16:03,706] {logging_mixin.py:115} INFO - [2022-07-12 18:16:03,705] {dag.py:2371} INFO - Sync 1 DAGs
[2022-07-12 18:16:05,795] {logging_mixin.py:115} INFO - [2022-07-12 18:16:05,794] {dag.py:2919} INFO - Setting next_dagrun for tutorial_etl_dag to None, run_after=None
[2022-07-12 18:16:05,955] {processor.py:161} INFO - Processing /home/airflow/.local/lib/python3.7/site-packages/airflow/example_dags/tutorial_etl_dag.py took 3.193 seconds
[2022-07-12 18:16:57,157] {processor.py:153} INFO - Started process (PID=912) to work on /home/airflow/.local/lib/python3.7/site-packages/airflow/example_dags/tutorial_etl_dag.py
[2022-07-12 18:16:57,161] {processor.py:641} INFO - Processing file /home/airflow/.local/lib/python3.7/site-packages/airflow/example_dags/tutorial_etl_dag.py for tasks to queue
[2022-07-12 18:16:57,169] {logging_mixin.py:115} INFO - [2022-07-12 18:16:57,168] {dagbag.py:507} INFO - Filling up the DagBag from /home/airflow/.local/lib/python3.7/site-packages/airflow/example_dags/tutorial_etl_dag.py
[2022-07-12 18:16:57,193] {processor.py:651} INFO - DAG(s) dict_keys(['tutorial_etl_dag']) retrieved from /home/airflow/.local/lib/python3.7/site-packages/airflow/example_dags/tutorial_etl_dag.py
[2022-07-12 18:16:57,240] {logging_mixin.py:115} INFO - [2022-07-12 18:16:57,240] {dag.py:2371} INFO - Sync 1 DAGs
[2022-07-12 18:16:57,768] {logging_mixin.py:115} INFO - [2022-07-12 18:16:57,767] {dag.py:2919} INFO - Setting next_dagrun for tutorial_etl_dag to None, run_after=None
[2022-07-12 18:16:57,795] {processor.py:161} INFO - Processing /home/airflow/.local/lib/python3.7/site-packages/airflow/example_dags/tutorial_etl_dag.py took 0.644 seconds
[2022-07-12 18:17:28,896] {processor.py:153} INFO - Started process (PID=966) to work on /home/airflow/.local/lib/python3.7/site-packages/airflow/example_dags/tutorial_etl_dag.py
[2022-07-12 18:17:28,904] {processor.py:641} INFO - Processing file /home/airflow/.local/lib/python3.7/site-packages/airflow/example_dags/tutorial_etl_dag.py for tasks to queue
[2022-07-12 18:17:28,913] {logging_mixin.py:115} INFO - [2022-07-12 18:17:28,912] {dagbag.py:507} INFO - Filling up the DagBag from /home/airflow/.local/lib/python3.7/site-packages/airflow/example_dags/tutorial_etl_dag.py
[2022-07-12 18:17:28,979] {processor.py:651} INFO - DAG(s) dict_keys(['tutorial_etl_dag']) retrieved from /home/airflow/.local/lib/python3.7/site-packages/airflow/example_dags/tutorial_etl_dag.py
[2022-07-12 18:17:29,090] {logging_mixin.py:115} INFO - [2022-07-12 18:17:29,090] {dag.py:2371} INFO - Sync 1 DAGs
[2022-07-12 18:17:29,933] {logging_mixin.py:115} INFO - [2022-07-12 18:17:29,932] {dag.py:2919} INFO - Setting next_dagrun for tutorial_etl_dag to None, run_after=None
[2022-07-12 18:17:29,983] {processor.py:161} INFO - Processing /home/airflow/.local/lib/python3.7/site-packages/airflow/example_dags/tutorial_etl_dag.py took 1.097 seconds
[2022-07-12 18:18:00,148] {processor.py:153} INFO - Started process (PID=1018) to work on /home/airflow/.local/lib/python3.7/site-packages/airflow/example_dags/tutorial_etl_dag.py
[2022-07-12 18:18:00,151] {processor.py:641} INFO - Processing file /home/airflow/.local/lib/python3.7/site-packages/airflow/example_dags/tutorial_etl_dag.py for tasks to queue
[2022-07-12 18:18:00,157] {logging_mixin.py:115} INFO - [2022-07-12 18:18:00,157] {dagbag.py:507} INFO - Filling up the DagBag from /home/airflow/.local/lib/python3.7/site-packages/airflow/example_dags/tutorial_etl_dag.py
[2022-07-12 18:18:00,172] {processor.py:651} INFO - DAG(s) dict_keys(['tutorial_etl_dag']) retrieved from /home/airflow/.local/lib/python3.7/site-packages/airflow/example_dags/tutorial_etl_dag.py
[2022-07-12 18:18:00,350] {logging_mixin.py:115} INFO - [2022-07-12 18:18:00,350] {dag.py:2371} INFO - Sync 1 DAGs
[2022-07-12 18:18:00,997] {logging_mixin.py:115} INFO - [2022-07-12 18:18:00,997] {dag.py:2919} INFO - Setting next_dagrun for tutorial_etl_dag to None, run_after=None
[2022-07-12 18:18:01,024] {processor.py:161} INFO - Processing /home/airflow/.local/lib/python3.7/site-packages/airflow/example_dags/tutorial_etl_dag.py took 0.885 seconds
[2022-07-12 18:18:32,087] {processor.py:153} INFO - Started process (PID=1070) to work on /home/airflow/.local/lib/python3.7/site-packages/airflow/example_dags/tutorial_etl_dag.py
[2022-07-12 18:18:32,090] {processor.py:641} INFO - Processing file /home/airflow/.local/lib/python3.7/site-packages/airflow/example_dags/tutorial_etl_dag.py for tasks to queue
[2022-07-12 18:18:32,097] {logging_mixin.py:115} INFO - [2022-07-12 18:18:32,097] {dagbag.py:507} INFO - Filling up the DagBag from /home/airflow/.local/lib/python3.7/site-packages/airflow/example_dags/tutorial_etl_dag.py
[2022-07-12 18:18:32,117] {processor.py:651} INFO - DAG(s) dict_keys(['tutorial_etl_dag']) retrieved from /home/airflow/.local/lib/python3.7/site-packages/airflow/example_dags/tutorial_etl_dag.py
[2022-07-12 18:18:32,168] {logging_mixin.py:115} INFO - [2022-07-12 18:18:32,168] {dag.py:2371} INFO - Sync 1 DAGs
[2022-07-12 18:18:32,668] {logging_mixin.py:115} INFO - [2022-07-12 18:18:32,668] {dag.py:2919} INFO - Setting next_dagrun for tutorial_etl_dag to None, run_after=None
[2022-07-12 18:18:32,685] {processor.py:161} INFO - Processing /home/airflow/.local/lib/python3.7/site-packages/airflow/example_dags/tutorial_etl_dag.py took 0.608 seconds
[2022-07-12 18:19:03,565] {processor.py:153} INFO - Started process (PID=1131) to work on /home/airflow/.local/lib/python3.7/site-packages/airflow/example_dags/tutorial_etl_dag.py
[2022-07-12 18:19:03,568] {processor.py:641} INFO - Processing file /home/airflow/.local/lib/python3.7/site-packages/airflow/example_dags/tutorial_etl_dag.py for tasks to queue
[2022-07-12 18:19:03,571] {logging_mixin.py:115} INFO - [2022-07-12 18:19:03,571] {dagbag.py:507} INFO - Filling up the DagBag from /home/airflow/.local/lib/python3.7/site-packages/airflow/example_dags/tutorial_etl_dag.py
[2022-07-12 18:19:03,586] {processor.py:651} INFO - DAG(s) dict_keys(['tutorial_etl_dag']) retrieved from /home/airflow/.local/lib/python3.7/site-packages/airflow/example_dags/tutorial_etl_dag.py
[2022-07-12 18:19:03,653] {logging_mixin.py:115} INFO - [2022-07-12 18:19:03,653] {dag.py:2371} INFO - Sync 1 DAGs
[2022-07-12 18:19:04,139] {logging_mixin.py:115} INFO - [2022-07-12 18:19:04,139] {dag.py:2919} INFO - Setting next_dagrun for tutorial_etl_dag to None, run_after=None
[2022-07-12 18:19:04,162] {processor.py:161} INFO - Processing /home/airflow/.local/lib/python3.7/site-packages/airflow/example_dags/tutorial_etl_dag.py took 0.605 seconds
[2022-07-12 18:19:34,372] {processor.py:153} INFO - Started process (PID=1184) to work on /home/airflow/.local/lib/python3.7/site-packages/airflow/example_dags/tutorial_etl_dag.py
[2022-07-12 18:19:34,376] {processor.py:641} INFO - Processing file /home/airflow/.local/lib/python3.7/site-packages/airflow/example_dags/tutorial_etl_dag.py for tasks to queue
[2022-07-12 18:19:34,382] {logging_mixin.py:115} INFO - [2022-07-12 18:19:34,382] {dagbag.py:507} INFO - Filling up the DagBag from /home/airflow/.local/lib/python3.7/site-packages/airflow/example_dags/tutorial_etl_dag.py
[2022-07-12 18:19:34,400] {processor.py:651} INFO - DAG(s) dict_keys(['tutorial_etl_dag']) retrieved from /home/airflow/.local/lib/python3.7/site-packages/airflow/example_dags/tutorial_etl_dag.py
[2022-07-12 18:19:34,470] {logging_mixin.py:115} INFO - [2022-07-12 18:19:34,470] {dag.py:2371} INFO - Sync 1 DAGs
[2022-07-12 18:19:34,837] {logging_mixin.py:115} INFO - [2022-07-12 18:19:34,837] {dag.py:2919} INFO - Setting next_dagrun for tutorial_etl_dag to None, run_after=None
[2022-07-12 18:19:34,856] {processor.py:161} INFO - Processing /home/airflow/.local/lib/python3.7/site-packages/airflow/example_dags/tutorial_etl_dag.py took 0.496 seconds
[2022-07-12 18:20:05,895] {processor.py:153} INFO - Started process (PID=1244) to work on /home/airflow/.local/lib/python3.7/site-packages/airflow/example_dags/tutorial_etl_dag.py
[2022-07-12 18:20:05,902] {processor.py:641} INFO - Processing file /home/airflow/.local/lib/python3.7/site-packages/airflow/example_dags/tutorial_etl_dag.py for tasks to queue
[2022-07-12 18:20:05,905] {logging_mixin.py:115} INFO - [2022-07-12 18:20:05,904] {dagbag.py:507} INFO - Filling up the DagBag from /home/airflow/.local/lib/python3.7/site-packages/airflow/example_dags/tutorial_etl_dag.py
[2022-07-12 18:20:05,928] {processor.py:651} INFO - DAG(s) dict_keys(['tutorial_etl_dag']) retrieved from /home/airflow/.local/lib/python3.7/site-packages/airflow/example_dags/tutorial_etl_dag.py
[2022-07-12 18:20:06,061] {logging_mixin.py:115} INFO - [2022-07-12 18:20:06,060] {dag.py:2371} INFO - Sync 1 DAGs
[2022-07-12 18:20:06,685] {logging_mixin.py:115} INFO - [2022-07-12 18:20:06,684] {dag.py:2919} INFO - Setting next_dagrun for tutorial_etl_dag to None, run_after=None
[2022-07-12 18:20:06,704] {processor.py:161} INFO - Processing /home/airflow/.local/lib/python3.7/site-packages/airflow/example_dags/tutorial_etl_dag.py took 0.816 seconds
[2022-07-12 18:20:37,187] {processor.py:153} INFO - Started process (PID=1297) to work on /home/airflow/.local/lib/python3.7/site-packages/airflow/example_dags/tutorial_etl_dag.py
[2022-07-12 18:20:37,190] {processor.py:641} INFO - Processing file /home/airflow/.local/lib/python3.7/site-packages/airflow/example_dags/tutorial_etl_dag.py for tasks to queue
[2022-07-12 18:20:37,192] {logging_mixin.py:115} INFO - [2022-07-12 18:20:37,192] {dagbag.py:507} INFO - Filling up the DagBag from /home/airflow/.local/lib/python3.7/site-packages/airflow/example_dags/tutorial_etl_dag.py
[2022-07-12 18:20:37,205] {processor.py:651} INFO - DAG(s) dict_keys(['tutorial_etl_dag']) retrieved from /home/airflow/.local/lib/python3.7/site-packages/airflow/example_dags/tutorial_etl_dag.py
[2022-07-12 18:20:37,237] {logging_mixin.py:115} INFO - [2022-07-12 18:20:37,237] {dag.py:2371} INFO - Sync 1 DAGs
[2022-07-12 18:20:37,357] {logging_mixin.py:115} INFO - [2022-07-12 18:20:37,356] {dag.py:2919} INFO - Setting next_dagrun for tutorial_etl_dag to None, run_after=None
[2022-07-12 18:20:37,366] {processor.py:161} INFO - Processing /home/airflow/.local/lib/python3.7/site-packages/airflow/example_dags/tutorial_etl_dag.py took 0.187 seconds
[2022-07-12 18:21:07,942] {processor.py:153} INFO - Started process (PID=1358) to work on /home/airflow/.local/lib/python3.7/site-packages/airflow/example_dags/tutorial_etl_dag.py
[2022-07-12 18:21:07,945] {processor.py:641} INFO - Processing file /home/airflow/.local/lib/python3.7/site-packages/airflow/example_dags/tutorial_etl_dag.py for tasks to queue
[2022-07-12 18:21:07,947] {logging_mixin.py:115} INFO - [2022-07-12 18:21:07,946] {dagbag.py:507} INFO - Filling up the DagBag from /home/airflow/.local/lib/python3.7/site-packages/airflow/example_dags/tutorial_etl_dag.py
[2022-07-12 18:21:07,955] {processor.py:651} INFO - DAG(s) dict_keys(['tutorial_etl_dag']) retrieved from /home/airflow/.local/lib/python3.7/site-packages/airflow/example_dags/tutorial_etl_dag.py
[2022-07-12 18:21:07,988] {logging_mixin.py:115} INFO - [2022-07-12 18:21:07,988] {dag.py:2371} INFO - Sync 1 DAGs
[2022-07-12 18:21:08,140] {logging_mixin.py:115} INFO - [2022-07-12 18:21:08,140] {dag.py:2919} INFO - Setting next_dagrun for tutorial_etl_dag to None, run_after=None
[2022-07-12 18:21:08,151] {processor.py:161} INFO - Processing /home/airflow/.local/lib/python3.7/site-packages/airflow/example_dags/tutorial_etl_dag.py took 0.212 seconds
[2022-07-12 18:25:28,189] {processor.py:153} INFO - Started process (PID=65) to work on /home/airflow/.local/lib/python3.7/site-packages/airflow/example_dags/tutorial_etl_dag.py
[2022-07-12 18:25:28,203] {processor.py:641} INFO - Processing file /home/airflow/.local/lib/python3.7/site-packages/airflow/example_dags/tutorial_etl_dag.py for tasks to queue
[2022-07-12 18:25:28,208] {logging_mixin.py:115} INFO - [2022-07-12 18:25:28,208] {dagbag.py:507} INFO - Filling up the DagBag from /home/airflow/.local/lib/python3.7/site-packages/airflow/example_dags/tutorial_etl_dag.py
[2022-07-12 18:25:28,262] {processor.py:651} INFO - DAG(s) dict_keys(['tutorial_etl_dag']) retrieved from /home/airflow/.local/lib/python3.7/site-packages/airflow/example_dags/tutorial_etl_dag.py
[2022-07-12 18:25:29,022] {logging_mixin.py:115} INFO - [2022-07-12 18:25:29,022] {manager.py:508} INFO - Created Permission View: can read on DAG:tutorial_etl_dag
[2022-07-12 18:25:29,057] {logging_mixin.py:115} INFO - [2022-07-12 18:25:29,057] {manager.py:508} INFO - Created Permission View: can edit on DAG:tutorial_etl_dag
[2022-07-12 18:25:29,084] {logging_mixin.py:115} INFO - [2022-07-12 18:25:29,084] {manager.py:508} INFO - Created Permission View: can delete on DAG:tutorial_etl_dag
[2022-07-12 18:25:29,093] {logging_mixin.py:115} INFO - [2022-07-12 18:25:29,092] {dag.py:2371} INFO - Sync 1 DAGs
[2022-07-12 18:25:29,134] {logging_mixin.py:115} INFO - [2022-07-12 18:25:29,134] {dag.py:2390} INFO - Creating ORM DAG for tutorial_etl_dag
[2022-07-12 18:25:29,163] {logging_mixin.py:115} INFO - [2022-07-12 18:25:29,163] {dag.py:2919} INFO - Setting next_dagrun for tutorial_etl_dag to None, run_after=None
[2022-07-12 18:25:29,206] {processor.py:161} INFO - Processing /home/airflow/.local/lib/python3.7/site-packages/airflow/example_dags/tutorial_etl_dag.py took 1.035 seconds
[2022-07-12 18:25:59,670] {processor.py:153} INFO - Started process (PID=127) to work on /home/airflow/.local/lib/python3.7/site-packages/airflow/example_dags/tutorial_etl_dag.py
[2022-07-12 18:25:59,673] {processor.py:641} INFO - Processing file /home/airflow/.local/lib/python3.7/site-packages/airflow/example_dags/tutorial_etl_dag.py for tasks to queue
[2022-07-12 18:25:59,675] {logging_mixin.py:115} INFO - [2022-07-12 18:25:59,675] {dagbag.py:507} INFO - Filling up the DagBag from /home/airflow/.local/lib/python3.7/site-packages/airflow/example_dags/tutorial_etl_dag.py
[2022-07-12 18:25:59,696] {processor.py:651} INFO - DAG(s) dict_keys(['tutorial_etl_dag']) retrieved from /home/airflow/.local/lib/python3.7/site-packages/airflow/example_dags/tutorial_etl_dag.py
[2022-07-12 18:25:59,738] {logging_mixin.py:115} INFO - [2022-07-12 18:25:59,738] {dag.py:2371} INFO - Sync 1 DAGs
[2022-07-12 18:25:59,762] {logging_mixin.py:115} INFO - [2022-07-12 18:25:59,762] {dag.py:2919} INFO - Setting next_dagrun for tutorial_etl_dag to None, run_after=None
[2022-07-12 18:26:00,015] {processor.py:161} INFO - Processing /home/airflow/.local/lib/python3.7/site-packages/airflow/example_dags/tutorial_etl_dag.py took 0.352 seconds
[2022-07-12 18:26:30,189] {processor.py:153} INFO - Started process (PID=188) to work on /home/airflow/.local/lib/python3.7/site-packages/airflow/example_dags/tutorial_etl_dag.py
[2022-07-12 18:26:30,191] {processor.py:641} INFO - Processing file /home/airflow/.local/lib/python3.7/site-packages/airflow/example_dags/tutorial_etl_dag.py for tasks to queue
[2022-07-12 18:26:30,193] {logging_mixin.py:115} INFO - [2022-07-12 18:26:30,193] {dagbag.py:507} INFO - Filling up the DagBag from /home/airflow/.local/lib/python3.7/site-packages/airflow/example_dags/tutorial_etl_dag.py
[2022-07-12 18:26:30,210] {processor.py:651} INFO - DAG(s) dict_keys(['tutorial_etl_dag']) retrieved from /home/airflow/.local/lib/python3.7/site-packages/airflow/example_dags/tutorial_etl_dag.py
[2022-07-12 18:26:30,285] {logging_mixin.py:115} INFO - [2022-07-12 18:26:30,285] {dag.py:2371} INFO - Sync 1 DAGs
[2022-07-12 18:26:30,327] {logging_mixin.py:115} INFO - [2022-07-12 18:26:30,327] {dag.py:2919} INFO - Setting next_dagrun for tutorial_etl_dag to None, run_after=None
[2022-07-12 18:26:30,670] {processor.py:161} INFO - Processing /home/airflow/.local/lib/python3.7/site-packages/airflow/example_dags/tutorial_etl_dag.py took 0.489 seconds
[2022-07-12 18:29:16,221] {processor.py:153} INFO - Started process (PID=57) to work on /home/airflow/.local/lib/python3.7/site-packages/airflow/example_dags/tutorial_etl_dag.py
[2022-07-12 18:29:16,225] {processor.py:641} INFO - Processing file /home/airflow/.local/lib/python3.7/site-packages/airflow/example_dags/tutorial_etl_dag.py for tasks to queue
[2022-07-12 18:29:16,232] {logging_mixin.py:115} INFO - [2022-07-12 18:29:16,232] {dagbag.py:507} INFO - Filling up the DagBag from /home/airflow/.local/lib/python3.7/site-packages/airflow/example_dags/tutorial_etl_dag.py
[2022-07-12 18:29:16,259] {processor.py:651} INFO - DAG(s) dict_keys(['tutorial_etl_dag']) retrieved from /home/airflow/.local/lib/python3.7/site-packages/airflow/example_dags/tutorial_etl_dag.py
[2022-07-12 18:29:16,369] {logging_mixin.py:115} INFO - [2022-07-12 18:29:16,368] {dag.py:2371} INFO - Sync 1 DAGs
[2022-07-12 18:29:16,430] {logging_mixin.py:115} INFO - [2022-07-12 18:29:16,430] {dag.py:2919} INFO - Setting next_dagrun for tutorial_etl_dag to None, run_after=None
[2022-07-12 18:29:16,829] {processor.py:161} INFO - Processing /home/airflow/.local/lib/python3.7/site-packages/airflow/example_dags/tutorial_etl_dag.py took 0.613 seconds
[2022-07-12 18:29:47,676] {processor.py:153} INFO - Started process (PID=109) to work on /home/airflow/.local/lib/python3.7/site-packages/airflow/example_dags/tutorial_etl_dag.py
[2022-07-12 18:29:47,678] {processor.py:641} INFO - Processing file /home/airflow/.local/lib/python3.7/site-packages/airflow/example_dags/tutorial_etl_dag.py for tasks to queue
[2022-07-12 18:29:47,679] {logging_mixin.py:115} INFO - [2022-07-12 18:29:47,679] {dagbag.py:507} INFO - Filling up the DagBag from /home/airflow/.local/lib/python3.7/site-packages/airflow/example_dags/tutorial_etl_dag.py
[2022-07-12 18:29:47,704] {processor.py:651} INFO - DAG(s) dict_keys(['tutorial_etl_dag']) retrieved from /home/airflow/.local/lib/python3.7/site-packages/airflow/example_dags/tutorial_etl_dag.py
[2022-07-12 18:29:47,734] {logging_mixin.py:115} INFO - [2022-07-12 18:29:47,734] {dag.py:2371} INFO - Sync 1 DAGs
[2022-07-12 18:29:47,762] {logging_mixin.py:115} INFO - [2022-07-12 18:29:47,762] {dag.py:2919} INFO - Setting next_dagrun for tutorial_etl_dag to None, run_after=None
[2022-07-12 18:29:47,983] {processor.py:161} INFO - Processing /home/airflow/.local/lib/python3.7/site-packages/airflow/example_dags/tutorial_etl_dag.py took 0.311 seconds
[2022-07-12 18:30:18,126] {processor.py:153} INFO - Started process (PID=170) to work on /home/airflow/.local/lib/python3.7/site-packages/airflow/example_dags/tutorial_etl_dag.py
[2022-07-12 18:30:18,132] {processor.py:641} INFO - Processing file /home/airflow/.local/lib/python3.7/site-packages/airflow/example_dags/tutorial_etl_dag.py for tasks to queue
[2022-07-12 18:30:18,134] {logging_mixin.py:115} INFO - [2022-07-12 18:30:18,134] {dagbag.py:507} INFO - Filling up the DagBag from /home/airflow/.local/lib/python3.7/site-packages/airflow/example_dags/tutorial_etl_dag.py
[2022-07-12 18:30:18,144] {processor.py:651} INFO - DAG(s) dict_keys(['tutorial_etl_dag']) retrieved from /home/airflow/.local/lib/python3.7/site-packages/airflow/example_dags/tutorial_etl_dag.py
[2022-07-12 18:30:18,173] {logging_mixin.py:115} INFO - [2022-07-12 18:30:18,173] {dag.py:2371} INFO - Sync 1 DAGs
[2022-07-12 18:30:18,200] {logging_mixin.py:115} INFO - [2022-07-12 18:30:18,200] {dag.py:2919} INFO - Setting next_dagrun for tutorial_etl_dag to None, run_after=None
[2022-07-12 18:30:18,458] {processor.py:161} INFO - Processing /home/airflow/.local/lib/python3.7/site-packages/airflow/example_dags/tutorial_etl_dag.py took 0.334 seconds
[2022-07-12 18:30:49,456] {processor.py:153} INFO - Started process (PID=232) to work on /home/airflow/.local/lib/python3.7/site-packages/airflow/example_dags/tutorial_etl_dag.py
[2022-07-12 18:30:49,458] {processor.py:641} INFO - Processing file /home/airflow/.local/lib/python3.7/site-packages/airflow/example_dags/tutorial_etl_dag.py for tasks to queue
[2022-07-12 18:30:49,461] {logging_mixin.py:115} INFO - [2022-07-12 18:30:49,461] {dagbag.py:507} INFO - Filling up the DagBag from /home/airflow/.local/lib/python3.7/site-packages/airflow/example_dags/tutorial_etl_dag.py
[2022-07-12 18:30:49,477] {processor.py:651} INFO - DAG(s) dict_keys(['tutorial_etl_dag']) retrieved from /home/airflow/.local/lib/python3.7/site-packages/airflow/example_dags/tutorial_etl_dag.py
[2022-07-12 18:30:49,517] {logging_mixin.py:115} INFO - [2022-07-12 18:30:49,517] {dag.py:2371} INFO - Sync 1 DAGs
[2022-07-12 18:30:49,539] {logging_mixin.py:115} INFO - [2022-07-12 18:30:49,539] {dag.py:2919} INFO - Setting next_dagrun for tutorial_etl_dag to None, run_after=None
[2022-07-12 18:30:49,758] {processor.py:161} INFO - Processing /home/airflow/.local/lib/python3.7/site-packages/airflow/example_dags/tutorial_etl_dag.py took 0.306 seconds
[2022-07-12 18:31:20,157] {processor.py:153} INFO - Started process (PID=286) to work on /home/airflow/.local/lib/python3.7/site-packages/airflow/example_dags/tutorial_etl_dag.py
[2022-07-12 18:31:20,160] {processor.py:641} INFO - Processing file /home/airflow/.local/lib/python3.7/site-packages/airflow/example_dags/tutorial_etl_dag.py for tasks to queue
[2022-07-12 18:31:20,163] {logging_mixin.py:115} INFO - [2022-07-12 18:31:20,163] {dagbag.py:507} INFO - Filling up the DagBag from /home/airflow/.local/lib/python3.7/site-packages/airflow/example_dags/tutorial_etl_dag.py
[2022-07-12 18:31:20,183] {processor.py:651} INFO - DAG(s) dict_keys(['tutorial_etl_dag']) retrieved from /home/airflow/.local/lib/python3.7/site-packages/airflow/example_dags/tutorial_etl_dag.py
[2022-07-12 18:31:20,253] {logging_mixin.py:115} INFO - [2022-07-12 18:31:20,253] {dag.py:2371} INFO - Sync 1 DAGs
[2022-07-12 18:31:20,290] {logging_mixin.py:115} INFO - [2022-07-12 18:31:20,290] {dag.py:2919} INFO - Setting next_dagrun for tutorial_etl_dag to None, run_after=None
[2022-07-12 18:31:20,546] {processor.py:161} INFO - Processing /home/airflow/.local/lib/python3.7/site-packages/airflow/example_dags/tutorial_etl_dag.py took 0.397 seconds
