[2022-07-12 18:08:28,696] {processor.py:153} INFO - Started process (PID=109) to work on /home/airflow/.local/lib/python3.7/site-packages/airflow/example_dags/tutorial_taskflow_api_etl.py
[2022-07-12 18:08:28,698] {processor.py:641} INFO - Processing file /home/airflow/.local/lib/python3.7/site-packages/airflow/example_dags/tutorial_taskflow_api_etl.py for tasks to queue
[2022-07-12 18:08:28,699] {logging_mixin.py:115} INFO - [2022-07-12 18:08:28,699] {dagbag.py:507} INFO - Filling up the DagBag from /home/airflow/.local/lib/python3.7/site-packages/airflow/example_dags/tutorial_taskflow_api_etl.py
[2022-07-12 18:08:28,711] {processor.py:651} INFO - DAG(s) dict_keys(['tutorial_taskflow_api_etl']) retrieved from /home/airflow/.local/lib/python3.7/site-packages/airflow/example_dags/tutorial_taskflow_api_etl.py
[2022-07-12 18:08:28,878] {logging_mixin.py:115} INFO - [2022-07-12 18:08:28,878] {manager.py:508} INFO - Created Permission View: can read on DAG:tutorial_taskflow_api_etl
[2022-07-12 18:08:28,898] {logging_mixin.py:115} INFO - [2022-07-12 18:08:28,897] {manager.py:508} INFO - Created Permission View: can delete on DAG:tutorial_taskflow_api_etl
[2022-07-12 18:08:28,910] {logging_mixin.py:115} INFO - [2022-07-12 18:08:28,910] {manager.py:508} INFO - Created Permission View: can edit on DAG:tutorial_taskflow_api_etl
[2022-07-12 18:08:28,911] {logging_mixin.py:115} INFO - [2022-07-12 18:08:28,911] {dag.py:2371} INFO - Sync 1 DAGs
[2022-07-12 18:08:28,919] {logging_mixin.py:115} INFO - [2022-07-12 18:08:28,919] {dag.py:2390} INFO - Creating ORM DAG for tutorial_taskflow_api_etl
[2022-07-12 18:08:28,929] {logging_mixin.py:115} INFO - [2022-07-12 18:08:28,928] {dag.py:2919} INFO - Setting next_dagrun for tutorial_taskflow_api_etl to None, run_after=None
[2022-07-12 18:08:28,938] {processor.py:161} INFO - Processing /home/airflow/.local/lib/python3.7/site-packages/airflow/example_dags/tutorial_taskflow_api_etl.py took 0.244 seconds
[2022-07-12 18:09:01,333] {processor.py:153} INFO - Started process (PID=169) to work on /home/airflow/.local/lib/python3.7/site-packages/airflow/example_dags/tutorial_taskflow_api_etl.py
[2022-07-12 18:09:01,337] {processor.py:641} INFO - Processing file /home/airflow/.local/lib/python3.7/site-packages/airflow/example_dags/tutorial_taskflow_api_etl.py for tasks to queue
[2022-07-12 18:09:01,342] {logging_mixin.py:115} INFO - [2022-07-12 18:09:01,342] {dagbag.py:507} INFO - Filling up the DagBag from /home/airflow/.local/lib/python3.7/site-packages/airflow/example_dags/tutorial_taskflow_api_etl.py
[2022-07-12 18:09:01,364] {processor.py:651} INFO - DAG(s) dict_keys(['tutorial_taskflow_api_etl']) retrieved from /home/airflow/.local/lib/python3.7/site-packages/airflow/example_dags/tutorial_taskflow_api_etl.py
[2022-07-12 18:09:02,015] {logging_mixin.py:115} INFO - [2022-07-12 18:09:02,015] {dag.py:2371} INFO - Sync 1 DAGs
[2022-07-12 18:09:02,062] {logging_mixin.py:115} INFO - [2022-07-12 18:09:02,062] {dag.py:2919} INFO - Setting next_dagrun for tutorial_taskflow_api_etl to None, run_after=None
[2022-07-12 18:09:02,100] {processor.py:161} INFO - Processing /home/airflow/.local/lib/python3.7/site-packages/airflow/example_dags/tutorial_taskflow_api_etl.py took 0.771 seconds
[2022-07-12 18:09:32,291] {processor.py:153} INFO - Started process (PID=221) to work on /home/airflow/.local/lib/python3.7/site-packages/airflow/example_dags/tutorial_taskflow_api_etl.py
[2022-07-12 18:09:32,292] {processor.py:641} INFO - Processing file /home/airflow/.local/lib/python3.7/site-packages/airflow/example_dags/tutorial_taskflow_api_etl.py for tasks to queue
[2022-07-12 18:09:32,293] {logging_mixin.py:115} INFO - [2022-07-12 18:09:32,293] {dagbag.py:507} INFO - Filling up the DagBag from /home/airflow/.local/lib/python3.7/site-packages/airflow/example_dags/tutorial_taskflow_api_etl.py
[2022-07-12 18:09:32,315] {processor.py:651} INFO - DAG(s) dict_keys(['tutorial_taskflow_api_etl']) retrieved from /home/airflow/.local/lib/python3.7/site-packages/airflow/example_dags/tutorial_taskflow_api_etl.py
[2022-07-12 18:09:32,614] {logging_mixin.py:115} INFO - [2022-07-12 18:09:32,614] {dag.py:2371} INFO - Sync 1 DAGs
[2022-07-12 18:09:32,630] {logging_mixin.py:115} INFO - [2022-07-12 18:09:32,630] {dag.py:2919} INFO - Setting next_dagrun for tutorial_taskflow_api_etl to None, run_after=None
[2022-07-12 18:09:32,639] {processor.py:161} INFO - Processing /home/airflow/.local/lib/python3.7/site-packages/airflow/example_dags/tutorial_taskflow_api_etl.py took 0.353 seconds
[2022-07-12 18:10:14,883] {processor.py:153} INFO - Started process (PID=285) to work on /home/airflow/.local/lib/python3.7/site-packages/airflow/example_dags/tutorial_taskflow_api_etl.py
[2022-07-12 18:10:14,887] {processor.py:641} INFO - Processing file /home/airflow/.local/lib/python3.7/site-packages/airflow/example_dags/tutorial_taskflow_api_etl.py for tasks to queue
[2022-07-12 18:10:14,891] {logging_mixin.py:115} INFO - [2022-07-12 18:10:14,891] {dagbag.py:507} INFO - Filling up the DagBag from /home/airflow/.local/lib/python3.7/site-packages/airflow/example_dags/tutorial_taskflow_api_etl.py
[2022-07-12 18:10:14,947] {processor.py:651} INFO - DAG(s) dict_keys(['tutorial_taskflow_api_etl']) retrieved from /home/airflow/.local/lib/python3.7/site-packages/airflow/example_dags/tutorial_taskflow_api_etl.py
[2022-07-12 18:10:15,522] {logging_mixin.py:115} INFO - [2022-07-12 18:10:15,522] {dag.py:2371} INFO - Sync 1 DAGs
[2022-07-12 18:10:15,546] {logging_mixin.py:115} INFO - [2022-07-12 18:10:15,546] {dag.py:2919} INFO - Setting next_dagrun for tutorial_taskflow_api_etl to None, run_after=None
[2022-07-12 18:10:15,561] {processor.py:161} INFO - Processing /home/airflow/.local/lib/python3.7/site-packages/airflow/example_dags/tutorial_taskflow_api_etl.py took 0.682 seconds
[2022-07-12 18:10:46,631] {processor.py:153} INFO - Started process (PID=346) to work on /home/airflow/.local/lib/python3.7/site-packages/airflow/example_dags/tutorial_taskflow_api_etl.py
[2022-07-12 18:10:46,633] {processor.py:641} INFO - Processing file /home/airflow/.local/lib/python3.7/site-packages/airflow/example_dags/tutorial_taskflow_api_etl.py for tasks to queue
[2022-07-12 18:10:46,635] {logging_mixin.py:115} INFO - [2022-07-12 18:10:46,635] {dagbag.py:507} INFO - Filling up the DagBag from /home/airflow/.local/lib/python3.7/site-packages/airflow/example_dags/tutorial_taskflow_api_etl.py
[2022-07-12 18:10:46,653] {processor.py:651} INFO - DAG(s) dict_keys(['tutorial_taskflow_api_etl']) retrieved from /home/airflow/.local/lib/python3.7/site-packages/airflow/example_dags/tutorial_taskflow_api_etl.py
[2022-07-12 18:10:48,829] {logging_mixin.py:115} INFO - [2022-07-12 18:10:48,829] {dag.py:2371} INFO - Sync 1 DAGs
[2022-07-12 18:10:48,868] {logging_mixin.py:115} INFO - [2022-07-12 18:10:48,868] {dag.py:2919} INFO - Setting next_dagrun for tutorial_taskflow_api_etl to None, run_after=None
[2022-07-12 18:10:48,937] {processor.py:161} INFO - Processing /home/airflow/.local/lib/python3.7/site-packages/airflow/example_dags/tutorial_taskflow_api_etl.py took 2.308 seconds
[2022-07-12 18:11:19,250] {processor.py:153} INFO - Started process (PID=407) to work on /home/airflow/.local/lib/python3.7/site-packages/airflow/example_dags/tutorial_taskflow_api_etl.py
[2022-07-12 18:11:19,253] {processor.py:641} INFO - Processing file /home/airflow/.local/lib/python3.7/site-packages/airflow/example_dags/tutorial_taskflow_api_etl.py for tasks to queue
[2022-07-12 18:11:19,254] {logging_mixin.py:115} INFO - [2022-07-12 18:11:19,254] {dagbag.py:507} INFO - Filling up the DagBag from /home/airflow/.local/lib/python3.7/site-packages/airflow/example_dags/tutorial_taskflow_api_etl.py
[2022-07-12 18:11:19,299] {processor.py:651} INFO - DAG(s) dict_keys(['tutorial_taskflow_api_etl']) retrieved from /home/airflow/.local/lib/python3.7/site-packages/airflow/example_dags/tutorial_taskflow_api_etl.py
[2022-07-12 18:11:19,984] {logging_mixin.py:115} INFO - [2022-07-12 18:11:19,984] {dag.py:2371} INFO - Sync 1 DAGs
[2022-07-12 18:11:20,045] {logging_mixin.py:115} INFO - [2022-07-12 18:11:20,045] {dag.py:2919} INFO - Setting next_dagrun for tutorial_taskflow_api_etl to None, run_after=None
[2022-07-12 18:11:20,087] {processor.py:161} INFO - Processing /home/airflow/.local/lib/python3.7/site-packages/airflow/example_dags/tutorial_taskflow_api_etl.py took 0.847 seconds
[2022-07-12 18:11:50,416] {processor.py:153} INFO - Started process (PID=459) to work on /home/airflow/.local/lib/python3.7/site-packages/airflow/example_dags/tutorial_taskflow_api_etl.py
[2022-07-12 18:11:50,420] {processor.py:641} INFO - Processing file /home/airflow/.local/lib/python3.7/site-packages/airflow/example_dags/tutorial_taskflow_api_etl.py for tasks to queue
[2022-07-12 18:11:50,423] {logging_mixin.py:115} INFO - [2022-07-12 18:11:50,423] {dagbag.py:507} INFO - Filling up the DagBag from /home/airflow/.local/lib/python3.7/site-packages/airflow/example_dags/tutorial_taskflow_api_etl.py
[2022-07-12 18:11:50,462] {processor.py:651} INFO - DAG(s) dict_keys(['tutorial_taskflow_api_etl']) retrieved from /home/airflow/.local/lib/python3.7/site-packages/airflow/example_dags/tutorial_taskflow_api_etl.py
[2022-07-12 18:11:51,035] {logging_mixin.py:115} INFO - [2022-07-12 18:11:51,034] {dag.py:2371} INFO - Sync 1 DAGs
[2022-07-12 18:11:51,071] {logging_mixin.py:115} INFO - [2022-07-12 18:11:51,071] {dag.py:2919} INFO - Setting next_dagrun for tutorial_taskflow_api_etl to None, run_after=None
[2022-07-12 18:11:51,093] {processor.py:161} INFO - Processing /home/airflow/.local/lib/python3.7/site-packages/airflow/example_dags/tutorial_taskflow_api_etl.py took 0.685 seconds
[2022-07-12 18:12:21,622] {processor.py:153} INFO - Started process (PID=522) to work on /home/airflow/.local/lib/python3.7/site-packages/airflow/example_dags/tutorial_taskflow_api_etl.py
[2022-07-12 18:12:21,624] {processor.py:641} INFO - Processing file /home/airflow/.local/lib/python3.7/site-packages/airflow/example_dags/tutorial_taskflow_api_etl.py for tasks to queue
[2022-07-12 18:12:21,626] {logging_mixin.py:115} INFO - [2022-07-12 18:12:21,626] {dagbag.py:507} INFO - Filling up the DagBag from /home/airflow/.local/lib/python3.7/site-packages/airflow/example_dags/tutorial_taskflow_api_etl.py
[2022-07-12 18:12:21,644] {processor.py:651} INFO - DAG(s) dict_keys(['tutorial_taskflow_api_etl']) retrieved from /home/airflow/.local/lib/python3.7/site-packages/airflow/example_dags/tutorial_taskflow_api_etl.py
[2022-07-12 18:12:21,970] {logging_mixin.py:115} INFO - [2022-07-12 18:12:21,970] {dag.py:2371} INFO - Sync 1 DAGs
[2022-07-12 18:12:21,995] {logging_mixin.py:115} INFO - [2022-07-12 18:12:21,994] {dag.py:2919} INFO - Setting next_dagrun for tutorial_taskflow_api_etl to None, run_after=None
[2022-07-12 18:12:22,016] {processor.py:161} INFO - Processing /home/airflow/.local/lib/python3.7/site-packages/airflow/example_dags/tutorial_taskflow_api_etl.py took 0.399 seconds
[2022-07-12 18:12:52,942] {processor.py:153} INFO - Started process (PID=573) to work on /home/airflow/.local/lib/python3.7/site-packages/airflow/example_dags/tutorial_taskflow_api_etl.py
[2022-07-12 18:12:52,958] {processor.py:641} INFO - Processing file /home/airflow/.local/lib/python3.7/site-packages/airflow/example_dags/tutorial_taskflow_api_etl.py for tasks to queue
[2022-07-12 18:12:52,975] {logging_mixin.py:115} INFO - [2022-07-12 18:12:52,974] {dagbag.py:507} INFO - Filling up the DagBag from /home/airflow/.local/lib/python3.7/site-packages/airflow/example_dags/tutorial_taskflow_api_etl.py
[2022-07-12 18:12:53,076] {processor.py:651} INFO - DAG(s) dict_keys(['tutorial_taskflow_api_etl']) retrieved from /home/airflow/.local/lib/python3.7/site-packages/airflow/example_dags/tutorial_taskflow_api_etl.py
[2022-07-12 18:12:53,709] {logging_mixin.py:115} INFO - [2022-07-12 18:12:53,709] {dag.py:2371} INFO - Sync 1 DAGs
[2022-07-12 18:12:53,746] {logging_mixin.py:115} INFO - [2022-07-12 18:12:53,746] {dag.py:2919} INFO - Setting next_dagrun for tutorial_taskflow_api_etl to None, run_after=None
[2022-07-12 18:12:53,771] {processor.py:161} INFO - Processing /home/airflow/.local/lib/python3.7/site-packages/airflow/example_dags/tutorial_taskflow_api_etl.py took 0.833 seconds
[2022-07-12 18:13:24,869] {processor.py:153} INFO - Started process (PID=634) to work on /home/airflow/.local/lib/python3.7/site-packages/airflow/example_dags/tutorial_taskflow_api_etl.py
[2022-07-12 18:13:24,871] {processor.py:641} INFO - Processing file /home/airflow/.local/lib/python3.7/site-packages/airflow/example_dags/tutorial_taskflow_api_etl.py for tasks to queue
[2022-07-12 18:13:24,873] {logging_mixin.py:115} INFO - [2022-07-12 18:13:24,872] {dagbag.py:507} INFO - Filling up the DagBag from /home/airflow/.local/lib/python3.7/site-packages/airflow/example_dags/tutorial_taskflow_api_etl.py
[2022-07-12 18:13:24,900] {processor.py:651} INFO - DAG(s) dict_keys(['tutorial_taskflow_api_etl']) retrieved from /home/airflow/.local/lib/python3.7/site-packages/airflow/example_dags/tutorial_taskflow_api_etl.py
[2022-07-12 18:13:25,518] {logging_mixin.py:115} INFO - [2022-07-12 18:13:25,518] {dag.py:2371} INFO - Sync 1 DAGs
[2022-07-12 18:13:25,548] {logging_mixin.py:115} INFO - [2022-07-12 18:13:25,547] {dag.py:2919} INFO - Setting next_dagrun for tutorial_taskflow_api_etl to None, run_after=None
[2022-07-12 18:13:25,583] {processor.py:161} INFO - Processing /home/airflow/.local/lib/python3.7/site-packages/airflow/example_dags/tutorial_taskflow_api_etl.py took 0.719 seconds
[2022-07-12 18:13:55,938] {processor.py:153} INFO - Started process (PID=686) to work on /home/airflow/.local/lib/python3.7/site-packages/airflow/example_dags/tutorial_taskflow_api_etl.py
[2022-07-12 18:13:55,943] {processor.py:641} INFO - Processing file /home/airflow/.local/lib/python3.7/site-packages/airflow/example_dags/tutorial_taskflow_api_etl.py for tasks to queue
[2022-07-12 18:13:55,945] {logging_mixin.py:115} INFO - [2022-07-12 18:13:55,945] {dagbag.py:507} INFO - Filling up the DagBag from /home/airflow/.local/lib/python3.7/site-packages/airflow/example_dags/tutorial_taskflow_api_etl.py
[2022-07-12 18:13:55,966] {processor.py:651} INFO - DAG(s) dict_keys(['tutorial_taskflow_api_etl']) retrieved from /home/airflow/.local/lib/python3.7/site-packages/airflow/example_dags/tutorial_taskflow_api_etl.py
[2022-07-12 18:13:56,373] {logging_mixin.py:115} INFO - [2022-07-12 18:13:56,372] {dag.py:2371} INFO - Sync 1 DAGs
[2022-07-12 18:13:56,432] {logging_mixin.py:115} INFO - [2022-07-12 18:13:56,431] {dag.py:2919} INFO - Setting next_dagrun for tutorial_taskflow_api_etl to None, run_after=None
[2022-07-12 18:13:56,461] {processor.py:161} INFO - Processing /home/airflow/.local/lib/python3.7/site-packages/airflow/example_dags/tutorial_taskflow_api_etl.py took 0.527 seconds
[2022-07-12 18:14:43,093] {processor.py:153} INFO - Started process (PID=754) to work on /home/airflow/.local/lib/python3.7/site-packages/airflow/example_dags/tutorial_taskflow_api_etl.py
[2022-07-12 18:14:43,103] {processor.py:641} INFO - Processing file /home/airflow/.local/lib/python3.7/site-packages/airflow/example_dags/tutorial_taskflow_api_etl.py for tasks to queue
[2022-07-12 18:14:43,117] {logging_mixin.py:115} INFO - [2022-07-12 18:14:43,116] {dagbag.py:507} INFO - Filling up the DagBag from /home/airflow/.local/lib/python3.7/site-packages/airflow/example_dags/tutorial_taskflow_api_etl.py
[2022-07-12 18:14:43,183] {processor.py:651} INFO - DAG(s) dict_keys(['tutorial_taskflow_api_etl']) retrieved from /home/airflow/.local/lib/python3.7/site-packages/airflow/example_dags/tutorial_taskflow_api_etl.py
[2022-07-12 18:14:46,564] {logging_mixin.py:115} INFO - [2022-07-12 18:14:46,563] {dag.py:2371} INFO - Sync 1 DAGs
[2022-07-12 18:14:46,595] {logging_mixin.py:115} INFO - [2022-07-12 18:14:46,595] {dag.py:2919} INFO - Setting next_dagrun for tutorial_taskflow_api_etl to None, run_after=None
[2022-07-12 18:14:46,619] {processor.py:161} INFO - Processing /home/airflow/.local/lib/python3.7/site-packages/airflow/example_dags/tutorial_taskflow_api_etl.py took 3.533 seconds
[2022-07-12 18:15:31,091] {processor.py:153} INFO - Started process (PID=807) to work on /home/airflow/.local/lib/python3.7/site-packages/airflow/example_dags/tutorial_taskflow_api_etl.py
[2022-07-12 18:15:31,110] {processor.py:641} INFO - Processing file /home/airflow/.local/lib/python3.7/site-packages/airflow/example_dags/tutorial_taskflow_api_etl.py for tasks to queue
[2022-07-12 18:15:31,120] {logging_mixin.py:115} INFO - [2022-07-12 18:15:31,119] {dagbag.py:507} INFO - Filling up the DagBag from /home/airflow/.local/lib/python3.7/site-packages/airflow/example_dags/tutorial_taskflow_api_etl.py
[2022-07-12 18:15:31,217] {processor.py:651} INFO - DAG(s) dict_keys(['tutorial_taskflow_api_etl']) retrieved from /home/airflow/.local/lib/python3.7/site-packages/airflow/example_dags/tutorial_taskflow_api_etl.py
[2022-07-12 18:15:32,746] {logging_mixin.py:115} INFO - [2022-07-12 18:15:32,745] {dag.py:2371} INFO - Sync 1 DAGs
[2022-07-12 18:15:32,828] {logging_mixin.py:115} INFO - [2022-07-12 18:15:32,828] {dag.py:2919} INFO - Setting next_dagrun for tutorial_taskflow_api_etl to None, run_after=None
[2022-07-12 18:15:32,882] {processor.py:161} INFO - Processing /home/airflow/.local/lib/python3.7/site-packages/airflow/example_dags/tutorial_taskflow_api_etl.py took 1.813 seconds
[2022-07-12 18:16:10,428] {processor.py:153} INFO - Started process (PID=859) to work on /home/airflow/.local/lib/python3.7/site-packages/airflow/example_dags/tutorial_taskflow_api_etl.py
[2022-07-12 18:16:10,432] {processor.py:641} INFO - Processing file /home/airflow/.local/lib/python3.7/site-packages/airflow/example_dags/tutorial_taskflow_api_etl.py for tasks to queue
[2022-07-12 18:16:10,438] {logging_mixin.py:115} INFO - [2022-07-12 18:16:10,438] {dagbag.py:507} INFO - Filling up the DagBag from /home/airflow/.local/lib/python3.7/site-packages/airflow/example_dags/tutorial_taskflow_api_etl.py
[2022-07-12 18:16:10,499] {processor.py:651} INFO - DAG(s) dict_keys(['tutorial_taskflow_api_etl']) retrieved from /home/airflow/.local/lib/python3.7/site-packages/airflow/example_dags/tutorial_taskflow_api_etl.py
[2022-07-12 18:16:11,097] {logging_mixin.py:115} INFO - [2022-07-12 18:16:11,097] {dag.py:2371} INFO - Sync 1 DAGs
[2022-07-12 18:16:11,145] {logging_mixin.py:115} INFO - [2022-07-12 18:16:11,145] {dag.py:2919} INFO - Setting next_dagrun for tutorial_taskflow_api_etl to None, run_after=None
[2022-07-12 18:16:11,178] {processor.py:161} INFO - Processing /home/airflow/.local/lib/python3.7/site-packages/airflow/example_dags/tutorial_taskflow_api_etl.py took 0.772 seconds
[2022-07-12 18:16:58,397] {processor.py:153} INFO - Started process (PID=916) to work on /home/airflow/.local/lib/python3.7/site-packages/airflow/example_dags/tutorial_taskflow_api_etl.py
[2022-07-12 18:16:58,400] {processor.py:641} INFO - Processing file /home/airflow/.local/lib/python3.7/site-packages/airflow/example_dags/tutorial_taskflow_api_etl.py for tasks to queue
[2022-07-12 18:16:58,403] {logging_mixin.py:115} INFO - [2022-07-12 18:16:58,403] {dagbag.py:507} INFO - Filling up the DagBag from /home/airflow/.local/lib/python3.7/site-packages/airflow/example_dags/tutorial_taskflow_api_etl.py
[2022-07-12 18:16:58,434] {processor.py:651} INFO - DAG(s) dict_keys(['tutorial_taskflow_api_etl']) retrieved from /home/airflow/.local/lib/python3.7/site-packages/airflow/example_dags/tutorial_taskflow_api_etl.py
[2022-07-12 18:16:58,791] {logging_mixin.py:115} INFO - [2022-07-12 18:16:58,791] {dag.py:2371} INFO - Sync 1 DAGs
[2022-07-12 18:16:58,838] {logging_mixin.py:115} INFO - [2022-07-12 18:16:58,838] {dag.py:2919} INFO - Setting next_dagrun for tutorial_taskflow_api_etl to None, run_after=None
[2022-07-12 18:16:58,871] {processor.py:161} INFO - Processing /home/airflow/.local/lib/python3.7/site-packages/airflow/example_dags/tutorial_taskflow_api_etl.py took 0.478 seconds
[2022-07-12 18:17:30,101] {processor.py:153} INFO - Started process (PID=968) to work on /home/airflow/.local/lib/python3.7/site-packages/airflow/example_dags/tutorial_taskflow_api_etl.py
[2022-07-12 18:17:30,110] {processor.py:641} INFO - Processing file /home/airflow/.local/lib/python3.7/site-packages/airflow/example_dags/tutorial_taskflow_api_etl.py for tasks to queue
[2022-07-12 18:17:30,112] {logging_mixin.py:115} INFO - [2022-07-12 18:17:30,112] {dagbag.py:507} INFO - Filling up the DagBag from /home/airflow/.local/lib/python3.7/site-packages/airflow/example_dags/tutorial_taskflow_api_etl.py
[2022-07-12 18:17:30,188] {processor.py:651} INFO - DAG(s) dict_keys(['tutorial_taskflow_api_etl']) retrieved from /home/airflow/.local/lib/python3.7/site-packages/airflow/example_dags/tutorial_taskflow_api_etl.py
[2022-07-12 18:17:30,819] {logging_mixin.py:115} INFO - [2022-07-12 18:17:30,819] {dag.py:2371} INFO - Sync 1 DAGs
[2022-07-12 18:17:30,860] {logging_mixin.py:115} INFO - [2022-07-12 18:17:30,860] {dag.py:2919} INFO - Setting next_dagrun for tutorial_taskflow_api_etl to None, run_after=None
[2022-07-12 18:17:30,908] {processor.py:161} INFO - Processing /home/airflow/.local/lib/python3.7/site-packages/airflow/example_dags/tutorial_taskflow_api_etl.py took 0.818 seconds
[2022-07-12 18:18:01,170] {processor.py:153} INFO - Started process (PID=1020) to work on /home/airflow/.local/lib/python3.7/site-packages/airflow/example_dags/tutorial_taskflow_api_etl.py
[2022-07-12 18:18:01,175] {processor.py:641} INFO - Processing file /home/airflow/.local/lib/python3.7/site-packages/airflow/example_dags/tutorial_taskflow_api_etl.py for tasks to queue
[2022-07-12 18:18:01,179] {logging_mixin.py:115} INFO - [2022-07-12 18:18:01,179] {dagbag.py:507} INFO - Filling up the DagBag from /home/airflow/.local/lib/python3.7/site-packages/airflow/example_dags/tutorial_taskflow_api_etl.py
[2022-07-12 18:18:01,218] {processor.py:651} INFO - DAG(s) dict_keys(['tutorial_taskflow_api_etl']) retrieved from /home/airflow/.local/lib/python3.7/site-packages/airflow/example_dags/tutorial_taskflow_api_etl.py
[2022-07-12 18:18:01,774] {logging_mixin.py:115} INFO - [2022-07-12 18:18:01,774] {dag.py:2371} INFO - Sync 1 DAGs
[2022-07-12 18:18:01,797] {logging_mixin.py:115} INFO - [2022-07-12 18:18:01,797] {dag.py:2919} INFO - Setting next_dagrun for tutorial_taskflow_api_etl to None, run_after=None
[2022-07-12 18:18:01,819] {processor.py:161} INFO - Processing /home/airflow/.local/lib/python3.7/site-packages/airflow/example_dags/tutorial_taskflow_api_etl.py took 0.659 seconds
[2022-07-12 18:18:32,761] {processor.py:153} INFO - Started process (PID=1072) to work on /home/airflow/.local/lib/python3.7/site-packages/airflow/example_dags/tutorial_taskflow_api_etl.py
[2022-07-12 18:18:32,766] {processor.py:641} INFO - Processing file /home/airflow/.local/lib/python3.7/site-packages/airflow/example_dags/tutorial_taskflow_api_etl.py for tasks to queue
[2022-07-12 18:18:32,768] {logging_mixin.py:115} INFO - [2022-07-12 18:18:32,767] {dagbag.py:507} INFO - Filling up the DagBag from /home/airflow/.local/lib/python3.7/site-packages/airflow/example_dags/tutorial_taskflow_api_etl.py
[2022-07-12 18:18:32,788] {processor.py:651} INFO - DAG(s) dict_keys(['tutorial_taskflow_api_etl']) retrieved from /home/airflow/.local/lib/python3.7/site-packages/airflow/example_dags/tutorial_taskflow_api_etl.py
[2022-07-12 18:18:32,837] {logging_mixin.py:115} INFO - [2022-07-12 18:18:32,837] {dag.py:2371} INFO - Sync 1 DAGs
[2022-07-12 18:18:33,046] {logging_mixin.py:115} INFO - [2022-07-12 18:18:33,046] {dag.py:2919} INFO - Setting next_dagrun for tutorial_taskflow_api_etl to None, run_after=None
[2022-07-12 18:18:33,059] {processor.py:161} INFO - Processing /home/airflow/.local/lib/python3.7/site-packages/airflow/example_dags/tutorial_taskflow_api_etl.py took 0.304 seconds
[2022-07-12 18:19:04,234] {processor.py:153} INFO - Started process (PID=1133) to work on /home/airflow/.local/lib/python3.7/site-packages/airflow/example_dags/tutorial_taskflow_api_etl.py
[2022-07-12 18:19:04,236] {processor.py:641} INFO - Processing file /home/airflow/.local/lib/python3.7/site-packages/airflow/example_dags/tutorial_taskflow_api_etl.py for tasks to queue
[2022-07-12 18:19:04,239] {logging_mixin.py:115} INFO - [2022-07-12 18:19:04,239] {dagbag.py:507} INFO - Filling up the DagBag from /home/airflow/.local/lib/python3.7/site-packages/airflow/example_dags/tutorial_taskflow_api_etl.py
[2022-07-12 18:19:04,288] {processor.py:651} INFO - DAG(s) dict_keys(['tutorial_taskflow_api_etl']) retrieved from /home/airflow/.local/lib/python3.7/site-packages/airflow/example_dags/tutorial_taskflow_api_etl.py
[2022-07-12 18:19:04,373] {logging_mixin.py:115} INFO - [2022-07-12 18:19:04,373] {dag.py:2371} INFO - Sync 1 DAGs
[2022-07-12 18:19:05,052] {logging_mixin.py:115} INFO - [2022-07-12 18:19:05,052] {dag.py:2919} INFO - Setting next_dagrun for tutorial_taskflow_api_etl to None, run_after=None
[2022-07-12 18:19:05,095] {processor.py:161} INFO - Processing /home/airflow/.local/lib/python3.7/site-packages/airflow/example_dags/tutorial_taskflow_api_etl.py took 0.867 seconds
[2022-07-12 18:19:35,974] {processor.py:153} INFO - Started process (PID=1186) to work on /home/airflow/.local/lib/python3.7/site-packages/airflow/example_dags/tutorial_taskflow_api_etl.py
[2022-07-12 18:19:35,978] {processor.py:641} INFO - Processing file /home/airflow/.local/lib/python3.7/site-packages/airflow/example_dags/tutorial_taskflow_api_etl.py for tasks to queue
[2022-07-12 18:19:35,979] {logging_mixin.py:115} INFO - [2022-07-12 18:19:35,979] {dagbag.py:507} INFO - Filling up the DagBag from /home/airflow/.local/lib/python3.7/site-packages/airflow/example_dags/tutorial_taskflow_api_etl.py
[2022-07-12 18:19:36,020] {processor.py:651} INFO - DAG(s) dict_keys(['tutorial_taskflow_api_etl']) retrieved from /home/airflow/.local/lib/python3.7/site-packages/airflow/example_dags/tutorial_taskflow_api_etl.py
[2022-07-12 18:19:36,439] {logging_mixin.py:115} INFO - [2022-07-12 18:19:36,439] {dag.py:2371} INFO - Sync 1 DAGs
[2022-07-12 18:19:36,462] {logging_mixin.py:115} INFO - [2022-07-12 18:19:36,462] {dag.py:2919} INFO - Setting next_dagrun for tutorial_taskflow_api_etl to None, run_after=None
[2022-07-12 18:19:36,480] {processor.py:161} INFO - Processing /home/airflow/.local/lib/python3.7/site-packages/airflow/example_dags/tutorial_taskflow_api_etl.py took 0.513 seconds
[2022-07-12 18:20:06,990] {processor.py:153} INFO - Started process (PID=1246) to work on /home/airflow/.local/lib/python3.7/site-packages/airflow/example_dags/tutorial_taskflow_api_etl.py
[2022-07-12 18:20:06,997] {processor.py:641} INFO - Processing file /home/airflow/.local/lib/python3.7/site-packages/airflow/example_dags/tutorial_taskflow_api_etl.py for tasks to queue
[2022-07-12 18:20:07,005] {logging_mixin.py:115} INFO - [2022-07-12 18:20:07,005] {dagbag.py:507} INFO - Filling up the DagBag from /home/airflow/.local/lib/python3.7/site-packages/airflow/example_dags/tutorial_taskflow_api_etl.py
[2022-07-12 18:20:07,040] {processor.py:651} INFO - DAG(s) dict_keys(['tutorial_taskflow_api_etl']) retrieved from /home/airflow/.local/lib/python3.7/site-packages/airflow/example_dags/tutorial_taskflow_api_etl.py
[2022-07-12 18:20:07,691] {logging_mixin.py:115} INFO - [2022-07-12 18:20:07,690] {dag.py:2371} INFO - Sync 1 DAGs
[2022-07-12 18:20:07,735] {logging_mixin.py:115} INFO - [2022-07-12 18:20:07,734] {dag.py:2919} INFO - Setting next_dagrun for tutorial_taskflow_api_etl to None, run_after=None
[2022-07-12 18:20:07,772] {processor.py:161} INFO - Processing /home/airflow/.local/lib/python3.7/site-packages/airflow/example_dags/tutorial_taskflow_api_etl.py took 0.795 seconds
[2022-07-12 18:20:38,190] {processor.py:153} INFO - Started process (PID=1299) to work on /home/airflow/.local/lib/python3.7/site-packages/airflow/example_dags/tutorial_taskflow_api_etl.py
[2022-07-12 18:20:38,193] {processor.py:641} INFO - Processing file /home/airflow/.local/lib/python3.7/site-packages/airflow/example_dags/tutorial_taskflow_api_etl.py for tasks to queue
[2022-07-12 18:20:38,194] {logging_mixin.py:115} INFO - [2022-07-12 18:20:38,194] {dagbag.py:507} INFO - Filling up the DagBag from /home/airflow/.local/lib/python3.7/site-packages/airflow/example_dags/tutorial_taskflow_api_etl.py
[2022-07-12 18:20:38,217] {processor.py:651} INFO - DAG(s) dict_keys(['tutorial_taskflow_api_etl']) retrieved from /home/airflow/.local/lib/python3.7/site-packages/airflow/example_dags/tutorial_taskflow_api_etl.py
[2022-07-12 18:20:38,264] {logging_mixin.py:115} INFO - [2022-07-12 18:20:38,264] {dag.py:2371} INFO - Sync 1 DAGs
[2022-07-12 18:20:38,708] {logging_mixin.py:115} INFO - [2022-07-12 18:20:38,707] {dag.py:2919} INFO - Setting next_dagrun for tutorial_taskflow_api_etl to None, run_after=None
[2022-07-12 18:20:38,721] {processor.py:161} INFO - Processing /home/airflow/.local/lib/python3.7/site-packages/airflow/example_dags/tutorial_taskflow_api_etl.py took 0.537 seconds
[2022-07-12 18:21:09,004] {processor.py:153} INFO - Started process (PID=1360) to work on /home/airflow/.local/lib/python3.7/site-packages/airflow/example_dags/tutorial_taskflow_api_etl.py
[2022-07-12 18:21:09,008] {processor.py:641} INFO - Processing file /home/airflow/.local/lib/python3.7/site-packages/airflow/example_dags/tutorial_taskflow_api_etl.py for tasks to queue
[2022-07-12 18:21:09,010] {logging_mixin.py:115} INFO - [2022-07-12 18:21:09,010] {dagbag.py:507} INFO - Filling up the DagBag from /home/airflow/.local/lib/python3.7/site-packages/airflow/example_dags/tutorial_taskflow_api_etl.py
[2022-07-12 18:21:09,057] {processor.py:651} INFO - DAG(s) dict_keys(['tutorial_taskflow_api_etl']) retrieved from /home/airflow/.local/lib/python3.7/site-packages/airflow/example_dags/tutorial_taskflow_api_etl.py
[2022-07-12 18:21:09,121] {logging_mixin.py:115} INFO - [2022-07-12 18:21:09,121] {dag.py:2371} INFO - Sync 1 DAGs
[2022-07-12 18:21:09,901] {logging_mixin.py:115} INFO - [2022-07-12 18:21:09,889] {dag.py:2919} INFO - Setting next_dagrun for tutorial_taskflow_api_etl to None, run_after=None
[2022-07-12 18:21:10,009] {processor.py:161} INFO - Processing /home/airflow/.local/lib/python3.7/site-packages/airflow/example_dags/tutorial_taskflow_api_etl.py took 1.011 seconds
[2022-07-12 18:25:29,454] {processor.py:153} INFO - Started process (PID=67) to work on /home/airflow/.local/lib/python3.7/site-packages/airflow/example_dags/tutorial_taskflow_api_etl.py
[2022-07-12 18:25:29,461] {processor.py:641} INFO - Processing file /home/airflow/.local/lib/python3.7/site-packages/airflow/example_dags/tutorial_taskflow_api_etl.py for tasks to queue
[2022-07-12 18:25:29,465] {logging_mixin.py:115} INFO - [2022-07-12 18:25:29,465] {dagbag.py:507} INFO - Filling up the DagBag from /home/airflow/.local/lib/python3.7/site-packages/airflow/example_dags/tutorial_taskflow_api_etl.py
[2022-07-12 18:25:29,543] {processor.py:651} INFO - DAG(s) dict_keys(['tutorial_taskflow_api_etl']) retrieved from /home/airflow/.local/lib/python3.7/site-packages/airflow/example_dags/tutorial_taskflow_api_etl.py
[2022-07-12 18:25:30,254] {logging_mixin.py:115} INFO - [2022-07-12 18:25:30,253] {manager.py:508} INFO - Created Permission View: can read on DAG:tutorial_taskflow_api_etl
[2022-07-12 18:25:30,294] {logging_mixin.py:115} INFO - [2022-07-12 18:25:30,293] {manager.py:508} INFO - Created Permission View: can edit on DAG:tutorial_taskflow_api_etl
[2022-07-12 18:25:30,309] {logging_mixin.py:115} INFO - [2022-07-12 18:25:30,309] {manager.py:508} INFO - Created Permission View: can delete on DAG:tutorial_taskflow_api_etl
[2022-07-12 18:25:30,312] {logging_mixin.py:115} INFO - [2022-07-12 18:25:30,312] {dag.py:2371} INFO - Sync 1 DAGs
[2022-07-12 18:25:30,331] {logging_mixin.py:115} INFO - [2022-07-12 18:25:30,331] {dag.py:2390} INFO - Creating ORM DAG for tutorial_taskflow_api_etl
[2022-07-12 18:25:30,349] {logging_mixin.py:115} INFO - [2022-07-12 18:25:30,349] {dag.py:2919} INFO - Setting next_dagrun for tutorial_taskflow_api_etl to None, run_after=None
[2022-07-12 18:25:30,381] {processor.py:161} INFO - Processing /home/airflow/.local/lib/python3.7/site-packages/airflow/example_dags/tutorial_taskflow_api_etl.py took 0.937 seconds
[2022-07-12 18:26:01,085] {processor.py:153} INFO - Started process (PID=129) to work on /home/airflow/.local/lib/python3.7/site-packages/airflow/example_dags/tutorial_taskflow_api_etl.py
[2022-07-12 18:26:01,087] {processor.py:641} INFO - Processing file /home/airflow/.local/lib/python3.7/site-packages/airflow/example_dags/tutorial_taskflow_api_etl.py for tasks to queue
[2022-07-12 18:26:01,088] {logging_mixin.py:115} INFO - [2022-07-12 18:26:01,088] {dagbag.py:507} INFO - Filling up the DagBag from /home/airflow/.local/lib/python3.7/site-packages/airflow/example_dags/tutorial_taskflow_api_etl.py
[2022-07-12 18:26:01,105] {processor.py:651} INFO - DAG(s) dict_keys(['tutorial_taskflow_api_etl']) retrieved from /home/airflow/.local/lib/python3.7/site-packages/airflow/example_dags/tutorial_taskflow_api_etl.py
[2022-07-12 18:26:01,254] {logging_mixin.py:115} INFO - [2022-07-12 18:26:01,253] {dag.py:2371} INFO - Sync 1 DAGs
[2022-07-12 18:26:01,264] {logging_mixin.py:115} INFO - [2022-07-12 18:26:01,264] {dag.py:2919} INFO - Setting next_dagrun for tutorial_taskflow_api_etl to None, run_after=None
[2022-07-12 18:26:01,271] {processor.py:161} INFO - Processing /home/airflow/.local/lib/python3.7/site-packages/airflow/example_dags/tutorial_taskflow_api_etl.py took 0.190 seconds
[2022-07-12 18:26:31,833] {processor.py:153} INFO - Started process (PID=190) to work on /home/airflow/.local/lib/python3.7/site-packages/airflow/example_dags/tutorial_taskflow_api_etl.py
[2022-07-12 18:26:31,835] {processor.py:641} INFO - Processing file /home/airflow/.local/lib/python3.7/site-packages/airflow/example_dags/tutorial_taskflow_api_etl.py for tasks to queue
[2022-07-12 18:26:31,837] {logging_mixin.py:115} INFO - [2022-07-12 18:26:31,837] {dagbag.py:507} INFO - Filling up the DagBag from /home/airflow/.local/lib/python3.7/site-packages/airflow/example_dags/tutorial_taskflow_api_etl.py
[2022-07-12 18:26:31,864] {processor.py:651} INFO - DAG(s) dict_keys(['tutorial_taskflow_api_etl']) retrieved from /home/airflow/.local/lib/python3.7/site-packages/airflow/example_dags/tutorial_taskflow_api_etl.py
[2022-07-12 18:26:32,175] {logging_mixin.py:115} INFO - [2022-07-12 18:26:32,175] {dag.py:2371} INFO - Sync 1 DAGs
[2022-07-12 18:26:32,187] {logging_mixin.py:115} INFO - [2022-07-12 18:26:32,187] {dag.py:2919} INFO - Setting next_dagrun for tutorial_taskflow_api_etl to None, run_after=None
[2022-07-12 18:26:32,197] {processor.py:161} INFO - Processing /home/airflow/.local/lib/python3.7/site-packages/airflow/example_dags/tutorial_taskflow_api_etl.py took 0.371 seconds
[2022-07-12 18:29:16,978] {processor.py:153} INFO - Started process (PID=59) to work on /home/airflow/.local/lib/python3.7/site-packages/airflow/example_dags/tutorial_taskflow_api_etl.py
[2022-07-12 18:29:16,985] {processor.py:641} INFO - Processing file /home/airflow/.local/lib/python3.7/site-packages/airflow/example_dags/tutorial_taskflow_api_etl.py for tasks to queue
[2022-07-12 18:29:16,987] {logging_mixin.py:115} INFO - [2022-07-12 18:29:16,987] {dagbag.py:507} INFO - Filling up the DagBag from /home/airflow/.local/lib/python3.7/site-packages/airflow/example_dags/tutorial_taskflow_api_etl.py
[2022-07-12 18:29:17,039] {processor.py:651} INFO - DAG(s) dict_keys(['tutorial_taskflow_api_etl']) retrieved from /home/airflow/.local/lib/python3.7/site-packages/airflow/example_dags/tutorial_taskflow_api_etl.py
[2022-07-12 18:29:21,508] {logging_mixin.py:115} INFO - [2022-07-12 18:29:21,508] {dag.py:2371} INFO - Sync 1 DAGs
[2022-07-12 18:29:21,613] {logging_mixin.py:115} INFO - [2022-07-12 18:29:21,613] {dag.py:2919} INFO - Setting next_dagrun for tutorial_taskflow_api_etl to None, run_after=None
[2022-07-12 18:29:21,658] {processor.py:161} INFO - Processing /home/airflow/.local/lib/python3.7/site-packages/airflow/example_dags/tutorial_taskflow_api_etl.py took 4.684 seconds
[2022-07-12 18:29:52,146] {processor.py:153} INFO - Started process (PID=111) to work on /home/airflow/.local/lib/python3.7/site-packages/airflow/example_dags/tutorial_taskflow_api_etl.py
[2022-07-12 18:29:52,149] {processor.py:641} INFO - Processing file /home/airflow/.local/lib/python3.7/site-packages/airflow/example_dags/tutorial_taskflow_api_etl.py for tasks to queue
[2022-07-12 18:29:52,151] {logging_mixin.py:115} INFO - [2022-07-12 18:29:52,151] {dagbag.py:507} INFO - Filling up the DagBag from /home/airflow/.local/lib/python3.7/site-packages/airflow/example_dags/tutorial_taskflow_api_etl.py
[2022-07-12 18:29:52,192] {processor.py:651} INFO - DAG(s) dict_keys(['tutorial_taskflow_api_etl']) retrieved from /home/airflow/.local/lib/python3.7/site-packages/airflow/example_dags/tutorial_taskflow_api_etl.py
[2022-07-12 18:29:52,638] {logging_mixin.py:115} INFO - [2022-07-12 18:29:52,638] {dag.py:2371} INFO - Sync 1 DAGs
[2022-07-12 18:29:52,653] {logging_mixin.py:115} INFO - [2022-07-12 18:29:52,653] {dag.py:2919} INFO - Setting next_dagrun for tutorial_taskflow_api_etl to None, run_after=None
[2022-07-12 18:29:52,668] {processor.py:161} INFO - Processing /home/airflow/.local/lib/python3.7/site-packages/airflow/example_dags/tutorial_taskflow_api_etl.py took 0.533 seconds
[2022-07-12 18:30:23,189] {processor.py:153} INFO - Started process (PID=172) to work on /home/airflow/.local/lib/python3.7/site-packages/airflow/example_dags/tutorial_taskflow_api_etl.py
[2022-07-12 18:30:23,192] {processor.py:641} INFO - Processing file /home/airflow/.local/lib/python3.7/site-packages/airflow/example_dags/tutorial_taskflow_api_etl.py for tasks to queue
[2022-07-12 18:30:23,195] {logging_mixin.py:115} INFO - [2022-07-12 18:30:23,195] {dagbag.py:507} INFO - Filling up the DagBag from /home/airflow/.local/lib/python3.7/site-packages/airflow/example_dags/tutorial_taskflow_api_etl.py
[2022-07-12 18:30:23,214] {processor.py:651} INFO - DAG(s) dict_keys(['tutorial_taskflow_api_etl']) retrieved from /home/airflow/.local/lib/python3.7/site-packages/airflow/example_dags/tutorial_taskflow_api_etl.py
[2022-07-12 18:30:23,530] {logging_mixin.py:115} INFO - [2022-07-12 18:30:23,529] {dag.py:2371} INFO - Sync 1 DAGs
[2022-07-12 18:30:23,554] {logging_mixin.py:115} INFO - [2022-07-12 18:30:23,553] {dag.py:2919} INFO - Setting next_dagrun for tutorial_taskflow_api_etl to None, run_after=None
[2022-07-12 18:30:23,568] {processor.py:161} INFO - Processing /home/airflow/.local/lib/python3.7/site-packages/airflow/example_dags/tutorial_taskflow_api_etl.py took 0.384 seconds
[2022-07-12 18:30:53,840] {processor.py:153} INFO - Started process (PID=234) to work on /home/airflow/.local/lib/python3.7/site-packages/airflow/example_dags/tutorial_taskflow_api_etl.py
[2022-07-12 18:30:53,842] {processor.py:641} INFO - Processing file /home/airflow/.local/lib/python3.7/site-packages/airflow/example_dags/tutorial_taskflow_api_etl.py for tasks to queue
[2022-07-12 18:30:53,845] {logging_mixin.py:115} INFO - [2022-07-12 18:30:53,845] {dagbag.py:507} INFO - Filling up the DagBag from /home/airflow/.local/lib/python3.7/site-packages/airflow/example_dags/tutorial_taskflow_api_etl.py
[2022-07-12 18:30:53,870] {processor.py:651} INFO - DAG(s) dict_keys(['tutorial_taskflow_api_etl']) retrieved from /home/airflow/.local/lib/python3.7/site-packages/airflow/example_dags/tutorial_taskflow_api_etl.py
[2022-07-12 18:30:54,186] {logging_mixin.py:115} INFO - [2022-07-12 18:30:54,185] {dag.py:2371} INFO - Sync 1 DAGs
[2022-07-12 18:30:54,202] {logging_mixin.py:115} INFO - [2022-07-12 18:30:54,202] {dag.py:2919} INFO - Setting next_dagrun for tutorial_taskflow_api_etl to None, run_after=None
[2022-07-12 18:30:54,216] {processor.py:161} INFO - Processing /home/airflow/.local/lib/python3.7/site-packages/airflow/example_dags/tutorial_taskflow_api_etl.py took 0.380 seconds
[2022-07-12 18:31:24,684] {processor.py:153} INFO - Started process (PID=297) to work on /home/airflow/.local/lib/python3.7/site-packages/airflow/example_dags/tutorial_taskflow_api_etl.py
[2022-07-12 18:31:24,688] {processor.py:641} INFO - Processing file /home/airflow/.local/lib/python3.7/site-packages/airflow/example_dags/tutorial_taskflow_api_etl.py for tasks to queue
[2022-07-12 18:31:24,692] {logging_mixin.py:115} INFO - [2022-07-12 18:31:24,692] {dagbag.py:507} INFO - Filling up the DagBag from /home/airflow/.local/lib/python3.7/site-packages/airflow/example_dags/tutorial_taskflow_api_etl.py
[2022-07-12 18:31:24,801] {processor.py:651} INFO - DAG(s) dict_keys(['tutorial_taskflow_api_etl']) retrieved from /home/airflow/.local/lib/python3.7/site-packages/airflow/example_dags/tutorial_taskflow_api_etl.py
[2022-07-12 18:31:25,554] {logging_mixin.py:115} INFO - [2022-07-12 18:31:25,553] {dag.py:2371} INFO - Sync 1 DAGs
[2022-07-12 18:31:25,600] {logging_mixin.py:115} INFO - [2022-07-12 18:31:25,599] {dag.py:2919} INFO - Setting next_dagrun for tutorial_taskflow_api_etl to None, run_after=None
[2022-07-12 18:31:25,636] {processor.py:161} INFO - Processing /home/airflow/.local/lib/python3.7/site-packages/airflow/example_dags/tutorial_taskflow_api_etl.py took 0.965 seconds
